2015-08-19 13:27:37 -  - exec CUpdateClientPartner::GetUpdatesList
2015-08-19 13:27:37 -  - exec CUpdateClientPartner::__CollectRequestData
2015-08-19 13:27:37 -  - utf=Y&lang=ru&stable=Y&CANGZIP=Y&SUPD_DBS=MYSQL&XE=N&CLIENT_SITE=itest.ru&LICENSE_KEY=X&SUPD_STS=1&SUPD_URS=0&SUPD_URSA=1&TYPENC=E&CLIENT_PHPVER=5.3.13&dbv=5.5.25&instm=main%2C15.5.1%2CN%3Bbitrix.eshop%2C15.5.0%2CN%3Bbitrix.sitecorporate%2C15.0.0%2CN%3Bbitrixcloud%2C15.5.0%2CN%3Bblog%2C15.5.0%2CN%3Bcatalog%2C15.5.1%2CN%3Bclouds%2C15.5.0%2CN%3Bcompression%2C14.0.0%2CN%3Bcurrency%2C15.5.0%2CN%3Beshopapp%2C15.0.0%2CN%3Bfileman%2C15.5.1%2CN%3Bform%2C15.0.1%2CN%3Bforum%2C15.5.0%2CN%3Bhighloadblock%2C15.0.3%2CN%3Biblock%2C15.5.3%2CN%3Bmobileapp%2C15.0.5%2CN%3Bperfmon%2C15.5.0%2CN%3Bphotogallery%2C15.0.0%2CN%3Bpull%2C15.5.1%2CN%3Bsale%2C14.11.16%2CN%3Bscale%2C14.5.2%2CN%3Bsearch%2C15.5.0%2CN%3Bsecurity%2C15.5.2%2CN%3Bsender%2C15.5.2%2CN%3Bseo%2C15.0.4%2CN%3Bsocialservices%2C15.5.1%2CN%3Bstoreassist%2C15.0.3%2CN%3Bsubscribe%2C15.0.2%2CN%3Bvote%2C15.0.0%2CN&reqm=bitrix.eshop%2Cbitrix.sitecorporate&fullmoduleinfo=Y&SUPD_SRS=RU&SUPD_CMP=N
2015-08-19 13:27:37 -  - exec CUpdateClientPartner::GetHTTPPage
2015-08-19 13:27:38 -  - TIME GetUpdatesList(request) 0.684 sec
2015-08-19 13:27:38 -  - exec CUpdateClientPartner::ParseServerData
2015-08-19 13:27:45 -  - exec CUpdateClientPartner::GetUpdatesList
2015-08-19 13:27:45 -  - exec CUpdateClientPartner::__CollectRequestData
2015-08-19 13:27:45 -  - utf=Y&lang=ru&stable=Y&CANGZIP=Y&SUPD_DBS=MYSQL&XE=N&CLIENT_SITE=itest.ru&LICENSE_KEY=X&SUPD_STS=1&SUPD_URS=0&SUPD_URSA=1&TYPENC=E&CLIENT_PHPVER=5.3.13&dbv=5.5.25&instm=main%2C15.5.1%2CN%3Bbitrix.eshop%2C15.5.0%2CN%3Bbitrix.sitecorporate%2C15.0.0%2CN%3Bbitrixcloud%2C15.5.0%2CN%3Bblog%2C15.5.0%2CN%3Bcatalog%2C15.5.1%2CN%3Bclouds%2C15.5.0%2CN%3Bcompression%2C14.0.0%2CN%3Bcurrency%2C15.5.0%2CN%3Beshopapp%2C15.0.0%2CN%3Bfileman%2C15.5.1%2CN%3Bform%2C15.0.1%2CN%3Bforum%2C15.5.0%2CN%3Bhighloadblock%2C15.0.3%2CN%3Biblock%2C15.5.3%2CN%3Bmobileapp%2C15.0.5%2CN%3Bperfmon%2C15.5.0%2CN%3Bphotogallery%2C15.0.0%2CN%3Bpull%2C15.5.1%2CN%3Bsale%2C14.11.16%2CN%3Bscale%2C14.5.2%2CN%3Bsearch%2C15.5.0%2CN%3Bsecurity%2C15.5.2%2CN%3Bsender%2C15.5.2%2CN%3Bseo%2C15.0.4%2CN%3Bsocialservices%2C15.5.1%2CN%3Bstoreassist%2C15.0.3%2CN%3Bsubscribe%2C15.0.2%2CN%3Bvote%2C15.0.0%2CN&reqm=bitrix.eshop%2Cbitrix.sitecorporate&SUPD_SRS=RU&SUPD_CMP=N
2015-08-19 13:27:45 -  - exec CUpdateClientPartner::GetHTTPPage
2015-08-19 13:27:45 -  - TIME GetUpdatesList(request) 0.529 sec
2015-08-19 13:27:45 -  - exec CUpdateClientPartner::ParseServerData
2015-08-19 13:31:24 -  - exec CUpdateClientPartner::GetUpdatesList
2015-08-19 13:31:24 -  - exec CUpdateClientPartner::__CollectRequestData
2015-08-19 13:31:24 -  - utf=Y&lang=ru&stable=Y&CANGZIP=Y&SUPD_DBS=MYSQL&XE=N&CLIENT_SITE=itest.ru&LICENSE_KEY=X&SUPD_STS=1&SUPD_URS=0&SUPD_URSA=1&TYPENC=E&CLIENT_PHPVER=5.3.13&dbv=5.5.25&instm=main%2C15.5.1%2CN%3Bbitrix.eshop%2C15.5.0%2CN%3Bbitrix.sitecorporate%2C15.0.0%2CN%3Bbitrixcloud%2C15.5.0%2CN%3Bblog%2C15.5.0%2CN%3Bcatalog%2C15.5.1%2CN%3Bclouds%2C15.5.0%2CN%3Bcompression%2C14.0.0%2CN%3Bcurrency%2C15.5.0%2CN%3Beshopapp%2C15.0.0%2CN%3Bfileman%2C15.5.1%2CN%3Bform%2C15.0.1%2CN%3Bforum%2C15.5.0%2CN%3Bhighloadblock%2C15.0.3%2CN%3Biblock%2C15.5.3%2CN%3Bmobileapp%2C15.0.5%2CN%3Bperfmon%2C15.5.0%2CN%3Bphotogallery%2C15.0.0%2CN%3Bpull%2C15.5.1%2CN%3Bsale%2C14.11.16%2CN%3Bscale%2C14.5.2%2CN%3Bsearch%2C15.5.0%2CN%3Bsecurity%2C15.5.2%2CN%3Bsender%2C15.5.2%2CN%3Bseo%2C15.0.4%2CN%3Bsocialservices%2C15.5.1%2CN%3Bstoreassist%2C15.0.3%2CN%3Bsubscribe%2C15.0.2%2CN%3Bvote%2C15.0.0%2CN&reqm=bitrix.eshop%2Cbitrix.sitecorporate&fullmoduleinfo=Y&SUPD_SRS=RU&SUPD_CMP=N
2015-08-19 13:31:24 -  - exec CUpdateClientPartner::GetHTTPPage
2015-08-19 13:31:25 -  - TIME GetUpdatesList(request) 0.722 sec
2015-08-19 13:31:25 -  - exec CUpdateClientPartner::ParseServerData
2015-08-19 13:31:35 -  - exec CUpdateClientPartner::GetUpdatesList
2015-08-19 13:31:35 -  - exec CUpdateClientPartner::__CollectRequestData
2015-08-19 13:31:35 -  - utf=Y&lang=ru&stable=Y&CANGZIP=Y&SUPD_DBS=MYSQL&XE=N&CLIENT_SITE=itest.ru&LICENSE_KEY=X&SUPD_STS=1&SUPD_URS=0&SUPD_URSA=1&TYPENC=E&CLIENT_PHPVER=5.3.13&dbv=5.5.25&instm=main%2C15.5.1%2CN%3Bbitrix.eshop%2C15.5.0%2CN%3Bbitrix.sitecorporate%2C15.0.0%2CN%3Bbitrixcloud%2C15.5.0%2CN%3Bblog%2C15.5.0%2CN%3Bcatalog%2C15.5.1%2CN%3Bclouds%2C15.5.0%2CN%3Bcompression%2C14.0.0%2CN%3Bcurrency%2C15.5.0%2CN%3Beshopapp%2C15.0.0%2CN%3Bfileman%2C15.5.1%2CN%3Bform%2C15.0.1%2CN%3Bforum%2C15.5.0%2CN%3Bhighloadblock%2C15.0.3%2CN%3Biblock%2C15.5.3%2CN%3Bmobileapp%2C15.0.5%2CN%3Bperfmon%2C15.5.0%2CN%3Bphotogallery%2C15.0.0%2CN%3Bpull%2C15.5.1%2CN%3Bsale%2C14.11.16%2CN%3Bscale%2C14.5.2%2CN%3Bsearch%2C15.5.0%2CN%3Bsecurity%2C15.5.2%2CN%3Bsender%2C15.5.2%2CN%3Bseo%2C15.0.4%2CN%3Bsocialservices%2C15.5.1%2CN%3Bstoreassist%2C15.0.3%2CN%3Bsubscribe%2C15.0.2%2CN%3Bvote%2C15.0.0%2CN&reqm=bitrix.eshop%2Cbitrix.sitecorporate&SUPD_SRS=RU&SUPD_CMP=N
2015-08-19 13:31:35 -  - exec CUpdateClientPartner::GetHTTPPage
2015-08-19 13:31:35 -  - TIME GetUpdatesList(request) 0.363 sec
2015-08-19 13:31:35 -  - exec CUpdateClientPartner::ParseServerData
2015-08-19 13:31:39 -  - exec CUpdateClientPartner::LoadModulesUpdates
2015-08-19 13:31:39 -  - exec CUpdateClientPartner::__CollectRequestData
2015-08-19 13:31:39 -  - utf=Y&lang=ru&stable=Y&CANGZIP=Y&SUPD_DBS=MYSQL&XE=N&CLIENT_SITE=itest.ru&LICENSE_KEY=X&SUPD_STS=1&SUPD_URS=0&SUPD_URSA=1&TYPENC=E&CLIENT_PHPVER=5.3.13&dbv=5.5.25&instm=main%2C15.5.1%2CN%3Bbitrix.eshop%2C15.5.0%2CN%3Bbitrix.sitecorporate%2C15.0.0%2CN%3Bbitrixcloud%2C15.5.0%2CN%3Bblog%2C15.5.0%2CN%3Bcatalog%2C15.5.1%2CN%3Bclouds%2C15.5.0%2CN%3Bcompression%2C14.0.0%2CN%3Bcurrency%2C15.5.0%2CN%3Beshopapp%2C15.0.0%2CN%3Bfileman%2C15.5.1%2CN%3Bform%2C15.0.1%2CN%3Bforum%2C15.5.0%2CN%3Bhighloadblock%2C15.0.3%2CN%3Biblock%2C15.5.3%2CN%3Bmobileapp%2C15.0.5%2CN%3Bperfmon%2C15.5.0%2CN%3Bphotogallery%2C15.0.0%2CN%3Bpull%2C15.5.1%2CN%3Bsale%2C14.11.16%2CN%3Bscale%2C14.5.2%2CN%3Bsearch%2C15.5.0%2CN%3Bsecurity%2C15.5.2%2CN%3Bsender%2C15.5.2%2CN%3Bseo%2C15.0.4%2CN%3Bsocialservices%2C15.5.1%2CN%3Bstoreassist%2C15.0.3%2CN%3Bsubscribe%2C15.0.2%2CN%3Bvote%2C15.0.0%2CN&reqm=webfly.santech&lim=Y&SUPD_SRS=RU&SUPD_CMP=N
2015-08-19 13:31:39 -  - exec CUpdateClientPartner::GetHTTPPage
2015-08-19 13:31:39 -  - TIME LoadModulesUpdates(request) 0.452 sec
2015-08-19 13:31:39 -  - exec CUpdateClientPartner::ParseServerData
2015-08-19 13:31:39 - LMU01 - LoadModulesUpdates-Step
2015-08-19 13:31:39 -  - exec CUpdateClientPartner::LoadModulesUpdates
2015-08-19 13:31:39 -  - exec CUpdateClientPartner::__CollectRequestData
2015-08-19 13:31:39 -  - exec CUpdateClientPartner::ParseServerData
2015-08-19 13:31:59 - DOWNLOAD - Time - 20.076318025589 sec
2015-08-19 13:31:59 -  - exec CUpdateClientPartner::UnGzipArchive
2015-08-19 13:32:05 -  - TIME UnGzipArchive 5.652 sec
2015-08-19 13:32:22 -  - TIME UpdateStepModules 12.464 sec
2015-08-19 13:32:22 - UPD_SUCCESS - Updated: webfly.santech
2015-08-19 13:32:22 -  - exec CUpdateClientPartner::LoadModulesUpdates
2015-08-19 13:32:22 -  - exec CUpdateClientPartner::__CollectRequestData
2015-08-19 13:32:22 -  - utf=Y&lang=ru&stable=Y&CANGZIP=Y&SUPD_DBS=MYSQL&XE=N&CLIENT_SITE=itest.ru&LICENSE_KEY=X&SUPD_STS=1&SUPD_URS=0&SUPD_URSA=1&TYPENC=E&CLIENT_PHPVER=5.3.13&dbv=5.5.25&instm=main%2C15.5.1%2CN%3Bbitrix.eshop%2C15.5.0%2CN%3Bbitrix.sitecorporate%2C15.0.0%2CN%3Bbitrixcloud%2C15.5.0%2CN%3Bblog%2C15.5.0%2CN%3Bcatalog%2C15.5.1%2CN%3Bclouds%2C15.5.0%2CN%3Bcompression%2C14.0.0%2CN%3Bcurrency%2C15.5.0%2CN%3Beshopapp%2C15.0.0%2CN%3Bfileman%2C15.5.1%2CN%3Bform%2C15.0.1%2CN%3Bforum%2C15.5.0%2CN%3Bhighloadblock%2C15.0.3%2CN%3Biblock%2C15.5.3%2CN%3Bmobileapp%2C15.0.5%2CN%3Bperfmon%2C15.5.0%2CN%3Bphotogallery%2C15.0.0%2CN%3Bpull%2C15.5.1%2CN%3Bsale%2C14.11.16%2CN%3Bscale%2C14.5.2%2CN%3Bsearch%2C15.5.0%2CN%3Bsecurity%2C15.5.2%2CN%3Bsender%2C15.5.2%2CN%3Bseo%2C15.0.4%2CN%3Bsocialservices%2C15.5.1%2CN%3Bstoreassist%2C15.0.3%2CN%3Bsubscribe%2C15.0.2%2CN%3Bvote%2C15.0.0%2CN%3Bwebfly.santech%2C1.0.0%2CN&reqm=webfly.santech&lim=Y&SUPD_SRS=RU&SUPD_CMP=N
2015-08-19 13:32:22 -  - exec CUpdateClientPartner::GetHTTPPage
2015-08-19 13:32:23 -  - TIME LoadModulesUpdates(request) 0.372 sec
2015-08-19 13:32:23 -  - exec CUpdateClientPartner::ParseServerData
2015-08-19 13:32:23 - LMU01 - LoadModulesUpdates-Step
2015-08-19 13:32:23 -  - exec CUpdateClientPartner::LoadModulesUpdates
2015-08-19 13:32:23 -  - exec CUpdateClientPartner::__CollectRequestData
2015-08-19 13:32:23 -  - exec CUpdateClientPartner::ParseServerData
2015-08-19 13:32:27 - DOWNLOAD - Time - 3.8469970226288 sec
2015-08-19 13:32:27 -  - exec CUpdateClientPartner::UnGzipArchive
2015-08-19 13:32:28 -  - TIME UnGzipArchive 1.149 sec
2015-08-19 13:32:30 - CSURUS1 - Run updater '/bitrix/updates/update_m1439976747/webfly.santech/updater1.0.1.php'
2015-08-19 13:32:35 -  - TIME UpdateStepModules 4.435 sec
2015-08-19 13:32:35 - UPD_SUCCESS - Updated: webfly.santech (1.0.1)<br>Добавление торговых предложений и опций, мелкие исправления ошибок.
2015-08-19 17:49:20 -  - exec CUpdateClientPartner::GetUpdatesList
2015-08-19 17:49:20 -  - exec CUpdateClientPartner::__CollectRequestData
2015-08-19 17:49:20 -  - utf=Y&lang=ru&stable=Y&CANGZIP=Y&SUPD_DBS=MYSQL&XE=N&CLIENT_SITE=itprom.ru&LICENSE_KEY=X&SUPD_STS=1&SUPD_URS=0&SUPD_URSA=4&TYPENC=E&CLIENT_PHPVER=5.4.39&dbv=5.5.35&instm=main%2C15.5.1%2CN%3Bforum%2C15.5.0%2CN%3Bsearch%2C15.5.0%2CN%3Beshopapp%2C15.0.0%2CN%3Bsender%2C15.5.2%2CN%3Bseo%2C15.0.4%2CN%3Biblock%2C15.5.3%2CN%3Bsecurity%2C15.5.2%2CN%3Bsocialservices%2C15.5.1%2CN%3Bwebfly.santech%2C1.0.1%2CN%3Bform%2C15.0.1%2CN%3Bbitrixcloud%2C15.5.0%2CN%3Bbitrix.eshop%2C15.5.0%2CN%3Bcatalog%2C15.5.1%2CN%3Bhighloadblock%2C15.0.3%2CN%3Bstoreassist%2C15.0.3%2CN%3Bsubscribe%2C15.0.2%2CN%3Bscale%2C14.5.2%2CN%3Bpull%2C15.5.1%2CN%3Bsale%2C14.11.16%2CN%3Bbitrix.sitecorporate%2C15.0.0%2CN%3Bblog%2C15.5.0%2CN%3Bcompression%2C14.0.0%2CN%3Bclouds%2C15.5.0%2CN%3Bmobileapp%2C15.0.5%2CN%3Bfileman%2C15.5.1%2CN%3Bperfmon%2C15.5.0%2CN%3Bcurrency%2C15.5.0%2CN%3Bphotogallery%2C15.0.0%2CN%3Bvote%2C15.0.0%2CN&reqm=webfly.santech%2Cbitrix.eshop%2Cbitrix.sitecorporate&SUPD_SRS=RU&SUPD_CMP=N
2015-08-19 17:49:20 -  - exec CUpdateClientPartner::GetHTTPPage
2015-08-19 17:49:20 -  - TIME GetUpdatesList(request) 0.327 sec
2015-08-19 17:49:20 -  - exec CUpdateClientPartner::ParseServerData
2015-08-19 17:49:34 -  - exec CUpdateClientPartner::GetUpdatesList
2015-08-19 17:49:34 -  - exec CUpdateClientPartner::__CollectRequestData
2015-08-19 17:49:34 -  - utf=Y&lang=ru&stable=Y&CANGZIP=Y&SUPD_DBS=MYSQL&XE=N&CLIENT_SITE=itprom.ru&LICENSE_KEY=X&SUPD_STS=1&SUPD_URS=0&SUPD_URSA=4&TYPENC=E&CLIENT_PHPVER=5.4.39&dbv=5.5.35&instm=main%2C15.5.1%2CN%3Bforum%2C15.5.0%2CN%3Bsearch%2C15.5.0%2CN%3Beshopapp%2C15.0.0%2CN%3Bsender%2C15.5.2%2CN%3Bseo%2C15.0.4%2CN%3Biblock%2C15.5.3%2CN%3Bsecurity%2C15.5.2%2CN%3Bsocialservices%2C15.5.1%2CN%3Bwebfly.santech%2C1.0.1%2CN%3Bform%2C15.0.1%2CN%3Bbitrixcloud%2C15.5.0%2CN%3Bbitrix.eshop%2C15.5.0%2CN%3Bcatalog%2C15.5.1%2CN%3Bhighloadblock%2C15.0.3%2CN%3Bstoreassist%2C15.0.3%2CN%3Bsubscribe%2C15.0.2%2CN%3Bscale%2C14.5.2%2CN%3Bpull%2C15.5.1%2CN%3Bsale%2C14.11.16%2CN%3Bbitrix.sitecorporate%2C15.0.0%2CN%3Bblog%2C15.5.0%2CN%3Bcompression%2C14.0.0%2CN%3Bclouds%2C15.5.0%2CN%3Bmobileapp%2C15.0.5%2CN%3Bfileman%2C15.5.1%2CN%3Bperfmon%2C15.5.0%2CN%3Bcurrency%2C15.5.0%2CN%3Bphotogallery%2C15.0.0%2CN%3Bvote%2C15.0.0%2CN&reqm=webfly.santech%2Cbitrix.eshop%2Cbitrix.sitecorporate&fullmoduleinfo=Y&SUPD_SRS=RU&SUPD_CMP=N
2015-08-19 17:49:34 -  - exec CUpdateClientPartner::GetHTTPPage
2015-08-19 17:49:35 -  - TIME GetUpdatesList(request) 0.286 sec
2015-08-19 17:49:35 -  - exec CUpdateClientPartner::ParseServerData
2015-08-19 18:40:45 -  - exec CUpdateClientPartner::GetUpdatesList
2015-08-19 18:40:45 -  - exec CUpdateClientPartner::__CollectRequestData
2015-08-19 18:40:45 -  - utf=Y&lang=ru&stable=Y&CANGZIP=Y&SUPD_DBS=MYSQL&XE=N&CLIENT_SITE=itprom.ru&LICENSE_KEY=X&SUPD_STS=1&SUPD_URS=0&SUPD_URSA=4&TYPENC=E&CLIENT_PHPVER=5.4.39&dbv=5.5.35&instm=main%2C15.5.1%2CN%3Bforum%2C15.5.0%2CN%3Bsearch%2C15.5.0%2CN%3Beshopapp%2C15.0.0%2CN%3Bsender%2C15.5.2%2CN%3Bseo%2C15.0.4%2CN%3Biblock%2C15.5.3%2CN%3Bsecurity%2C15.5.2%2CN%3Bsocialservices%2C15.5.1%2CN%3Bwebfly.santech%2C1.0.1%2CN%3Bform%2C15.0.1%2CN%3Bbitrixcloud%2C15.5.0%2CN%3Bbitrix.eshop%2C15.5.0%2CN%3Bcatalog%2C15.5.1%2CN%3Bhighloadblock%2C15.0.3%2CN%3Bstoreassist%2C15.0.3%2CN%3Bsubscribe%2C15.0.2%2CN%3Bscale%2C14.5.2%2CN%3Bpull%2C15.5.1%2CN%3Bsale%2C14.11.16%2CN%3Bbitrix.sitecorporate%2C15.0.0%2CN%3Bblog%2C15.5.0%2CN%3Bcompression%2C14.0.0%2CN%3Bclouds%2C15.5.0%2CN%3Bmobileapp%2C15.0.5%2CN%3Bfileman%2C15.5.1%2CN%3Bperfmon%2C15.5.0%2CN%3Bcurrency%2C15.5.0%2CN%3Bphotogallery%2C15.0.0%2CN%3Bvote%2C15.0.0%2CN&reqm=webfly.santech%2Cbitrix.eshop%2Cbitrix.sitecorporate&fullmoduleinfo=Y&SUPD_SRS=RU&SUPD_CMP=N
2015-08-19 18:40:45 -  - exec CUpdateClientPartner::GetHTTPPage
2015-08-19 18:40:45 -  - TIME GetUpdatesList(request) 0.323 sec
2015-08-19 18:40:45 -  - exec CUpdateClientPartner::ParseServerData
2015-08-19 18:41:47 -  - exec CUpdateClientPartner::GetUpdatesList
2015-08-19 18:41:47 -  - exec CUpdateClientPartner::__CollectRequestData
2015-08-19 18:41:47 -  - utf=Y&lang=ru&stable=Y&CANGZIP=Y&SUPD_DBS=MYSQL&XE=N&CLIENT_SITE=itprom.ru&LICENSE_KEY=X&SUPD_STS=1&SUPD_URS=0&SUPD_URSA=4&TYPENC=E&CLIENT_PHPVER=5.4.39&dbv=5.5.35&instm=main%2C15.5.1%2CN%3Bforum%2C15.5.0%2CN%3Bsearch%2C15.5.0%2CN%3Beshopapp%2C15.0.0%2CN%3Bsender%2C15.5.2%2CN%3Bseo%2C15.0.4%2CN%3Biblock%2C15.5.3%2CN%3Bsecurity%2C15.5.2%2CN%3Bsocialservices%2C15.5.1%2CN%3Bwebfly.santech%2C1.0.1%2CN%3Bform%2C15.0.1%2CN%3Bbitrixcloud%2C15.5.0%2CN%3Bbitrix.eshop%2C15.5.0%2CN%3Bcatalog%2C15.5.1%2CN%3Bhighloadblock%2C15.0.3%2CN%3Bstoreassist%2C15.0.3%2CN%3Bsubscribe%2C15.0.2%2CN%3Bscale%2C14.5.2%2CN%3Bpull%2C15.5.1%2CN%3Bsale%2C14.11.16%2CN%3Bbitrix.sitecorporate%2C15.0.0%2CN%3Bblog%2C15.5.0%2CN%3Bcompression%2C14.0.0%2CN%3Bclouds%2C15.5.0%2CN%3Bmobileapp%2C15.0.5%2CN%3Bfileman%2C15.5.1%2CN%3Bperfmon%2C15.5.0%2CN%3Bcurrency%2C15.5.0%2CN%3Bphotogallery%2C15.0.0%2CN%3Bvote%2C15.0.0%2CN&reqm=webfly.santech%2Cbitrix.eshop%2Cbitrix.sitecorporate&fullmoduleinfo=Y&SUPD_SRS=RU&SUPD_CMP=N
2015-08-19 18:41:47 -  - exec CUpdateClientPartner::GetHTTPPage
2015-08-19 18:41:47 -  - TIME GetUpdatesList(request) 0.318 sec
2015-08-19 18:41:47 -  - exec CUpdateClientPartner::ParseServerData
2015-08-20 09:53:50 -  - exec CUpdateClientPartner::GetUpdatesList
2015-08-20 09:53:50 -  - exec CUpdateClientPartner::__CollectRequestData
2015-08-20 09:53:50 -  - utf=Y&lang=ru&stable=Y&CANGZIP=Y&SUPD_DBS=MYSQL&XE=N&CLIENT_SITE=itprom.ru&LICENSE_KEY=X&SUPD_STS=1&SUPD_URS=0&SUPD_URSA=5&TYPENC=E&CLIENT_PHPVER=5.4.39&dbv=5.5.35&instm=main%2C15.5.1%2CN%3Bforum%2C15.5.0%2CN%3Bsearch%2C15.5.0%2CN%3Beshopapp%2C15.0.0%2CN%3Bsender%2C15.5.2%2CN%3Bseo%2C15.0.4%2CN%3Biblock%2C15.5.3%2CN%3Bsecurity%2C15.5.2%2CN%3Bsocialservices%2C15.5.1%2CN%3Bwebfly.santech%2C1.0.1%2CN%3Bform%2C15.0.1%2CN%3Bbitrixcloud%2C15.5.0%2CN%3Bbitrix.eshop%2C15.5.0%2CN%3Bcatalog%2C15.5.1%2CN%3Bhighloadblock%2C15.0.3%2CN%3Bstoreassist%2C15.0.3%2CN%3Bsubscribe%2C15.0.2%2CN%3Bscale%2C14.5.2%2CN%3Bpull%2C15.5.1%2CN%3Bsale%2C14.11.16%2CN%3Bbitrix.sitecorporate%2C15.0.0%2CN%3Bblog%2C15.5.0%2CN%3Bcompression%2C14.0.0%2CN%3Bclouds%2C15.5.0%2CN%3Bmobileapp%2C15.0.5%2CN%3Bfileman%2C15.5.1%2CN%3Bperfmon%2C15.5.0%2CN%3Bcurrency%2C15.5.0%2CN%3Bphotogallery%2C15.0.0%2CN%3Bvote%2C15.0.0%2CN&reqm=webfly.santech%2Cbitrix.eshop%2Cbitrix.sitecorporate&fullmoduleinfo=Y&SUPD_SRS=RU&SUPD_CMP=N
2015-08-20 09:53:50 -  - exec CUpdateClientPartner::GetHTTPPage
2015-08-20 09:53:50 -  - TIME GetUpdatesList(request) 0.392 sec
2015-08-20 09:53:50 -  - exec CUpdateClientPartner::ParseServerData
2015-08-20 09:55:41 -  - exec CUpdateClientPartner::GetUpdatesList
2015-08-20 09:55:41 -  - exec CUpdateClientPartner::__CollectRequestData
2015-08-20 09:55:41 -  - utf=Y&lang=ru&stable=Y&CANGZIP=Y&SUPD_DBS=MYSQL&XE=N&CLIENT_SITE=itprom.ru&LICENSE_KEY=X&SUPD_STS=1&SUPD_URS=0&SUPD_URSA=5&TYPENC=E&CLIENT_PHPVER=5.4.39&dbv=5.5.35&instm=main%2C15.5.1%2CN%3Bforum%2C15.5.0%2CN%3Bsearch%2C15.5.0%2CN%3Beshopapp%2C15.0.0%2CN%3Bsender%2C15.5.2%2CN%3Bseo%2C15.0.4%2CN%3Biblock%2C15.5.3%2CN%3Bsecurity%2C15.5.2%2CN%3Bsocialservices%2C15.5.1%2CN%3Bwebfly.santech%2C1.0.1%2CN%3Bform%2C15.0.1%2CN%3Bbitrixcloud%2C15.5.0%2CN%3Bbitrix.eshop%2C15.5.0%2CN%3Bcatalog%2C15.5.1%2CN%3Bhighloadblock%2C15.0.3%2CN%3Bstoreassist%2C15.0.3%2CN%3Bsubscribe%2C15.0.2%2CN%3Bscale%2C14.5.2%2CN%3Bpull%2C15.5.1%2CN%3Bsale%2C14.11.16%2CN%3Bbitrix.sitecorporate%2C15.0.0%2CN%3Bblog%2C15.5.0%2CN%3Bcompression%2C14.0.0%2CN%3Bclouds%2C15.5.0%2CN%3Bmobileapp%2C15.0.5%2CN%3Bfileman%2C15.5.1%2CN%3Bperfmon%2C15.5.0%2CN%3Bcurrency%2C15.5.0%2CN%3Bphotogallery%2C15.0.0%2CN%3Bvote%2C15.0.0%2CN&reqm=webfly.santech%2Cbitrix.eshop%2Cbitrix.sitecorporate&fullmoduleinfo=Y&SUPD_SRS=RU&SUPD_CMP=N
2015-08-20 09:55:41 -  - exec CUpdateClientPartner::GetHTTPPage
2015-08-20 09:55:41 -  - TIME GetUpdatesList(request) 0.392 sec
2015-08-20 09:55:41 -  - exec CUpdateClientPartner::ParseServerData
2015-08-20 09:55:50 -  - exec CUpdateClientPartner::GetUpdatesList
2015-08-20 09:55:50 -  - exec CUpdateClientPartner::__CollectRequestData
2015-08-20 09:55:50 -  - utf=Y&lang=ru&stable=Y&CANGZIP=Y&SUPD_DBS=MYSQL&XE=N&CLIENT_SITE=itprom.ru&LICENSE_KEY=X&SUPD_STS=1&SUPD_URS=0&SUPD_URSA=5&TYPENC=E&CLIENT_PHPVER=5.4.39&dbv=5.5.35&instm=main%2C15.5.1%2CN%3Bforum%2C15.5.0%2CN%3Bsearch%2C15.5.0%2CN%3Beshopapp%2C15.0.0%2CN%3Bsender%2C15.5.2%2CN%3Bseo%2C15.0.4%2CN%3Biblock%2C15.5.3%2CN%3Bsecurity%2C15.5.2%2CN%3Bsocialservices%2C15.5.1%2CN%3Bwebfly.santech%2C1.0.1%2CN%3Bform%2C15.0.1%2CN%3Bbitrixcloud%2C15.5.0%2CN%3Bbitrix.eshop%2C15.5.0%2CN%3Bcatalog%2C15.5.1%2CN%3Bhighloadblock%2C15.0.3%2CN%3Bstoreassist%2C15.0.3%2CN%3Bsubscribe%2C15.0.2%2CN%3Bscale%2C14.5.2%2CN%3Bpull%2C15.5.1%2CN%3Bsale%2C14.11.16%2CN%3Bbitrix.sitecorporate%2C15.0.0%2CN%3Bblog%2C15.5.0%2CN%3Bcompression%2C14.0.0%2CN%3Bclouds%2C15.5.0%2CN%3Bmobileapp%2C15.0.5%2CN%3Bfileman%2C15.5.1%2CN%3Bperfmon%2C15.5.0%2CN%3Bcurrency%2C15.5.0%2CN%3Bphotogallery%2C15.0.0%2CN%3Bvote%2C15.0.0%2CN&reqm=webfly.santech%2Cbitrix.eshop%2Cbitrix.sitecorporate&fullmoduleinfo=Y&SUPD_SRS=RU&SUPD_CMP=N
2015-08-20 09:55:50 -  - exec CUpdateClientPartner::GetHTTPPage
2015-08-20 09:55:51 -  - TIME GetUpdatesList(request) 0.347 sec
2015-08-20 09:55:51 -  - exec CUpdateClientPartner::ParseServerData
2015-08-20 09:57:22 -  - exec CUpdateClientPartner::GetUpdatesList
2015-08-20 09:57:22 -  - exec CUpdateClientPartner::__CollectRequestData
2015-08-20 09:57:22 -  - utf=Y&lang=ru&stable=Y&CANGZIP=Y&SUPD_DBS=MYSQL&XE=N&CLIENT_SITE=itprom.ru&LICENSE_KEY=X&SUPD_STS=1&SUPD_URS=0&SUPD_URSA=5&TYPENC=E&CLIENT_PHPVER=5.4.39&dbv=5.5.35&instm=main%2C15.5.1%2CN%3Bforum%2C15.5.0%2CN%3Bsearch%2C15.5.0%2CN%3Beshopapp%2C15.0.0%2CN%3Bsender%2C15.5.2%2CN%3Bseo%2C15.0.4%2CN%3Biblock%2C15.5.3%2CN%3Bsecurity%2C15.5.2%2CN%3Bsocialservices%2C15.5.1%2CN%3Bwebfly.santech%2C1.0.1%2CN%3Bform%2C15.0.1%2CN%3Bbitrixcloud%2C15.5.0%2CN%3Bbitrix.eshop%2C15.5.0%2CN%3Bcatalog%2C15.5.1%2CN%3Bhighloadblock%2C15.0.3%2CN%3Bstoreassist%2C15.0.3%2CN%3Bsubscribe%2C15.0.2%2CN%3Bscale%2C14.5.2%2CN%3Bpull%2C15.5.1%2CN%3Bsale%2C14.11.16%2CN%3Bbitrix.sitecorporate%2C15.0.0%2CN%3Bblog%2C15.5.0%2CN%3Bcompression%2C14.0.0%2CN%3Bclouds%2C15.5.0%2CN%3Bmobileapp%2C15.0.5%2CN%3Bfileman%2C15.5.1%2CN%3Bperfmon%2C15.5.0%2CN%3Bcurrency%2C15.5.0%2CN%3Bphotogallery%2C15.0.0%2CN%3Bvote%2C15.0.0%2CN&reqm=webfly.santech%2Cbitrix.eshop%2Cbitrix.sitecorporate&fullmoduleinfo=Y&SUPD_SRS=RU&SUPD_CMP=N
2015-08-20 09:57:22 -  - exec CUpdateClientPartner::GetHTTPPage
2015-08-20 09:57:23 -  - TIME GetUpdatesList(request) 0.355 sec
2015-08-20 09:57:23 -  - exec CUpdateClientPartner::ParseServerData
2015-08-20 09:58:45 -  - exec CUpdateClientPartner::GetUpdatesList
2015-08-20 09:58:45 -  - exec CUpdateClientPartner::__CollectRequestData
2015-08-20 09:58:45 -  - utf=Y&lang=ru&stable=Y&CANGZIP=Y&SUPD_DBS=MYSQL&XE=N&CLIENT_SITE=itprom.ru&LICENSE_KEY=X&SUPD_STS=1&SUPD_URS=0&SUPD_URSA=5&TYPENC=E&CLIENT_PHPVER=5.4.39&dbv=5.5.35&instm=main%2C15.5.1%2CN%3Bforum%2C15.5.0%2CN%3Bsearch%2C15.5.0%2CN%3Beshopapp%2C15.0.0%2CN%3Bsender%2C15.5.2%2CN%3Bseo%2C15.0.4%2CN%3Biblock%2C15.5.3%2CN%3Bsecurity%2C15.5.2%2CN%3Bsocialservices%2C15.5.1%2CN%3Bwebfly.santech%2C1.0.1%2CN%3Bform%2C15.0.1%2CN%3Bbitrixcloud%2C15.5.0%2CN%3Bbitrix.eshop%2C15.5.0%2CN%3Bcatalog%2C15.5.1%2CN%3Bhighloadblock%2C15.0.3%2CN%3Bstoreassist%2C15.0.3%2CN%3Bsubscribe%2C15.0.2%2CN%3Bscale%2C14.5.2%2CN%3Bpull%2C15.5.1%2CN%3Bsale%2C14.11.16%2CN%3Bbitrix.sitecorporate%2C15.0.0%2CN%3Bblog%2C15.5.0%2CN%3Bcompression%2C14.0.0%2CN%3Bclouds%2C15.5.0%2CN%3Bmobileapp%2C15.0.5%2CN%3Bfileman%2C15.5.1%2CN%3Bperfmon%2C15.5.0%2CN%3Bcurrency%2C15.5.0%2CN%3Bphotogallery%2C15.0.0%2CN%3Bvote%2C15.0.0%2CN&reqm=webfly.santech%2Cbitrix.eshop%2Cbitrix.sitecorporate&SUPD_SRS=RU&SUPD_CMP=N
2015-08-20 09:58:45 -  - exec CUpdateClientPartner::GetHTTPPage
2015-08-20 09:58:45 -  - TIME GetUpdatesList(request) 0.305 sec
2015-08-20 09:58:45 -  - exec CUpdateClientPartner::ParseServerData
2015-08-20 14:45:41 -  - exec CUpdateClientPartner::GetUpdatesList
2015-08-20 14:45:41 -  - exec CUpdateClientPartner::__CollectRequestData
2015-08-20 14:45:41 -  - utf=Y&lang=ru&stable=Y&CANGZIP=Y&SUPD_DBS=MYSQL&XE=N&CLIENT_SITE=itprom.ru&LICENSE_KEY=X&SUPD_STS=1&SUPD_URS=0&SUPD_URSA=5&TYPENC=E&CLIENT_PHPVER=5.4.39&dbv=5.5.35&instm=main%2C15.5.1%2CN%3Bforum%2C15.5.0%2CN%3Bsearch%2C15.5.0%2CN%3Beshopapp%2C15.0.0%2CN%3Bsender%2C15.5.2%2CN%3Bseo%2C15.0.4%2CN%3Biblock%2C15.5.3%2CN%3Bsecurity%2C15.5.2%2CN%3Bsocialservices%2C15.5.1%2CN%3Bwebfly.santech%2C1.0.1%2CN%3Bform%2C15.0.1%2CN%3Bbitrixcloud%2C15.5.0%2CN%3Bbitrix.eshop%2C15.5.0%2CN%3Bcatalog%2C15.5.1%2CN%3Bhighloadblock%2C15.0.3%2CN%3Bstoreassist%2C15.0.3%2CN%3Bsubscribe%2C15.0.2%2CN%3Bscale%2C14.5.2%2CN%3Bpull%2C15.5.1%2CN%3Bsale%2C14.11.16%2CN%3Bbitrix.sitecorporate%2C15.0.0%2CN%3Bblog%2C15.5.0%2CN%3Bcompression%2C14.0.0%2CN%3Bclouds%2C15.5.0%2CN%3Bmobileapp%2C15.0.5%2CN%3Bfileman%2C15.5.1%2CN%3Bperfmon%2C15.5.0%2CN%3Bcurrency%2C15.5.0%2CN%3Bphotogallery%2C15.0.0%2CN%3Bvote%2C15.0.0%2CN&reqm=webfly.santech%2Cbitrix.eshop%2Cbitrix.sitecorporate&fullmoduleinfo=Y&SUPD_SRS=RU&SUPD_CMP=N
2015-08-20 14:45:41 -  - exec CUpdateClientPartner::GetHTTPPage
2015-08-20 14:45:42 -  - TIME GetUpdatesList(request) 0.468 sec
2015-08-20 14:45:42 -  - exec CUpdateClientPartner::ParseServerData
2015-08-20 15:03:03 -  - exec CUpdateClientPartner::GetUpdatesList
2015-08-20 15:03:03 -  - exec CUpdateClientPartner::__CollectRequestData
2015-08-20 15:03:03 -  - utf=Y&lang=ru&stable=Y&CANGZIP=Y&SUPD_DBS=MYSQL&XE=N&CLIENT_SITE=itprom.ru&LICENSE_KEY=X&SUPD_STS=1&SUPD_URS=0&SUPD_URSA=5&TYPENC=E&CLIENT_PHPVER=5.4.39&dbv=5.5.35&instm=main%2C15.5.1%2CN%3Bforum%2C15.5.0%2CN%3Bsearch%2C15.5.0%2CN%3Beshopapp%2C15.0.0%2CN%3Bsender%2C15.5.2%2CN%3Bseo%2C15.0.4%2CN%3Biblock%2C15.5.3%2CN%3Bsecurity%2C15.5.2%2CN%3Bsocialservices%2C15.5.1%2CN%3Bwebfly.santech%2C1.0.1%2CN%3Bform%2C15.0.1%2CN%3Bbitrixcloud%2C15.5.0%2CN%3Bbitrix.eshop%2C15.5.0%2CN%3Bcatalog%2C15.5.1%2CN%3Bhighloadblock%2C15.0.3%2CN%3Bstoreassist%2C15.0.3%2CN%3Bsubscribe%2C15.0.2%2CN%3Bscale%2C14.5.2%2CN%3Bpull%2C15.5.1%2CN%3Bsale%2C14.11.16%2CN%3Bbitrix.sitecorporate%2C15.0.0%2CN%3Bblog%2C15.5.0%2CN%3Bcompression%2C14.0.0%2CN%3Bclouds%2C15.5.0%2CN%3Bmobileapp%2C15.0.5%2CN%3Bfileman%2C15.5.1%2CN%3Bperfmon%2C15.5.0%2CN%3Bcurrency%2C15.5.0%2CN%3Bphotogallery%2C15.0.0%2CN%3Bvote%2C15.0.0%2CN&reqm=webfly.santech%2Cbitrix.eshop%2Cbitrix.sitecorporate&fullmoduleinfo=Y&SUPD_SRS=RU&SUPD_CMP=N
2015-08-20 15:03:03 -  - exec CUpdateClientPartner::GetHTTPPage
2015-08-20 15:03:04 -  - TIME GetUpdatesList(request) 0.505 sec
2015-08-20 15:03:04 -  - exec CUpdateClientPartner::ParseServerData
2015-08-20 23:00:56 -  - exec CUpdateClientPartner::GetUpdatesList
2015-08-20 23:00:56 -  - exec CUpdateClientPartner::__CollectRequestData
2015-08-20 23:00:56 -  - utf=Y&lang=ru&stable=Y&CANGZIP=Y&SUPD_DBS=MYSQL&XE=N&CLIENT_SITE=itprom.ru&LICENSE_KEY=X&SUPD_STS=1&SUPD_URS=0&SUPD_URSA=5&TYPENC=E&CLIENT_PHPVER=5.4.39&dbv=5.5.35&instm=main%2C15.5.1%2CN%3Bforum%2C15.5.0%2CN%3Bsearch%2C15.5.0%2CN%3Beshopapp%2C15.0.0%2CN%3Bsender%2C15.5.2%2CN%3Bseo%2C15.0.4%2CN%3Biblock%2C15.5.3%2CN%3Bsecurity%2C15.5.2%2CN%3Bsocialservices%2C15.5.1%2CN%3Bwebfly.santech%2C1.0.1%2CN%3Bform%2C15.0.1%2CN%3Bbitrixcloud%2C15.5.0%2CN%3Bbitrix.eshop%2C15.5.0%2CN%3Bcatalog%2C15.5.1%2CN%3Bhighloadblock%2C15.0.3%2CN%3Bstoreassist%2C15.0.3%2CN%3Bsubscribe%2C15.0.2%2CN%3Bscale%2C14.5.2%2CN%3Bpull%2C15.5.1%2CN%3Bsale%2C14.11.16%2CN%3Bbitrix.sitecorporate%2C15.0.0%2CN%3Bblog%2C15.5.0%2CN%3Bcompression%2C14.0.0%2CN%3Bclouds%2C15.5.0%2CN%3Bmobileapp%2C15.0.5%2CN%3Bfileman%2C15.5.1%2CN%3Bperfmon%2C15.5.0%2CN%3Bcurrency%2C15.5.0%2CN%3Bphotogallery%2C15.0.0%2CN%3Bvote%2C15.0.0%2CN&reqm=webfly.santech%2Cbitrix.eshop%2Cbitrix.sitecorporate&fullmoduleinfo=Y&SUPD_SRS=RU&SUPD_CMP=N
2015-08-20 23:00:56 -  - exec CUpdateClientPartner::GetHTTPPage
2015-08-20 23:00:56 -  - TIME GetUpdatesList(request) 0.272 sec
2015-08-20 23:00:56 -  - exec CUpdateClientPartner::ParseServerData
2015-08-21 14:10:05 -  - exec CUpdateClientPartner::GetUpdatesList
2015-08-21 14:10:05 -  - exec CUpdateClientPartner::__CollectRequestData
2015-08-21 14:10:05 -  - utf=Y&lang=ru&stable=Y&CANGZIP=Y&SUPD_DBS=MYSQL&XE=N&CLIENT_SITE=itprom.ru&LICENSE_KEY=X&SUPD_STS=1&SUPD_URS=0&SUPD_URSA=5&TYPENC=E&CLIENT_PHPVER=5.4.39&dbv=5.5.35&instm=main%2C15.5.1%2CN%3Bforum%2C15.5.0%2CN%3Bsearch%2C15.5.0%2CN%3Beshopapp%2C15.0.0%2CN%3Bsender%2C15.5.2%2CN%3Bseo%2C15.5.4%2CN%3Biblock%2C15.5.4%2CN%3Bsecurity%2C15.5.2%2CN%3Bsocialservices%2C15.5.1%2CN%3Bwebfly.santech%2C1.0.1%2CN%3Bform%2C15.0.1%2CN%3Bbitrixcloud%2C15.5.0%2CN%3Bbitrix.eshop%2C15.5.0%2CN%3Bcatalog%2C15.5.1%2CN%3Btranslate%2C14.0.0%2CN%3Bhighloadblock%2C15.0.4%2CN%3Bstoreassist%2C15.0.3%2CN%3Bsubscribe%2C15.0.2%2CN%3Breport%2C15.0.0%2CN%3Bscale%2C14.5.2%2CN%3Bpull%2C15.5.4%2CN%3Bsale%2C14.11.19%2CN%3Bbitrix.sitecorporate%2C15.0.0%2CN%3Bconversion%2C15.5.4%2CN%3Bblog%2C15.5.0%2CN%3Bcompression%2C14.0.0%2CN%3Bclouds%2C15.5.0%2CN%3Bmobileapp%2C15.0.5%2CN%3Bfileman%2C15.5.1%2CN%3Bperfmon%2C15.5.0%2CN%3Bcurrency%2C15.5.0%2CN%3Babtest%2C15.5.4%2CN%3Bphotogallery%2C15.0.0%2CN%3Bvote%2C15.5.0%2CN&reqm=webfly.santech%2Cbitrix.eshop%2Cbitrix.sitecorporate&fullmoduleinfo=Y&SUPD_SRS=RU&SUPD_CMP=N
2015-08-21 14:10:05 -  - exec CUpdateClientPartner::GetHTTPPage
2015-08-21 14:10:05 -  - TIME GetUpdatesList(request) 0.39 sec
2015-08-21 14:10:05 -  - exec CUpdateClientPartner::ParseServerData
2015-09-13 14:01:53 -  - exec CUpdateClientPartner::GetUpdatesList
2015-09-13 14:01:53 -  - exec CUpdateClientPartner::__CollectRequestData
2015-09-13 14:01:53 -  - utf=Y&lang=ru&stable=Y&CANGZIP=Y&SUPD_DBS=MYSQL&XE=N&CLIENT_SITE=itprom.ru&LICENSE_KEY=X&SUPD_STS=1&SUPD_URS=0&SUPD_URSA=5&TYPENC=E&CLIENT_PHPVER=5.4.39&dbv=5.5.35&instm=main%2C15.5.1%2CN%3Bforum%2C15.5.0%2CN%3Bsearch%2C15.5.0%2CN%3Beshopapp%2C15.0.0%2CN%3Bsender%2C15.5.2%2CN%3Bseo%2C15.5.4%2CN%3Biblock%2C15.5.4%2CN%3Bsecurity%2C15.5.2%2CN%3Bsocialservices%2C15.5.1%2CN%3Bwebfly.santech%2C1.0.1%2CN%3Bform%2C15.0.1%2CN%3Bbitrixcloud%2C15.5.0%2CN%3Bbitrix.eshop%2C15.5.0%2CN%3Bcatalog%2C15.5.1%2CN%3Btranslate%2C14.0.0%2CN%3Bhighloadblock%2C15.0.4%2CN%3Bstoreassist%2C15.0.3%2CN%3Bsubscribe%2C15.0.2%2CN%3Breport%2C15.0.0%2CN%3Bscale%2C14.5.2%2CN%3Bpull%2C15.5.4%2CN%3Bsale%2C14.11.19%2CN%3Bbitrix.sitecorporate%2C15.0.0%2CN%3Bconversion%2C15.5.4%2CN%3Bblog%2C15.5.0%2CN%3Bcompression%2C14.0.0%2CN%3Bclouds%2C15.5.0%2CN%3Bmobileapp%2C15.0.5%2CN%3Bfileman%2C15.5.1%2CN%3Bperfmon%2C15.5.0%2CN%3Bcurrency%2C15.5.0%2CN%3Babtest%2C15.5.4%2CN%3Bphotogallery%2C15.0.0%2CN%3Bvote%2C15.5.0%2CN&reqm=webfly.santech%2Cbitrix.eshop%2Cbitrix.sitecorporate&fullmoduleinfo=Y&SUPD_SRS=RU&SUPD_CMP=N
2015-09-13 14:01:53 -  - exec CUpdateClientPartner::GetHTTPPage
2015-09-13 14:01:53 -  - TIME GetUpdatesList(request) 0.283 sec
2015-09-13 14:01:53 -  - exec CUpdateClientPartner::ParseServerData
2015-09-14 15:48:07 -  - exec CUpdateClientPartner::GetUpdatesList
2015-09-14 15:48:07 -  - exec CUpdateClientPartner::__CollectRequestData
2015-09-14 15:48:07 -  - utf=Y&lang=ru&stable=Y&CANGZIP=Y&SUPD_DBS=MYSQL&XE=N&CLIENT_SITE=itprom.ru&LICENSE_KEY=X&SUPD_STS=1&SUPD_URS=0&SUPD_URSA=5&TYPENC=E&CLIENT_PHPVER=5.4.39&dbv=5.5.35&instm=main%2C15.5.1%2CN%3Bforum%2C15.5.0%2CN%3Bsearch%2C15.5.0%2CN%3Beshopapp%2C15.0.0%2CN%3Bsender%2C15.5.2%2CN%3Bseo%2C15.5.4%2CN%3Biblock%2C15.5.4%2CN%3Bsecurity%2C15.5.2%2CN%3Bsocialservices%2C15.5.1%2CN%3Bwebfly.santech%2C1.0.1%2CN%3Bform%2C15.0.1%2CN%3Bbitrixcloud%2C15.5.0%2CN%3Bbitrix.eshop%2C15.5.0%2CN%3Bcatalog%2C15.5.1%2CN%3Btranslate%2C14.0.0%2CN%3Bhighloadblock%2C15.0.4%2CN%3Bstoreassist%2C15.0.3%2CN%3Bsubscribe%2C15.0.2%2CN%3Breport%2C15.0.0%2CN%3Bscale%2C14.5.2%2CN%3Bpull%2C15.5.4%2CN%3Bsale%2C14.11.19%2CN%3Bbitrix.sitecorporate%2C15.0.0%2CN%3Bconversion%2C15.5.4%2CN%3Bblog%2C15.5.0%2CN%3Bcompression%2C14.0.0%2CN%3Bclouds%2C15.5.0%2CN%3Bmobileapp%2C15.0.5%2CN%3Bfileman%2C15.5.1%2CN%3Bperfmon%2C15.5.0%2CN%3Bcurrency%2C15.5.0%2CN%3Babtest%2C15.5.4%2CN%3Bphotogallery%2C15.0.0%2CN%3Bvote%2C15.5.0%2CN&reqm=webfly.santech%2Cbitrix.eshop%2Cbitrix.sitecorporate&fullmoduleinfo=Y&SUPD_SRS=RU&SUPD_CMP=N
2015-09-14 15:48:07 -  - exec CUpdateClientPartner::GetHTTPPage
2015-09-14 15:48:07 -  - TIME GetUpdatesList(request) 0.374 sec
2015-09-14 15:48:07 -  - exec CUpdateClientPartner::ParseServerData
2015-09-15 11:49:43 -  - exec CUpdateClientPartner::GetUpdatesList
2015-09-15 11:49:43 -  - exec CUpdateClientPartner::__CollectRequestData
2015-09-15 11:49:43 -  - utf=Y&lang=ru&stable=Y&CANGZIP=Y&SUPD_DBS=MYSQL&XE=N&CLIENT_SITE=itprom.ru&LICENSE_KEY=X&SUPD_STS=1&SUPD_URS=0&SUPD_URSA=5&TYPENC=E&CLIENT_PHPVER=5.4.39&dbv=5.5.35&instm=main%2C15.5.1%2CN%3Bforum%2C15.5.0%2CN%3Bsearch%2C15.5.0%2CN%3Beshopapp%2C15.0.0%2CN%3Bsender%2C15.5.2%2CN%3Bseo%2C15.5.4%2CN%3Biblock%2C15.5.4%2CN%3Bsecurity%2C15.5.2%2CN%3Bsocialservices%2C15.5.1%2CN%3Bwebfly.santech%2C1.0.1%2CN%3Bform%2C15.0.1%2CN%3Bbitrixcloud%2C15.5.0%2CN%3Bbitrix.eshop%2C15.5.0%2CN%3Bcatalog%2C15.5.1%2CN%3Btranslate%2C14.0.0%2CN%3Bhighloadblock%2C15.0.4%2CN%3Bstoreassist%2C15.0.3%2CN%3Bsubscribe%2C15.0.2%2CN%3Breport%2C15.0.0%2CN%3Bscale%2C14.5.2%2CN%3Bpull%2C15.5.4%2CN%3Bsale%2C14.11.19%2CN%3Bbitrix.sitecorporate%2C15.0.0%2CN%3Bconversion%2C15.5.4%2CN%3Bblog%2C15.5.0%2CN%3Bcompression%2C14.0.0%2CN%3Bclouds%2C15.5.0%2CN%3Bmobileapp%2C15.0.5%2CN%3Bfileman%2C15.5.1%2CN%3Bperfmon%2C15.5.0%2CN%3Bcurrency%2C15.5.0%2CN%3Babtest%2C15.5.4%2CN%3Bphotogallery%2C15.0.0%2CN%3Bvote%2C15.5.0%2CN&reqm=webfly.santech%2Cbitrix.eshop%2Cbitrix.sitecorporate&fullmoduleinfo=Y&SUPD_SRS=RU&SUPD_CMP=N
2015-09-15 11:49:43 -  - exec CUpdateClientPartner::GetHTTPPage
2015-09-15 11:49:44 -  - TIME GetUpdatesList(request) 0.35 sec
2015-09-15 11:49:44 -  - exec CUpdateClientPartner::ParseServerData
2015-09-16 12:40:25 -  - exec CUpdateClientPartner::GetUpdatesList
2015-09-16 12:40:25 -  - exec CUpdateClientPartner::__CollectRequestData
2015-09-16 12:40:25 -  - utf=Y&lang=ru&stable=Y&CANGZIP=Y&SUPD_DBS=MYSQL&XE=N&CLIENT_SITE=itprom.ru&LICENSE_KEY=X&SUPD_STS=1&SUPD_URS=0&SUPD_URSA=5&TYPENC=E&CLIENT_PHPVER=5.4.39&dbv=5.5.35&instm=main%2C15.5.1%2CN%3Bforum%2C15.5.0%2CN%3Bsearch%2C15.5.0%2CN%3Beshopapp%2C15.0.0%2CN%3Bsender%2C15.5.2%2CN%3Bseo%2C15.5.4%2CN%3Biblock%2C15.5.4%2CN%3Bsecurity%2C15.5.2%2CN%3Bsocialservices%2C15.5.1%2CN%3Bwebfly.santech%2C1.0.1%2CN%3Bform%2C15.0.1%2CN%3Bbitrixcloud%2C15.5.0%2CN%3Bbitrix.eshop%2C15.5.0%2CN%3Bcatalog%2C15.5.1%2CN%3Btranslate%2C14.0.0%2CN%3Bhighloadblock%2C15.0.4%2CN%3Bstoreassist%2C15.0.3%2CN%3Bsubscribe%2C15.0.2%2CN%3Breport%2C15.0.0%2CN%3Bscale%2C14.5.2%2CN%3Bpull%2C15.5.4%2CN%3Bsale%2C14.11.19%2CN%3Bbitrix.sitecorporate%2C15.0.0%2CN%3Bconversion%2C15.5.4%2CN%3Bblog%2C15.5.0%2CN%3Bcompression%2C14.0.0%2CN%3Bclouds%2C15.5.0%2CN%3Bmobileapp%2C15.0.5%2CN%3Bfileman%2C15.5.1%2CN%3Bperfmon%2C15.5.0%2CN%3Bcurrency%2C15.5.0%2CN%3Babtest%2C15.5.4%2CN%3Bphotogallery%2C15.0.0%2CN%3Bvote%2C15.5.0%2CN&reqm=webfly.santech%2Cbitrix.eshop%2Cbitrix.sitecorporate&fullmoduleinfo=Y&SUPD_SRS=RU&SUPD_CMP=N
2015-09-16 12:40:25 -  - exec CUpdateClientPartner::GetHTTPPage
2015-09-16 12:40:25 -  - TIME GetUpdatesList(request) 0.414 sec
2015-09-16 12:40:25 -  - exec CUpdateClientPartner::ParseServerData
2015-09-20 15:34:17 -  - exec CUpdateClientPartner::GetUpdatesList
2015-09-20 15:34:17 -  - exec CUpdateClientPartner::__CollectRequestData
2015-09-20 15:34:17 -  - utf=Y&lang=ru&stable=Y&CANGZIP=Y&SUPD_DBS=MYSQL&XE=N&CLIENT_SITE=itprom.ru&LICENSE_KEY=X&SUPD_STS=1&SUPD_URS=0&SUPD_URSA=5&TYPENC=E&CLIENT_PHPVER=5.4.39&dbv=5.5.35&instm=main%2C15.5.1%2CN%3Bforum%2C15.5.0%2CN%3Bsearch%2C15.5.0%2CN%3Beshopapp%2C15.0.0%2CN%3Bsender%2C15.5.2%2CN%3Bseo%2C15.5.4%2CN%3Biblock%2C15.5.4%2CN%3Bsecurity%2C15.5.2%2CN%3Bsocialservices%2C15.5.1%2CN%3Bwebfly.santech%2C1.0.1%2CN%3Bform%2C15.0.1%2CN%3Bbitrixcloud%2C15.5.0%2CN%3Bbitrix.eshop%2C15.5.0%2CN%3Bcatalog%2C15.5.1%2CN%3Btranslate%2C14.0.0%2CN%3Bhighloadblock%2C15.0.4%2CN%3Bstoreassist%2C15.0.3%2CN%3Bsubscribe%2C15.0.2%2CN%3Breport%2C15.0.0%2CN%3Bscale%2C14.5.2%2CN%3Bpull%2C15.5.4%2CN%3Bsale%2C14.11.19%2CN%3Bbitrix.sitecorporate%2C15.0.0%2CN%3Bconversion%2C15.5.4%2CN%3Bblog%2C15.5.0%2CN%3Bcompression%2C14.0.0%2CN%3Bclouds%2C15.5.0%2CN%3Bmobileapp%2C15.0.5%2CN%3Bfileman%2C15.5.1%2CN%3Bperfmon%2C15.5.0%2CN%3Bcurrency%2C15.5.0%2CN%3Babtest%2C15.5.4%2CN%3Bphotogallery%2C15.0.0%2CN%3Bvote%2C15.5.0%2CN&reqm=webfly.santech%2Cbitrix.eshop%2Cbitrix.sitecorporate%2Cpimentos.mneniyapro&SUPD_SRS=RU&SUPD_CMP=N
2015-09-20 15:34:17 -  - exec CUpdateClientPartner::GetHTTPPage
2015-09-20 15:34:17 -  - TIME GetUpdatesList(request) 0.299 sec
2015-09-20 15:34:17 -  - exec CUpdateClientPartner::ParseServerData
2015-09-20 15:34:40 -  - exec CUpdateClientPartner::LoadModulesUpdates
2015-09-20 15:34:40 -  - exec CUpdateClientPartner::__CollectRequestData
2015-09-20 15:34:40 -  - utf=Y&lang=ru&stable=Y&CANGZIP=Y&SUPD_DBS=MYSQL&XE=N&CLIENT_SITE=itprom.ru&LICENSE_KEY=X&SUPD_STS=1&SUPD_URS=0&SUPD_URSA=5&TYPENC=E&CLIENT_PHPVER=5.4.39&dbv=5.5.35&instm=main%2C15.5.1%2CN%3Bforum%2C15.5.0%2CN%3Bsearch%2C15.5.0%2CN%3Beshopapp%2C15.0.0%2CN%3Bsender%2C15.5.2%2CN%3Bseo%2C15.5.4%2CN%3Biblock%2C15.5.4%2CN%3Bsecurity%2C15.5.2%2CN%3Bsocialservices%2C15.5.1%2CN%3Bwebfly.santech%2C1.0.1%2CN%3Bform%2C15.0.1%2CN%3Bbitrixcloud%2C15.5.0%2CN%3Bbitrix.eshop%2C15.5.0%2CN%3Bcatalog%2C15.5.1%2CN%3Btranslate%2C14.0.0%2CN%3Bhighloadblock%2C15.0.4%2CN%3Bstoreassist%2C15.0.3%2CN%3Bsubscribe%2C15.0.2%2CN%3Breport%2C15.0.0%2CN%3Bscale%2C14.5.2%2CN%3Bpull%2C15.5.4%2CN%3Bsale%2C14.11.19%2CN%3Bbitrix.sitecorporate%2C15.0.0%2CN%3Bconversion%2C15.5.4%2CN%3Bblog%2C15.5.0%2CN%3Bcompression%2C14.0.0%2CN%3Bclouds%2C15.5.0%2CN%3Bmobileapp%2C15.0.5%2CN%3Bfileman%2C15.5.1%2CN%3Bperfmon%2C15.5.0%2CN%3Bcurrency%2C15.5.0%2CN%3Babtest%2C15.5.4%2CN%3Bphotogallery%2C15.0.0%2CN%3Bvote%2C15.5.0%2CN&reqm=pimentos.mneniyapro&lim=Y&SUPD_SRS=RU&SUPD_CMP=N
2015-09-20 15:34:40 -  - exec CUpdateClientPartner::GetHTTPPage
2015-09-20 15:34:41 -  - TIME LoadModulesUpdates(request) 0.259 sec
2015-09-20 15:34:41 -  - exec CUpdateClientPartner::ParseServerData
2015-09-20 15:34:41 - LMU01 - LoadModulesUpdates-Step
2015-09-20 15:34:41 -  - exec CUpdateClientPartner::LoadModulesUpdates
2015-09-20 15:34:41 -  - exec CUpdateClientPartner::__CollectRequestData
2015-09-20 15:34:41 -  - exec CUpdateClientPartner::ParseServerData
2015-09-20 15:34:41 - DOWNLOAD - Time - 0.26401281356812 sec
2015-09-20 15:34:41 -  - exec CUpdateClientPartner::UnGzipArchive
2015-09-20 15:34:41 -  - TIME UnGzipArchive 0.009 sec
2015-09-20 15:34:41 -  - TIME UpdateStepModules 0.003 sec
2015-09-20 15:34:41 - UPD_SUCCESS - Updated: pimentos.mneniyapro
2015-09-20 15:34:41 -  - exec CUpdateClientPartner::LoadModulesUpdates
2015-09-20 15:34:41 -  - exec CUpdateClientPartner::__CollectRequestData
2015-09-20 15:34:41 -  - utf=Y&lang=ru&stable=Y&CANGZIP=Y&SUPD_DBS=MYSQL&XE=N&CLIENT_SITE=itprom.ru&LICENSE_KEY=X&SUPD_STS=1&SUPD_URS=0&SUPD_URSA=5&TYPENC=E&CLIENT_PHPVER=5.4.39&dbv=5.5.35&instm=main%2C15.5.1%2CN%3Bforum%2C15.5.0%2CN%3Bsearch%2C15.5.0%2CN%3Beshopapp%2C15.0.0%2CN%3Bsender%2C15.5.2%2CN%3Bseo%2C15.5.4%2CN%3Biblock%2C15.5.4%2CN%3Bsecurity%2C15.5.2%2CN%3Bsocialservices%2C15.5.1%2CN%3Bwebfly.santech%2C1.0.1%2CN%3Bform%2C15.0.1%2CN%3Bbitrixcloud%2C15.5.0%2CN%3Bbitrix.eshop%2C15.5.0%2CN%3Bcatalog%2C15.5.1%2CN%3Btranslate%2C14.0.0%2CN%3Bhighloadblock%2C15.0.4%2CN%3Bstoreassist%2C15.0.3%2CN%3Bsubscribe%2C15.0.2%2CN%3Breport%2C15.0.0%2CN%3Bscale%2C14.5.2%2CN%3Bpull%2C15.5.4%2CN%3Bsale%2C14.11.19%2CN%3Bbitrix.sitecorporate%2C15.0.0%2CN%3Bconversion%2C15.5.4%2CN%3Bblog%2C15.5.0%2CN%3Bcompression%2C14.0.0%2CN%3Bpimentos.mneniyapro%2C1.1.2%2CN%3Bclouds%2C15.5.0%2CN%3Bmobileapp%2C15.0.5%2CN%3Bfileman%2C15.5.1%2CN%3Bperfmon%2C15.5.0%2CN%3Bcurrency%2C15.5.0%2CN%3Babtest%2C15.5.4%2CN%3Bphotogallery%2C15.0.0%2CN%3Bvote%2C15.5.0%2CN&reqm=pimentos.mneniyapro&lim=Y&SUPD_SRS=RU&SUPD_CMP=N
2015-09-20 15:34:41 -  - exec CUpdateClientPartner::GetHTTPPage
2015-09-20 15:34:42 -  - TIME LoadModulesUpdates(request) 0.286 sec
2015-09-20 15:34:42 -  - exec CUpdateClientPartner::ParseServerData
2015-09-20 15:34:42 - STEP - Finish - NOUPDATES
2015-09-20 15:34:42 - STEP - Finish - NOUPDATES
2015-09-20 15:34:50 -  - exec CUpdateClientPartner::GetUpdatesList
2015-09-20 15:34:50 -  - exec CUpdateClientPartner::__CollectRequestData
2015-09-20 15:34:50 -  - utf=Y&lang=ru&stable=Y&CANGZIP=Y&SUPD_DBS=MYSQL&XE=N&CLIENT_SITE=itprom.ru&LICENSE_KEY=X&SUPD_STS=1&SUPD_URS=0&SUPD_URSA=5&TYPENC=E&CLIENT_PHPVER=5.4.39&dbv=5.5.35&instm=main%2C15.5.1%2CN%3Bforum%2C15.5.0%2CN%3Bsearch%2C15.5.0%2CN%3Beshopapp%2C15.0.0%2CN%3Bsender%2C15.5.2%2CN%3Bseo%2C15.5.4%2CN%3Biblock%2C15.5.4%2CN%3Bsecurity%2C15.5.2%2CN%3Bsocialservices%2C15.5.1%2CN%3Bwebfly.santech%2C1.0.1%2CN%3Bform%2C15.0.1%2CN%3Bbitrixcloud%2C15.5.0%2CN%3Bbitrix.eshop%2C15.5.0%2CN%3Bcatalog%2C15.5.1%2CN%3Btranslate%2C14.0.0%2CN%3Bhighloadblock%2C15.0.4%2CN%3Bstoreassist%2C15.0.3%2CN%3Bsubscribe%2C15.0.2%2CN%3Breport%2C15.0.0%2CN%3Bscale%2C14.5.2%2CN%3Bpull%2C15.5.4%2CN%3Bsale%2C14.11.19%2CN%3Bbitrix.sitecorporate%2C15.0.0%2CN%3Bconversion%2C15.5.4%2CN%3Bblog%2C15.5.0%2CN%3Bcompression%2C14.0.0%2CN%3Bpimentos.mneniyapro%2C1.1.2%2CN%3Bclouds%2C15.5.0%2CN%3Bmobileapp%2C15.0.5%2CN%3Bfileman%2C15.5.1%2CN%3Bperfmon%2C15.5.0%2CN%3Bcurrency%2C15.5.0%2CN%3Babtest%2C15.5.4%2CN%3Bphotogallery%2C15.0.0%2CN%3Bvote%2C15.5.0%2CN&reqm=webfly.santech%2Cbitrix.eshop%2Cbitrix.sitecorporate%2Cpimentos.mneniyapro&fullmoduleinfo=Y&SUPD_SRS=RU&SUPD_CMP=N
2015-09-20 15:34:50 -  - exec CUpdateClientPartner::GetHTTPPage
2015-09-20 15:34:50 -  - TIME GetUpdatesList(request) 0.248 sec
2015-09-20 15:34:50 -  - exec CUpdateClientPartner::ParseServerData
2015-09-29 00:44:41 -  - exec CUpdateClientPartner::GetUpdatesList
2015-09-29 00:44:41 -  - exec CUpdateClientPartner::__CollectRequestData
2015-09-29 00:44:41 -  - utf=Y&lang=ru&stable=Y&CANGZIP=Y&SUPD_DBS=MYSQL&XE=N&CLIENT_SITE=itprom.ru&LICENSE_KEY=X&SUPD_STS=1&SUPD_URS=0&SUPD_URSA=5&TYPENC=E&CLIENT_PHPVER=5.4.39&dbv=5.5.35&instm=main%2C15.5.6%2CN%3Bforum%2C15.5.1%2CN%3Bsearch%2C15.5.1%2CN%3Beshopapp%2C15.0.0%2CN%3Bsender%2C15.5.3%2CN%3Bseo%2C15.5.4%2CN%3Biblock%2C15.5.7%2CN%3Bsecurity%2C15.5.3%2CN%3Bsocialservices%2C15.5.1%2CN%3Bwebfly.santech%2C1.0.1%2CN%3Bform%2C15.0.2%2CN%3Bbitrixcloud%2C15.5.0%2CN%3Bbitrix.eshop%2C15.5.0%2CN%3Bcatalog%2C15.5.1%2CN%3Btranslate%2C14.0.0%2CN%3Bhighloadblock%2C15.0.4%2CN%3Bstoreassist%2C15.0.3%2CN%3Bsubscribe%2C15.0.2%2CN%3Breport%2C15.0.0%2CN%3Bscale%2C14.5.2%2CN%3Bpull%2C15.5.5%2CN%3Bsale%2C14.11.19%2CN%3Bbitrix.sitecorporate%2C15.0.0%2CN%3Bconversion%2C15.5.5%2CN%3Bblog%2C15.5.3%2CN%3Bcompression%2C14.0.0%2CN%3Bpimentos.mneniyapro%2C1.1.2%2CN%3Bclouds%2C15.5.1%2CN%3Bmobileapp%2C15.0.6%2CN%3Bfileman%2C15.5.1%2CN%3Bperfmon%2C15.5.0%2CN%3Bcurrency%2C15.5.0%2CN%3Babtest%2C15.5.4%2CN%3Bphotogallery%2C15.0.0%2CN%3Bvote%2C15.5.0%2CN&reqm=webfly.santech%2Cbitrix.eshop%2Cbitrix.sitecorporate%2Cpimentos.mneniyapro&SUPD_SRS=RU&SUPD_CMP=N
2015-09-29 00:44:41 -  - exec CUpdateClientPartner::GetHTTPPage
2015-09-29 00:44:42 -  - TIME GetUpdatesList(request) 0.324 sec
2015-09-29 00:44:42 -  - exec CUpdateClientPartner::ParseServerData
2015-09-29 00:45:08 -  - exec CUpdateClientPartner::GetUpdatesList
2015-09-29 00:45:08 -  - exec CUpdateClientPartner::__CollectRequestData
2015-09-29 00:45:08 -  - utf=Y&lang=ru&stable=Y&CANGZIP=Y&SUPD_DBS=MYSQL&XE=N&CLIENT_SITE=itprom.ru&LICENSE_KEY=X&SUPD_STS=1&SUPD_URS=0&SUPD_URSA=5&TYPENC=E&CLIENT_PHPVER=5.4.39&dbv=5.5.35&instm=main%2C15.5.6%2CN%3Bforum%2C15.5.1%2CN%3Bsearch%2C15.5.1%2CN%3Beshopapp%2C15.0.0%2CN%3Bsender%2C15.5.3%2CN%3Bseo%2C15.5.4%2CN%3Biblock%2C15.5.7%2CN%3Bsecurity%2C15.5.3%2CN%3Bsocialservices%2C15.5.1%2CN%3Bwebfly.santech%2C1.0.1%2CN%3Bform%2C15.0.2%2CN%3Bbitrixcloud%2C15.5.0%2CN%3Bbitrix.eshop%2C15.5.0%2CN%3Bcatalog%2C15.5.1%2CN%3Btranslate%2C14.0.0%2CN%3Bhighloadblock%2C15.0.4%2CN%3Bstoreassist%2C15.0.3%2CN%3Bsubscribe%2C15.0.2%2CN%3Breport%2C15.0.0%2CN%3Bscale%2C14.5.2%2CN%3Bpull%2C15.5.6%2CN%3Bsale%2C14.11.19%2CN%3Bbitrix.sitecorporate%2C15.0.0%2CN%3Bconversion%2C15.5.5%2CN%3Bblog%2C15.5.3%2CN%3Bcompression%2C14.0.0%2CN%3Bpimentos.mneniyapro%2C1.1.2%2CN%3Bclouds%2C15.5.1%2CN%3Bmobileapp%2C15.0.6%2CN%3Bfileman%2C15.5.1%2CN%3Bperfmon%2C15.5.1%2CN%3Bcurrency%2C15.5.0%2CN%3Babtest%2C15.5.4%2CN%3Bphotogallery%2C15.0.0%2CN%3Bvote%2C15.5.0%2CN&reqm=webfly.santech%2Cbitrix.eshop%2Cbitrix.sitecorporate%2Cpimentos.mneniyapro&fullmoduleinfo=Y&SUPD_SRS=RU&SUPD_CMP=N
2015-09-29 00:45:08 -  - exec CUpdateClientPartner::GetHTTPPage
2015-09-29 00:45:08 -  - TIME GetUpdatesList(request) 0.264 sec
2015-09-29 00:45:08 -  - exec CUpdateClientPartner::ParseServerData
2015-09-29 00:45:10 -  - exec CUpdateClientPartner::GetUpdatesList
2015-09-29 00:45:10 -  - exec CUpdateClientPartner::__CollectRequestData
2015-09-29 00:45:10 -  - utf=Y&lang=ru&stable=Y&CANGZIP=Y&SUPD_DBS=MYSQL&XE=N&CLIENT_SITE=itprom.ru&LICENSE_KEY=X&SUPD_STS=1&SUPD_URS=0&SUPD_URSA=5&TYPENC=E&CLIENT_PHPVER=5.4.39&dbv=5.5.35&instm=main%2C15.5.6%2CN%3Bforum%2C15.5.1%2CN%3Bsearch%2C15.5.1%2CN%3Beshopapp%2C15.0.0%2CN%3Bsender%2C15.5.3%2CN%3Bseo%2C15.5.4%2CN%3Biblock%2C15.5.7%2CN%3Bsecurity%2C15.5.3%2CN%3Bsocialservices%2C15.5.1%2CN%3Bwebfly.santech%2C1.0.1%2CN%3Bform%2C15.0.2%2CN%3Bbitrixcloud%2C15.5.0%2CN%3Bbitrix.eshop%2C15.5.0%2CN%3Bcatalog%2C15.5.1%2CN%3Btranslate%2C14.0.0%2CN%3Bhighloadblock%2C15.0.4%2CN%3Bstoreassist%2C15.0.3%2CN%3Bsubscribe%2C15.0.2%2CN%3Breport%2C15.0.0%2CN%3Bscale%2C14.5.2%2CN%3Bpull%2C15.5.6%2CN%3Bsale%2C14.11.19%2CN%3Bbitrix.sitecorporate%2C15.0.0%2CN%3Bconversion%2C15.5.5%2CN%3Bblog%2C15.5.3%2CN%3Bcompression%2C14.0.0%2CN%3Bpimentos.mneniyapro%2C1.1.2%2CN%3Bclouds%2C15.5.1%2CN%3Bmobileapp%2C15.0.6%2CN%3Bfileman%2C15.5.1%2CN%3Bperfmon%2C15.5.1%2CN%3Bcurrency%2C15.5.0%2CN%3Babtest%2C15.5.4%2CN%3Bphotogallery%2C15.0.0%2CN%3Bvote%2C15.5.0%2CN&reqm=webfly.santech%2Cbitrix.eshop%2Cbitrix.sitecorporate%2Cpimentos.mneniyapro&SUPD_SRS=RU&SUPD_CMP=N
2015-09-29 00:45:10 -  - exec CUpdateClientPartner::GetHTTPPage
2015-09-29 00:45:10 -  - TIME GetUpdatesList(request) 0.339 sec
2015-09-29 00:45:10 -  - exec CUpdateClientPartner::ParseServerData
2015-09-29 00:45:38 -  - exec CUpdateClientPartner::LoadModulesUpdates
2015-09-29 00:45:38 -  - exec CUpdateClientPartner::__CollectRequestData
2015-09-29 00:45:38 -  - utf=Y&lang=ru&stable=Y&CANGZIP=Y&SUPD_DBS=MYSQL&XE=N&CLIENT_SITE=itprom.ru&LICENSE_KEY=X&SUPD_STS=1&SUPD_URS=0&SUPD_URSA=5&TYPENC=E&CLIENT_PHPVER=5.4.39&dbv=5.5.35&instm=main%2C15.5.6%2CN%3Bforum%2C15.5.1%2CN%3Bsearch%2C15.5.1%2CN%3Beshopapp%2C15.0.0%2CN%3Bsender%2C15.5.3%2CN%3Bseo%2C15.5.4%2CN%3Biblock%2C15.5.7%2CN%3Bsecurity%2C15.5.3%2CN%3Bsocialservices%2C15.5.1%2CN%3Bwebfly.santech%2C1.0.1%2CN%3Bform%2C15.0.2%2CN%3Bbitrixcloud%2C15.5.0%2CN%3Bbitrix.eshop%2C15.5.0%2CN%3Bcatalog%2C15.5.1%2CN%3Btranslate%2C14.0.0%2CN%3Bhighloadblock%2C15.0.4%2CN%3Bstoreassist%2C15.0.3%2CN%3Bsubscribe%2C15.0.2%2CN%3Breport%2C15.0.0%2CN%3Bscale%2C14.5.2%2CN%3Bpull%2C15.5.6%2CN%3Bsale%2C14.11.19%2CN%3Bbitrix.sitecorporate%2C15.0.0%2CN%3Bconversion%2C15.5.5%2CN%3Bblog%2C15.5.3%2CN%3Bcompression%2C14.0.0%2CN%3Bpimentos.mneniyapro%2C1.1.2%2CN%3Bclouds%2C15.5.1%2CN%3Bmobileapp%2C15.0.6%2CN%3Bfileman%2C15.5.1%2CN%3Bperfmon%2C15.5.1%2CN%3Bcurrency%2C15.5.0%2CN%3Babtest%2C15.5.4%2CN%3Bphotogallery%2C15.0.0%2CN%3Bvote%2C15.5.0%2CN&reqm=pimentos.mneniyapro&lim=Y&SUPD_SRS=RU&SUPD_CMP=N
2015-09-29 00:45:38 -  - exec CUpdateClientPartner::GetHTTPPage
2015-09-29 00:45:38 -  - TIME LoadModulesUpdates(request) 0.268 sec
2015-09-29 00:45:38 -  - exec CUpdateClientPartner::ParseServerData
2015-09-29 00:45:38 - LMU01 - LoadModulesUpdates-Step
2015-09-29 00:45:39 -  - exec CUpdateClientPartner::LoadModulesUpdates
2015-09-29 00:45:39 -  - exec CUpdateClientPartner::__CollectRequestData
2015-09-29 00:45:39 -  - exec CUpdateClientPartner::ParseServerData
2015-09-29 00:45:39 - DOWNLOAD - Time - 0.2486629486084 sec
2015-09-29 00:45:39 -  - exec CUpdateClientPartner::UnGzipArchive
2015-09-29 00:45:39 -  - TIME UnGzipArchive 0.001 sec
2015-09-29 00:45:39 - CSURUS1 - Run updater '/bitrix/updates/update_m1443476739/pimentos.mneniyapro/updater1.1.3.php'
2015-09-29 00:45:39 -  - TIME UpdateStepModules 0.056 sec
2015-09-29 00:45:39 - UPD_SUCCESS - Updated: pimentos.mneniyapro (1.1.3)<br>-СѓСЃС‚СЂР°РЅРµРЅРёРµ РїСЂРѕР±Р»РµРјС‹ СЃ СѓСЂР» РІ xml-РІС‹РіСЂСѓР·РєРµ
2015-09-29 00:45:39 -  - exec CUpdateClientPartner::LoadModulesUpdates
2015-09-29 00:45:39 -  - exec CUpdateClientPartner::__CollectRequestData
2015-09-29 00:45:39 -  - utf=Y&lang=ru&stable=Y&CANGZIP=Y&SUPD_DBS=MYSQL&XE=N&CLIENT_SITE=itprom.ru&LICENSE_KEY=X&SUPD_STS=1&SUPD_URS=0&SUPD_URSA=5&TYPENC=E&CLIENT_PHPVER=5.4.39&dbv=5.5.35&instm=main%2C15.5.6%2CN%3Bforum%2C15.5.1%2CN%3Bsearch%2C15.5.1%2CN%3Beshopapp%2C15.0.0%2CN%3Bsender%2C15.5.3%2CN%3Bseo%2C15.5.4%2CN%3Biblock%2C15.5.7%2CN%3Bsecurity%2C15.5.3%2CN%3Bsocialservices%2C15.5.1%2CN%3Bwebfly.santech%2C1.0.1%2CN%3Bform%2C15.0.2%2CN%3Bbitrixcloud%2C15.5.0%2CN%3Bbitrix.eshop%2C15.5.0%2CN%3Bcatalog%2C15.5.1%2CN%3Btranslate%2C14.0.0%2CN%3Bhighloadblock%2C15.0.4%2CN%3Bstoreassist%2C15.0.3%2CN%3Bsubscribe%2C15.0.2%2CN%3Breport%2C15.0.0%2CN%3Bscale%2C14.5.2%2CN%3Bpull%2C15.5.6%2CN%3Bsale%2C14.11.19%2CN%3Bbitrix.sitecorporate%2C15.0.0%2CN%3Bconversion%2C15.5.5%2CN%3Bblog%2C15.5.3%2CN%3Bcompression%2C14.0.0%2CN%3Bpimentos.mneniyapro%2C1.1.3%2CN%3Bclouds%2C15.5.1%2CN%3Bmobileapp%2C15.0.6%2CN%3Bfileman%2C15.5.1%2CN%3Bperfmon%2C15.5.1%2CN%3Bcurrency%2C15.5.0%2CN%3Babtest%2C15.5.4%2CN%3Bphotogallery%2C15.0.0%2CN%3Bvote%2C15.5.0%2CN&reqm=pimentos.mneniyapro&lim=Y&SUPD_SRS=RU&SUPD_CMP=N
2015-09-29 00:45:39 -  - exec CUpdateClientPartner::GetHTTPPage
2015-09-29 00:45:39 -  - TIME LoadModulesUpdates(request) 0.281 sec
2015-09-29 00:45:39 -  - exec CUpdateClientPartner::ParseServerData
2015-09-29 00:45:39 - STEP - Finish - NOUPDATES
2015-09-29 00:45:39 - STEP - Finish - NOUPDATES
2015-09-29 00:45:43 -  - exec CUpdateClientPartner::GetUpdatesList
2015-09-29 00:45:43 -  - exec CUpdateClientPartner::__CollectRequestData
2015-09-29 00:45:43 -  - utf=Y&lang=ru&stable=Y&CANGZIP=Y&SUPD_DBS=MYSQL&XE=N&CLIENT_SITE=itprom.ru&LICENSE_KEY=X&SUPD_STS=1&SUPD_URS=0&SUPD_URSA=5&TYPENC=E&CLIENT_PHPVER=5.4.39&dbv=5.5.35&instm=main%2C15.5.6%2CN%3Bforum%2C15.5.1%2CN%3Bsearch%2C15.5.1%2CN%3Beshopapp%2C15.0.0%2CN%3Bsender%2C15.5.3%2CN%3Bseo%2C15.5.4%2CN%3Biblock%2C15.5.7%2CN%3Bsecurity%2C15.5.3%2CN%3Bsocialservices%2C15.5.1%2CN%3Bwebfly.santech%2C1.0.1%2CN%3Bform%2C15.0.2%2CN%3Bbitrixcloud%2C15.5.0%2CN%3Bbitrix.eshop%2C15.5.0%2CN%3Bcatalog%2C15.5.1%2CN%3Btranslate%2C14.0.0%2CN%3Bhighloadblock%2C15.0.4%2CN%3Bstoreassist%2C15.0.3%2CN%3Bsubscribe%2C15.0.2%2CN%3Breport%2C15.0.0%2CN%3Bscale%2C14.5.2%2CN%3Bpull%2C15.5.6%2CN%3Bsale%2C14.11.19%2CN%3Bbitrix.sitecorporate%2C15.0.0%2CN%3Bconversion%2C15.5.5%2CN%3Bblog%2C15.5.3%2CN%3Bcompression%2C14.0.0%2CN%3Bpimentos.mneniyapro%2C1.1.3%2CN%3Bclouds%2C15.5.1%2CN%3Bmobileapp%2C15.0.6%2CN%3Bfileman%2C15.5.1%2CN%3Bperfmon%2C15.5.1%2CN%3Bcurrency%2C15.5.0%2CN%3Babtest%2C15.5.4%2CN%3Bphotogallery%2C15.0.0%2CN%3Bvote%2C15.5.0%2CN&reqm=webfly.santech%2Cbitrix.eshop%2Cbitrix.sitecorporate%2Cpimentos.mneniyapro&fullmoduleinfo=Y&SUPD_SRS=RU&SUPD_CMP=N
2015-09-29 00:45:43 -  - exec CUpdateClientPartner::GetHTTPPage
2015-09-29 00:45:43 -  - TIME GetUpdatesList(request) 0.276 sec
2015-09-29 00:45:43 -  - exec CUpdateClientPartner::ParseServerData
2015-09-29 00:45:46 -  - exec CUpdateClientPartner::GetUpdatesList
2015-09-29 00:45:46 -  - exec CUpdateClientPartner::__CollectRequestData
2015-09-29 00:45:46 -  - utf=Y&lang=ru&stable=Y&CANGZIP=Y&SUPD_DBS=MYSQL&XE=N&CLIENT_SITE=itprom.ru&LICENSE_KEY=X&SUPD_STS=1&SUPD_URS=0&SUPD_URSA=5&TYPENC=E&CLIENT_PHPVER=5.4.39&dbv=5.5.35&instm=main%2C15.5.6%2CN%3Bforum%2C15.5.1%2CN%3Bsearch%2C15.5.1%2CN%3Beshopapp%2C15.0.0%2CN%3Bsender%2C15.5.3%2CN%3Bseo%2C15.5.4%2CN%3Biblock%2C15.5.7%2CN%3Bsecurity%2C15.5.3%2CN%3Bsocialservices%2C15.5.1%2CN%3Bwebfly.santech%2C1.0.1%2CN%3Bform%2C15.0.2%2CN%3Bbitrixcloud%2C15.5.0%2CN%3Bbitrix.eshop%2C15.5.0%2CN%3Bcatalog%2C15.5.1%2CN%3Btranslate%2C14.0.0%2CN%3Bhighloadblock%2C15.0.4%2CN%3Bstoreassist%2C15.0.3%2CN%3Bsubscribe%2C15.0.2%2CN%3Breport%2C15.0.0%2CN%3Bscale%2C14.5.2%2CN%3Bpull%2C15.5.6%2CN%3Bsale%2C14.11.19%2CN%3Bbitrix.sitecorporate%2C15.0.0%2CN%3Bconversion%2C15.5.5%2CN%3Bblog%2C15.5.3%2CN%3Bcompression%2C14.0.0%2CN%3Bpimentos.mneniyapro%2C1.1.3%2CN%3Bclouds%2C15.5.1%2CN%3Bmobileapp%2C15.0.6%2CN%3Bfileman%2C15.5.1%2CN%3Bperfmon%2C15.5.1%2CN%3Bcurrency%2C15.5.0%2CN%3Babtest%2C15.5.4%2CN%3Bphotogallery%2C15.0.0%2CN%3Bvote%2C15.5.0%2CN&reqm=webfly.santech%2Cbitrix.eshop%2Cbitrix.sitecorporate%2Cpimentos.mneniyapro&SUPD_SRS=RU&SUPD_CMP=N
2015-09-29 00:45:46 -  - exec CUpdateClientPartner::GetHTTPPage
2015-09-29 00:45:46 -  - TIME GetUpdatesList(request) 0.269 sec
2015-09-29 00:45:46 -  - exec CUpdateClientPartner::ParseServerData
2015-10-18 00:10:32 -  - exec CUpdateClientPartner::GetUpdatesList
2015-10-18 00:10:32 -  - exec CUpdateClientPartner::__CollectRequestData
2015-10-18 00:10:32 -  - utf=Y&lang=ru&stable=Y&CANGZIP=Y&SUPD_DBS=MYSQL&XE=N&CLIENT_SITE=itprom.ru&LICENSE_KEY=X&SUPD_STS=1&SUPD_URS=0&SUPD_URSA=6&TYPENC=E&CLIENT_PHPVER=5.4.39&dbv=5.5.35&instm=main%2C15.5.6%2CN%3Bforum%2C15.5.1%2CN%3Bsearch%2C15.5.1%2CN%3Beshopapp%2C15.0.0%2CN%3Bsender%2C15.5.3%2CN%3Bseo%2C15.5.4%2CN%3Biblock%2C15.5.7%2CN%3Bsecurity%2C15.5.3%2CN%3Bsocialservices%2C15.5.1%2CN%3Bwebfly.santech%2C1.0.1%2CN%3Bform%2C15.0.2%2CN%3Bbitrixcloud%2C15.5.0%2CN%3Bbitrix.eshop%2C15.5.0%2CN%3Bcatalog%2C15.5.1%2CN%3Btranslate%2C14.0.0%2CN%3Bhighloadblock%2C15.0.4%2CN%3Bstoreassist%2C15.0.3%2CN%3Bsubscribe%2C15.0.2%2CN%3Breport%2C15.0.0%2CN%3Bscale%2C14.5.2%2CN%3Bpull%2C15.5.6%2CN%3Bsale%2C14.11.19%2CN%3Bbitrix.sitecorporate%2C15.0.0%2CN%3Bconversion%2C15.5.5%2CN%3Bblog%2C15.5.3%2CN%3Bcompression%2C14.0.0%2CN%3Bpimentos.mneniyapro%2C1.1.3%2CN%3Bclouds%2C15.5.1%2CN%3Bmobileapp%2C15.0.6%2CN%3Bfileman%2C15.5.1%2CN%3Bperfmon%2C15.5.1%2CN%3Bcurrency%2C15.5.0%2CN%3Babtest%2C15.5.4%2CN%3Bphotogallery%2C15.0.0%2CN%3Bvote%2C15.5.0%2CN&reqm=webfly.santech%2Cbitrix.eshop%2Cbitrix.sitecorporate%2Cpimentos.mneniyapro%2Ckaycom.oneplaceseo&SUPD_SRS=RU&SUPD_CMP=Y
2015-10-18 00:10:32 -  - exec CUpdateClientPartner::GetHTTPPage
2015-10-18 00:10:32 -  - TIME GetUpdatesList(request) 0.321 sec
2015-10-18 00:10:32 -  - exec CUpdateClientPartner::ParseServerData
2015-10-18 00:10:47 -  - exec CUpdateClientPartner::LoadModulesUpdates
2015-10-18 00:10:47 -  - exec CUpdateClientPartner::__CollectRequestData
2015-10-18 00:10:47 -  - utf=Y&lang=ru&stable=Y&CANGZIP=Y&SUPD_DBS=MYSQL&XE=N&CLIENT_SITE=itprom.ru&LICENSE_KEY=X&SUPD_STS=1&SUPD_URS=0&SUPD_URSA=6&TYPENC=E&CLIENT_PHPVER=5.4.39&dbv=5.5.35&instm=main%2C15.5.6%2CN%3Bforum%2C15.5.1%2CN%3Bsearch%2C15.5.1%2CN%3Beshopapp%2C15.0.0%2CN%3Bsender%2C15.5.3%2CN%3Bseo%2C15.5.4%2CN%3Biblock%2C15.5.7%2CN%3Bsecurity%2C15.5.3%2CN%3Bsocialservices%2C15.5.1%2CN%3Bwebfly.santech%2C1.0.1%2CN%3Bform%2C15.0.2%2CN%3Bbitrixcloud%2C15.5.0%2CN%3Bbitrix.eshop%2C15.5.0%2CN%3Bcatalog%2C15.5.1%2CN%3Btranslate%2C14.0.0%2CN%3Bhighloadblock%2C15.0.4%2CN%3Bstoreassist%2C15.0.3%2CN%3Bsubscribe%2C15.0.2%2CN%3Breport%2C15.0.0%2CN%3Bscale%2C14.5.2%2CN%3Bpull%2C15.5.6%2CN%3Bsale%2C14.11.19%2CN%3Bbitrix.sitecorporate%2C15.0.0%2CN%3Bconversion%2C15.5.5%2CN%3Bblog%2C15.5.3%2CN%3Bcompression%2C14.0.0%2CN%3Bpimentos.mneniyapro%2C1.1.3%2CN%3Bclouds%2C15.5.1%2CN%3Bmobileapp%2C15.0.6%2CN%3Bfileman%2C15.5.1%2CN%3Bperfmon%2C15.5.1%2CN%3Bcurrency%2C15.5.0%2CN%3Babtest%2C15.5.4%2CN%3Bphotogallery%2C15.0.0%2CN%3Bvote%2C15.5.0%2CN&reqm=pimentos.mneniyapro%2Ckaycom.oneplaceseo&lim=Y&SUPD_SRS=RU&SUPD_CMP=Y
2015-10-18 00:10:47 -  - exec CUpdateClientPartner::GetHTTPPage
2015-10-18 00:10:47 -  - TIME LoadModulesUpdates(request) 0.285 sec
2015-10-18 00:10:47 -  - exec CUpdateClientPartner::ParseServerData
2015-10-18 00:10:47 - LMU01 - LoadModulesUpdates-Step
2015-10-18 00:10:48 -  - exec CUpdateClientPartner::LoadModulesUpdates
2015-10-18 00:10:48 -  - exec CUpdateClientPartner::__CollectRequestData
2015-10-18 00:10:48 -  - exec CUpdateClientPartner::ParseServerData
2015-10-18 00:10:48 - DOWNLOAD - Time - 0.27910304069519 sec
2015-10-18 00:10:48 -  - exec CUpdateClientPartner::UnGzipArchive
2015-10-18 00:10:48 -  - TIME UnGzipArchive 0.001 sec
2015-10-18 00:10:48 - CSURUS1 - Run updater '/bitrix/updates/update_m1445116248/pimentos.mneniyapro/updater1.1.5.php'
2015-10-18 00:10:48 -  - TIME UpdateStepModules 0.039 sec
2015-10-18 00:10:48 - UPD_SUCCESS - Updated: pimentos.mneniyapro (1.1.5)<br>-Фикс багов формирование фида
2015-10-18 00:10:48 -  - exec CUpdateClientPartner::LoadModulesUpdates
2015-10-18 00:10:48 -  - exec CUpdateClientPartner::__CollectRequestData
2015-10-18 00:10:48 -  - utf=Y&lang=ru&stable=Y&CANGZIP=Y&SUPD_DBS=MYSQL&XE=N&CLIENT_SITE=itprom.ru&LICENSE_KEY=X&SUPD_STS=1&SUPD_URS=0&SUPD_URSA=6&TYPENC=E&CLIENT_PHPVER=5.4.39&dbv=5.5.35&instm=main%2C15.5.6%2CN%3Bforum%2C15.5.1%2CN%3Bsearch%2C15.5.1%2CN%3Beshopapp%2C15.0.0%2CN%3Bsender%2C15.5.3%2CN%3Bseo%2C15.5.4%2CN%3Biblock%2C15.5.7%2CN%3Bsecurity%2C15.5.3%2CN%3Bsocialservices%2C15.5.1%2CN%3Bwebfly.santech%2C1.0.1%2CN%3Bform%2C15.0.2%2CN%3Bbitrixcloud%2C15.5.0%2CN%3Bbitrix.eshop%2C15.5.0%2CN%3Bcatalog%2C15.5.1%2CN%3Btranslate%2C14.0.0%2CN%3Bhighloadblock%2C15.0.4%2CN%3Bstoreassist%2C15.0.3%2CN%3Bsubscribe%2C15.0.2%2CN%3Breport%2C15.0.0%2CN%3Bscale%2C14.5.2%2CN%3Bpull%2C15.5.6%2CN%3Bsale%2C14.11.19%2CN%3Bbitrix.sitecorporate%2C15.0.0%2CN%3Bconversion%2C15.5.5%2CN%3Bblog%2C15.5.3%2CN%3Bcompression%2C14.0.0%2CN%3Bpimentos.mneniyapro%2C1.1.5%2CN%3Bclouds%2C15.5.1%2CN%3Bmobileapp%2C15.0.6%2CN%3Bfileman%2C15.5.1%2CN%3Bperfmon%2C15.5.1%2CN%3Bcurrency%2C15.5.0%2CN%3Babtest%2C15.5.4%2CN%3Bphotogallery%2C15.0.0%2CN%3Bvote%2C15.5.0%2CN&reqm=pimentos.mneniyapro%2Ckaycom.oneplaceseo&lim=Y&SUPD_SRS=RU&SUPD_CMP=Y
2015-10-18 00:10:48 -  - exec CUpdateClientPartner::GetHTTPPage
2015-10-18 00:10:49 -  - TIME LoadModulesUpdates(request) 0.291 sec
2015-10-18 00:10:49 -  - exec CUpdateClientPartner::ParseServerData
2015-10-18 00:10:49 - LMU01 - LoadModulesUpdates-Step
2015-10-18 00:10:49 -  - exec CUpdateClientPartner::LoadModulesUpdates
2015-10-18 00:10:49 -  - exec CUpdateClientPartner::__CollectRequestData
2015-10-18 00:10:49 -  - exec CUpdateClientPartner::ParseServerData
2015-10-18 00:10:49 - DOWNLOAD - Time - 0.32378101348877 sec
2015-10-18 00:10:49 -  - exec CUpdateClientPartner::UnGzipArchive
2015-10-18 00:10:49 -  - TIME UnGzipArchive 0.002 sec
2015-10-18 00:10:49 -  - TIME UpdateStepModules 0.002 sec
2015-10-18 00:10:49 - UPD_SUCCESS - Updated: kaycom.oneplaceseo
2015-10-18 00:10:49 -  - exec CUpdateClientPartner::LoadModulesUpdates
2015-10-18 00:10:49 -  - exec CUpdateClientPartner::__CollectRequestData
2015-10-18 00:10:49 -  - utf=Y&lang=ru&stable=Y&CANGZIP=Y&SUPD_DBS=MYSQL&XE=N&CLIENT_SITE=itprom.ru&LICENSE_KEY=X&SUPD_STS=1&SUPD_URS=0&SUPD_URSA=6&TYPENC=E&CLIENT_PHPVER=5.4.39&dbv=5.5.35&instm=main%2C15.5.6%2CN%3Bforum%2C15.5.1%2CN%3Bsearch%2C15.5.1%2CN%3Beshopapp%2C15.0.0%2CN%3Bsender%2C15.5.3%2CN%3Bseo%2C15.5.4%2CN%3Biblock%2C15.5.7%2CN%3Bsecurity%2C15.5.3%2CN%3Bsocialservices%2C15.5.1%2CN%3Bwebfly.santech%2C1.0.1%2CN%3Bform%2C15.0.2%2CN%3Bbitrixcloud%2C15.5.0%2CN%3Bbitrix.eshop%2C15.5.0%2CN%3Bcatalog%2C15.5.1%2CN%3Btranslate%2C14.0.0%2CN%3Bhighloadblock%2C15.0.4%2CN%3Bstoreassist%2C15.0.3%2CN%3Bsubscribe%2C15.0.2%2CN%3Breport%2C15.0.0%2CN%3Bscale%2C14.5.2%2CN%3Bkaycom.oneplaceseo%2C1.0.5%2CN%3Bpull%2C15.5.6%2CN%3Bsale%2C14.11.19%2CN%3Bbitrix.sitecorporate%2C15.0.0%2CN%3Bconversion%2C15.5.5%2CN%3Bblog%2C15.5.3%2CN%3Bcompression%2C14.0.0%2CN%3Bpimentos.mneniyapro%2C1.1.5%2CN%3Bclouds%2C15.5.1%2CN%3Bmobileapp%2C15.0.6%2CN%3Bfileman%2C15.5.1%2CN%3Bperfmon%2C15.5.1%2CN%3Bcurrency%2C15.5.0%2CN%3Babtest%2C15.5.4%2CN%3Bphotogallery%2C15.0.0%2CN%3Bvote%2C15.5.0%2CN&reqm=pimentos.mneniyapro%2Ckaycom.oneplaceseo&lim=Y&SUPD_SRS=RU&SUPD_CMP=Y
2015-10-18 00:10:49 -  - exec CUpdateClientPartner::GetHTTPPage
2015-10-18 00:10:49 -  - TIME LoadModulesUpdates(request) 0.24 sec
2015-10-18 00:10:49 -  - exec CUpdateClientPartner::ParseServerData
2015-10-18 00:10:49 - STEP - Finish - NOUPDATES
2015-10-18 00:10:49 - STEP - Finish - NOUPDATES
2015-10-18 00:10:53 -  - exec CUpdateClientPartner::GetUpdatesList
2015-10-18 00:10:53 -  - exec CUpdateClientPartner::__CollectRequestData
2015-10-18 00:10:53 -  - utf=Y&lang=ru&stable=Y&CANGZIP=Y&SUPD_DBS=MYSQL&XE=N&CLIENT_SITE=itprom.ru&LICENSE_KEY=X&SUPD_STS=1&SUPD_URS=0&SUPD_URSA=6&TYPENC=E&CLIENT_PHPVER=5.4.39&dbv=5.5.35&instm=main%2C15.5.6%2CN%3Bforum%2C15.5.1%2CN%3Bsearch%2C15.5.1%2CN%3Beshopapp%2C15.0.0%2CN%3Bsender%2C15.5.3%2CN%3Bseo%2C15.5.4%2CN%3Biblock%2C15.5.7%2CN%3Bsecurity%2C15.5.3%2CN%3Bsocialservices%2C15.5.1%2CN%3Bwebfly.santech%2C1.0.1%2CN%3Bform%2C15.0.2%2CN%3Bbitrixcloud%2C15.5.0%2CN%3Bbitrix.eshop%2C15.5.0%2CN%3Bcatalog%2C15.5.1%2CN%3Btranslate%2C14.0.0%2CN%3Bhighloadblock%2C15.0.4%2CN%3Bstoreassist%2C15.0.3%2CN%3Bsubscribe%2C15.0.2%2CN%3Breport%2C15.0.0%2CN%3Bscale%2C14.5.2%2CN%3Bkaycom.oneplaceseo%2C1.0.5%2CN%3Bpull%2C15.5.6%2CN%3Bsale%2C14.11.19%2CN%3Bbitrix.sitecorporate%2C15.0.0%2CN%3Bconversion%2C15.5.5%2CN%3Bblog%2C15.5.3%2CN%3Bcompression%2C14.0.0%2CN%3Bpimentos.mneniyapro%2C1.1.5%2CN%3Bclouds%2C15.5.1%2CN%3Bmobileapp%2C15.0.6%2CN%3Bfileman%2C15.5.1%2CN%3Bperfmon%2C15.5.1%2CN%3Bcurrency%2C15.5.0%2CN%3Babtest%2C15.5.4%2CN%3Bphotogallery%2C15.0.0%2CN%3Bvote%2C15.5.0%2CN&reqm=webfly.santech%2Cbitrix.eshop%2Ckaycom.oneplaceseo%2Cbitrix.sitecorporate%2Cpimentos.mneniyapro&fullmoduleinfo=Y&SUPD_SRS=RU&SUPD_CMP=Y
2015-10-18 00:10:53 -  - exec CUpdateClientPartner::GetHTTPPage
2015-10-18 00:10:54 -  - TIME GetUpdatesList(request) 0.256 sec
2015-10-18 00:10:54 -  - exec CUpdateClientPartner::ParseServerData
2015-10-18 00:10:54 -  - exec CUpdateClientPartner::GetUpdatesList
2015-10-18 00:10:54 -  - exec CUpdateClientPartner::__CollectRequestData
2015-10-18 00:10:54 -  - utf=Y&lang=ru&stable=Y&CANGZIP=Y&SUPD_DBS=MYSQL&XE=N&CLIENT_SITE=itprom.ru&LICENSE_KEY=X&SUPD_STS=1&SUPD_URS=0&SUPD_URSA=6&TYPENC=E&CLIENT_PHPVER=5.4.39&dbv=5.5.35&instm=main%2C15.5.6%2CN%3Bforum%2C15.5.1%2CN%3Bsearch%2C15.5.1%2CN%3Beshopapp%2C15.0.0%2CN%3Bsender%2C15.5.3%2CN%3Bseo%2C15.5.4%2CN%3Biblock%2C15.5.7%2CN%3Bsecurity%2C15.5.3%2CN%3Bsocialservices%2C15.5.1%2CN%3Bwebfly.santech%2C1.0.1%2CN%3Bform%2C15.0.2%2CN%3Bbitrixcloud%2C15.5.0%2CN%3Bbitrix.eshop%2C15.5.0%2CN%3Bcatalog%2C15.5.1%2CN%3Btranslate%2C14.0.0%2CN%3Bhighloadblock%2C15.0.4%2CN%3Bstoreassist%2C15.0.3%2CN%3Bsubscribe%2C15.0.2%2CN%3Breport%2C15.0.0%2CN%3Bscale%2C14.5.2%2CN%3Bkaycom.oneplaceseo%2C1.0.5%2CN%3Bpull%2C15.5.6%2CN%3Bsale%2C14.11.19%2CN%3Bbitrix.sitecorporate%2C15.0.0%2CN%3Bconversion%2C15.5.5%2CN%3Bblog%2C15.5.3%2CN%3Bcompression%2C14.0.0%2CN%3Bpimentos.mneniyapro%2C1.1.5%2CN%3Bclouds%2C15.5.1%2CN%3Bmobileapp%2C15.0.6%2CN%3Bfileman%2C15.5.1%2CN%3Bperfmon%2C15.5.1%2CN%3Bcurrency%2C15.5.0%2CN%3Babtest%2C15.5.4%2CN%3Bphotogallery%2C15.0.0%2CN%3Bvote%2C15.5.0%2CN&reqm=webfly.santech%2Cbitrix.eshop%2Ckaycom.oneplaceseo%2Cbitrix.sitecorporate%2Cpimentos.mneniyapro&fullmoduleinfo=Y&SUPD_SRS=RU&SUPD_CMP=Y
2015-10-18 00:10:54 -  - exec CUpdateClientPartner::GetHTTPPage
2015-10-18 00:10:54 -  - TIME GetUpdatesList(request) 0.323 sec
2015-10-18 00:10:54 -  - exec CUpdateClientPartner::ParseServerData
2015-10-21 00:52:42 -  - exec CUpdateClientPartner::GetUpdatesList
2015-10-21 00:52:42 -  - exec CUpdateClientPartner::__CollectRequestData
2015-10-21 00:52:42 -  - utf=Y&lang=ru&stable=Y&CANGZIP=Y&SUPD_DBS=MYSQL&XE=N&CLIENT_SITE=itprom.ru&LICENSE_KEY=X&SUPD_STS=1&SUPD_URS=0&SUPD_URSA=6&TYPENC=E&CLIENT_PHPVER=5.4.39&dbv=5.5.35&instm=main%2C15.5.8%2CN%3Bforum%2C15.5.2%2CN%3Bsearch%2C15.5.1%2CN%3Beshopapp%2C15.0.0%2CN%3Bsender%2C15.5.3%2CN%3Bseo%2C15.5.5%2CN%3Biblock%2C15.5.8%2CN%3Bsecurity%2C15.5.4%2CN%3Bsocialservices%2C15.5.2%2CN%3Bwebfly.santech%2C1.0.1%2CN%3Bform%2C15.0.2%2CN%3Bbitrixcloud%2C15.5.0%2CN%3Bbitrix.eshop%2C15.5.0%2CN%3Bcatalog%2C15.5.1%2CN%3Btranslate%2C14.0.0%2CN%3Bhighloadblock%2C15.5.0%2CN%3Bstoreassist%2C15.0.3%2CN%3Bsubscribe%2C15.0.2%2CN%3Breport%2C15.0.0%2CN%3Bscale%2C14.5.2%2CN%3Bkaycom.oneplaceseo%2C1.0.5%2CN%3Bpull%2C15.5.7%2CN%3Bsale%2C14.11.19%2CN%3Bbitrix.sitecorporate%2C15.0.0%2CN%3Bconversion%2C15.5.5%2CN%3Bblog%2C15.5.3%2CN%3Bcompression%2C14.0.0%2CN%3Bpimentos.mneniyapro%2C1.1.5%2CN%3Bclouds%2C15.5.1%2CN%3Bmobileapp%2C15.0.6%2CN%3Bfileman%2C15.5.2%2CN%3Bperfmon%2C15.5.1%2CN%3Bcurrency%2C15.5.1%2CN%3Babtest%2C15.5.5%2CN%3Bphotogallery%2C15.0.0%2CN%3Bvote%2C15.5.0%2CN&reqm=webfly.santech%2Cbitrix.eshop%2Ckaycom.oneplaceseo%2Cbitrix.sitecorporate%2Cpimentos.mneniyapro&fullmoduleinfo=Y&SUPD_SRS=RU&SUPD_CMP=Y
2015-10-21 00:52:42 -  - exec CUpdateClientPartner::GetHTTPPage
2015-10-21 00:52:42 -  - TIME GetUpdatesList(request) 0.307 sec
2015-10-21 00:52:42 -  - exec CUpdateClientPartner::ParseServerData
2015-10-21 00:53:10 -  - exec CUpdateClientPartner::GetUpdatesList
2015-10-21 00:53:10 -  - exec CUpdateClientPartner::__CollectRequestData
2015-10-21 00:53:10 -  - utf=Y&lang=ru&stable=Y&CANGZIP=Y&SUPD_DBS=MYSQL&XE=N&CLIENT_SITE=itprom.ru&LICENSE_KEY=X&SUPD_STS=1&SUPD_URS=0&SUPD_URSA=6&TYPENC=E&CLIENT_PHPVER=5.4.39&dbv=5.5.35&instm=main%2C15.5.8%2CN%3Bforum%2C15.5.2%2CN%3Bsearch%2C15.5.1%2CN%3Beshopapp%2C15.0.0%2CN%3Bsender%2C15.5.3%2CN%3Bseo%2C15.5.5%2CN%3Biblock%2C15.5.8%2CN%3Bsecurity%2C15.5.4%2CN%3Bsocialservices%2C15.5.2%2CN%3Bwebfly.santech%2C1.0.1%2CN%3Bform%2C15.0.2%2CN%3Bbitrixcloud%2C15.5.0%2CN%3Bbitrix.eshop%2C15.5.0%2CN%3Bcatalog%2C15.5.1%2CN%3Btranslate%2C14.0.0%2CN%3Bhighloadblock%2C15.5.0%2CN%3Bstoreassist%2C15.0.3%2CN%3Bsubscribe%2C15.0.2%2CN%3Breport%2C15.0.0%2CN%3Bscale%2C14.5.2%2CN%3Bkaycom.oneplaceseo%2C1.0.5%2CN%3Bpull%2C15.5.7%2CN%3Bsale%2C14.11.19%2CN%3Bbitrix.sitecorporate%2C15.0.0%2CN%3Bconversion%2C15.5.5%2CN%3Bblog%2C15.5.3%2CN%3Bcompression%2C14.0.0%2CN%3Bpimentos.mneniyapro%2C1.1.5%2CN%3Bclouds%2C15.5.1%2CN%3Bmobileapp%2C15.0.6%2CN%3Bfileman%2C15.5.2%2CN%3Bperfmon%2C15.5.1%2CN%3Bcurrency%2C15.5.1%2CN%3Babtest%2C15.5.5%2CN%3Bphotogallery%2C15.0.0%2CN%3Bvote%2C15.5.0%2CN&reqm=webfly.santech%2Cbitrix.eshop%2Ckaycom.oneplaceseo%2Cbitrix.sitecorporate%2Cpimentos.mneniyapro&fullmoduleinfo=Y&SUPD_SRS=RU&SUPD_CMP=Y
2015-10-21 00:53:10 -  - exec CUpdateClientPartner::GetHTTPPage
2015-10-21 00:53:10 -  - TIME GetUpdatesList(request) 0.273 sec
2015-10-21 00:53:10 -  - exec CUpdateClientPartner::ParseServerData
2015-10-21 00:53:28 -  - exec CUpdateClientPartner::GetUpdatesList
2015-10-21 00:53:28 -  - exec CUpdateClientPartner::__CollectRequestData
2015-10-21 00:53:28 -  - utf=Y&lang=ru&stable=Y&CANGZIP=Y&SUPD_DBS=MYSQL&XE=N&CLIENT_SITE=itprom.ru&LICENSE_KEY=X&SUPD_STS=1&SUPD_URS=0&SUPD_URSA=6&TYPENC=E&CLIENT_PHPVER=5.4.39&dbv=5.5.35&instm=main%2C15.5.8%2CN%3Bforum%2C15.5.2%2CN%3Bsearch%2C15.5.1%2CN%3Beshopapp%2C15.0.0%2CN%3Bsender%2C15.5.3%2CN%3Bseo%2C15.5.5%2CN%3Biblock%2C15.5.8%2CN%3Bsecurity%2C15.5.4%2CN%3Bsocialservices%2C15.5.2%2CN%3Bwebfly.santech%2C1.0.1%2CN%3Bform%2C15.0.2%2CN%3Bbitrixcloud%2C15.5.0%2CN%3Bbitrix.eshop%2C15.5.0%2CN%3Bcatalog%2C15.5.1%2CN%3Btranslate%2C14.0.0%2CN%3Bhighloadblock%2C15.5.0%2CN%3Bstoreassist%2C15.0.3%2CN%3Bsubscribe%2C15.0.2%2CN%3Breport%2C15.0.0%2CN%3Bscale%2C14.5.2%2CN%3Bkaycom.oneplaceseo%2C1.0.5%2CN%3Bpull%2C15.5.7%2CN%3Bsale%2C14.11.19%2CN%3Bbitrix.sitecorporate%2C15.0.0%2CN%3Bconversion%2C15.5.5%2CN%3Bblog%2C15.5.3%2CN%3Bcompression%2C14.0.0%2CN%3Bpimentos.mneniyapro%2C1.1.5%2CN%3Bclouds%2C15.5.1%2CN%3Bmobileapp%2C15.0.6%2CN%3Bfileman%2C15.5.2%2CN%3Bperfmon%2C15.5.1%2CN%3Bcurrency%2C15.5.1%2CN%3Babtest%2C15.5.5%2CN%3Bphotogallery%2C15.0.0%2CN%3Bvote%2C15.5.0%2CN&reqm=webfly.santech%2Cbitrix.eshop%2Ckaycom.oneplaceseo%2Cbitrix.sitecorporate%2Cpimentos.mneniyapro&fullmoduleinfo=Y&SUPD_SRS=RU&SUPD_CMP=Y
2015-10-21 00:53:28 -  - exec CUpdateClientPartner::GetHTTPPage
2015-10-21 00:53:29 -  - TIME GetUpdatesList(request) 0.298 sec
2015-10-21 00:53:29 -  - exec CUpdateClientPartner::ParseServerData
2015-10-24 22:25:55 -  - exec CUpdateClientPartner::GetUpdatesList
2015-10-24 22:25:55 -  - exec CUpdateClientPartner::__CollectRequestData
2015-10-24 22:25:55 -  - utf=Y&lang=ru&stable=Y&CANGZIP=Y&SUPD_DBS=MYSQL&XE=N&CLIENT_SITE=itprom.ru&LICENSE_KEY=X&SUPD_STS=1&SUPD_URS=0&SUPD_URSA=6&TYPENC=E&CLIENT_PHPVER=5.4.39&dbv=5.5.35&instm=main%2C15.5.8%2CN%3Bforum%2C15.5.2%2CN%3Bsearch%2C15.5.1%2CN%3Beshopapp%2C15.0.0%2CN%3Bsender%2C15.5.3%2CN%3Bseo%2C15.5.5%2CN%3Biblock%2C15.5.8%2CN%3Bsecurity%2C15.5.4%2CN%3Bsocialservices%2C15.5.2%2CN%3Bwebfly.santech%2C1.0.1%2CN%3Bform%2C15.0.2%2CN%3Bbitrixcloud%2C15.5.0%2CN%3Bbitrix.eshop%2C15.5.0%2CN%3Bcatalog%2C15.5.1%2CN%3Btranslate%2C14.0.0%2CN%3Bhighloadblock%2C15.5.0%2CN%3Bstoreassist%2C15.0.3%2CN%3Bsubscribe%2C15.0.2%2CN%3Breport%2C15.0.0%2CN%3Bscale%2C14.5.2%2CN%3Bkaycom.oneplaceseo%2C1.0.5%2CN%3Bpull%2C15.5.7%2CN%3Bsale%2C14.11.19%2CN%3Bbitrix.sitecorporate%2C15.0.0%2CN%3Bconversion%2C15.5.5%2CN%3Bblog%2C15.5.3%2CN%3Bcompression%2C14.0.0%2CN%3Bpimentos.mneniyapro%2C1.1.5%2CN%3Bclouds%2C15.5.1%2CN%3Bmobileapp%2C15.0.6%2CN%3Bfileman%2C15.5.2%2CN%3Bperfmon%2C15.5.1%2CN%3Bcurrency%2C15.5.1%2CN%3Babtest%2C15.5.5%2CN%3Bphotogallery%2C15.0.0%2CN%3Bvote%2C15.5.0%2CN&reqm=webfly.santech%2Cbitrix.eshop%2Ckaycom.oneplaceseo%2Cbitrix.sitecorporate%2Cpimentos.mneniyapro&SUPD_SRS=RU&SUPD_CMP=Y
2015-10-24 22:25:55 -  - exec CUpdateClientPartner::GetHTTPPage
2015-10-24 22:25:56 -  - TIME GetUpdatesList(request) 0.298 sec
2015-10-24 22:25:56 -  - exec CUpdateClientPartner::ParseServerData
2015-11-21 12:39:39 -  - exec CUpdateClientPartner::GetUpdatesList
2015-11-21 12:39:39 -  - exec CUpdateClientPartner::__CollectRequestData
2015-11-21 12:39:39 -  - utf=Y&lang=ru&stable=Y&CANGZIP=Y&SUPD_DBS=MYSQL&XE=N&CLIENT_SITE=itprom.ru&LICENSE_KEY=X&SUPD_STS=1&SUPD_URS=0&SUPD_URSA=7&TYPENC=E&CLIENT_PHPVER=5.4.45&dbv=5.5.35&instm=main%2C15.5.8%2CN%3Bforum%2C15.5.2%2CN%3Bsearch%2C15.5.1%2CN%3Beshopapp%2C15.0.0%2CN%3Bsender%2C15.5.3%2CN%3Bseo%2C15.5.5%2CN%3Biblock%2C15.5.8%2CN%3Bsecurity%2C15.5.4%2CN%3Bsocialservices%2C15.5.2%2CN%3Bwebfly.santech%2C1.0.1%2CN%3Bform%2C15.0.2%2CN%3Bbitrixcloud%2C15.5.0%2CN%3Bbitrix.eshop%2C15.5.0%2CN%3Bcatalog%2C15.5.1%2CN%3Btranslate%2C14.0.0%2CN%3Bhighloadblock%2C15.5.0%2CN%3Bstoreassist%2C15.0.3%2CN%3Bsubscribe%2C15.0.2%2CN%3Breport%2C15.0.0%2CN%3Bscale%2C14.5.2%2CN%3Bkaycom.oneplaceseo%2C1.0.5%2CN%3Bpull%2C15.5.8%2CN%3Bsale%2C14.11.19%2CN%3Bbitrix.sitecorporate%2C15.0.0%2CN%3Bconversion%2C15.5.5%2CN%3Bblog%2C15.5.3%2CN%3Bcompression%2C14.0.0%2CN%3Bpimentos.mneniyapro%2C1.1.5%2CN%3Bclouds%2C15.5.1%2CN%3Bmobileapp%2C15.5.7%2CN%3Bfileman%2C15.5.2%2CN%3Bperfmon%2C15.5.1%2CN%3Bcurrency%2C15.5.1%2CN%3Babtest%2C15.5.5%2CN%3Bphotogallery%2C15.0.0%2CN%3Bvote%2C15.5.0%2CN&reqm=webfly.santech%2Cbitrix.eshop%2Ckaycom.oneplaceseo%2Cbitrix.sitecorporate%2Cpimentos.mneniyapro%2Ckreattika.shopvk&SUPD_SRS=RU&SUPD_CMP=Y
2015-11-21 12:39:39 -  - exec CUpdateClientPartner::GetHTTPPage
2015-11-21 12:39:39 -  - TIME GetUpdatesList(request) 0.32 sec
2015-11-21 12:39:39 -  - exec CUpdateClientPartner::ParseServerData
2015-11-21 12:40:01 -  - exec CUpdateClientPartner::LoadModulesUpdates
2015-11-21 12:40:01 -  - exec CUpdateClientPartner::__CollectRequestData
2015-11-21 12:40:01 -  - utf=Y&lang=ru&stable=Y&CANGZIP=Y&SUPD_DBS=MYSQL&XE=N&CLIENT_SITE=itprom.ru&LICENSE_KEY=X&SUPD_STS=1&SUPD_URS=0&SUPD_URSA=7&TYPENC=E&CLIENT_PHPVER=5.4.45&dbv=5.5.35&instm=main%2C15.5.8%2CN%3Bforum%2C15.5.2%2CN%3Bsearch%2C15.5.1%2CN%3Beshopapp%2C15.0.0%2CN%3Bsender%2C15.5.3%2CN%3Bseo%2C15.5.5%2CN%3Biblock%2C15.5.8%2CN%3Bsecurity%2C15.5.4%2CN%3Bsocialservices%2C15.5.2%2CN%3Bwebfly.santech%2C1.0.1%2CN%3Bform%2C15.0.2%2CN%3Bbitrixcloud%2C15.5.0%2CN%3Bbitrix.eshop%2C15.5.0%2CN%3Bcatalog%2C15.5.1%2CN%3Btranslate%2C14.0.0%2CN%3Bhighloadblock%2C15.5.0%2CN%3Bstoreassist%2C15.0.3%2CN%3Bsubscribe%2C15.0.2%2CN%3Breport%2C15.0.0%2CN%3Bscale%2C14.5.2%2CN%3Bkaycom.oneplaceseo%2C1.0.5%2CN%3Bpull%2C15.5.8%2CN%3Bsale%2C14.11.19%2CN%3Bbitrix.sitecorporate%2C15.0.0%2CN%3Bconversion%2C15.5.5%2CN%3Bblog%2C15.5.3%2CN%3Bcompression%2C14.0.0%2CN%3Bpimentos.mneniyapro%2C1.1.5%2CN%3Bclouds%2C15.5.1%2CN%3Bmobileapp%2C15.5.7%2CN%3Bfileman%2C15.5.2%2CN%3Bperfmon%2C15.5.1%2CN%3Bcurrency%2C15.5.1%2CN%3Babtest%2C15.5.5%2CN%3Bphotogallery%2C15.0.0%2CN%3Bvote%2C15.5.0%2CN&reqm=kreattika.shopvk&lim=Y&SUPD_SRS=RU&SUPD_CMP=Y
2015-11-21 12:40:01 -  - exec CUpdateClientPartner::GetHTTPPage
2015-11-21 12:40:02 -  - TIME LoadModulesUpdates(request) 0.386 sec
2015-11-21 12:40:02 -  - exec CUpdateClientPartner::ParseServerData
2015-11-21 12:40:02 - LMU01 - LoadModulesUpdates-Step
2015-11-21 12:40:02 -  - exec CUpdateClientPartner::LoadModulesUpdates
2015-11-21 12:40:02 -  - exec CUpdateClientPartner::__CollectRequestData
2015-11-21 12:40:02 -  - exec CUpdateClientPartner::ParseServerData
2015-11-21 12:40:03 - DOWNLOAD - Time - 0.51593589782715 sec
2015-11-21 12:40:03 -  - exec CUpdateClientPartner::UnGzipArchive
2015-11-21 12:40:03 -  - TIME UnGzipArchive 0.062 sec
2015-11-21 12:40:03 -  - TIME UpdateStepModules 0.023 sec
2015-11-21 12:40:03 - UPD_SUCCESS - Updated: kreattika.shopvk
2015-11-21 12:40:03 -  - exec CUpdateClientPartner::LoadModulesUpdates
2015-11-21 12:40:03 -  - exec CUpdateClientPartner::__CollectRequestData
2015-11-21 12:40:03 -  - utf=Y&lang=ru&stable=Y&CANGZIP=Y&SUPD_DBS=MYSQL&XE=N&CLIENT_SITE=itprom.ru&LICENSE_KEY=X&SUPD_STS=1&SUPD_URS=0&SUPD_URSA=7&TYPENC=E&CLIENT_PHPVER=5.4.45&dbv=5.5.35&instm=main%2C15.5.8%2CN%3Bforum%2C15.5.2%2CN%3Bsearch%2C15.5.1%2CN%3Beshopapp%2C15.0.0%2CN%3Bsender%2C15.5.3%2CN%3Bseo%2C15.5.5%2CN%3Biblock%2C15.5.8%2CN%3Bsecurity%2C15.5.4%2CN%3Bsocialservices%2C15.5.2%2CN%3Bwebfly.santech%2C1.0.1%2CN%3Bform%2C15.0.2%2CN%3Bbitrixcloud%2C15.5.0%2CN%3Bbitrix.eshop%2C15.5.0%2CN%3Bcatalog%2C15.5.1%2CN%3Btranslate%2C14.0.0%2CN%3Bhighloadblock%2C15.5.0%2CN%3Bstoreassist%2C15.0.3%2CN%3Bsubscribe%2C15.0.2%2CN%3Breport%2C15.0.0%2CN%3Bscale%2C14.5.2%2CN%3Bkaycom.oneplaceseo%2C1.0.5%2CN%3Bpull%2C15.5.8%2CN%3Bsale%2C14.11.19%2CN%3Bbitrix.sitecorporate%2C15.0.0%2CN%3Bconversion%2C15.5.5%2CN%3Bblog%2C15.5.3%2CN%3Bcompression%2C14.0.0%2CN%3Bpimentos.mneniyapro%2C1.1.5%2CN%3Bclouds%2C15.5.1%2CN%3Bmobileapp%2C15.5.7%2CN%3Bfileman%2C15.5.2%2CN%3Bperfmon%2C15.5.1%2CN%3Bkreattika.shopvk%2C1.0.1%2CY%3Bcurrency%2C15.5.1%2CN%3Babtest%2C15.5.5%2CN%3Bphotogallery%2C15.0.0%2CN%3Bvote%2C15.5.0%2CN&reqm=kreattika.shopvk&lim=Y&SUPD_SRS=RU&SUPD_CMP=Y
2015-11-21 12:40:03 -  - exec CUpdateClientPartner::GetHTTPPage
2015-11-21 12:40:03 -  - TIME LoadModulesUpdates(request) 0.392 sec
2015-11-21 12:40:03 -  - exec CUpdateClientPartner::ParseServerData
2015-11-21 12:40:03 - STEP - Finish - NOUPDATES
2015-11-21 12:40:03 - STEP - Finish - NOUPDATES
2015-11-21 12:40:08 -  - exec CUpdateClientPartner::GetUpdatesList
2015-11-21 12:40:08 -  - exec CUpdateClientPartner::__CollectRequestData
2015-11-21 12:40:08 -  - utf=Y&lang=ru&stable=Y&CANGZIP=Y&SUPD_DBS=MYSQL&XE=N&CLIENT_SITE=itprom.ru&LICENSE_KEY=X&SUPD_STS=1&SUPD_URS=0&SUPD_URSA=7&TYPENC=E&CLIENT_PHPVER=5.4.45&dbv=5.5.35&instm=main%2C15.5.8%2CN%3Bforum%2C15.5.2%2CN%3Bsearch%2C15.5.1%2CN%3Beshopapp%2C15.0.0%2CN%3Bsender%2C15.5.3%2CN%3Bseo%2C15.5.5%2CN%3Biblock%2C15.5.8%2CN%3Bsecurity%2C15.5.4%2CN%3Bsocialservices%2C15.5.2%2CN%3Bwebfly.santech%2C1.0.1%2CN%3Bform%2C15.0.2%2CN%3Bbitrixcloud%2C15.5.0%2CN%3Bbitrix.eshop%2C15.5.0%2CN%3Bcatalog%2C15.5.1%2CN%3Btranslate%2C14.0.0%2CN%3Bhighloadblock%2C15.5.0%2CN%3Bstoreassist%2C15.0.3%2CN%3Bsubscribe%2C15.0.2%2CN%3Breport%2C15.0.0%2CN%3Bscale%2C14.5.2%2CN%3Bkaycom.oneplaceseo%2C1.0.5%2CN%3Bpull%2C15.5.8%2CN%3Bsale%2C14.11.19%2CN%3Bbitrix.sitecorporate%2C15.0.0%2CN%3Bconversion%2C15.5.5%2CN%3Bblog%2C15.5.3%2CN%3Bcompression%2C14.0.0%2CN%3Bpimentos.mneniyapro%2C1.1.5%2CN%3Bclouds%2C15.5.1%2CN%3Bmobileapp%2C15.5.7%2CN%3Bfileman%2C15.5.2%2CN%3Bperfmon%2C15.5.1%2CN%3Bkreattika.shopvk%2C1.0.1%2CY%3Bcurrency%2C15.5.1%2CN%3Babtest%2C15.5.5%2CN%3Bphotogallery%2C15.0.0%2CN%3Bvote%2C15.5.0%2CN&reqm=webfly.santech%2Cbitrix.eshop%2Ckaycom.oneplaceseo%2Cbitrix.sitecorporate%2Cpimentos.mneniyapro%2Ckreattika.shopvk&fullmoduleinfo=Y&SUPD_SRS=RU&SUPD_CMP=Y
2015-11-21 12:40:08 -  - exec CUpdateClientPartner::GetHTTPPage
2015-11-21 12:40:09 -  - TIME GetUpdatesList(request) 0.411 sec
2015-11-21 12:40:09 -  - exec CUpdateClientPartner::ParseServerData
2015-11-21 12:40:13 -  - exec CUpdateClientPartner::GetUpdatesList
2015-11-21 12:40:13 -  - exec CUpdateClientPartner::__CollectRequestData
2015-11-21 12:40:13 -  - utf=Y&lang=ru&stable=Y&CANGZIP=Y&SUPD_DBS=MYSQL&XE=N&CLIENT_SITE=itprom.ru&LICENSE_KEY=X&SUPD_STS=1&SUPD_URS=0&SUPD_URSA=7&TYPENC=E&CLIENT_PHPVER=5.4.45&dbv=5.5.35&instm=main%2C15.5.8%2CN%3Bforum%2C15.5.2%2CN%3Bsearch%2C15.5.1%2CN%3Beshopapp%2C15.0.0%2CN%3Bsender%2C15.5.3%2CN%3Bseo%2C15.5.5%2CN%3Biblock%2C15.5.8%2CN%3Bsecurity%2C15.5.4%2CN%3Bsocialservices%2C15.5.2%2CN%3Bwebfly.santech%2C1.0.1%2CN%3Bform%2C15.0.2%2CN%3Bbitrixcloud%2C15.5.0%2CN%3Bbitrix.eshop%2C15.5.0%2CN%3Bcatalog%2C15.5.1%2CN%3Btranslate%2C14.0.0%2CN%3Bhighloadblock%2C15.5.0%2CN%3Bstoreassist%2C15.0.3%2CN%3Bsubscribe%2C15.0.2%2CN%3Breport%2C15.0.0%2CN%3Bscale%2C14.5.2%2CN%3Bkaycom.oneplaceseo%2C1.0.5%2CN%3Bpull%2C15.5.8%2CN%3Bsale%2C14.11.19%2CN%3Bbitrix.sitecorporate%2C15.0.0%2CN%3Bconversion%2C15.5.5%2CN%3Bblog%2C15.5.3%2CN%3Bcompression%2C14.0.0%2CN%3Bpimentos.mneniyapro%2C1.1.5%2CN%3Bclouds%2C15.5.1%2CN%3Bmobileapp%2C15.5.7%2CN%3Bfileman%2C15.5.2%2CN%3Bperfmon%2C15.5.1%2CN%3Bkreattika.shopvk%2C1.0.1%2CY%3Bcurrency%2C15.5.1%2CN%3Babtest%2C15.5.5%2CN%3Bphotogallery%2C15.0.0%2CN%3Bvote%2C15.5.0%2CN&reqm=webfly.santech%2Cbitrix.eshop%2Ckaycom.oneplaceseo%2Cbitrix.sitecorporate%2Cpimentos.mneniyapro%2Ckreattika.shopvk&fullmoduleinfo=Y&SUPD_SRS=RU&SUPD_CMP=Y
2015-11-21 12:40:13 -  - exec CUpdateClientPartner::GetHTTPPage
2015-11-21 12:40:13 -  - TIME GetUpdatesList(request) 0.4 sec
2015-11-21 12:40:13 -  - exec CUpdateClientPartner::ParseServerData
2015-11-21 12:40:16 -  - exec CUpdateClientPartner::GetUpdatesList
2015-11-21 12:40:16 -  - exec CUpdateClientPartner::__CollectRequestData
2015-11-21 12:40:16 -  - utf=Y&lang=ru&stable=Y&CANGZIP=Y&SUPD_DBS=MYSQL&XE=N&CLIENT_SITE=itprom.ru&LICENSE_KEY=X&SUPD_STS=1&SUPD_URS=0&SUPD_URSA=7&TYPENC=E&CLIENT_PHPVER=5.4.45&dbv=5.5.35&instm=main%2C15.5.8%2CN%3Bforum%2C15.5.2%2CN%3Bsearch%2C15.5.1%2CN%3Beshopapp%2C15.0.0%2CN%3Bsender%2C15.5.3%2CN%3Bseo%2C15.5.5%2CN%3Biblock%2C15.5.8%2CN%3Bsecurity%2C15.5.4%2CN%3Bsocialservices%2C15.5.2%2CN%3Bwebfly.santech%2C1.0.1%2CN%3Bform%2C15.0.2%2CN%3Bbitrixcloud%2C15.5.0%2CN%3Bbitrix.eshop%2C15.5.0%2CN%3Bcatalog%2C15.5.1%2CN%3Btranslate%2C14.0.0%2CN%3Bhighloadblock%2C15.5.0%2CN%3Bstoreassist%2C15.0.3%2CN%3Bsubscribe%2C15.0.2%2CN%3Breport%2C15.0.0%2CN%3Bscale%2C14.5.2%2CN%3Bkaycom.oneplaceseo%2C1.0.5%2CN%3Bpull%2C15.5.8%2CN%3Bsale%2C14.11.19%2CN%3Bbitrix.sitecorporate%2C15.0.0%2CN%3Bconversion%2C15.5.5%2CN%3Bblog%2C15.5.3%2CN%3Bcompression%2C14.0.0%2CN%3Bpimentos.mneniyapro%2C1.1.5%2CN%3Bclouds%2C15.5.1%2CN%3Bmobileapp%2C15.5.7%2CN%3Bfileman%2C15.5.2%2CN%3Bperfmon%2C15.5.1%2CN%3Bkreattika.shopvk%2C1.0.1%2CY%3Bcurrency%2C15.5.1%2CN%3Babtest%2C15.5.5%2CN%3Bphotogallery%2C15.0.0%2CN%3Bvote%2C15.5.0%2CN&reqm=webfly.santech%2Cbitrix.eshop%2Ckaycom.oneplaceseo%2Cbitrix.sitecorporate%2Cpimentos.mneniyapro%2Ckreattika.shopvk&fullmoduleinfo=Y&SUPD_SRS=RU&SUPD_CMP=Y
2015-11-21 12:40:16 -  - exec CUpdateClientPartner::GetHTTPPage
2015-11-21 12:40:16 -  - TIME GetUpdatesList(request) 0.358 sec
2015-11-21 12:40:16 -  - exec CUpdateClientPartner::ParseServerData
2015-11-26 02:27:35 -  - exec CUpdateClientPartner::GetUpdatesList
2015-11-26 02:27:35 -  - exec CUpdateClientPartner::__CollectRequestData
2015-11-26 02:27:35 -  - utf=Y&lang=ru&stable=Y&CANGZIP=Y&SUPD_DBS=MYSQL&XE=N&CLIENT_SITE=itprom.ru&LICENSE_KEY=X&SUPD_STS=1&SUPD_URS=0&SUPD_URSA=7&TYPENC=E&CLIENT_PHPVER=5.4.45&dbv=5.5.35&instm=main%2C15.5.9%2CN%3Bforum%2C15.5.2%2CN%3Bsearch%2C15.5.1%2CN%3Beshopapp%2C15.0.0%2CN%3Bsender%2C15.5.3%2CN%3Bseo%2C15.5.6%2CN%3Biblock%2C15.5.8%2CN%3Bsecurity%2C15.5.5%2CN%3Bsocialservices%2C15.5.3%2CN%3Bwebfly.santech%2C1.0.1%2CN%3Bform%2C15.0.2%2CN%3Bbitrixcloud%2C15.5.0%2CN%3Bbitrix.eshop%2C15.5.0%2CN%3Bcatalog%2C15.5.1%2CN%3Btranslate%2C14.0.0%2CN%3Bhighloadblock%2C15.5.0%2CN%3Bstoreassist%2C15.0.3%2CN%3Bsubscribe%2C15.0.2%2CN%3Breport%2C15.0.0%2CN%3Bscale%2C14.5.2%2CN%3Bkaycom.oneplaceseo%2C1.0.5%2CN%3Bpull%2C15.5.8%2CN%3Bsale%2C14.11.19%2CN%3Bbitrix.sitecorporate%2C15.0.0%2CN%3Bconversion%2C15.5.5%2CN%3Bblog%2C15.5.3%2CN%3Bcompression%2C14.0.0%2CN%3Bpimentos.mneniyapro%2C1.1.5%2CN%3Bclouds%2C15.5.1%2CN%3Bmobileapp%2C15.5.7%2CN%3Bfileman%2C15.5.2%2CN%3Bperfmon%2C15.5.1%2CN%3Bkreattika.shopvk%2C1.0.1%2CY%3Bcurrency%2C15.5.2%2CN%3Babtest%2C15.5.5%2CN%3Bphotogallery%2C15.0.0%2CN%3Bvote%2C15.5.0%2CN&reqm=webfly.santech%2Cbitrix.eshop%2Ckaycom.oneplaceseo%2Cbitrix.sitecorporate%2Cpimentos.mneniyapro%2Ckreattika.shopvk&fullmoduleinfo=Y&SUPD_SRS=RU&SUPD_CMP=Y
2015-11-26 02:27:35 -  - exec CUpdateClientPartner::GetHTTPPage
2015-11-26 02:27:35 -  - TIME GetUpdatesList(request) 0.32 sec
2015-11-26 02:27:35 -  - exec CUpdateClientPartner::ParseServerData
2015-11-26 02:27:42 -  - exec CUpdateClientPartner::GetUpdatesList
2015-11-26 02:27:42 -  - exec CUpdateClientPartner::__CollectRequestData
2015-11-26 02:27:42 -  - utf=Y&lang=ru&stable=Y&CANGZIP=Y&SUPD_DBS=MYSQL&XE=N&CLIENT_SITE=itprom.ru&LICENSE_KEY=X&SUPD_STS=1&SUPD_URS=0&SUPD_URSA=7&TYPENC=E&CLIENT_PHPVER=5.4.45&dbv=5.5.35&instm=main%2C15.5.9%2CN%3Bforum%2C15.5.2%2CN%3Bsearch%2C15.5.1%2CN%3Beshopapp%2C15.0.0%2CN%3Bsender%2C15.5.3%2CN%3Bseo%2C15.5.6%2CN%3Biblock%2C15.5.8%2CN%3Bsecurity%2C15.5.5%2CN%3Bsocialservices%2C15.5.3%2CN%3Bwebfly.santech%2C1.0.1%2CN%3Bform%2C15.0.2%2CN%3Bbitrixcloud%2C15.5.0%2CN%3Bbitrix.eshop%2C15.5.0%2CN%3Bcatalog%2C15.5.1%2CN%3Btranslate%2C14.0.0%2CN%3Bhighloadblock%2C15.5.0%2CN%3Bstoreassist%2C15.0.3%2CN%3Bsubscribe%2C15.0.2%2CN%3Breport%2C15.0.0%2CN%3Bscale%2C14.5.2%2CN%3Bkaycom.oneplaceseo%2C1.0.5%2CN%3Bpull%2C15.5.8%2CN%3Bsale%2C14.11.19%2CN%3Bbitrix.sitecorporate%2C15.0.0%2CN%3Bconversion%2C15.5.5%2CN%3Bblog%2C15.5.3%2CN%3Bcompression%2C14.0.0%2CN%3Bpimentos.mneniyapro%2C1.1.5%2CN%3Bclouds%2C15.5.1%2CN%3Bmobileapp%2C15.5.7%2CN%3Bfileman%2C15.5.2%2CN%3Bperfmon%2C15.5.1%2CN%3Bkreattika.shopvk%2C1.0.1%2CY%3Bcurrency%2C15.5.2%2CN%3Babtest%2C15.5.5%2CN%3Bphotogallery%2C15.0.0%2CN%3Bvote%2C15.5.0%2CN&reqm=webfly.santech%2Cbitrix.eshop%2Ckaycom.oneplaceseo%2Cbitrix.sitecorporate%2Cpimentos.mneniyapro%2Ckreattika.shopvk&SUPD_SRS=RU&SUPD_CMP=Y
2015-11-26 02:27:42 -  - exec CUpdateClientPartner::GetHTTPPage
2015-11-26 02:27:43 -  - TIME GetUpdatesList(request) 0.297 sec
2015-11-26 02:27:43 -  - exec CUpdateClientPartner::ParseServerData
2015-11-26 11:37:58 -  - exec CUpdateClientPartner::GetUpdatesList
2015-11-26 11:37:58 -  - exec CUpdateClientPartner::__CollectRequestData
2015-11-26 11:37:58 -  - utf=Y&lang=ru&stable=Y&CANGZIP=Y&SUPD_DBS=MYSQL&XE=N&CLIENT_SITE=itprom.ru&LICENSE_KEY=X&SUPD_STS=1&SUPD_URS=0&SUPD_URSA=7&TYPENC=E&CLIENT_PHPVER=5.4.45&dbv=5.5.35&instm=main%2C15.5.9%2CN%3Bforum%2C15.5.2%2CN%3Bsearch%2C15.5.1%2CN%3Beshopapp%2C15.0.0%2CN%3Bsender%2C15.5.3%2CN%3Bseo%2C15.5.6%2CN%3Biblock%2C15.5.8%2CN%3Bsecurity%2C15.5.5%2CN%3Bsocialservices%2C15.5.3%2CN%3Bwebfly.santech%2C1.0.1%2CN%3Bform%2C15.0.2%2CN%3Bbitrixcloud%2C15.5.0%2CN%3Bbitrix.eshop%2C15.5.0%2CN%3Bcatalog%2C15.5.1%2CN%3Btranslate%2C14.0.0%2CN%3Bhighloadblock%2C15.5.0%2CN%3Bstoreassist%2C15.0.3%2CN%3Bsubscribe%2C15.0.2%2CN%3Breport%2C15.0.0%2CN%3Bscale%2C14.5.2%2CN%3Bkaycom.oneplaceseo%2C1.0.5%2CN%3Bpull%2C15.5.8%2CN%3Bsale%2C14.11.19%2CN%3Bbitrix.sitecorporate%2C15.0.0%2CN%3Bconversion%2C15.5.5%2CN%3Bblog%2C15.5.3%2CN%3Bcompression%2C14.0.0%2CN%3Bpimentos.mneniyapro%2C1.1.5%2CN%3Bclouds%2C15.5.1%2CN%3Bmobileapp%2C15.5.7%2CN%3Bfileman%2C15.5.2%2CN%3Bperfmon%2C15.5.1%2CN%3Bkreattika.shopvk%2C1.0.1%2CY%3Bcurrency%2C15.5.2%2CN%3Babtest%2C15.5.5%2CN%3Bphotogallery%2C15.0.0%2CN%3Bvote%2C15.5.0%2CN&reqm=webfly.santech%2Cbitrix.eshop%2Ckaycom.oneplaceseo%2Cbitrix.sitecorporate%2Cpimentos.mneniyapro%2Ckreattika.shopvk&fullmoduleinfo=Y&SUPD_SRS=RU&SUPD_CMP=Y
2015-11-26 11:37:58 -  - exec CUpdateClientPartner::GetHTTPPage
2015-11-26 11:37:58 -  - TIME GetUpdatesList(request) 0.396 sec
2015-11-26 11:37:58 -  - exec CUpdateClientPartner::ParseServerData
