Host: itprom.ru
Date: 2015-11-13 04:56:47
Module: 
section
    include < CBitrixComponent::__includeComponent < CBitrixComponent::includeComponent < CAllMain::IncludeComponent < include_once
	/var/www/u0095419/data/www/itprom.ru/bitrix/modules/main/classes/general/component.php:535
	/var/www/u0095419/data/www/itprom.ru/bitrix/modules/main/classes/general/component.php:578
	/var/www/u0095419/data/www/itprom.ru/bitrix/modules/main/classes/general/main.php:1050
	/var/www/u0095419/data/www/itprom.ru/catalog/index.php:347
	/var/www/u0095419/data/www/itprom.ru/bitrix/modules/main/include/urlrewrite.php:159
----------
Host: itprom.ru
Date: 2015-11-13 04:57:26
Module: 
section
    include < CBitrixComponent::__includeComponent < CBitrixComponent::includeComponent < CAllMain::IncludeComponent < include_once
	/var/www/u0095419/data/www/itprom.ru/bitrix/modules/main/classes/general/component.php:535
	/var/www/u0095419/data/www/itprom.ru/bitrix/modules/main/classes/general/component.php:578
	/var/www/u0095419/data/www/itprom.ru/bitrix/modules/main/classes/general/main.php:1050
	/var/www/u0095419/data/www/itprom.ru/catalog/index.php:347
	/var/www/u0095419/data/www/itprom.ru/bitrix/modules/main/include/urlrewrite.php:159
----------
Host: itprom.ru
Date: 2015-11-13 08:28:38
Module: 
element
    include < CBitrixComponent::__includeComponent < CBitrixComponent::includeComponent < CAllMain::IncludeComponent < include_once
	/var/www/u0095419/data/www/itprom.ru/bitrix/modules/main/classes/general/component.php:535
	/var/www/u0095419/data/www/itprom.ru/bitrix/modules/main/classes/general/component.php:578
	/var/www/u0095419/data/www/itprom.ru/bitrix/modules/main/classes/general/main.php:1050
	/var/www/u0095419/data/www/itprom.ru/catalog/index.php:347
	/var/www/u0095419/data/www/itprom.ru/bitrix/modules/main/include/urlrewrite.php:159
----------
Host: itprom.ru
Date: 2015-11-13 08:28:39
Module: 
element
    include < CBitrixComponent::__includeComponent < CBitrixComponent::includeComponent < CAllMain::IncludeComponent < include_once
	/var/www/u0095419/data/www/itprom.ru/bitrix/modules/main/classes/general/component.php:535
	/var/www/u0095419/data/www/itprom.ru/bitrix/modules/main/classes/general/component.php:578
	/var/www/u0095419/data/www/itprom.ru/bitrix/modules/main/classes/general/main.php:1050
	/var/www/u0095419/data/www/itprom.ru/catalog/index.php:347
	/var/www/u0095419/data/www/itprom.ru/bitrix/modules/main/include/urlrewrite.php:159
----------
Host: itprom.ru
Date: 2015-11-13 08:28:39
Module: composite
/var/www/u0095419/data/www/itprom.ru/bitrix/html_pages/itprom.ru/catalog/termoshkafi/series-tl/TL-6076210-150/index@.html.delete.1447392519.7265
    Bitrix\Main\Data\StaticHtmlCache::writeDebug < Bitrix\Main\Data\StaticHtmlCache::delete < Bitrix\Main\Page\Frame::processPageContent < Bitrix\Main\Page\Frame::endBuffering < CAllMain::EndBufferContent
	/var/www/u0095419/data/www/itprom.ru/bitrix/modules/main/lib/data/statichtmlcache.php:166
	/var/www/u0095419/data/www/itprom.ru/bitrix/modules/main/lib/page/frame.php:389
	/var/www/u0095419/data/www/itprom.ru/bitrix/modules/main/lib/page/frame.php:337
	/var/www/u0095419/data/www/itprom.ru/bitrix/modules/main/classes/general/main.php:3268
	/var/www/u0095419/data/www/itprom.ru/bitrix/modules/main/classes/general/main.php:3204
----------
Host: itprom.ru
Date: 2015-11-13 08:28:39
Module: 
element
    include < CBitrixComponent::__includeComponent < CBitrixComponent::includeComponent < CAllMain::IncludeComponent < include_once
	/var/www/u0095419/data/www/itprom.ru/bitrix/modules/main/classes/general/component.php:535
	/var/www/u0095419/data/www/itprom.ru/bitrix/modules/main/classes/general/component.php:578
	/var/www/u0095419/data/www/itprom.ru/bitrix/modules/main/classes/general/main.php:1050
	/var/www/u0095419/data/www/itprom.ru/catalog/index.php:347
	/var/www/u0095419/data/www/itprom.ru/bitrix/modules/main/include/urlrewrite.php:159
----------
Host: itprom.ru
Date: 2015-11-13 08:28:40
Module: composite
/var/www/u0095419/data/www/itprom.ru/bitrix/html_pages/itprom.ru/catalog/termoshkafi/seriesib/IB-6565250-250/index@.html.delete.1447392520.0271
    Bitrix\Main\Data\StaticHtmlCache::writeDebug < Bitrix\Main\Data\StaticHtmlCache::delete < Bitrix\Main\Page\Frame::processPageContent < Bitrix\Main\Page\Frame::endBuffering < CAllMain::EndBufferContent
	/var/www/u0095419/data/www/itprom.ru/bitrix/modules/main/lib/data/statichtmlcache.php:166
	/var/www/u0095419/data/www/itprom.ru/bitrix/modules/main/lib/page/frame.php:389
	/var/www/u0095419/data/www/itprom.ru/bitrix/modules/main/lib/page/frame.php:337
	/var/www/u0095419/data/www/itprom.ru/bitrix/modules/main/classes/general/main.php:3268
	/var/www/u0095419/data/www/itprom.ru/bitrix/modules/main/classes/general/main.php:3204
----------
Host: itprom.ru
Date: 2015-11-13 09:04:41
Module: 
section
    include < CBitrixComponent::__includeComponent < CBitrixComponent::includeComponent < CAllMain::IncludeComponent < include_once
	/var/www/u0095419/data/www/itprom.ru/bitrix/modules/main/classes/general/component.php:535
	/var/www/u0095419/data/www/itprom.ru/bitrix/modules/main/classes/general/component.php:578
	/var/www/u0095419/data/www/itprom.ru/bitrix/modules/main/classes/general/main.php:1050
	/var/www/u0095419/data/www/itprom.ru/catalog/index.php:347
	/var/www/u0095419/data/www/itprom.ru/bitrix/modules/main/include/urlrewrite.php:159
----------
Host: itprom.ru
Date: 2015-11-13 09:04:43
Module: composite
/var/www/u0095419/data/www/itprom.ru/bitrix/html_pages/itprom.ru/catalog/aksessuary-dlya-termoshkafov/krepleniya-na-machtu/index@.html.delete.1447394683.0973
    Bitrix\Main\Data\StaticHtmlCache::writeDebug < Bitrix\Main\Data\StaticHtmlCache::delete < Bitrix\Main\Page\Frame::processPageContent < Bitrix\Main\Page\Frame::endBuffering < CAllMain::EndBufferContent
	/var/www/u0095419/data/www/itprom.ru/bitrix/modules/main/lib/data/statichtmlcache.php:166
	/var/www/u0095419/data/www/itprom.ru/bitrix/modules/main/lib/page/frame.php:389
	/var/www/u0095419/data/www/itprom.ru/bitrix/modules/main/lib/page/frame.php:337
	/var/www/u0095419/data/www/itprom.ru/bitrix/modules/main/classes/general/main.php:3268
	/var/www/u0095419/data/www/itprom.ru/bitrix/modules/main/classes/general/main.php:3204
----------
Host: itprom.ru
Date: 2015-11-13 09:13:05
Module: 
section
    include < CBitrixComponent::__includeComponent < CBitrixComponent::includeComponent < CAllMain::IncludeComponent < include_once
	/var/www/u0095419/data/www/itprom.ru/bitrix/modules/main/classes/general/component.php:535
	/var/www/u0095419/data/www/itprom.ru/bitrix/modules/main/classes/general/component.php:578
	/var/www/u0095419/data/www/itprom.ru/bitrix/modules/main/classes/general/main.php:1050
	/var/www/u0095419/data/www/itprom.ru/catalog/index.php:347
	/var/www/u0095419/data/www/itprom.ru/bitrix/modules/main/include/urlrewrite.php:159
----------
Host: itprom.ru
Date: 2015-11-13 09:20:36
Module: 
section
    include < CBitrixComponent::__includeComponent < CBitrixComponent::includeComponent < CAllMain::IncludeComponent < include_once
	/var/www/u0095419/data/www/itprom.ru/bitrix/modules/main/classes/general/component.php:535
	/var/www/u0095419/data/www/itprom.ru/bitrix/modules/main/classes/general/component.php:578
	/var/www/u0095419/data/www/itprom.ru/bitrix/modules/main/classes/general/main.php:1050
	/var/www/u0095419/data/www/itprom.ru/catalog/index.php:347
	/var/www/u0095419/data/www/itprom.ru/bitrix/modules/main/include/urlrewrite.php:159
----------
Host: itprom.ru
Date: 2015-11-13 09:24:22
Module: 
element
    include < CBitrixComponent::__includeComponent < CBitrixComponent::includeComponent < CAllMain::IncludeComponent < include_once
	/var/www/u0095419/data/www/itprom.ru/bitrix/modules/main/classes/general/component.php:535
	/var/www/u0095419/data/www/itprom.ru/bitrix/modules/main/classes/general/component.php:578
	/var/www/u0095419/data/www/itprom.ru/bitrix/modules/main/classes/general/main.php:1050
	/var/www/u0095419/data/www/itprom.ru/catalog/index.php:347
	/var/www/u0095419/data/www/itprom.ru/bitrix/modules/main/include/urlrewrite.php:159
----------
Host: itprom.ru
Date: 2015-11-13 09:24:22
Module: composite
/var/www/u0095419/data/www/itprom.ru/bitrix/html_pages/itprom.ru/catalog/termoshkafi/series-t/T-60200800-800/index@.html.delete.1447395862.7358
    Bitrix\Main\Data\StaticHtmlCache::writeDebug < Bitrix\Main\Data\StaticHtmlCache::delete < Bitrix\Main\Page\Frame::processPageContent < Bitrix\Main\Page\Frame::endBuffering < CAllMain::EndBufferContent
	/var/www/u0095419/data/www/itprom.ru/bitrix/modules/main/lib/data/statichtmlcache.php:166
	/var/www/u0095419/data/www/itprom.ru/bitrix/modules/main/lib/page/frame.php:389
	/var/www/u0095419/data/www/itprom.ru/bitrix/modules/main/lib/page/frame.php:337
	/var/www/u0095419/data/www/itprom.ru/bitrix/modules/main/classes/general/main.php:3268
	/var/www/u0095419/data/www/itprom.ru/bitrix/modules/main/classes/general/main.php:3204
----------
Host: itprom.ru
Date: 2015-11-13 09:24:25
Module: 
element
    include < CBitrixComponent::__includeComponent < CBitrixComponent::includeComponent < CAllMain::IncludeComponent < include_once
	/var/www/u0095419/data/www/itprom.ru/bitrix/modules/main/classes/general/component.php:535
	/var/www/u0095419/data/www/itprom.ru/bitrix/modules/main/classes/general/component.php:578
	/var/www/u0095419/data/www/itprom.ru/bitrix/modules/main/classes/general/main.php:1050
	/var/www/u0095419/data/www/itprom.ru/catalog/index.php:347
	/var/www/u0095419/data/www/itprom.ru/bitrix/modules/main/include/urlrewrite.php:159
----------
Host: itprom.ru
Date: 2015-11-13 09:24:26
Module: composite
/var/www/u0095419/data/www/itprom.ru/bitrix/html_pages/itprom.ru/catalog/termoshkafi/series-tl/TL-6076210-150/index@.html.delete.1447395866.0329
    Bitrix\Main\Data\StaticHtmlCache::writeDebug < Bitrix\Main\Data\StaticHtmlCache::delete < Bitrix\Main\Page\Frame::processPageContent < Bitrix\Main\Page\Frame::endBuffering < CAllMain::EndBufferContent
	/var/www/u0095419/data/www/itprom.ru/bitrix/modules/main/lib/data/statichtmlcache.php:166
	/var/www/u0095419/data/www/itprom.ru/bitrix/modules/main/lib/page/frame.php:389
	/var/www/u0095419/data/www/itprom.ru/bitrix/modules/main/lib/page/frame.php:337
	/var/www/u0095419/data/www/itprom.ru/bitrix/modules/main/classes/general/main.php:3268
	/var/www/u0095419/data/www/itprom.ru/bitrix/modules/main/classes/general/main.php:3204
----------
Host: itprom.ru
Date: 2015-11-13 09:24:44
Module: 
element
    include < CBitrixComponent::__includeComponent < CBitrixComponent::includeComponent < CAllMain::IncludeComponent < include_once
	/var/www/u0095419/data/www/itprom.ru/bitrix/modules/main/classes/general/component.php:535
	/var/www/u0095419/data/www/itprom.ru/bitrix/modules/main/classes/general/component.php:578
	/var/www/u0095419/data/www/itprom.ru/bitrix/modules/main/classes/general/main.php:1050
	/var/www/u0095419/data/www/itprom.ru/catalog/index.php:347
	/var/www/u0095419/data/www/itprom.ru/bitrix/modules/main/include/urlrewrite.php:159
----------
Host: itprom.ru
Date: 2015-11-13 09:24:44
Module: composite
/var/www/u0095419/data/www/itprom.ru/bitrix/html_pages/itprom.ru/catalog/termoshkafi/seriesib/IB-6565250-250/index@.html.delete.1447395884.5662
    Bitrix\Main\Data\StaticHtmlCache::writeDebug < Bitrix\Main\Data\StaticHtmlCache::delete < Bitrix\Main\Page\Frame::processPageContent < Bitrix\Main\Page\Frame::endBuffering < CAllMain::EndBufferContent
	/var/www/u0095419/data/www/itprom.ru/bitrix/modules/main/lib/data/statichtmlcache.php:166
	/var/www/u0095419/data/www/itprom.ru/bitrix/modules/main/lib/page/frame.php:389
	/var/www/u0095419/data/www/itprom.ru/bitrix/modules/main/lib/page/frame.php:337
	/var/www/u0095419/data/www/itprom.ru/bitrix/modules/main/classes/general/main.php:3268
	/var/www/u0095419/data/www/itprom.ru/bitrix/modules/main/classes/general/main.php:3204
----------
Host: itprom.ru
Date: 2015-11-13 09:42:42
Module: 
section
    include < CBitrixComponent::__includeComponent < CBitrixComponent::includeComponent < CAllMain::IncludeComponent < include_once
	/var/www/u0095419/data/www/itprom.ru/bitrix/modules/main/classes/general/component.php:535
	/var/www/u0095419/data/www/itprom.ru/bitrix/modules/main/classes/general/component.php:578
	/var/www/u0095419/data/www/itprom.ru/bitrix/modules/main/classes/general/main.php:1050
	/var/www/u0095419/data/www/itprom.ru/catalog/index.php:347
	/var/www/u0095419/data/www/itprom.ru/bitrix/modules/main/include/urlrewrite.php:159
----------
Host: itprom.ru
Date: 2015-11-13 10:06:29
Module: 
section
    include < CBitrixComponent::__includeComponent < CBitrixComponent::includeComponent < CAllMain::IncludeComponent < include_once
	/var/www/u0095419/data/www/itprom.ru/bitrix/modules/main/classes/general/component.php:535
	/var/www/u0095419/data/www/itprom.ru/bitrix/modules/main/classes/general/component.php:578
	/var/www/u0095419/data/www/itprom.ru/bitrix/modules/main/classes/general/main.php:1050
	/var/www/u0095419/data/www/itprom.ru/catalog/index.php:347
	/var/www/u0095419/data/www/itprom.ru/bitrix/modules/main/include/urlrewrite.php:159
----------
Host: itprom.ru
Date: 2015-11-13 10:07:07
Module: 
section
    include < CBitrixComponent::__includeComponent < CBitrixComponent::includeComponent < CAllMain::IncludeComponent < include_once
	/var/www/u0095419/data/www/itprom.ru/bitrix/modules/main/classes/general/component.php:535
	/var/www/u0095419/data/www/itprom.ru/bitrix/modules/main/classes/general/component.php:578
	/var/www/u0095419/data/www/itprom.ru/bitrix/modules/main/classes/general/main.php:1050
	/var/www/u0095419/data/www/itprom.ru/catalog/index.php:347
	/var/www/u0095419/data/www/itprom.ru/bitrix/modules/main/include/urlrewrite.php:159
----------
Host: itprom.ru
Date: 2015-11-13 10:07:08
Module: composite
/var/www/u0095419/data/www/itprom.ru/bitrix/html_pages/itprom.ru/catalog/aksessuary-dlya-termoshkafov/polki-konsolnye/index@.html.delete.1447398428.9608
    Bitrix\Main\Data\StaticHtmlCache::writeDebug < Bitrix\Main\Data\StaticHtmlCache::delete < Bitrix\Main\Page\Frame::processPageContent < Bitrix\Main\Page\Frame::endBuffering < CAllMain::EndBufferContent
	/var/www/u0095419/data/www/itprom.ru/bitrix/modules/main/lib/data/statichtmlcache.php:166
	/var/www/u0095419/data/www/itprom.ru/bitrix/modules/main/lib/page/frame.php:389
	/var/www/u0095419/data/www/itprom.ru/bitrix/modules/main/lib/page/frame.php:337
	/var/www/u0095419/data/www/itprom.ru/bitrix/modules/main/classes/general/main.php:3268
	/var/www/u0095419/data/www/itprom.ru/bitrix/modules/main/classes/general/main.php:3204
----------
Host: itprom.ru
Date: 2015-11-13 11:44:24
Module: 
section
    include < CBitrixComponent::__includeComponent < CBitrixComponent::includeComponent < CAllMain::IncludeComponent < include_once
	/var/www/u0095419/data/www/itprom.ru/bitrix/modules/main/classes/general/component.php:535
	/var/www/u0095419/data/www/itprom.ru/bitrix/modules/main/classes/general/component.php:578
	/var/www/u0095419/data/www/itprom.ru/bitrix/modules/main/classes/general/main.php:1050
	/var/www/u0095419/data/www/itprom.ru/catalog/index.php:347
	/var/www/u0095419/data/www/itprom.ru/bitrix/modules/main/include/urlrewrite.php:159
----------
Host: itprom.ru
Date: 2015-11-13 11:44:26
Module: composite
/var/www/u0095419/data/www/itprom.ru/bitrix/html_pages/itprom.ru/catalog/termoshkafi/series-tl/index@.html.delete.1447404266.0668
    Bitrix\Main\Data\StaticHtmlCache::writeDebug < Bitrix\Main\Data\StaticHtmlCache::delete < Bitrix\Main\Page\Frame::processPageContent < Bitrix\Main\Page\Frame::endBuffering < CAllMain::EndBufferContent
	/var/www/u0095419/data/www/itprom.ru/bitrix/modules/main/lib/data/statichtmlcache.php:166
	/var/www/u0095419/data/www/itprom.ru/bitrix/modules/main/lib/page/frame.php:389
	/var/www/u0095419/data/www/itprom.ru/bitrix/modules/main/lib/page/frame.php:337
	/var/www/u0095419/data/www/itprom.ru/bitrix/modules/main/classes/general/main.php:3268
	/var/www/u0095419/data/www/itprom.ru/bitrix/modules/main/classes/general/main.php:3204
----------
Host: itprom.ru
Date: 2015-11-13 11:44:41
Module: Composite was rejected
Reason: /bitrix/templates/webfly_san/components/bitrix/search.page/searchResults/template.php
Request URI: /search/index.php?q=tl-8010030
Script: /search/index.php
    Bitrix\Main\Data\StaticHtmlCache::applyComponentFrameMode < CBitrixComponentTemplate::__IncludePHPTemplate < CBitrixComponentTemplate::IncludeTemplate < CBitrixComponent::showComponentTemplate < include
	/var/www/u0095419/data/www/itprom.ru/bitrix/modules/main/classes/general/component_template.php:719
	/var/www/u0095419/data/www/itprom.ru/bitrix/modules/main/classes/general/component_template.php:800
	/var/www/u0095419/data/www/itprom.ru/bitrix/modules/main/classes/general/component.php:657
	/var/www/u0095419/data/www/itprom.ru/bitrix/components/bitrix/search.page/component.php:393
	/var/www/u0095419/data/www/itprom.ru/bitrix/modules/main/classes/general/component.php:535
----------
Host: itprom.ru
Date: 2015-11-13 11:44:41
Module: Composite was rejected
Reason: bitrix:search.page
Request URI: /search/index.php?q=tl-8010030
Script: /search/index.php
    Bitrix\Main\Data\StaticHtmlCache::applyComponentFrameMode < CBitrixComponent::includeComponent < CAllMain::IncludeComponent
	/var/www/u0095419/data/www/itprom.ru/bitrix/modules/main/classes/general/component.php:584
	/var/www/u0095419/data/www/itprom.ru/bitrix/modules/main/classes/general/main.php:1050
	/var/www/u0095419/data/www/itprom.ru/search/index.php:61
----------
Host: itprom.ru
Date: 2015-11-13 11:44:55
Module: 
element
    include < CBitrixComponent::__includeComponent < CBitrixComponent::includeComponent < CAllMain::IncludeComponent < include_once
	/var/www/u0095419/data/www/itprom.ru/bitrix/modules/main/classes/general/component.php:535
	/var/www/u0095419/data/www/itprom.ru/bitrix/modules/main/classes/general/component.php:578
	/var/www/u0095419/data/www/itprom.ru/bitrix/modules/main/classes/general/main.php:1050
	/var/www/u0095419/data/www/itprom.ru/catalog/index.php:347
	/var/www/u0095419/data/www/itprom.ru/bitrix/modules/main/include/urlrewrite.php:159
----------
Host: itprom.ru
Date: 2015-11-13 11:45:17
Module: 
section
    include < CBitrixComponent::__includeComponent < CBitrixComponent::includeComponent < CAllMain::IncludeComponent < include_once
	/var/www/u0095419/data/www/itprom.ru/bitrix/modules/main/classes/general/component.php:535
	/var/www/u0095419/data/www/itprom.ru/bitrix/modules/main/classes/general/component.php:578
	/var/www/u0095419/data/www/itprom.ru/bitrix/modules/main/classes/general/main.php:1050
	/var/www/u0095419/data/www/itprom.ru/catalog/index.php:347
	/var/www/u0095419/data/www/itprom.ru/bitrix/modules/main/include/urlrewrite.php:159
----------
Host: itprom.ru
Date: 2015-11-13 11:45:33
Module: Composite was rejected
Reason: /bitrix/templates/webfly_san/components/bitrix/search.page/searchResults/template.php
Request URI: /search/index.php?q=8010030
Script: /search/index.php
    Bitrix\Main\Data\StaticHtmlCache::applyComponentFrameMode < CBitrixComponentTemplate::__IncludePHPTemplate < CBitrixComponentTemplate::IncludeTemplate < CBitrixComponent::showComponentTemplate < include
	/var/www/u0095419/data/www/itprom.ru/bitrix/modules/main/classes/general/component_template.php:719
	/var/www/u0095419/data/www/itprom.ru/bitrix/modules/main/classes/general/component_template.php:800
	/var/www/u0095419/data/www/itprom.ru/bitrix/modules/main/classes/general/component.php:657
	/var/www/u0095419/data/www/itprom.ru/bitrix/components/bitrix/search.page/component.php:393
	/var/www/u0095419/data/www/itprom.ru/bitrix/modules/main/classes/general/component.php:535
----------
Host: itprom.ru
Date: 2015-11-13 11:45:33
Module: Composite was rejected
Reason: bitrix:search.page
Request URI: /search/index.php?q=8010030
Script: /search/index.php
    Bitrix\Main\Data\StaticHtmlCache::applyComponentFrameMode < CBitrixComponent::includeComponent < CAllMain::IncludeComponent
	/var/www/u0095419/data/www/itprom.ru/bitrix/modules/main/classes/general/component.php:584
	/var/www/u0095419/data/www/itprom.ru/bitrix/modules/main/classes/general/main.php:1050
	/var/www/u0095419/data/www/itprom.ru/search/index.php:61
----------
Host: itprom.ru
Date: 2015-11-13 12:28:23
Module: 
section
    include < CBitrixComponent::__includeComponent < CBitrixComponent::includeComponent < CAllMain::IncludeComponent < include_once
	/var/www/u0095419/data/www/itprom.ru/bitrix/modules/main/classes/general/component.php:535
	/var/www/u0095419/data/www/itprom.ru/bitrix/modules/main/classes/general/component.php:578
	/var/www/u0095419/data/www/itprom.ru/bitrix/modules/main/classes/general/main.php:1050
	/var/www/u0095419/data/www/itprom.ru/catalog/index.php:347
	/var/www/u0095419/data/www/itprom.ru/bitrix/modules/main/include/urlrewrite.php:159
----------
Host: itprom.ru
Date: 2015-11-13 12:29:48
Module: 
section
    include < CBitrixComponent::__includeComponent < CBitrixComponent::includeComponent < CAllMain::IncludeComponent < include_once
	/var/www/u0095419/data/www/itprom.ru/bitrix/modules/main/classes/general/component.php:535
	/var/www/u0095419/data/www/itprom.ru/bitrix/modules/main/classes/general/component.php:578
	/var/www/u0095419/data/www/itprom.ru/bitrix/modules/main/classes/general/main.php:1050
	/var/www/u0095419/data/www/itprom.ru/catalog/index.php:347
	/var/www/u0095419/data/www/itprom.ru/bitrix/modules/main/include/urlrewrite.php:159
----------
Host: itprom.ru
Date: 2015-11-13 12:30:08
Module: 
element
    include < CBitrixComponent::__includeComponent < CBitrixComponent::includeComponent < CAllMain::IncludeComponent < include_once
	/var/www/u0095419/data/www/itprom.ru/bitrix/modules/main/classes/general/component.php:535
	/var/www/u0095419/data/www/itprom.ru/bitrix/modules/main/classes/general/component.php:578
	/var/www/u0095419/data/www/itprom.ru/bitrix/modules/main/classes/general/main.php:1050
	/var/www/u0095419/data/www/itprom.ru/catalog/index.php:347
	/var/www/u0095419/data/www/itprom.ru/bitrix/modules/main/include/urlrewrite.php:159
----------
Host: itprom.ru
Date: 2015-11-13 12:30:09
Module: composite
/var/www/u0095419/data/www/itprom.ru/bitrix/html_pages/itprom.ru/catalog/termoshkafi/series-t/T-3830210-45/index@.html.delete.1447407009.2571
    Bitrix\Main\Data\StaticHtmlCache::writeDebug < Bitrix\Main\Data\StaticHtmlCache::delete < Bitrix\Main\Page\Frame::processPageContent < Bitrix\Main\Page\Frame::endBuffering < CAllMain::EndBufferContent
	/var/www/u0095419/data/www/itprom.ru/bitrix/modules/main/lib/data/statichtmlcache.php:166
	/var/www/u0095419/data/www/itprom.ru/bitrix/modules/main/lib/page/frame.php:389
	/var/www/u0095419/data/www/itprom.ru/bitrix/modules/main/lib/page/frame.php:337
	/var/www/u0095419/data/www/itprom.ru/bitrix/modules/main/classes/general/main.php:3268
	/var/www/u0095419/data/www/itprom.ru/bitrix/modules/main/classes/general/main.php:3204
----------
Host: itprom.ru
Date: 2015-11-13 12:31:21
Module: 
section
    include < CBitrixComponent::__includeComponent < CBitrixComponent::includeComponent < CAllMain::IncludeComponent < include_once
	/var/www/u0095419/data/www/itprom.ru/bitrix/modules/main/classes/general/component.php:535
	/var/www/u0095419/data/www/itprom.ru/bitrix/modules/main/classes/general/component.php:578
	/var/www/u0095419/data/www/itprom.ru/bitrix/modules/main/classes/general/main.php:1050
	/var/www/u0095419/data/www/itprom.ru/catalog/index.php:347
	/var/www/u0095419/data/www/itprom.ru/bitrix/modules/main/include/urlrewrite.php:159
----------
Host: itprom.ru
Date: 2015-11-13 12:31:41
Module: 
element
    include < CBitrixComponent::__includeComponent < CBitrixComponent::includeComponent < CAllMain::IncludeComponent < include_once
	/var/www/u0095419/data/www/itprom.ru/bitrix/modules/main/classes/general/component.php:535
	/var/www/u0095419/data/www/itprom.ru/bitrix/modules/main/classes/general/component.php:578
	/var/www/u0095419/data/www/itprom.ru/bitrix/modules/main/classes/general/main.php:1050
	/var/www/u0095419/data/www/itprom.ru/catalog/index.php:347
	/var/www/u0095419/data/www/itprom.ru/bitrix/modules/main/include/urlrewrite.php:159
----------
Host: itprom.ru
Date: 2015-11-13 12:31:42
Module: composite
/var/www/u0095419/data/www/itprom.ru/bitrix/html_pages/itprom.ru/catalog/termoshkafi/series-t/T-6060200-150/index@.html.delete.1447407102.1007
    Bitrix\Main\Data\StaticHtmlCache::writeDebug < Bitrix\Main\Data\StaticHtmlCache::delete < Bitrix\Main\Page\Frame::processPageContent < Bitrix\Main\Page\Frame::endBuffering < CAllMain::EndBufferContent
	/var/www/u0095419/data/www/itprom.ru/bitrix/modules/main/lib/data/statichtmlcache.php:166
	/var/www/u0095419/data/www/itprom.ru/bitrix/modules/main/lib/page/frame.php:389
	/var/www/u0095419/data/www/itprom.ru/bitrix/modules/main/lib/page/frame.php:337
	/var/www/u0095419/data/www/itprom.ru/bitrix/modules/main/classes/general/main.php:3268
	/var/www/u0095419/data/www/itprom.ru/bitrix/modules/main/classes/general/main.php:3204
----------
Host: itprom.ru
Date: 2015-11-13 12:33:27
Module: 
section
    include < CBitrixComponent::__includeComponent < CBitrixComponent::includeComponent < CAllMain::IncludeComponent < include_once
	/var/www/u0095419/data/www/itprom.ru/bitrix/modules/main/classes/general/component.php:535
	/var/www/u0095419/data/www/itprom.ru/bitrix/modules/main/classes/general/component.php:578
	/var/www/u0095419/data/www/itprom.ru/bitrix/modules/main/classes/general/main.php:1050
	/var/www/u0095419/data/www/itprom.ru/catalog/index.php:347
	/var/www/u0095419/data/www/itprom.ru/bitrix/modules/main/include/urlrewrite.php:159
----------
Host: itprom.ru
Date: 2015-11-13 12:33:36
Module: 
element
    include < CBitrixComponent::__includeComponent < CBitrixComponent::includeComponent < CAllMain::IncludeComponent < include_once
	/var/www/u0095419/data/www/itprom.ru/bitrix/modules/main/classes/general/component.php:535
	/var/www/u0095419/data/www/itprom.ru/bitrix/modules/main/classes/general/component.php:578
	/var/www/u0095419/data/www/itprom.ru/bitrix/modules/main/classes/general/main.php:1050
	/var/www/u0095419/data/www/itprom.ru/catalog/index.php:347
	/var/www/u0095419/data/www/itprom.ru/bitrix/modules/main/include/urlrewrite.php:159
----------
Host: itprom.ru
Date: 2015-11-13 12:33:36
Module: composite
/var/www/u0095419/data/www/itprom.ru/bitrix/html_pages/itprom.ru/catalog/termoshkafi/series-t/T-6060200-150/index@.html.delete.1447407216.2133
    Bitrix\Main\Data\StaticHtmlCache::writeDebug < Bitrix\Main\Data\StaticHtmlCache::delete < Bitrix\Main\Page\Frame::processPageContent < Bitrix\Main\Page\Frame::endBuffering < CAllMain::EndBufferContent
	/var/www/u0095419/data/www/itprom.ru/bitrix/modules/main/lib/data/statichtmlcache.php:166
	/var/www/u0095419/data/www/itprom.ru/bitrix/modules/main/lib/page/frame.php:389
	/var/www/u0095419/data/www/itprom.ru/bitrix/modules/main/lib/page/frame.php:337
	/var/www/u0095419/data/www/itprom.ru/bitrix/modules/main/classes/general/main.php:3268
	/var/www/u0095419/data/www/itprom.ru/bitrix/modules/main/classes/general/main.php:3204
----------
Host: itprom.ru
Date: 2015-11-13 12:34:01
Module: Composite was rejected
Reason: /bitrix/templates/webfly_san/components/bitrix/search.page/searchResults/template.php
Request URI: /search/index.php?q=%D0%A2%D0%A8-1
Script: /search/index.php
    Bitrix\Main\Data\StaticHtmlCache::applyComponentFrameMode < CBitrixComponentTemplate::__IncludePHPTemplate < CBitrixComponentTemplate::IncludeTemplate < CBitrixComponent::showComponentTemplate < include
	/var/www/u0095419/data/www/itprom.ru/bitrix/modules/main/classes/general/component_template.php:719
	/var/www/u0095419/data/www/itprom.ru/bitrix/modules/main/classes/general/component_template.php:800
	/var/www/u0095419/data/www/itprom.ru/bitrix/modules/main/classes/general/component.php:657
	/var/www/u0095419/data/www/itprom.ru/bitrix/components/bitrix/search.page/component.php:393
	/var/www/u0095419/data/www/itprom.ru/bitrix/modules/main/classes/general/component.php:535
----------
Host: itprom.ru
Date: 2015-11-13 12:34:01
Module: Composite was rejected
Reason: bitrix:search.page
Request URI: /search/index.php?q=%D0%A2%D0%A8-1
Script: /search/index.php
    Bitrix\Main\Data\StaticHtmlCache::applyComponentFrameMode < CBitrixComponent::includeComponent < CAllMain::IncludeComponent
	/var/www/u0095419/data/www/itprom.ru/bitrix/modules/main/classes/general/component.php:584
	/var/www/u0095419/data/www/itprom.ru/bitrix/modules/main/classes/general/main.php:1050
	/var/www/u0095419/data/www/itprom.ru/search/index.php:61
----------
Host: itprom.ru
Date: 2015-11-13 12:34:12
Module: 
element
    include < CBitrixComponent::__includeComponent < CBitrixComponent::includeComponent < CAllMain::IncludeComponent < include_once
	/var/www/u0095419/data/www/itprom.ru/bitrix/modules/main/classes/general/component.php:535
	/var/www/u0095419/data/www/itprom.ru/bitrix/modules/main/classes/general/component.php:578
	/var/www/u0095419/data/www/itprom.ru/bitrix/modules/main/classes/general/main.php:1050
	/var/www/u0095419/data/www/itprom.ru/catalog/index.php:347
	/var/www/u0095419/data/www/itprom.ru/bitrix/modules/main/include/urlrewrite.php:159
----------
Host: itprom.ru
Date: 2015-11-13 12:38:04
Module: 
section
    include < CBitrixComponent::__includeComponent < CBitrixComponent::includeComponent < CAllMain::IncludeComponent < include_once
	/var/www/u0095419/data/www/itprom.ru/bitrix/modules/main/classes/general/component.php:535
	/var/www/u0095419/data/www/itprom.ru/bitrix/modules/main/classes/general/component.php:578
	/var/www/u0095419/data/www/itprom.ru/bitrix/modules/main/classes/general/main.php:1050
	/var/www/u0095419/data/www/itprom.ru/catalog/index.php:347
	/var/www/u0095419/data/www/itprom.ru/bitrix/modules/main/include/urlrewrite.php:159
----------
Host: itprom.ru
Date: 2015-11-13 12:38:07
Module: 
section
    include < CBitrixComponent::__includeComponent < CBitrixComponent::includeComponent < CAllMain::IncludeComponent < include_once
	/var/www/u0095419/data/www/itprom.ru/bitrix/modules/main/classes/general/component.php:535
	/var/www/u0095419/data/www/itprom.ru/bitrix/modules/main/classes/general/component.php:578
	/var/www/u0095419/data/www/itprom.ru/bitrix/modules/main/classes/general/main.php:1050
	/var/www/u0095419/data/www/itprom.ru/catalog/index.php:347
	/var/www/u0095419/data/www/itprom.ru/bitrix/modules/main/include/urlrewrite.php:159
----------
Host: itprom.ru
Date: 2015-11-13 12:38:24
Module: 
section
    include < CBitrixComponent::__includeComponent < CBitrixComponent::includeComponent < CAllMain::IncludeComponent < include_once
	/var/www/u0095419/data/www/itprom.ru/bitrix/modules/main/classes/general/component.php:535
	/var/www/u0095419/data/www/itprom.ru/bitrix/modules/main/classes/general/component.php:578
	/var/www/u0095419/data/www/itprom.ru/bitrix/modules/main/classes/general/main.php:1050
	/var/www/u0095419/data/www/itprom.ru/catalog/index.php:347
	/var/www/u0095419/data/www/itprom.ru/bitrix/modules/main/include/urlrewrite.php:159
----------
Host: itprom.ru
Date: 2015-11-13 12:38:25
Module: composite
RestartBuffer method was invoked
Request URI: /catalog/termoshkafi/series-t/?PAGEN_1=2&ajaxw=Y
Script: /catalog/index.php
    Bitrix\Main\Page\Frame::onBeforeRestartBuffer < call_user_func_array < ExecuteModuleEventEx < CAllMain::RestartBuffer < include
	/var/www/u0095419/data/www/itprom.ru/bitrix/modules/main/classes/general/module.php:475
	/var/www/u0095419/data/www/itprom.ru/bitrix/modules/main/classes/general/main.php:3187
	/var/www/u0095419/data/www/itprom.ru/bitrix/templates/webfly_san/components/bitrix/catalog/santech1_5/bitrix/catalog.section/tiles/template.php:88
	/var/www/u0095419/data/www/itprom.ru/bitrix/modules/main/classes/general/component_template.php:708
----------
Host: itprom.ru
Date: 2015-11-13 12:38:36
Module: 
element
    include < CBitrixComponent::__includeComponent < CBitrixComponent::includeComponent < CAllMain::IncludeComponent < include_once
	/var/www/u0095419/data/www/itprom.ru/bitrix/modules/main/classes/general/component.php:535
	/var/www/u0095419/data/www/itprom.ru/bitrix/modules/main/classes/general/component.php:578
	/var/www/u0095419/data/www/itprom.ru/bitrix/modules/main/classes/general/main.php:1050
	/var/www/u0095419/data/www/itprom.ru/catalog/index.php:347
	/var/www/u0095419/data/www/itprom.ru/bitrix/modules/main/include/urlrewrite.php:159
----------
Host: itprom.ru
Date: 2015-11-13 12:38:37
Module: composite
/var/www/u0095419/data/www/itprom.ru/bitrix/html_pages/itprom.ru/catalog/termoshkafi/series-t/T-6060210-150/index@.html.delete.1447407517.2118
    Bitrix\Main\Data\StaticHtmlCache::writeDebug < Bitrix\Main\Data\StaticHtmlCache::delete < Bitrix\Main\Page\Frame::processPageContent < Bitrix\Main\Page\Frame::endBuffering < CAllMain::EndBufferContent
	/var/www/u0095419/data/www/itprom.ru/bitrix/modules/main/lib/data/statichtmlcache.php:166
	/var/www/u0095419/data/www/itprom.ru/bitrix/modules/main/lib/page/frame.php:389
	/var/www/u0095419/data/www/itprom.ru/bitrix/modules/main/lib/page/frame.php:337
	/var/www/u0095419/data/www/itprom.ru/bitrix/modules/main/classes/general/main.php:3268
	/var/www/u0095419/data/www/itprom.ru/bitrix/modules/main/classes/general/main.php:3204
----------
Host: itprom.ru
Date: 2015-11-13 12:51:05
Module: 
section
    include < CBitrixComponent::__includeComponent < CBitrixComponent::includeComponent < CAllMain::IncludeComponent < include_once
	/var/www/u0095419/data/www/itprom.ru/bitrix/modules/main/classes/general/component.php:535
	/var/www/u0095419/data/www/itprom.ru/bitrix/modules/main/classes/general/component.php:578
	/var/www/u0095419/data/www/itprom.ru/bitrix/modules/main/classes/general/main.php:1050
	/var/www/u0095419/data/www/itprom.ru/catalog/index.php:347
	/var/www/u0095419/data/www/itprom.ru/bitrix/modules/main/include/urlrewrite.php:159
----------
Host: itprom.ru
Date: 2015-11-13 12:51:12
Module: Composite was rejected
Reason: /bitrix/templates/webfly_san/components/bitrix/search.page/searchResults/template.php
Request URI: /search/index.php?q=606021
Script: /search/index.php
    Bitrix\Main\Data\StaticHtmlCache::applyComponentFrameMode < CBitrixComponentTemplate::__IncludePHPTemplate < CBitrixComponentTemplate::IncludeTemplate < CBitrixComponent::showComponentTemplate < include
	/var/www/u0095419/data/www/itprom.ru/bitrix/modules/main/classes/general/component_template.php:719
	/var/www/u0095419/data/www/itprom.ru/bitrix/modules/main/classes/general/component_template.php:800
	/var/www/u0095419/data/www/itprom.ru/bitrix/modules/main/classes/general/component.php:657
	/var/www/u0095419/data/www/itprom.ru/bitrix/components/bitrix/search.page/component.php:393
	/var/www/u0095419/data/www/itprom.ru/bitrix/modules/main/classes/general/component.php:535
----------
Host: itprom.ru
Date: 2015-11-13 12:51:12
Module: Composite was rejected
Reason: bitrix:search.page
Request URI: /search/index.php?q=606021
Script: /search/index.php
    Bitrix\Main\Data\StaticHtmlCache::applyComponentFrameMode < CBitrixComponent::includeComponent < CAllMain::IncludeComponent
	/var/www/u0095419/data/www/itprom.ru/bitrix/modules/main/classes/general/component.php:584
	/var/www/u0095419/data/www/itprom.ru/bitrix/modules/main/classes/general/main.php:1050
	/var/www/u0095419/data/www/itprom.ru/search/index.php:61
----------
Host: itprom.ru
Date: 2015-11-13 12:51:34
Module: 
element
    include < CBitrixComponent::__includeComponent < CBitrixComponent::includeComponent < CAllMain::IncludeComponent < include_once
	/var/www/u0095419/data/www/itprom.ru/bitrix/modules/main/classes/general/component.php:535
	/var/www/u0095419/data/www/itprom.ru/bitrix/modules/main/classes/general/component.php:578
	/var/www/u0095419/data/www/itprom.ru/bitrix/modules/main/classes/general/main.php:1050
	/var/www/u0095419/data/www/itprom.ru/catalog/index.php:347
	/var/www/u0095419/data/www/itprom.ru/bitrix/modules/main/include/urlrewrite.php:159
----------
Host: itprom.ru
Date: 2015-11-13 13:01:12
Module: Composite was rejected
Reason: (from component cache) /bitrix/templates/webfly_san/components/bitrix/news/blog/bitrix/news.detail/.default/template.php
Request URI: /sales/printer-markirovshchik-v-podarok/
Script: /sales/index.php
    Bitrix\Main\Data\StaticHtmlCache::applyComponentFrameMode < CBitrixComponent::startResultCache < include < CBitrixComponent::__includeComponent < CBitrixComponent::includeComponent
	/var/www/u0095419/data/www/itprom.ru/bitrix/modules/main/classes/general/component.php:831
	/var/www/u0095419/data/www/itprom.ru/bitrix/components/bitrix/news.detail/component.php:133
	/var/www/u0095419/data/www/itprom.ru/bitrix/modules/main/classes/general/component.php:535
	/var/www/u0095419/data/www/itprom.ru/bitrix/modules/main/classes/general/component.php:578
	/var/www/u0095419/data/www/itprom.ru/bitrix/modules/main/classes/general/main.php:1050
----------
Host: itprom.ru
Date: 2015-11-13 13:05:55
Module: 
element
    include < CBitrixComponent::__includeComponent < CBitrixComponent::includeComponent < CAllMain::IncludeComponent < include_once
	/var/www/u0095419/data/www/itprom.ru/bitrix/modules/main/classes/general/component.php:535
	/var/www/u0095419/data/www/itprom.ru/bitrix/modules/main/classes/general/component.php:578
	/var/www/u0095419/data/www/itprom.ru/bitrix/modules/main/classes/general/main.php:1050
	/var/www/u0095419/data/www/itprom.ru/catalog/index.php:347
	/var/www/u0095419/data/www/itprom.ru/bitrix/modules/main/include/urlrewrite.php:159
----------
Host: itprom.ru
Date: 2015-11-13 13:05:56
Module: composite
/var/www/u0095419/data/www/itprom.ru/bitrix/html_pages/itprom.ru/catalog/termoshkafi/series-vt/VT-6060210-150/index@sphrase_id=23.html.delete.1447409156.0375
    Bitrix\Main\Data\StaticHtmlCache::writeDebug < Bitrix\Main\Data\StaticHtmlCache::delete < Bitrix\Main\Page\Frame::processPageContent < Bitrix\Main\Page\Frame::endBuffering < CAllMain::EndBufferContent
	/var/www/u0095419/data/www/itprom.ru/bitrix/modules/main/lib/data/statichtmlcache.php:166
	/var/www/u0095419/data/www/itprom.ru/bitrix/modules/main/lib/page/frame.php:389
	/var/www/u0095419/data/www/itprom.ru/bitrix/modules/main/lib/page/frame.php:337
	/var/www/u0095419/data/www/itprom.ru/bitrix/modules/main/classes/general/main.php:3268
	/var/www/u0095419/data/www/itprom.ru/bitrix/modules/main/classes/general/main.php:3204
----------
Host: itprom.ru
Date: 2015-11-13 13:14:57
Module: 
element
    include < CBitrixComponent::__includeComponent < CBitrixComponent::includeComponent < CAllMain::IncludeComponent < include_once
	/var/www/u0095419/data/www/itprom.ru/bitrix/modules/main/classes/general/component.php:535
	/var/www/u0095419/data/www/itprom.ru/bitrix/modules/main/classes/general/component.php:578
	/var/www/u0095419/data/www/itprom.ru/bitrix/modules/main/classes/general/main.php:1050
	/var/www/u0095419/data/www/itprom.ru/catalog/index.php:347
	/var/www/u0095419/data/www/itprom.ru/bitrix/modules/main/include/urlrewrite.php:159
----------
Host: itprom.ru
Date: 2015-11-13 13:14:58
Module: composite
/var/www/u0095419/data/www/itprom.ru/bitrix/html_pages/itprom.ru/catalog/termoshkafi/VT-6060210-150/index@.html.delete.1447409698.4329
    Bitrix\Main\Data\StaticHtmlCache::writeDebug < Bitrix\Main\Data\StaticHtmlCache::delete < Bitrix\Main\Page\Frame::processPageContent < Bitrix\Main\Page\Frame::endBuffering < CAllMain::EndBufferContent
	/var/www/u0095419/data/www/itprom.ru/bitrix/modules/main/lib/data/statichtmlcache.php:166
	/var/www/u0095419/data/www/itprom.ru/bitrix/modules/main/lib/page/frame.php:389
	/var/www/u0095419/data/www/itprom.ru/bitrix/modules/main/lib/page/frame.php:337
	/var/www/u0095419/data/www/itprom.ru/bitrix/modules/main/classes/general/main.php:3268
	/var/www/u0095419/data/www/itprom.ru/bitrix/modules/main/classes/general/main.php:3204
----------
Host: itprom.ru
Date: 2015-11-13 13:15:34
Module: 
element
    include < CBitrixComponent::__includeComponent < CBitrixComponent::includeComponent < CAllMain::IncludeComponent < include_once
	/var/www/u0095419/data/www/itprom.ru/bitrix/modules/main/classes/general/component.php:535
	/var/www/u0095419/data/www/itprom.ru/bitrix/modules/main/classes/general/component.php:578
	/var/www/u0095419/data/www/itprom.ru/bitrix/modules/main/classes/general/main.php:1050
	/var/www/u0095419/data/www/itprom.ru/catalog/index.php:347
	/var/www/u0095419/data/www/itprom.ru/bitrix/modules/main/include/urlrewrite.php:159
----------
Host: itprom.ru
Date: 2015-11-13 13:15:34
Module: composite
/var/www/u0095419/data/www/itprom.ru/bitrix/html_pages/itprom.ru/catalog/termoshkafi/VT-6060210-150/index@.html.delete.1447409734.1351
    Bitrix\Main\Data\StaticHtmlCache::writeDebug < Bitrix\Main\Data\StaticHtmlCache::delete < Bitrix\Main\Page\Frame::processPageContent < Bitrix\Main\Page\Frame::endBuffering < CAllMain::EndBufferContent
	/var/www/u0095419/data/www/itprom.ru/bitrix/modules/main/lib/data/statichtmlcache.php:166
	/var/www/u0095419/data/www/itprom.ru/bitrix/modules/main/lib/page/frame.php:389
	/var/www/u0095419/data/www/itprom.ru/bitrix/modules/main/lib/page/frame.php:337
	/var/www/u0095419/data/www/itprom.ru/bitrix/modules/main/classes/general/main.php:3268
	/var/www/u0095419/data/www/itprom.ru/bitrix/modules/main/classes/general/main.php:3204
----------
Host: itprom.ru
Date: 2015-11-13 13:15:40
Module: 
section
    include < CBitrixComponent::__includeComponent < CBitrixComponent::includeComponent < CAllMain::IncludeComponent < include_once
	/var/www/u0095419/data/www/itprom.ru/bitrix/modules/main/classes/general/component.php:535
	/var/www/u0095419/data/www/itprom.ru/bitrix/modules/main/classes/general/component.php:578
	/var/www/u0095419/data/www/itprom.ru/bitrix/modules/main/classes/general/main.php:1050
	/var/www/u0095419/data/www/itprom.ru/catalog/index.php:347
	/var/www/u0095419/data/www/itprom.ru/bitrix/modules/main/include/urlrewrite.php:159
----------
Host: itprom.ru
Date: 2015-11-13 13:18:20
Module: 
element
    include < CBitrixComponent::__includeComponent < CBitrixComponent::includeComponent < CAllMain::IncludeComponent < include_once
	/var/www/u0095419/data/www/itprom.ru/bitrix/modules/main/classes/general/component.php:535
	/var/www/u0095419/data/www/itprom.ru/bitrix/modules/main/classes/general/component.php:578
	/var/www/u0095419/data/www/itprom.ru/bitrix/modules/main/classes/general/main.php:1050
	/var/www/u0095419/data/www/itprom.ru/catalog/index.php:347
	/var/www/u0095419/data/www/itprom.ru/bitrix/modules/main/include/urlrewrite.php:159
----------
Host: itprom.ru
Date: 2015-11-13 13:33:24
Module: Composite was rejected
Reason: /bitrix/templates/webfly_san/components/intsys/highloadblock.view/brand/template.php
Request URI: /brands/itprom/
Script: /brands/detail.php
    Bitrix\Main\Data\StaticHtmlCache::applyComponentFrameMode < CBitrixComponentTemplate::__IncludePHPTemplate < CBitrixComponentTemplate::IncludeTemplate < CBitrixComponent::showComponentTemplate < CBitrixComponent::includeComponentTemplate
	/var/www/u0095419/data/www/itprom.ru/bitrix/modules/main/classes/general/component_template.php:719
	/var/www/u0095419/data/www/itprom.ru/bitrix/modules/main/classes/general/component_template.php:800
	/var/www/u0095419/data/www/itprom.ru/bitrix/modules/main/classes/general/component.php:657
	/var/www/u0095419/data/www/itprom.ru/bitrix/modules/main/classes/general/component.php:605
	/var/www/u0095419/data/www/itprom.ru/bitrix/components/intsys/highloadblock.view/component.php:62
----------
Host: itprom.ru
Date: 2015-11-13 14:38:24
Module: 
section
    include < CBitrixComponent::__includeComponent < CBitrixComponent::includeComponent < CAllMain::IncludeComponent < include_once
	/var/www/u0095419/data/www/itprom.ru/bitrix/modules/main/classes/general/component.php:535
	/var/www/u0095419/data/www/itprom.ru/bitrix/modules/main/classes/general/component.php:578
	/var/www/u0095419/data/www/itprom.ru/bitrix/modules/main/classes/general/main.php:1050
	/var/www/u0095419/data/www/itprom.ru/catalog/index.php:347
	/var/www/u0095419/data/www/itprom.ru/bitrix/modules/main/include/urlrewrite.php:159
----------
Host: itprom.ru
Date: 2015-11-13 14:55:34
Module: composite
/var/www/u0095419/data/www/itprom.ru/bitrix/html_pages/itprom.ru/about/sertifikaty/index@.html.delete.1447415734.3935
    Bitrix\Main\Data\StaticHtmlCache::writeDebug < Bitrix\Main\Data\StaticHtmlCache::delete < Bitrix\Main\Page\Frame::processPageContent < Bitrix\Main\Page\Frame::endBuffering < CAllMain::EndBufferContent
	/var/www/u0095419/data/www/itprom.ru/bitrix/modules/main/lib/data/statichtmlcache.php:166
	/var/www/u0095419/data/www/itprom.ru/bitrix/modules/main/lib/page/frame.php:389
	/var/www/u0095419/data/www/itprom.ru/bitrix/modules/main/lib/page/frame.php:337
	/var/www/u0095419/data/www/itprom.ru/bitrix/modules/main/classes/general/main.php:3268
	/var/www/u0095419/data/www/itprom.ru/bitrix/modules/main/classes/general/main.php:3204
----------
Host: itprom.ru
Date: 2015-11-13 14:55:35
Module: composite
/var/www/u0095419/data/www/itprom.ru/bitrix/html_pages/itprom.ru/about/rekvizity/index@.html.delete.1447415735.1929
    Bitrix\Main\Data\StaticHtmlCache::writeDebug < Bitrix\Main\Data\StaticHtmlCache::delete < Bitrix\Main\Page\Frame::processPageContent < Bitrix\Main\Page\Frame::endBuffering < CAllMain::EndBufferContent
	/var/www/u0095419/data/www/itprom.ru/bitrix/modules/main/lib/data/statichtmlcache.php:166
	/var/www/u0095419/data/www/itprom.ru/bitrix/modules/main/lib/page/frame.php:389
	/var/www/u0095419/data/www/itprom.ru/bitrix/modules/main/lib/page/frame.php:337
	/var/www/u0095419/data/www/itprom.ru/bitrix/modules/main/classes/general/main.php:3268
	/var/www/u0095419/data/www/itprom.ru/bitrix/modules/main/classes/general/main.php:3204
----------
Host: itprom.ru
Date: 2015-11-13 14:56:34
Module: composite
/var/www/u0095419/data/www/itprom.ru/bitrix/html_pages/itprom.ru/about/faq/index@.html.delete.1447415794.2586
    Bitrix\Main\Data\StaticHtmlCache::writeDebug < Bitrix\Main\Data\StaticHtmlCache::delete < Bitrix\Main\Page\Frame::processPageContent < Bitrix\Main\Page\Frame::endBuffering < CAllMain::EndBufferContent
	/var/www/u0095419/data/www/itprom.ru/bitrix/modules/main/lib/data/statichtmlcache.php:166
	/var/www/u0095419/data/www/itprom.ru/bitrix/modules/main/lib/page/frame.php:389
	/var/www/u0095419/data/www/itprom.ru/bitrix/modules/main/lib/page/frame.php:337
	/var/www/u0095419/data/www/itprom.ru/bitrix/modules/main/classes/general/main.php:3268
	/var/www/u0095419/data/www/itprom.ru/bitrix/modules/main/classes/general/main.php:3204
----------
Host: itprom.ru
Date: 2015-11-13 14:56:38
Module: 
section
    include < CBitrixComponent::__includeComponent < CBitrixComponent::includeComponent < CAllMain::IncludeComponent < include_once
	/var/www/u0095419/data/www/itprom.ru/bitrix/modules/main/classes/general/component.php:535
	/var/www/u0095419/data/www/itprom.ru/bitrix/modules/main/classes/general/component.php:578
	/var/www/u0095419/data/www/itprom.ru/bitrix/modules/main/classes/general/main.php:1050
	/var/www/u0095419/data/www/itprom.ru/catalog/index.php:347
	/var/www/u0095419/data/www/itprom.ru/bitrix/modules/main/include/urlrewrite.php:159
----------
Host: itprom.ru
Date: 2015-11-13 14:56:53
Module: 
section
    include < CBitrixComponent::__includeComponent < CBitrixComponent::includeComponent < CAllMain::IncludeComponent < include_once
	/var/www/u0095419/data/www/itprom.ru/bitrix/modules/main/classes/general/component.php:535
	/var/www/u0095419/data/www/itprom.ru/bitrix/modules/main/classes/general/component.php:578
	/var/www/u0095419/data/www/itprom.ru/bitrix/modules/main/classes/general/main.php:1050
	/var/www/u0095419/data/www/itprom.ru/catalog/index.php:347
	/var/www/u0095419/data/www/itprom.ru/bitrix/modules/main/include/urlrewrite.php:159
----------
Host: itprom.ru
Date: 2015-11-13 14:57:08
Module: 
section
    include < CBitrixComponent::__includeComponent < CBitrixComponent::includeComponent < CAllMain::IncludeComponent < include_once
	/var/www/u0095419/data/www/itprom.ru/bitrix/modules/main/classes/general/component.php:535
	/var/www/u0095419/data/www/itprom.ru/bitrix/modules/main/classes/general/component.php:578
	/var/www/u0095419/data/www/itprom.ru/bitrix/modules/main/classes/general/main.php:1050
	/var/www/u0095419/data/www/itprom.ru/catalog/index.php:347
	/var/www/u0095419/data/www/itprom.ru/bitrix/modules/main/include/urlrewrite.php:159
----------
Host: itprom.ru
Date: 2015-11-13 14:57:12
Module: 
section
    include < CBitrixComponent::__includeComponent < CBitrixComponent::includeComponent < CAllMain::IncludeComponent < include_once
	/var/www/u0095419/data/www/itprom.ru/bitrix/modules/main/classes/general/component.php:535
	/var/www/u0095419/data/www/itprom.ru/bitrix/modules/main/classes/general/component.php:578
	/var/www/u0095419/data/www/itprom.ru/bitrix/modules/main/classes/general/main.php:1050
	/var/www/u0095419/data/www/itprom.ru/catalog/index.php:347
	/var/www/u0095419/data/www/itprom.ru/bitrix/modules/main/include/urlrewrite.php:159
----------
Host: itprom.ru
Date: 2015-11-13 14:57:13
Module: 
section
    include < CBitrixComponent::__includeComponent < CBitrixComponent::includeComponent < CAllMain::IncludeComponent < include_once
	/var/www/u0095419/data/www/itprom.ru/bitrix/modules/main/classes/general/component.php:535
	/var/www/u0095419/data/www/itprom.ru/bitrix/modules/main/classes/general/component.php:578
	/var/www/u0095419/data/www/itprom.ru/bitrix/modules/main/classes/general/main.php:1050
	/var/www/u0095419/data/www/itprom.ru/catalog/index.php:347
	/var/www/u0095419/data/www/itprom.ru/bitrix/modules/main/include/urlrewrite.php:159
----------
Host: itprom.ru
Date: 2015-11-13 14:57:18
Module: 
element
    include < CBitrixComponent::__includeComponent < CBitrixComponent::includeComponent < CAllMain::IncludeComponent < include_once
	/var/www/u0095419/data/www/itprom.ru/bitrix/modules/main/classes/general/component.php:535
	/var/www/u0095419/data/www/itprom.ru/bitrix/modules/main/classes/general/component.php:578
	/var/www/u0095419/data/www/itprom.ru/bitrix/modules/main/classes/general/main.php:1050
	/var/www/u0095419/data/www/itprom.ru/catalog/index.php:347
	/var/www/u0095419/data/www/itprom.ru/bitrix/modules/main/include/urlrewrite.php:159
----------
Host: itprom.ru
Date: 2015-11-13 14:57:19
Module: composite
/var/www/u0095419/data/www/itprom.ru/bitrix/html_pages/itprom.ru/catalog/termoshkafi/seriesib/IB-5070200-150/index@.html.delete.1447415839.211
    Bitrix\Main\Data\StaticHtmlCache::writeDebug < Bitrix\Main\Data\StaticHtmlCache::delete < Bitrix\Main\Page\Frame::processPageContent < Bitrix\Main\Page\Frame::endBuffering < CAllMain::EndBufferContent
	/var/www/u0095419/data/www/itprom.ru/bitrix/modules/main/lib/data/statichtmlcache.php:166
	/var/www/u0095419/data/www/itprom.ru/bitrix/modules/main/lib/page/frame.php:389
	/var/www/u0095419/data/www/itprom.ru/bitrix/modules/main/lib/page/frame.php:337
	/var/www/u0095419/data/www/itprom.ru/bitrix/modules/main/classes/general/main.php:3268
	/var/www/u0095419/data/www/itprom.ru/bitrix/modules/main/classes/general/main.php:3204
----------
Host: itprom.ru
Date: 2015-11-13 15:20:05
Module: 
element
    include < CBitrixComponent::__includeComponent < CBitrixComponent::includeComponent < CAllMain::IncludeComponent < include_once
	/var/www/u0095419/data/www/itprom.ru/bitrix/modules/main/classes/general/component.php:535
	/var/www/u0095419/data/www/itprom.ru/bitrix/modules/main/classes/general/component.php:578
	/var/www/u0095419/data/www/itprom.ru/bitrix/modules/main/classes/general/main.php:1050
	/var/www/u0095419/data/www/itprom.ru/catalog/index.php:347
	/var/www/u0095419/data/www/itprom.ru/bitrix/modules/main/include/urlrewrite.php:159
----------
Host: itprom.ru
Date: 2015-11-13 17:31:56
Module: 
section
    include < CBitrixComponent::__includeComponent < CBitrixComponent::includeComponent < CAllMain::IncludeComponent < include_once
	/var/www/u0095419/data/www/itprom.ru/bitrix/modules/main/classes/general/component.php:535
	/var/www/u0095419/data/www/itprom.ru/bitrix/modules/main/classes/general/component.php:578
	/var/www/u0095419/data/www/itprom.ru/bitrix/modules/main/classes/general/main.php:1050
	/var/www/u0095419/data/www/itprom.ru/catalog/index.php:347
	/var/www/u0095419/data/www/itprom.ru/bitrix/modules/main/include/urlrewrite.php:159
----------
Host: itprom.ru
Date: 2015-11-13 17:32:14
Module: 
section
    include < CBitrixComponent::__includeComponent < CBitrixComponent::includeComponent < CAllMain::IncludeComponent < include_once
	/var/www/u0095419/data/www/itprom.ru/bitrix/modules/main/classes/general/component.php:535
	/var/www/u0095419/data/www/itprom.ru/bitrix/modules/main/classes/general/component.php:578
	/var/www/u0095419/data/www/itprom.ru/bitrix/modules/main/classes/general/main.php:1050
	/var/www/u0095419/data/www/itprom.ru/catalog/index.php:347
	/var/www/u0095419/data/www/itprom.ru/bitrix/modules/main/include/urlrewrite.php:159
----------
Host: itprom.ru
Date: 2015-11-13 17:32:21
Module: 
section
    include < CBitrixComponent::__includeComponent < CBitrixComponent::includeComponent < CAllMain::IncludeComponent < include_once
	/var/www/u0095419/data/www/itprom.ru/bitrix/modules/main/classes/general/component.php:535
	/var/www/u0095419/data/www/itprom.ru/bitrix/modules/main/classes/general/component.php:578
	/var/www/u0095419/data/www/itprom.ru/bitrix/modules/main/classes/general/main.php:1050
	/var/www/u0095419/data/www/itprom.ru/catalog/index.php:347
	/var/www/u0095419/data/www/itprom.ru/bitrix/modules/main/include/urlrewrite.php:159
----------
Host: itprom.ru
Date: 2015-11-13 17:32:32
Module: 
section
    include < CBitrixComponent::__includeComponent < CBitrixComponent::includeComponent < CAllMain::IncludeComponent < include_once
	/var/www/u0095419/data/www/itprom.ru/bitrix/modules/main/classes/general/component.php:535
	/var/www/u0095419/data/www/itprom.ru/bitrix/modules/main/classes/general/component.php:578
	/var/www/u0095419/data/www/itprom.ru/bitrix/modules/main/classes/general/main.php:1050
	/var/www/u0095419/data/www/itprom.ru/catalog/index.php:347
	/var/www/u0095419/data/www/itprom.ru/bitrix/modules/main/include/urlrewrite.php:159
----------
Host: itprom.ru
Date: 2015-11-13 17:32:40
Module: 
section
    include < CBitrixComponent::__includeComponent < CBitrixComponent::includeComponent < CAllMain::IncludeComponent < include_once
	/var/www/u0095419/data/www/itprom.ru/bitrix/modules/main/classes/general/component.php:535
	/var/www/u0095419/data/www/itprom.ru/bitrix/modules/main/classes/general/component.php:578
	/var/www/u0095419/data/www/itprom.ru/bitrix/modules/main/classes/general/main.php:1050
	/var/www/u0095419/data/www/itprom.ru/catalog/index.php:347
	/var/www/u0095419/data/www/itprom.ru/bitrix/modules/main/include/urlrewrite.php:159
----------
Host: itprom.ru
Date: 2015-11-13 17:32:48
Module: 
section
    include < CBitrixComponent::__includeComponent < CBitrixComponent::includeComponent < CAllMain::IncludeComponent < include_once
	/var/www/u0095419/data/www/itprom.ru/bitrix/modules/main/classes/general/component.php:535
	/var/www/u0095419/data/www/itprom.ru/bitrix/modules/main/classes/general/component.php:578
	/var/www/u0095419/data/www/itprom.ru/bitrix/modules/main/classes/general/main.php:1050
	/var/www/u0095419/data/www/itprom.ru/catalog/index.php:347
	/var/www/u0095419/data/www/itprom.ru/bitrix/modules/main/include/urlrewrite.php:159
----------
Host: itprom.ru
Date: 2015-11-13 17:33:00
Module: 
section
    include < CBitrixComponent::__includeComponent < CBitrixComponent::includeComponent < CAllMain::IncludeComponent < include_once
	/var/www/u0095419/data/www/itprom.ru/bitrix/modules/main/classes/general/component.php:535
	/var/www/u0095419/data/www/itprom.ru/bitrix/modules/main/classes/general/component.php:578
	/var/www/u0095419/data/www/itprom.ru/bitrix/modules/main/classes/general/main.php:1050
	/var/www/u0095419/data/www/itprom.ru/catalog/index.php:347
	/var/www/u0095419/data/www/itprom.ru/bitrix/modules/main/include/urlrewrite.php:159
----------
Host: itprom.ru
Date: 2015-11-13 17:33:11
Module: 
section
    include < CBitrixComponent::__includeComponent < CBitrixComponent::includeComponent < CAllMain::IncludeComponent < include_once
	/var/www/u0095419/data/www/itprom.ru/bitrix/modules/main/classes/general/component.php:535
	/var/www/u0095419/data/www/itprom.ru/bitrix/modules/main/classes/general/component.php:578
	/var/www/u0095419/data/www/itprom.ru/bitrix/modules/main/classes/general/main.php:1050
	/var/www/u0095419/data/www/itprom.ru/catalog/index.php:347
	/var/www/u0095419/data/www/itprom.ru/bitrix/modules/main/include/urlrewrite.php:159
----------
Host: itprom.ru
Date: 2015-11-13 17:33:30
Module: 
section
    include < CBitrixComponent::__includeComponent < CBitrixComponent::includeComponent < CAllMain::IncludeComponent < include_once
	/var/www/u0095419/data/www/itprom.ru/bitrix/modules/main/classes/general/component.php:535
	/var/www/u0095419/data/www/itprom.ru/bitrix/modules/main/classes/general/component.php:578
	/var/www/u0095419/data/www/itprom.ru/bitrix/modules/main/classes/general/main.php:1050
	/var/www/u0095419/data/www/itprom.ru/catalog/index.php:347
	/var/www/u0095419/data/www/itprom.ru/bitrix/modules/main/include/urlrewrite.php:159
----------
Host: itprom.ru
Date: 2015-11-13 17:33:35
Module: 
section
    include < CBitrixComponent::__includeComponent < CBitrixComponent::includeComponent < CAllMain::IncludeComponent < include_once
	/var/www/u0095419/data/www/itprom.ru/bitrix/modules/main/classes/general/component.php:535
	/var/www/u0095419/data/www/itprom.ru/bitrix/modules/main/classes/general/component.php:578
	/var/www/u0095419/data/www/itprom.ru/bitrix/modules/main/classes/general/main.php:1050
	/var/www/u0095419/data/www/itprom.ru/catalog/index.php:347
	/var/www/u0095419/data/www/itprom.ru/bitrix/modules/main/include/urlrewrite.php:159
----------
Host: itprom.ru
Date: 2015-11-13 17:34:57
Module: 
section
    include < CBitrixComponent::__includeComponent < CBitrixComponent::includeComponent < CAllMain::IncludeComponent < include_once
	/var/www/u0095419/data/www/itprom.ru/bitrix/modules/main/classes/general/component.php:535
	/var/www/u0095419/data/www/itprom.ru/bitrix/modules/main/classes/general/component.php:578
	/var/www/u0095419/data/www/itprom.ru/bitrix/modules/main/classes/general/main.php:1050
	/var/www/u0095419/data/www/itprom.ru/catalog/index.php:347
	/var/www/u0095419/data/www/itprom.ru/bitrix/modules/main/include/urlrewrite.php:159
----------
Host: itprom.ru
Date: 2015-11-13 17:35:12
Module: 
section
    include < CBitrixComponent::__includeComponent < CBitrixComponent::includeComponent < CAllMain::IncludeComponent < include_once
	/var/www/u0095419/data/www/itprom.ru/bitrix/modules/main/classes/general/component.php:535
	/var/www/u0095419/data/www/itprom.ru/bitrix/modules/main/classes/general/component.php:578
	/var/www/u0095419/data/www/itprom.ru/bitrix/modules/main/classes/general/main.php:1050
	/var/www/u0095419/data/www/itprom.ru/catalog/index.php:347
	/var/www/u0095419/data/www/itprom.ru/bitrix/modules/main/include/urlrewrite.php:159
----------
Host: itprom.ru
Date: 2015-11-13 17:35:16
Module: 
section
    include < CBitrixComponent::__includeComponent < CBitrixComponent::includeComponent < CAllMain::IncludeComponent < include_once
	/var/www/u0095419/data/www/itprom.ru/bitrix/modules/main/classes/general/component.php:535
	/var/www/u0095419/data/www/itprom.ru/bitrix/modules/main/classes/general/component.php:578
	/var/www/u0095419/data/www/itprom.ru/bitrix/modules/main/classes/general/main.php:1050
	/var/www/u0095419/data/www/itprom.ru/catalog/index.php:347
	/var/www/u0095419/data/www/itprom.ru/bitrix/modules/main/include/urlrewrite.php:159
----------
Host: itprom.ru
Date: 2015-11-13 17:35:21
Module: 
section
    include < CBitrixComponent::__includeComponent < CBitrixComponent::includeComponent < CAllMain::IncludeComponent < include_once
	/var/www/u0095419/data/www/itprom.ru/bitrix/modules/main/classes/general/component.php:535
	/var/www/u0095419/data/www/itprom.ru/bitrix/modules/main/classes/general/component.php:578
	/var/www/u0095419/data/www/itprom.ru/bitrix/modules/main/classes/general/main.php:1050
	/var/www/u0095419/data/www/itprom.ru/catalog/index.php:347
	/var/www/u0095419/data/www/itprom.ru/bitrix/modules/main/include/urlrewrite.php:159
----------
Host: itprom.ru
Date: 2015-11-13 17:35:25
Module: 
section
    include < CBitrixComponent::__includeComponent < CBitrixComponent::includeComponent < CAllMain::IncludeComponent < include_once
	/var/www/u0095419/data/www/itprom.ru/bitrix/modules/main/classes/general/component.php:535
	/var/www/u0095419/data/www/itprom.ru/bitrix/modules/main/classes/general/component.php:578
	/var/www/u0095419/data/www/itprom.ru/bitrix/modules/main/classes/general/main.php:1050
	/var/www/u0095419/data/www/itprom.ru/catalog/index.php:347
	/var/www/u0095419/data/www/itprom.ru/bitrix/modules/main/include/urlrewrite.php:159
----------
Host: itprom.ru
Date: 2015-11-13 17:35:30
Module: 
section
    include < CBitrixComponent::__includeComponent < CBitrixComponent::includeComponent < CAllMain::IncludeComponent < include_once
	/var/www/u0095419/data/www/itprom.ru/bitrix/modules/main/classes/general/component.php:535
	/var/www/u0095419/data/www/itprom.ru/bitrix/modules/main/classes/general/component.php:578
	/var/www/u0095419/data/www/itprom.ru/bitrix/modules/main/classes/general/main.php:1050
	/var/www/u0095419/data/www/itprom.ru/catalog/index.php:347
	/var/www/u0095419/data/www/itprom.ru/bitrix/modules/main/include/urlrewrite.php:159
----------
Host: itprom.ru
Date: 2015-11-13 17:36:03
Module: 
section
    include < CBitrixComponent::__includeComponent < CBitrixComponent::includeComponent < CAllMain::IncludeComponent < include_once
	/var/www/u0095419/data/www/itprom.ru/bitrix/modules/main/classes/general/component.php:535
	/var/www/u0095419/data/www/itprom.ru/bitrix/modules/main/classes/general/component.php:578
	/var/www/u0095419/data/www/itprom.ru/bitrix/modules/main/classes/general/main.php:1050
	/var/www/u0095419/data/www/itprom.ru/catalog/index.php:347
	/var/www/u0095419/data/www/itprom.ru/bitrix/modules/main/include/urlrewrite.php:159
----------
Host: itprom.ru
Date: 2015-11-13 17:36:08
Module: 
section
    include < CBitrixComponent::__includeComponent < CBitrixComponent::includeComponent < CAllMain::IncludeComponent < include_once
	/var/www/u0095419/data/www/itprom.ru/bitrix/modules/main/classes/general/component.php:535
	/var/www/u0095419/data/www/itprom.ru/bitrix/modules/main/classes/general/component.php:578
	/var/www/u0095419/data/www/itprom.ru/bitrix/modules/main/classes/general/main.php:1050
	/var/www/u0095419/data/www/itprom.ru/catalog/index.php:347
	/var/www/u0095419/data/www/itprom.ru/bitrix/modules/main/include/urlrewrite.php:159
----------
Host: itprom.ru
Date: 2015-11-13 17:52:13
Module: 
section
    include < CBitrixComponent::__includeComponent < CBitrixComponent::includeComponent < CAllMain::IncludeComponent < include_once
	/var/www/u0095419/data/www/itprom.ru/bitrix/modules/main/classes/general/component.php:535
	/var/www/u0095419/data/www/itprom.ru/bitrix/modules/main/classes/general/component.php:578
	/var/www/u0095419/data/www/itprom.ru/bitrix/modules/main/classes/general/main.php:1050
	/var/www/u0095419/data/www/itprom.ru/catalog/index.php:347
	/var/www/u0095419/data/www/itprom.ru/bitrix/modules/main/include/urlrewrite.php:159
----------
Host: itprom.ru
Date: 2015-11-13 17:52:42
Module: 
section
    include < CBitrixComponent::__includeComponent < CBitrixComponent::includeComponent < CAllMain::IncludeComponent < include_once
	/var/www/u0095419/data/www/itprom.ru/bitrix/modules/main/classes/general/component.php:535
	/var/www/u0095419/data/www/itprom.ru/bitrix/modules/main/classes/general/component.php:578
	/var/www/u0095419/data/www/itprom.ru/bitrix/modules/main/classes/general/main.php:1050
	/var/www/u0095419/data/www/itprom.ru/catalog/index.php:347
	/var/www/u0095419/data/www/itprom.ru/bitrix/modules/main/include/urlrewrite.php:159
----------
Host: itprom.ru
Date: 2015-11-13 17:52:47
Module: 
section
    include < CBitrixComponent::__includeComponent < CBitrixComponent::includeComponent < CAllMain::IncludeComponent < include_once
	/var/www/u0095419/data/www/itprom.ru/bitrix/modules/main/classes/general/component.php:535
	/var/www/u0095419/data/www/itprom.ru/bitrix/modules/main/classes/general/component.php:578
	/var/www/u0095419/data/www/itprom.ru/bitrix/modules/main/classes/general/main.php:1050
	/var/www/u0095419/data/www/itprom.ru/catalog/index.php:347
	/var/www/u0095419/data/www/itprom.ru/bitrix/modules/main/include/urlrewrite.php:159
----------
Host: itprom.ru
Date: 2015-11-13 17:53:03
Module: 
section
    include < CBitrixComponent::__includeComponent < CBitrixComponent::includeComponent < CAllMain::IncludeComponent < include_once
	/var/www/u0095419/data/www/itprom.ru/bitrix/modules/main/classes/general/component.php:535
	/var/www/u0095419/data/www/itprom.ru/bitrix/modules/main/classes/general/component.php:578
	/var/www/u0095419/data/www/itprom.ru/bitrix/modules/main/classes/general/main.php:1050
	/var/www/u0095419/data/www/itprom.ru/catalog/index.php:347
	/var/www/u0095419/data/www/itprom.ru/bitrix/modules/main/include/urlrewrite.php:159
----------
Host: itprom.ru
Date: 2015-11-13 17:53:08
Module: 
section
    include < CBitrixComponent::__includeComponent < CBitrixComponent::includeComponent < CAllMain::IncludeComponent < include_once
	/var/www/u0095419/data/www/itprom.ru/bitrix/modules/main/classes/general/component.php:535
	/var/www/u0095419/data/www/itprom.ru/bitrix/modules/main/classes/general/component.php:578
	/var/www/u0095419/data/www/itprom.ru/bitrix/modules/main/classes/general/main.php:1050
	/var/www/u0095419/data/www/itprom.ru/catalog/index.php:347
	/var/www/u0095419/data/www/itprom.ru/bitrix/modules/main/include/urlrewrite.php:159
----------
Host: itprom.ru
Date: 2015-11-13 17:53:16
Module: 
section
    include < CBitrixComponent::__includeComponent < CBitrixComponent::includeComponent < CAllMain::IncludeComponent < include_once
	/var/www/u0095419/data/www/itprom.ru/bitrix/modules/main/classes/general/component.php:535
	/var/www/u0095419/data/www/itprom.ru/bitrix/modules/main/classes/general/component.php:578
	/var/www/u0095419/data/www/itprom.ru/bitrix/modules/main/classes/general/main.php:1050
	/var/www/u0095419/data/www/itprom.ru/catalog/index.php:347
	/var/www/u0095419/data/www/itprom.ru/bitrix/modules/main/include/urlrewrite.php:159
----------
Host: itprom.ru
Date: 2015-11-13 17:53:20
Module: 
section
    include < CBitrixComponent::__includeComponent < CBitrixComponent::includeComponent < CAllMain::IncludeComponent < include_once
	/var/www/u0095419/data/www/itprom.ru/bitrix/modules/main/classes/general/component.php:535
	/var/www/u0095419/data/www/itprom.ru/bitrix/modules/main/classes/general/component.php:578
	/var/www/u0095419/data/www/itprom.ru/bitrix/modules/main/classes/general/main.php:1050
	/var/www/u0095419/data/www/itprom.ru/catalog/index.php:347
	/var/www/u0095419/data/www/itprom.ru/bitrix/modules/main/include/urlrewrite.php:159
----------
Host: itprom.ru
Date: 2015-11-13 17:53:24
Module: 
section
    include < CBitrixComponent::__includeComponent < CBitrixComponent::includeComponent < CAllMain::IncludeComponent < include_once
	/var/www/u0095419/data/www/itprom.ru/bitrix/modules/main/classes/general/component.php:535
	/var/www/u0095419/data/www/itprom.ru/bitrix/modules/main/classes/general/component.php:578
	/var/www/u0095419/data/www/itprom.ru/bitrix/modules/main/classes/general/main.php:1050
	/var/www/u0095419/data/www/itprom.ru/catalog/index.php:347
	/var/www/u0095419/data/www/itprom.ru/bitrix/modules/main/include/urlrewrite.php:159
----------
Host: itprom.ru
Date: 2015-11-13 17:53:29
Module: 
section
    include < CBitrixComponent::__includeComponent < CBitrixComponent::includeComponent < CAllMain::IncludeComponent < include_once
	/var/www/u0095419/data/www/itprom.ru/bitrix/modules/main/classes/general/component.php:535
	/var/www/u0095419/data/www/itprom.ru/bitrix/modules/main/classes/general/component.php:578
	/var/www/u0095419/data/www/itprom.ru/bitrix/modules/main/classes/general/main.php:1050
	/var/www/u0095419/data/www/itprom.ru/catalog/index.php:347
	/var/www/u0095419/data/www/itprom.ru/bitrix/modules/main/include/urlrewrite.php:159
----------
Host: itprom.ru
Date: 2015-11-13 17:53:34
Module: 
section
    include < CBitrixComponent::__includeComponent < CBitrixComponent::includeComponent < CAllMain::IncludeComponent < include_once
	/var/www/u0095419/data/www/itprom.ru/bitrix/modules/main/classes/general/component.php:535
	/var/www/u0095419/data/www/itprom.ru/bitrix/modules/main/classes/general/component.php:578
	/var/www/u0095419/data/www/itprom.ru/bitrix/modules/main/classes/general/main.php:1050
	/var/www/u0095419/data/www/itprom.ru/catalog/index.php:347
	/var/www/u0095419/data/www/itprom.ru/bitrix/modules/main/include/urlrewrite.php:159
----------
Host: itprom.ru
Date: 2015-11-13 17:53:38
Module: 
section
    include < CBitrixComponent::__includeComponent < CBitrixComponent::includeComponent < CAllMain::IncludeComponent < include_once
	/var/www/u0095419/data/www/itprom.ru/bitrix/modules/main/classes/general/component.php:535
	/var/www/u0095419/data/www/itprom.ru/bitrix/modules/main/classes/general/component.php:578
	/var/www/u0095419/data/www/itprom.ru/bitrix/modules/main/classes/general/main.php:1050
	/var/www/u0095419/data/www/itprom.ru/catalog/index.php:347
	/var/www/u0095419/data/www/itprom.ru/bitrix/modules/main/include/urlrewrite.php:159
----------
Host: itprom.ru
Date: 2015-11-13 17:53:57
Module: 
section
    include < CBitrixComponent::__includeComponent < CBitrixComponent::includeComponent < CAllMain::IncludeComponent < include_once
	/var/www/u0095419/data/www/itprom.ru/bitrix/modules/main/classes/general/component.php:535
	/var/www/u0095419/data/www/itprom.ru/bitrix/modules/main/classes/general/component.php:578
	/var/www/u0095419/data/www/itprom.ru/bitrix/modules/main/classes/general/main.php:1050
	/var/www/u0095419/data/www/itprom.ru/catalog/index.php:347
	/var/www/u0095419/data/www/itprom.ru/bitrix/modules/main/include/urlrewrite.php:159
----------
Host: itprom.ru
Date: 2015-11-13 17:54:03
Module: 
section
    include < CBitrixComponent::__includeComponent < CBitrixComponent::includeComponent < CAllMain::IncludeComponent < include_once
	/var/www/u0095419/data/www/itprom.ru/bitrix/modules/main/classes/general/component.php:535
	/var/www/u0095419/data/www/itprom.ru/bitrix/modules/main/classes/general/component.php:578
	/var/www/u0095419/data/www/itprom.ru/bitrix/modules/main/classes/general/main.php:1050
	/var/www/u0095419/data/www/itprom.ru/catalog/index.php:347
	/var/www/u0095419/data/www/itprom.ru/bitrix/modules/main/include/urlrewrite.php:159
----------
Host: itprom.ru
Date: 2015-11-13 17:54:11
Module: 
section
    include < CBitrixComponent::__includeComponent < CBitrixComponent::includeComponent < CAllMain::IncludeComponent < include_once
	/var/www/u0095419/data/www/itprom.ru/bitrix/modules/main/classes/general/component.php:535
	/var/www/u0095419/data/www/itprom.ru/bitrix/modules/main/classes/general/component.php:578
	/var/www/u0095419/data/www/itprom.ru/bitrix/modules/main/classes/general/main.php:1050
	/var/www/u0095419/data/www/itprom.ru/catalog/index.php:347
	/var/www/u0095419/data/www/itprom.ru/bitrix/modules/main/include/urlrewrite.php:159
----------
Host: itprom.ru
Date: 2015-11-13 17:54:15
Module: 
section
    include < CBitrixComponent::__includeComponent < CBitrixComponent::includeComponent < CAllMain::IncludeComponent < include_once
	/var/www/u0095419/data/www/itprom.ru/bitrix/modules/main/classes/general/component.php:535
	/var/www/u0095419/data/www/itprom.ru/bitrix/modules/main/classes/general/component.php:578
	/var/www/u0095419/data/www/itprom.ru/bitrix/modules/main/classes/general/main.php:1050
	/var/www/u0095419/data/www/itprom.ru/catalog/index.php:347
	/var/www/u0095419/data/www/itprom.ru/bitrix/modules/main/include/urlrewrite.php:159
----------
Host: itprom.ru
Date: 2015-11-13 17:54:44
Module: 
section
    include < CBitrixComponent::__includeComponent < CBitrixComponent::includeComponent < CAllMain::IncludeComponent < include_once
	/var/www/u0095419/data/www/itprom.ru/bitrix/modules/main/classes/general/component.php:535
	/var/www/u0095419/data/www/itprom.ru/bitrix/modules/main/classes/general/component.php:578
	/var/www/u0095419/data/www/itprom.ru/bitrix/modules/main/classes/general/main.php:1050
	/var/www/u0095419/data/www/itprom.ru/catalog/index.php:347
	/var/www/u0095419/data/www/itprom.ru/bitrix/modules/main/include/urlrewrite.php:159
----------
Host: itprom.ru
Date: 2015-11-13 17:54:47
Module: 
section
    include < CBitrixComponent::__includeComponent < CBitrixComponent::includeComponent < CAllMain::IncludeComponent < include_once
	/var/www/u0095419/data/www/itprom.ru/bitrix/modules/main/classes/general/component.php:535
	/var/www/u0095419/data/www/itprom.ru/bitrix/modules/main/classes/general/component.php:578
	/var/www/u0095419/data/www/itprom.ru/bitrix/modules/main/classes/general/main.php:1050
	/var/www/u0095419/data/www/itprom.ru/catalog/index.php:347
	/var/www/u0095419/data/www/itprom.ru/bitrix/modules/main/include/urlrewrite.php:159
----------
Host: itprom.ru
Date: 2015-11-13 17:55:10
Module: 
section
    include < CBitrixComponent::__includeComponent < CBitrixComponent::includeComponent < CAllMain::IncludeComponent < include_once
	/var/www/u0095419/data/www/itprom.ru/bitrix/modules/main/classes/general/component.php:535
	/var/www/u0095419/data/www/itprom.ru/bitrix/modules/main/classes/general/component.php:578
	/var/www/u0095419/data/www/itprom.ru/bitrix/modules/main/classes/general/main.php:1050
	/var/www/u0095419/data/www/itprom.ru/catalog/index.php:347
	/var/www/u0095419/data/www/itprom.ru/bitrix/modules/main/include/urlrewrite.php:159
----------
Host: itprom.ru
Date: 2015-11-13 17:55:15
Module: 
section
    include < CBitrixComponent::__includeComponent < CBitrixComponent::includeComponent < CAllMain::IncludeComponent < include_once
	/var/www/u0095419/data/www/itprom.ru/bitrix/modules/main/classes/general/component.php:535
	/var/www/u0095419/data/www/itprom.ru/bitrix/modules/main/classes/general/component.php:578
	/var/www/u0095419/data/www/itprom.ru/bitrix/modules/main/classes/general/main.php:1050
	/var/www/u0095419/data/www/itprom.ru/catalog/index.php:347
	/var/www/u0095419/data/www/itprom.ru/bitrix/modules/main/include/urlrewrite.php:159
----------
Host: itprom.ru
Date: 2015-11-13 17:55:19
Module: 
section
    include < CBitrixComponent::__includeComponent < CBitrixComponent::includeComponent < CAllMain::IncludeComponent < include_once
	/var/www/u0095419/data/www/itprom.ru/bitrix/modules/main/classes/general/component.php:535
	/var/www/u0095419/data/www/itprom.ru/bitrix/modules/main/classes/general/component.php:578
	/var/www/u0095419/data/www/itprom.ru/bitrix/modules/main/classes/general/main.php:1050
	/var/www/u0095419/data/www/itprom.ru/catalog/index.php:347
	/var/www/u0095419/data/www/itprom.ru/bitrix/modules/main/include/urlrewrite.php:159
----------
Host: itprom.ru
Date: 2015-11-13 17:55:24
Module: 
section
    include < CBitrixComponent::__includeComponent < CBitrixComponent::includeComponent < CAllMain::IncludeComponent < include_once
	/var/www/u0095419/data/www/itprom.ru/bitrix/modules/main/classes/general/component.php:535
	/var/www/u0095419/data/www/itprom.ru/bitrix/modules/main/classes/general/component.php:578
	/var/www/u0095419/data/www/itprom.ru/bitrix/modules/main/classes/general/main.php:1050
	/var/www/u0095419/data/www/itprom.ru/catalog/index.php:347
	/var/www/u0095419/data/www/itprom.ru/bitrix/modules/main/include/urlrewrite.php:159
----------
Host: itprom.ru
Date: 2015-11-13 17:55:28
Module: 
section
    include < CBitrixComponent::__includeComponent < CBitrixComponent::includeComponent < CAllMain::IncludeComponent < include_once
	/var/www/u0095419/data/www/itprom.ru/bitrix/modules/main/classes/general/component.php:535
	/var/www/u0095419/data/www/itprom.ru/bitrix/modules/main/classes/general/component.php:578
	/var/www/u0095419/data/www/itprom.ru/bitrix/modules/main/classes/general/main.php:1050
	/var/www/u0095419/data/www/itprom.ru/catalog/index.php:347
	/var/www/u0095419/data/www/itprom.ru/bitrix/modules/main/include/urlrewrite.php:159
----------
Host: itprom.ru
Date: 2015-11-13 17:55:32
Module: 
section
    include < CBitrixComponent::__includeComponent < CBitrixComponent::includeComponent < CAllMain::IncludeComponent < include_once
	/var/www/u0095419/data/www/itprom.ru/bitrix/modules/main/classes/general/component.php:535
	/var/www/u0095419/data/www/itprom.ru/bitrix/modules/main/classes/general/component.php:578
	/var/www/u0095419/data/www/itprom.ru/bitrix/modules/main/classes/general/main.php:1050
	/var/www/u0095419/data/www/itprom.ru/catalog/index.php:347
	/var/www/u0095419/data/www/itprom.ru/bitrix/modules/main/include/urlrewrite.php:159
----------
Host: itprom.ru
Date: 2015-11-13 17:56:37
Module: 
section
    include < CBitrixComponent::__includeComponent < CBitrixComponent::includeComponent < CAllMain::IncludeComponent < include_once
	/var/www/u0095419/data/www/itprom.ru/bitrix/modules/main/classes/general/component.php:535
	/var/www/u0095419/data/www/itprom.ru/bitrix/modules/main/classes/general/component.php:578
	/var/www/u0095419/data/www/itprom.ru/bitrix/modules/main/classes/general/main.php:1050
	/var/www/u0095419/data/www/itprom.ru/catalog/index.php:347
	/var/www/u0095419/data/www/itprom.ru/bitrix/modules/main/include/urlrewrite.php:159
----------
Host: itprom.ru
Date: 2015-11-13 17:56:42
Module: 
section
    include < CBitrixComponent::__includeComponent < CBitrixComponent::includeComponent < CAllMain::IncludeComponent < include_once
	/var/www/u0095419/data/www/itprom.ru/bitrix/modules/main/classes/general/component.php:535
	/var/www/u0095419/data/www/itprom.ru/bitrix/modules/main/classes/general/component.php:578
	/var/www/u0095419/data/www/itprom.ru/bitrix/modules/main/classes/general/main.php:1050
	/var/www/u0095419/data/www/itprom.ru/catalog/index.php:347
	/var/www/u0095419/data/www/itprom.ru/bitrix/modules/main/include/urlrewrite.php:159
----------
Host: itprom.ru
Date: 2015-11-13 18:27:26
Module: composite
/var/www/u0095419/data/www/itprom.ru/bitrix/html_pages/itprom.ru/about/gallery/index@.html.delete.1447428446.5769
    Bitrix\Main\Data\StaticHtmlCache::writeDebug < Bitrix\Main\Data\StaticHtmlCache::delete < Bitrix\Main\Page\Frame::processPageContent < Bitrix\Main\Page\Frame::endBuffering < CAllMain::EndBufferContent
	/var/www/u0095419/data/www/itprom.ru/bitrix/modules/main/lib/data/statichtmlcache.php:166
	/var/www/u0095419/data/www/itprom.ru/bitrix/modules/main/lib/page/frame.php:389
	/var/www/u0095419/data/www/itprom.ru/bitrix/modules/main/lib/page/frame.php:337
	/var/www/u0095419/data/www/itprom.ru/bitrix/modules/main/classes/general/main.php:3268
	/var/www/u0095419/data/www/itprom.ru/bitrix/modules/main/classes/general/main.php:3204
----------
Host: itprom.ru
Date: 2015-11-13 18:35:16
Module: 
section
    include < CBitrixComponent::__includeComponent < CBitrixComponent::includeComponent < CAllMain::IncludeComponent < include_once
	/var/www/u0095419/data/www/itprom.ru/bitrix/modules/main/classes/general/component.php:535
	/var/www/u0095419/data/www/itprom.ru/bitrix/modules/main/classes/general/component.php:578
	/var/www/u0095419/data/www/itprom.ru/bitrix/modules/main/classes/general/main.php:1050
	/var/www/u0095419/data/www/itprom.ru/catalog/index.php:347
	/var/www/u0095419/data/www/itprom.ru/bitrix/modules/main/include/urlrewrite.php:159
----------
Host: itprom.ru
Date: 2015-11-13 18:35:20
Module: 
section
    include < CBitrixComponent::__includeComponent < CBitrixComponent::includeComponent < CAllMain::IncludeComponent < include_once
	/var/www/u0095419/data/www/itprom.ru/bitrix/modules/main/classes/general/component.php:535
	/var/www/u0095419/data/www/itprom.ru/bitrix/modules/main/classes/general/component.php:578
	/var/www/u0095419/data/www/itprom.ru/bitrix/modules/main/classes/general/main.php:1050
	/var/www/u0095419/data/www/itprom.ru/catalog/index.php:347
	/var/www/u0095419/data/www/itprom.ru/bitrix/modules/main/include/urlrewrite.php:159
----------
Host: itprom.ru
Date: 2015-11-13 18:35:24
Module: 
section
    include < CBitrixComponent::__includeComponent < CBitrixComponent::includeComponent < CAllMain::IncludeComponent < include_once
	/var/www/u0095419/data/www/itprom.ru/bitrix/modules/main/classes/general/component.php:535
	/var/www/u0095419/data/www/itprom.ru/bitrix/modules/main/classes/general/component.php:578
	/var/www/u0095419/data/www/itprom.ru/bitrix/modules/main/classes/general/main.php:1050
	/var/www/u0095419/data/www/itprom.ru/catalog/index.php:347
	/var/www/u0095419/data/www/itprom.ru/bitrix/modules/main/include/urlrewrite.php:159
----------
Host: itprom.ru
Date: 2015-11-13 18:35:29
Module: 
section
    include < CBitrixComponent::__includeComponent < CBitrixComponent::includeComponent < CAllMain::IncludeComponent < include_once
	/var/www/u0095419/data/www/itprom.ru/bitrix/modules/main/classes/general/component.php:535
	/var/www/u0095419/data/www/itprom.ru/bitrix/modules/main/classes/general/component.php:578
	/var/www/u0095419/data/www/itprom.ru/bitrix/modules/main/classes/general/main.php:1050
	/var/www/u0095419/data/www/itprom.ru/catalog/index.php:347
	/var/www/u0095419/data/www/itprom.ru/bitrix/modules/main/include/urlrewrite.php:159
----------
Host: itprom.ru
Date: 2015-11-13 18:35:36
Module: 
section
    include < CBitrixComponent::__includeComponent < CBitrixComponent::includeComponent < CAllMain::IncludeComponent < include_once
	/var/www/u0095419/data/www/itprom.ru/bitrix/modules/main/classes/general/component.php:535
	/var/www/u0095419/data/www/itprom.ru/bitrix/modules/main/classes/general/component.php:578
	/var/www/u0095419/data/www/itprom.ru/bitrix/modules/main/classes/general/main.php:1050
	/var/www/u0095419/data/www/itprom.ru/catalog/index.php:347
	/var/www/u0095419/data/www/itprom.ru/bitrix/modules/main/include/urlrewrite.php:159
----------
Host: itprom.ru
Date: 2015-11-13 18:35:39
Module: 
section
    include < CBitrixComponent::__includeComponent < CBitrixComponent::includeComponent < CAllMain::IncludeComponent < include_once
	/var/www/u0095419/data/www/itprom.ru/bitrix/modules/main/classes/general/component.php:535
	/var/www/u0095419/data/www/itprom.ru/bitrix/modules/main/classes/general/component.php:578
	/var/www/u0095419/data/www/itprom.ru/bitrix/modules/main/classes/general/main.php:1050
	/var/www/u0095419/data/www/itprom.ru/catalog/index.php:347
	/var/www/u0095419/data/www/itprom.ru/bitrix/modules/main/include/urlrewrite.php:159
----------
Host: itprom.ru
Date: 2015-11-13 18:36:05
Module: 
section
    include < CBitrixComponent::__includeComponent < CBitrixComponent::includeComponent < CAllMain::IncludeComponent < include_once
	/var/www/u0095419/data/www/itprom.ru/bitrix/modules/main/classes/general/component.php:535
	/var/www/u0095419/data/www/itprom.ru/bitrix/modules/main/classes/general/component.php:578
	/var/www/u0095419/data/www/itprom.ru/bitrix/modules/main/classes/general/main.php:1050
	/var/www/u0095419/data/www/itprom.ru/catalog/index.php:347
	/var/www/u0095419/data/www/itprom.ru/bitrix/modules/main/include/urlrewrite.php:159
----------
Host: itprom.ru
Date: 2015-11-13 18:36:09
Module: 
section
    include < CBitrixComponent::__includeComponent < CBitrixComponent::includeComponent < CAllMain::IncludeComponent < include_once
	/var/www/u0095419/data/www/itprom.ru/bitrix/modules/main/classes/general/component.php:535
	/var/www/u0095419/data/www/itprom.ru/bitrix/modules/main/classes/general/component.php:578
	/var/www/u0095419/data/www/itprom.ru/bitrix/modules/main/classes/general/main.php:1050
	/var/www/u0095419/data/www/itprom.ru/catalog/index.php:347
	/var/www/u0095419/data/www/itprom.ru/bitrix/modules/main/include/urlrewrite.php:159
----------
Host: itprom.ru
Date: 2015-11-13 18:36:37
Module: 
section
    include < CBitrixComponent::__includeComponent < CBitrixComponent::includeComponent < CAllMain::IncludeComponent < include_once
	/var/www/u0095419/data/www/itprom.ru/bitrix/modules/main/classes/general/component.php:535
	/var/www/u0095419/data/www/itprom.ru/bitrix/modules/main/classes/general/component.php:578
	/var/www/u0095419/data/www/itprom.ru/bitrix/modules/main/classes/general/main.php:1050
	/var/www/u0095419/data/www/itprom.ru/catalog/index.php:347
	/var/www/u0095419/data/www/itprom.ru/bitrix/modules/main/include/urlrewrite.php:159
----------
Host: itprom.ru
Date: 2015-11-13 18:36:41
Module: 
section
    include < CBitrixComponent::__includeComponent < CBitrixComponent::includeComponent < CAllMain::IncludeComponent < include_once
	/var/www/u0095419/data/www/itprom.ru/bitrix/modules/main/classes/general/component.php:535
	/var/www/u0095419/data/www/itprom.ru/bitrix/modules/main/classes/general/component.php:578
	/var/www/u0095419/data/www/itprom.ru/bitrix/modules/main/classes/general/main.php:1050
	/var/www/u0095419/data/www/itprom.ru/catalog/index.php:347
	/var/www/u0095419/data/www/itprom.ru/bitrix/modules/main/include/urlrewrite.php:159
----------
Host: itprom.ru
Date: 2015-11-13 18:36:53
Module: 
section
    include < CBitrixComponent::__includeComponent < CBitrixComponent::includeComponent < CAllMain::IncludeComponent < include_once
	/var/www/u0095419/data/www/itprom.ru/bitrix/modules/main/classes/general/component.php:535
	/var/www/u0095419/data/www/itprom.ru/bitrix/modules/main/classes/general/component.php:578
	/var/www/u0095419/data/www/itprom.ru/bitrix/modules/main/classes/general/main.php:1050
	/var/www/u0095419/data/www/itprom.ru/catalog/index.php:347
	/var/www/u0095419/data/www/itprom.ru/bitrix/modules/main/include/urlrewrite.php:159
----------
Host: itprom.ru
Date: 2015-11-13 18:36:57
Module: 
section
    include < CBitrixComponent::__includeComponent < CBitrixComponent::includeComponent < CAllMain::IncludeComponent < include_once
	/var/www/u0095419/data/www/itprom.ru/bitrix/modules/main/classes/general/component.php:535
	/var/www/u0095419/data/www/itprom.ru/bitrix/modules/main/classes/general/component.php:578
	/var/www/u0095419/data/www/itprom.ru/bitrix/modules/main/classes/general/main.php:1050
	/var/www/u0095419/data/www/itprom.ru/catalog/index.php:347
	/var/www/u0095419/data/www/itprom.ru/bitrix/modules/main/include/urlrewrite.php:159
----------
Host: itprom.ru
Date: 2015-11-13 18:37:16
Module: 
section
    include < CBitrixComponent::__includeComponent < CBitrixComponent::includeComponent < CAllMain::IncludeComponent < include_once
	/var/www/u0095419/data/www/itprom.ru/bitrix/modules/main/classes/general/component.php:535
	/var/www/u0095419/data/www/itprom.ru/bitrix/modules/main/classes/general/component.php:578
	/var/www/u0095419/data/www/itprom.ru/bitrix/modules/main/classes/general/main.php:1050
	/var/www/u0095419/data/www/itprom.ru/catalog/index.php:347
	/var/www/u0095419/data/www/itprom.ru/bitrix/modules/main/include/urlrewrite.php:159
----------
Host: itprom.ru
Date: 2015-11-13 18:37:21
Module: 
section
    include < CBitrixComponent::__includeComponent < CBitrixComponent::includeComponent < CAllMain::IncludeComponent < include_once
	/var/www/u0095419/data/www/itprom.ru/bitrix/modules/main/classes/general/component.php:535
	/var/www/u0095419/data/www/itprom.ru/bitrix/modules/main/classes/general/component.php:578
	/var/www/u0095419/data/www/itprom.ru/bitrix/modules/main/classes/general/main.php:1050
	/var/www/u0095419/data/www/itprom.ru/catalog/index.php:347
	/var/www/u0095419/data/www/itprom.ru/bitrix/modules/main/include/urlrewrite.php:159
----------
Host: itprom.ru
Date: 2015-11-13 18:37:28
Module: 
section
    include < CBitrixComponent::__includeComponent < CBitrixComponent::includeComponent < CAllMain::IncludeComponent < include_once
	/var/www/u0095419/data/www/itprom.ru/bitrix/modules/main/classes/general/component.php:535
	/var/www/u0095419/data/www/itprom.ru/bitrix/modules/main/classes/general/component.php:578
	/var/www/u0095419/data/www/itprom.ru/bitrix/modules/main/classes/general/main.php:1050
	/var/www/u0095419/data/www/itprom.ru/catalog/index.php:347
	/var/www/u0095419/data/www/itprom.ru/bitrix/modules/main/include/urlrewrite.php:159
----------
Host: itprom.ru
Date: 2015-11-13 18:37:32
Module: 
section
    include < CBitrixComponent::__includeComponent < CBitrixComponent::includeComponent < CAllMain::IncludeComponent < include_once
	/var/www/u0095419/data/www/itprom.ru/bitrix/modules/main/classes/general/component.php:535
	/var/www/u0095419/data/www/itprom.ru/bitrix/modules/main/classes/general/component.php:578
	/var/www/u0095419/data/www/itprom.ru/bitrix/modules/main/classes/general/main.php:1050
	/var/www/u0095419/data/www/itprom.ru/catalog/index.php:347
	/var/www/u0095419/data/www/itprom.ru/bitrix/modules/main/include/urlrewrite.php:159
----------
Host: itprom.ru
Date: 2015-11-13 18:37:36
Module: 
section
    include < CBitrixComponent::__includeComponent < CBitrixComponent::includeComponent < CAllMain::IncludeComponent < include_once
	/var/www/u0095419/data/www/itprom.ru/bitrix/modules/main/classes/general/component.php:535
	/var/www/u0095419/data/www/itprom.ru/bitrix/modules/main/classes/general/component.php:578
	/var/www/u0095419/data/www/itprom.ru/bitrix/modules/main/classes/general/main.php:1050
	/var/www/u0095419/data/www/itprom.ru/catalog/index.php:347
	/var/www/u0095419/data/www/itprom.ru/bitrix/modules/main/include/urlrewrite.php:159
----------
Host: itprom.ru
Date: 2015-11-13 18:37:41
Module: 
section
    include < CBitrixComponent::__includeComponent < CBitrixComponent::includeComponent < CAllMain::IncludeComponent < include_once
	/var/www/u0095419/data/www/itprom.ru/bitrix/modules/main/classes/general/component.php:535
	/var/www/u0095419/data/www/itprom.ru/bitrix/modules/main/classes/general/component.php:578
	/var/www/u0095419/data/www/itprom.ru/bitrix/modules/main/classes/general/main.php:1050
	/var/www/u0095419/data/www/itprom.ru/catalog/index.php:347
	/var/www/u0095419/data/www/itprom.ru/bitrix/modules/main/include/urlrewrite.php:159
----------
Host: itprom.ru
Date: 2015-11-13 18:37:45
Module: 
section
    include < CBitrixComponent::__includeComponent < CBitrixComponent::includeComponent < CAllMain::IncludeComponent < include_once
	/var/www/u0095419/data/www/itprom.ru/bitrix/modules/main/classes/general/component.php:535
	/var/www/u0095419/data/www/itprom.ru/bitrix/modules/main/classes/general/component.php:578
	/var/www/u0095419/data/www/itprom.ru/bitrix/modules/main/classes/general/main.php:1050
	/var/www/u0095419/data/www/itprom.ru/catalog/index.php:347
	/var/www/u0095419/data/www/itprom.ru/bitrix/modules/main/include/urlrewrite.php:159
----------
Host: itprom.ru
Date: 2015-11-13 18:37:50
Module: 
section
    include < CBitrixComponent::__includeComponent < CBitrixComponent::includeComponent < CAllMain::IncludeComponent < include_once
	/var/www/u0095419/data/www/itprom.ru/bitrix/modules/main/classes/general/component.php:535
	/var/www/u0095419/data/www/itprom.ru/bitrix/modules/main/classes/general/component.php:578
	/var/www/u0095419/data/www/itprom.ru/bitrix/modules/main/classes/general/main.php:1050
	/var/www/u0095419/data/www/itprom.ru/catalog/index.php:347
	/var/www/u0095419/data/www/itprom.ru/bitrix/modules/main/include/urlrewrite.php:159
----------
Host: itprom.ru
Date: 2015-11-13 18:37:57
Module: 
section
    include < CBitrixComponent::__includeComponent < CBitrixComponent::includeComponent < CAllMain::IncludeComponent < include_once
	/var/www/u0095419/data/www/itprom.ru/bitrix/modules/main/classes/general/component.php:535
	/var/www/u0095419/data/www/itprom.ru/bitrix/modules/main/classes/general/component.php:578
	/var/www/u0095419/data/www/itprom.ru/bitrix/modules/main/classes/general/main.php:1050
	/var/www/u0095419/data/www/itprom.ru/catalog/index.php:347
	/var/www/u0095419/data/www/itprom.ru/bitrix/modules/main/include/urlrewrite.php:159
----------
Host: itprom.ru
Date: 2015-11-13 18:38:02
Module: 
section
    include < CBitrixComponent::__includeComponent < CBitrixComponent::includeComponent < CAllMain::IncludeComponent < include_once
	/var/www/u0095419/data/www/itprom.ru/bitrix/modules/main/classes/general/component.php:535
	/var/www/u0095419/data/www/itprom.ru/bitrix/modules/main/classes/general/component.php:578
	/var/www/u0095419/data/www/itprom.ru/bitrix/modules/main/classes/general/main.php:1050
	/var/www/u0095419/data/www/itprom.ru/catalog/index.php:347
	/var/www/u0095419/data/www/itprom.ru/bitrix/modules/main/include/urlrewrite.php:159
----------
Host: itprom.ru
Date: 2015-11-13 18:38:13
Module: 
section
    include < CBitrixComponent::__includeComponent < CBitrixComponent::includeComponent < CAllMain::IncludeComponent < include_once
	/var/www/u0095419/data/www/itprom.ru/bitrix/modules/main/classes/general/component.php:535
	/var/www/u0095419/data/www/itprom.ru/bitrix/modules/main/classes/general/component.php:578
	/var/www/u0095419/data/www/itprom.ru/bitrix/modules/main/classes/general/main.php:1050
	/var/www/u0095419/data/www/itprom.ru/catalog/index.php:347
	/var/www/u0095419/data/www/itprom.ru/bitrix/modules/main/include/urlrewrite.php:159
----------
Host: itprom.ru
Date: 2015-11-13 18:38:16
Module: 
section
    include < CBitrixComponent::__includeComponent < CBitrixComponent::includeComponent < CAllMain::IncludeComponent < include_once
	/var/www/u0095419/data/www/itprom.ru/bitrix/modules/main/classes/general/component.php:535
	/var/www/u0095419/data/www/itprom.ru/bitrix/modules/main/classes/general/component.php:578
	/var/www/u0095419/data/www/itprom.ru/bitrix/modules/main/classes/general/main.php:1050
	/var/www/u0095419/data/www/itprom.ru/catalog/index.php:347
	/var/www/u0095419/data/www/itprom.ru/bitrix/modules/main/include/urlrewrite.php:159
----------
Host: itprom.ru
Date: 2015-11-13 18:38:24
Module: 
section
    include < CBitrixComponent::__includeComponent < CBitrixComponent::includeComponent < CAllMain::IncludeComponent < include_once
	/var/www/u0095419/data/www/itprom.ru/bitrix/modules/main/classes/general/component.php:535
	/var/www/u0095419/data/www/itprom.ru/bitrix/modules/main/classes/general/component.php:578
	/var/www/u0095419/data/www/itprom.ru/bitrix/modules/main/classes/general/main.php:1050
	/var/www/u0095419/data/www/itprom.ru/catalog/index.php:347
	/var/www/u0095419/data/www/itprom.ru/bitrix/modules/main/include/urlrewrite.php:159
----------
Host: itprom.ru
Date: 2015-11-13 19:29:03
Module: 
compare
    include < CBitrixComponent::__includeComponent < CBitrixComponent::includeComponent < CAllMain::IncludeComponent < include_once
	/var/www/u0095419/data/www/itprom.ru/bitrix/modules/main/classes/general/component.php:535
	/var/www/u0095419/data/www/itprom.ru/bitrix/modules/main/classes/general/component.php:578
	/var/www/u0095419/data/www/itprom.ru/bitrix/modules/main/classes/general/main.php:1050
	/var/www/u0095419/data/www/itprom.ru/catalog/index.php:347
	/var/www/u0095419/data/www/itprom.ru/bitrix/modules/main/include/urlrewrite.php:159
----------
Host: itprom.ru
Date: 2015-11-13 19:29:03
Module: Composite was rejected
Reason: bitrix:catalog.compare.result
Request URI: /catalog/compare.php
Script: /catalog/index.php
    Bitrix\Main\Data\StaticHtmlCache::applyComponentFrameMode < CBitrixComponent::includeComponent < CAllMain::IncludeComponent < include < CBitrixComponentTemplate::__IncludePHPTemplate
	/var/www/u0095419/data/www/itprom.ru/bitrix/modules/main/classes/general/component.php:584
	/var/www/u0095419/data/www/itprom.ru/bitrix/modules/main/classes/general/main.php:1050
	/var/www/u0095419/data/www/itprom.ru/bitrix/templates/webfly_san/components/bitrix/catalog/santech1_5/compare.php:39
	/var/www/u0095419/data/www/itprom.ru/bitrix/modules/main/classes/general/component_template.php:708
	/var/www/u0095419/data/www/itprom.ru/bitrix/modules/main/classes/general/component_template.php:800
----------
Host: itprom.ru
Date: 2015-11-13 19:29:03
Module: Composite was rejected
Reason: /bitrix/templates/webfly_san/components/bitrix/catalog/santech1_5/compare.php
Request URI: /catalog/compare.php
Script: /catalog/index.php
    Bitrix\Main\Data\StaticHtmlCache::applyComponentFrameMode < CBitrixComponentTemplate::__IncludePHPTemplate < CBitrixComponentTemplate::IncludeTemplate < CBitrixComponent::showComponentTemplate < CBitrixComponent::includeComponentTemplate
	/var/www/u0095419/data/www/itprom.ru/bitrix/modules/main/classes/general/component_template.php:719
	/var/www/u0095419/data/www/itprom.ru/bitrix/modules/main/classes/general/component_template.php:800
	/var/www/u0095419/data/www/itprom.ru/bitrix/modules/main/classes/general/component.php:657
	/var/www/u0095419/data/www/itprom.ru/bitrix/modules/main/classes/general/component.php:605
	/var/www/u0095419/data/www/itprom.ru/bitrix/components/bitrix/catalog/component.php:150
----------
Host: itprom.ru
Date: 2015-11-13 20:37:31
Module: 
section
    include < CBitrixComponent::__includeComponent < CBitrixComponent::includeComponent < CAllMain::IncludeComponent < include_once
	/var/www/u0095419/data/www/itprom.ru/bitrix/modules/main/classes/general/component.php:535
	/var/www/u0095419/data/www/itprom.ru/bitrix/modules/main/classes/general/component.php:578
	/var/www/u0095419/data/www/itprom.ru/bitrix/modules/main/classes/general/main.php:1050
	/var/www/u0095419/data/www/itprom.ru/catalog/index.php:347
	/var/www/u0095419/data/www/itprom.ru/bitrix/modules/main/include/urlrewrite.php:159
----------
Host: itprom.ru
Date: 2015-11-13 20:43:39
Module: composite
/var/www/u0095419/data/www/itprom.ru/bitrix/html_pages/itprom.ru/about/gallery/index@.html.delete.1447436619.6719
    Bitrix\Main\Data\StaticHtmlCache::writeDebug < Bitrix\Main\Data\StaticHtmlCache::delete < Bitrix\Main\Page\Frame::processPageContent < Bitrix\Main\Page\Frame::endBuffering < CAllMain::EndBufferContent
	/var/www/u0095419/data/www/itprom.ru/bitrix/modules/main/lib/data/statichtmlcache.php:166
	/var/www/u0095419/data/www/itprom.ru/bitrix/modules/main/lib/page/frame.php:389
	/var/www/u0095419/data/www/itprom.ru/bitrix/modules/main/lib/page/frame.php:337
	/var/www/u0095419/data/www/itprom.ru/bitrix/modules/main/classes/general/main.php:3268
	/var/www/u0095419/data/www/itprom.ru/bitrix/modules/main/classes/general/main.php:3204
----------
