Host: itprom.ru
Date: 2015-11-17 03:48:19
Module: 
section
    include < CBitrixComponent::__includeComponent < CBitrixComponent::includeComponent < CAllMain::IncludeComponent < include_once
	/var/www/u0095419/data/www/itprom.ru/bitrix/modules/main/classes/general/component.php:535
	/var/www/u0095419/data/www/itprom.ru/bitrix/modules/main/classes/general/component.php:578
	/var/www/u0095419/data/www/itprom.ru/bitrix/modules/main/classes/general/main.php:1050
	/var/www/u0095419/data/www/itprom.ru/catalog/index.php:347
	/var/www/u0095419/data/www/itprom.ru/bitrix/modules/main/include/urlrewrite.php:159
----------
Host: itprom.ru
Date: 2015-11-17 06:27:49
Module: 
section
    include < CBitrixComponent::__includeComponent < CBitrixComponent::includeComponent < CAllMain::IncludeComponent < include_once
	/var/www/u0095419/data/www/itprom.ru/bitrix/modules/main/classes/general/component.php:535
	/var/www/u0095419/data/www/itprom.ru/bitrix/modules/main/classes/general/component.php:578
	/var/www/u0095419/data/www/itprom.ru/bitrix/modules/main/classes/general/main.php:1050
	/var/www/u0095419/data/www/itprom.ru/catalog/index.php:347
	/var/www/u0095419/data/www/itprom.ru/bitrix/modules/main/include/urlrewrite.php:159
----------
Host: itprom.ru
Date: 2015-11-17 08:05:05
Module: composite
/var/www/u0095419/data/www/itprom.ru/bitrix/html_pages/itprom.ru/favorites/index@.html.delete.1447736705.2642
    Bitrix\Main\Data\StaticHtmlCache::writeDebug < Bitrix\Main\Data\StaticHtmlCache::delete < Bitrix\Main\Page\Frame::processPageContent < Bitrix\Main\Page\Frame::endBuffering < CAllMain::EndBufferContent
	/var/www/u0095419/data/www/itprom.ru/bitrix/modules/main/lib/data/statichtmlcache.php:166
	/var/www/u0095419/data/www/itprom.ru/bitrix/modules/main/lib/page/frame.php:389
	/var/www/u0095419/data/www/itprom.ru/bitrix/modules/main/lib/page/frame.php:337
	/var/www/u0095419/data/www/itprom.ru/bitrix/modules/main/classes/general/main.php:3268
	/var/www/u0095419/data/www/itprom.ru/bitrix/modules/main/classes/general/main.php:3204
----------
Host: itprom.ru
Date: 2015-11-17 09:11:28
Module: 
element
    include < CBitrixComponent::__includeComponent < CBitrixComponent::includeComponent < CAllMain::IncludeComponent < include_once
	/var/www/u0095419/data/www/itprom.ru/bitrix/modules/main/classes/general/component.php:535
	/var/www/u0095419/data/www/itprom.ru/bitrix/modules/main/classes/general/component.php:578
	/var/www/u0095419/data/www/itprom.ru/bitrix/modules/main/classes/general/main.php:1050
	/var/www/u0095419/data/www/itprom.ru/catalog/index.php:347
	/var/www/u0095419/data/www/itprom.ru/bitrix/modules/main/include/urlrewrite.php:159
----------
Host: itprom.ru
Date: 2015-11-17 09:11:28
Module: composite
/var/www/u0095419/data/www/itprom.ru/bitrix/html_pages/itprom.ru/catalog/termoshkafi/series-tl/TL-4050210-100/index@.html.delete.1447740688.612
    Bitrix\Main\Data\StaticHtmlCache::writeDebug < Bitrix\Main\Data\StaticHtmlCache::delete < Bitrix\Main\Page\Frame::processPageContent < Bitrix\Main\Page\Frame::endBuffering < CAllMain::EndBufferContent
	/var/www/u0095419/data/www/itprom.ru/bitrix/modules/main/lib/data/statichtmlcache.php:166
	/var/www/u0095419/data/www/itprom.ru/bitrix/modules/main/lib/page/frame.php:389
	/var/www/u0095419/data/www/itprom.ru/bitrix/modules/main/lib/page/frame.php:337
	/var/www/u0095419/data/www/itprom.ru/bitrix/modules/main/classes/general/main.php:3268
	/var/www/u0095419/data/www/itprom.ru/bitrix/modules/main/classes/general/main.php:3204
----------
Host: itprom.ru
Date: 2015-11-17 10:22:06
Module: Composite was rejected
Reason: (from component cache) /bitrix/templates/webfly_san/components/bitrix/news/blog/bitrix/news.detail/.default/template.php
Request URI: /blog/ustanovka-i-montazh-termoshkafov-kompanii-itprom/
Script: /blog/index.php
    Bitrix\Main\Data\StaticHtmlCache::applyComponentFrameMode < CBitrixComponent::startResultCache < include < CBitrixComponent::__includeComponent < CBitrixComponent::includeComponent
	/var/www/u0095419/data/www/itprom.ru/bitrix/modules/main/classes/general/component.php:831
	/var/www/u0095419/data/www/itprom.ru/bitrix/components/bitrix/news.detail/component.php:133
	/var/www/u0095419/data/www/itprom.ru/bitrix/modules/main/classes/general/component.php:535
	/var/www/u0095419/data/www/itprom.ru/bitrix/modules/main/classes/general/component.php:578
	/var/www/u0095419/data/www/itprom.ru/bitrix/modules/main/classes/general/main.php:1050
----------
Host: itprom.ru
Date: 2015-11-17 10:43:39
Module: 
section
    include < CBitrixComponent::__includeComponent < CBitrixComponent::includeComponent < CAllMain::IncludeComponent < include_once
	/var/www/u0095419/data/www/itprom.ru/bitrix/modules/main/classes/general/component.php:535
	/var/www/u0095419/data/www/itprom.ru/bitrix/modules/main/classes/general/component.php:578
	/var/www/u0095419/data/www/itprom.ru/bitrix/modules/main/classes/general/main.php:1050
	/var/www/u0095419/data/www/itprom.ru/catalog/index.php:347
	/var/www/u0095419/data/www/itprom.ru/bitrix/modules/main/include/urlrewrite.php:159
----------
Host: itprom.ru
Date: 2015-11-17 10:47:56
Module: composite
/var/www/u0095419/data/www/itprom.ru/bitrix/html_pages/itprom.ru/index@.html.delete.1447746476.0515
    Bitrix\Main\Data\StaticHtmlCache::writeDebug < Bitrix\Main\Data\StaticHtmlCache::delete < Bitrix\Main\Page\Frame::processPageContent < Bitrix\Main\Page\Frame::endBuffering < CAllMain::EndBufferContent
	/var/www/u0095419/data/www/itprom.ru/bitrix/modules/main/lib/data/statichtmlcache.php:166
	/var/www/u0095419/data/www/itprom.ru/bitrix/modules/main/lib/page/frame.php:389
	/var/www/u0095419/data/www/itprom.ru/bitrix/modules/main/lib/page/frame.php:337
	/var/www/u0095419/data/www/itprom.ru/bitrix/modules/main/classes/general/main.php:3268
	/var/www/u0095419/data/www/itprom.ru/bitrix/modules/main/classes/general/main.php:3204
----------
Host: itprom.ru
Date: 2015-11-17 11:21:48
Module: composite
/var/www/u0095419/data/www/itprom.ru/bitrix/html_pages/itprom.ru/index@.html.delete.1447748508.7211
    Bitrix\Main\Data\StaticHtmlCache::writeDebug < Bitrix\Main\Data\StaticHtmlCache::delete < Bitrix\Main\Page\Frame::processPageContent < Bitrix\Main\Page\Frame::endBuffering < CAllMain::EndBufferContent
	/var/www/u0095419/data/www/itprom.ru/bitrix/modules/main/lib/data/statichtmlcache.php:166
	/var/www/u0095419/data/www/itprom.ru/bitrix/modules/main/lib/page/frame.php:389
	/var/www/u0095419/data/www/itprom.ru/bitrix/modules/main/lib/page/frame.php:337
	/var/www/u0095419/data/www/itprom.ru/bitrix/modules/main/classes/general/main.php:3268
	/var/www/u0095419/data/www/itprom.ru/bitrix/modules/main/classes/general/main.php:3204
----------
Host: itprom.ru
Date: 2015-11-17 11:24:54
Module: composite
/var/www/u0095419/data/www/itprom.ru/bitrix/html_pages/itprom.ru/about/contacts/index@.html.delete.1447748694.2643
    Bitrix\Main\Data\StaticHtmlCache::writeDebug < Bitrix\Main\Data\StaticHtmlCache::delete < Bitrix\Main\Page\Frame::processPageContent < Bitrix\Main\Page\Frame::endBuffering < CAllMain::EndBufferContent
	/var/www/u0095419/data/www/itprom.ru/bitrix/modules/main/lib/data/statichtmlcache.php:166
	/var/www/u0095419/data/www/itprom.ru/bitrix/modules/main/lib/page/frame.php:389
	/var/www/u0095419/data/www/itprom.ru/bitrix/modules/main/lib/page/frame.php:337
	/var/www/u0095419/data/www/itprom.ru/bitrix/modules/main/classes/general/main.php:3268
	/var/www/u0095419/data/www/itprom.ru/bitrix/modules/main/classes/general/main.php:3204
----------
Host: itprom.ru
Date: 2015-11-17 11:25:06
Module: composite
/var/www/u0095419/data/www/itprom.ru/bitrix/html_pages/itprom.ru/about/o-kompanii/index@.html.delete.1447748706.4204
    Bitrix\Main\Data\StaticHtmlCache::writeDebug < Bitrix\Main\Data\StaticHtmlCache::delete < Bitrix\Main\Page\Frame::processPageContent < Bitrix\Main\Page\Frame::endBuffering < CAllMain::EndBufferContent
	/var/www/u0095419/data/www/itprom.ru/bitrix/modules/main/lib/data/statichtmlcache.php:166
	/var/www/u0095419/data/www/itprom.ru/bitrix/modules/main/lib/page/frame.php:389
	/var/www/u0095419/data/www/itprom.ru/bitrix/modules/main/lib/page/frame.php:337
	/var/www/u0095419/data/www/itprom.ru/bitrix/modules/main/classes/general/main.php:3268
	/var/www/u0095419/data/www/itprom.ru/bitrix/modules/main/classes/general/main.php:3204
----------
Host: itprom.ru
Date: 2015-11-17 11:25:16
Module: composite
/var/www/u0095419/data/www/itprom.ru/bitrix/html_pages/itprom.ru/news/index@.html.delete.1447748716.8817
    Bitrix\Main\Data\StaticHtmlCache::writeDebug < Bitrix\Main\Data\StaticHtmlCache::delete < Bitrix\Main\Page\Frame::processPageContent < Bitrix\Main\Page\Frame::endBuffering < CAllMain::EndBufferContent
	/var/www/u0095419/data/www/itprom.ru/bitrix/modules/main/lib/data/statichtmlcache.php:166
	/var/www/u0095419/data/www/itprom.ru/bitrix/modules/main/lib/page/frame.php:389
	/var/www/u0095419/data/www/itprom.ru/bitrix/modules/main/lib/page/frame.php:337
	/var/www/u0095419/data/www/itprom.ru/bitrix/modules/main/classes/general/main.php:3268
	/var/www/u0095419/data/www/itprom.ru/bitrix/modules/main/classes/general/main.php:3204
----------
Host: itprom.ru
Date: 2015-11-17 11:25:23
Module: composite
/var/www/u0095419/data/www/itprom.ru/bitrix/html_pages/itprom.ru/about/garantiya/index@.html.delete.1447748723.0703
    Bitrix\Main\Data\StaticHtmlCache::writeDebug < Bitrix\Main\Data\StaticHtmlCache::delete < Bitrix\Main\Page\Frame::processPageContent < Bitrix\Main\Page\Frame::endBuffering < CAllMain::EndBufferContent
	/var/www/u0095419/data/www/itprom.ru/bitrix/modules/main/lib/data/statichtmlcache.php:166
	/var/www/u0095419/data/www/itprom.ru/bitrix/modules/main/lib/page/frame.php:389
	/var/www/u0095419/data/www/itprom.ru/bitrix/modules/main/lib/page/frame.php:337
	/var/www/u0095419/data/www/itprom.ru/bitrix/modules/main/classes/general/main.php:3268
	/var/www/u0095419/data/www/itprom.ru/bitrix/modules/main/classes/general/main.php:3204
----------
Host: itprom.ru
Date: 2015-11-17 11:25:28
Module: composite
/var/www/u0095419/data/www/itprom.ru/bitrix/html_pages/itprom.ru/about/dostavka/index@.html.delete.1447748728.0302
    Bitrix\Main\Data\StaticHtmlCache::writeDebug < Bitrix\Main\Data\StaticHtmlCache::delete < Bitrix\Main\Page\Frame::processPageContent < Bitrix\Main\Page\Frame::endBuffering < CAllMain::EndBufferContent
	/var/www/u0095419/data/www/itprom.ru/bitrix/modules/main/lib/data/statichtmlcache.php:166
	/var/www/u0095419/data/www/itprom.ru/bitrix/modules/main/lib/page/frame.php:389
	/var/www/u0095419/data/www/itprom.ru/bitrix/modules/main/lib/page/frame.php:337
	/var/www/u0095419/data/www/itprom.ru/bitrix/modules/main/classes/general/main.php:3268
	/var/www/u0095419/data/www/itprom.ru/bitrix/modules/main/classes/general/main.php:3204
----------
Host: itprom.ru
Date: 2015-11-17 11:25:37
Module: 
section
    include < CBitrixComponent::__includeComponent < CBitrixComponent::includeComponent < CAllMain::IncludeComponent < include_once
	/var/www/u0095419/data/www/itprom.ru/bitrix/modules/main/classes/general/component.php:535
	/var/www/u0095419/data/www/itprom.ru/bitrix/modules/main/classes/general/component.php:578
	/var/www/u0095419/data/www/itprom.ru/bitrix/modules/main/classes/general/main.php:1050
	/var/www/u0095419/data/www/itprom.ru/catalog/index.php:347
	/var/www/u0095419/data/www/itprom.ru/bitrix/modules/main/include/urlrewrite.php:159
----------
Host: itprom.ru
Date: 2015-11-17 11:25:37
Module: composite
/var/www/u0095419/data/www/itprom.ru/bitrix/html_pages/itprom.ru/catalog/termoshkafi/index@.html.delete.1447748737.6778
    Bitrix\Main\Data\StaticHtmlCache::writeDebug < Bitrix\Main\Data\StaticHtmlCache::delete < Bitrix\Main\Page\Frame::processPageContent < Bitrix\Main\Page\Frame::endBuffering < CAllMain::EndBufferContent
	/var/www/u0095419/data/www/itprom.ru/bitrix/modules/main/lib/data/statichtmlcache.php:166
	/var/www/u0095419/data/www/itprom.ru/bitrix/modules/main/lib/page/frame.php:389
	/var/www/u0095419/data/www/itprom.ru/bitrix/modules/main/lib/page/frame.php:337
	/var/www/u0095419/data/www/itprom.ru/bitrix/modules/main/classes/general/main.php:3268
	/var/www/u0095419/data/www/itprom.ru/bitrix/modules/main/classes/general/main.php:3204
----------
Host: itprom.ru
Date: 2015-11-17 11:25:55
Module: 
section
    include < CBitrixComponent::__includeComponent < CBitrixComponent::includeComponent < CAllMain::IncludeComponent < include_once
	/var/www/u0095419/data/www/itprom.ru/bitrix/modules/main/classes/general/component.php:535
	/var/www/u0095419/data/www/itprom.ru/bitrix/modules/main/classes/general/component.php:578
	/var/www/u0095419/data/www/itprom.ru/bitrix/modules/main/classes/general/main.php:1050
	/var/www/u0095419/data/www/itprom.ru/catalog/index.php:347
	/var/www/u0095419/data/www/itprom.ru/bitrix/modules/main/include/urlrewrite.php:159
----------
Host: itprom.ru
Date: 2015-11-17 11:25:56
Module: 
smart_filter
    include < CBitrixComponent::__includeComponent < CBitrixComponent::includeComponent < CAllMain::IncludeComponent < include_once
	/var/www/u0095419/data/www/itprom.ru/bitrix/modules/main/classes/general/component.php:535
	/var/www/u0095419/data/www/itprom.ru/bitrix/modules/main/classes/general/component.php:578
	/var/www/u0095419/data/www/itprom.ru/bitrix/modules/main/classes/general/main.php:1050
	/var/www/u0095419/data/www/itprom.ru/catalog/index.php:347
	/var/www/u0095419/data/www/itprom.ru/bitrix/modules/main/include/urlrewrite.php:159
----------
Host: itprom.ru
Date: 2015-11-17 11:26:04
Module: 
element
    include < CBitrixComponent::__includeComponent < CBitrixComponent::includeComponent < CAllMain::IncludeComponent < include_once
	/var/www/u0095419/data/www/itprom.ru/bitrix/modules/main/classes/general/component.php:535
	/var/www/u0095419/data/www/itprom.ru/bitrix/modules/main/classes/general/component.php:578
	/var/www/u0095419/data/www/itprom.ru/bitrix/modules/main/classes/general/main.php:1050
	/var/www/u0095419/data/www/itprom.ru/catalog/index.php:347
	/var/www/u0095419/data/www/itprom.ru/bitrix/modules/main/include/urlrewrite.php:159
----------
Host: itprom.ru
Date: 2015-11-17 11:26:05
Module: composite
/var/www/u0095419/data/www/itprom.ru/bitrix/html_pages/itprom.ru/catalog/termoshkafi/IBV-120200600-1200/index@.html.delete.1447748765.2457
    Bitrix\Main\Data\StaticHtmlCache::writeDebug < Bitrix\Main\Data\StaticHtmlCache::delete < Bitrix\Main\Page\Frame::processPageContent < Bitrix\Main\Page\Frame::endBuffering < CAllMain::EndBufferContent
	/var/www/u0095419/data/www/itprom.ru/bitrix/modules/main/lib/data/statichtmlcache.php:166
	/var/www/u0095419/data/www/itprom.ru/bitrix/modules/main/lib/page/frame.php:389
	/var/www/u0095419/data/www/itprom.ru/bitrix/modules/main/lib/page/frame.php:337
	/var/www/u0095419/data/www/itprom.ru/bitrix/modules/main/classes/general/main.php:3268
	/var/www/u0095419/data/www/itprom.ru/bitrix/modules/main/classes/general/main.php:3204
----------
Host: itprom.ru
Date: 2015-11-17 11:26:37
Module: 
section
    include < CBitrixComponent::__includeComponent < CBitrixComponent::includeComponent < CAllMain::IncludeComponent < include_once
	/var/www/u0095419/data/www/itprom.ru/bitrix/modules/main/classes/general/component.php:535
	/var/www/u0095419/data/www/itprom.ru/bitrix/modules/main/classes/general/component.php:578
	/var/www/u0095419/data/www/itprom.ru/bitrix/modules/main/classes/general/main.php:1050
	/var/www/u0095419/data/www/itprom.ru/catalog/index.php:347
	/var/www/u0095419/data/www/itprom.ru/bitrix/modules/main/include/urlrewrite.php:159
----------
Host: itprom.ru
Date: 2015-11-17 11:26:38
Module: composite
/var/www/u0095419/data/www/itprom.ru/bitrix/html_pages/itprom.ru/catalog/termoshkafi_19/index@.html.delete.1447748798.0086
    Bitrix\Main\Data\StaticHtmlCache::writeDebug < Bitrix\Main\Data\StaticHtmlCache::delete < Bitrix\Main\Page\Frame::processPageContent < Bitrix\Main\Page\Frame::endBuffering < CAllMain::EndBufferContent
	/var/www/u0095419/data/www/itprom.ru/bitrix/modules/main/lib/data/statichtmlcache.php:166
	/var/www/u0095419/data/www/itprom.ru/bitrix/modules/main/lib/page/frame.php:389
	/var/www/u0095419/data/www/itprom.ru/bitrix/modules/main/lib/page/frame.php:337
	/var/www/u0095419/data/www/itprom.ru/bitrix/modules/main/classes/general/main.php:3268
	/var/www/u0095419/data/www/itprom.ru/bitrix/modules/main/classes/general/main.php:3204
----------
Host: itprom.ru
Date: 2015-11-17 11:26:39
Module: 
element
    include < CBitrixComponent::__includeComponent < CBitrixComponent::includeComponent < CAllMain::IncludeComponent < include_once
	/var/www/u0095419/data/www/itprom.ru/bitrix/modules/main/classes/general/component.php:535
	/var/www/u0095419/data/www/itprom.ru/bitrix/modules/main/classes/general/component.php:578
	/var/www/u0095419/data/www/itprom.ru/bitrix/modules/main/classes/general/main.php:1050
	/var/www/u0095419/data/www/itprom.ru/catalog/index.php:347
	/var/www/u0095419/data/www/itprom.ru/bitrix/modules/main/include/urlrewrite.php:159
----------
Host: itprom.ru
Date: 2015-11-17 11:26:39
Module: composite
/var/www/u0095419/data/www/itprom.ru/bitrix/html_pages/itprom.ru/catalog/termoshkafi_19/termoshkaf_19_600x380x350/index@.html.delete.1447748799.8068
    Bitrix\Main\Data\StaticHtmlCache::writeDebug < Bitrix\Main\Data\StaticHtmlCache::delete < Bitrix\Main\Page\Frame::processPageContent < Bitrix\Main\Page\Frame::endBuffering < CAllMain::EndBufferContent
	/var/www/u0095419/data/www/itprom.ru/bitrix/modules/main/lib/data/statichtmlcache.php:166
	/var/www/u0095419/data/www/itprom.ru/bitrix/modules/main/lib/page/frame.php:389
	/var/www/u0095419/data/www/itprom.ru/bitrix/modules/main/lib/page/frame.php:337
	/var/www/u0095419/data/www/itprom.ru/bitrix/modules/main/classes/general/main.php:3268
	/var/www/u0095419/data/www/itprom.ru/bitrix/modules/main/classes/general/main.php:3204
----------
Host: itprom.ru
Date: 2015-11-17 11:26:44
Module: 
section
    include < CBitrixComponent::__includeComponent < CBitrixComponent::includeComponent < CAllMain::IncludeComponent < include_once
	/var/www/u0095419/data/www/itprom.ru/bitrix/modules/main/classes/general/component.php:535
	/var/www/u0095419/data/www/itprom.ru/bitrix/modules/main/classes/general/component.php:578
	/var/www/u0095419/data/www/itprom.ru/bitrix/modules/main/classes/general/main.php:1050
	/var/www/u0095419/data/www/itprom.ru/catalog/index.php:347
	/var/www/u0095419/data/www/itprom.ru/bitrix/modules/main/include/urlrewrite.php:159
----------
Host: itprom.ru
Date: 2015-11-17 11:26:45
Module: composite
/var/www/u0095419/data/www/itprom.ru/bitrix/html_pages/itprom.ru/catalog/termoshkafi_antivandalniye/index@.html.delete.1447748805.0826
    Bitrix\Main\Data\StaticHtmlCache::writeDebug < Bitrix\Main\Data\StaticHtmlCache::delete < Bitrix\Main\Page\Frame::processPageContent < Bitrix\Main\Page\Frame::endBuffering < CAllMain::EndBufferContent
	/var/www/u0095419/data/www/itprom.ru/bitrix/modules/main/lib/data/statichtmlcache.php:166
	/var/www/u0095419/data/www/itprom.ru/bitrix/modules/main/lib/page/frame.php:389
	/var/www/u0095419/data/www/itprom.ru/bitrix/modules/main/lib/page/frame.php:337
	/var/www/u0095419/data/www/itprom.ru/bitrix/modules/main/classes/general/main.php:3268
	/var/www/u0095419/data/www/itprom.ru/bitrix/modules/main/classes/general/main.php:3204
----------
Host: itprom.ru
Date: 2015-11-17 11:26:46
Module: 
section
    include < CBitrixComponent::__includeComponent < CBitrixComponent::includeComponent < CAllMain::IncludeComponent < include_once
	/var/www/u0095419/data/www/itprom.ru/bitrix/modules/main/classes/general/component.php:535
	/var/www/u0095419/data/www/itprom.ru/bitrix/modules/main/classes/general/component.php:578
	/var/www/u0095419/data/www/itprom.ru/bitrix/modules/main/classes/general/main.php:1050
	/var/www/u0095419/data/www/itprom.ru/catalog/index.php:347
	/var/www/u0095419/data/www/itprom.ru/bitrix/modules/main/include/urlrewrite.php:159
----------
Host: itprom.ru
Date: 2015-11-17 11:26:47
Module: 
element
    include < CBitrixComponent::__includeComponent < CBitrixComponent::includeComponent < CAllMain::IncludeComponent < include_once
	/var/www/u0095419/data/www/itprom.ru/bitrix/modules/main/classes/general/component.php:535
	/var/www/u0095419/data/www/itprom.ru/bitrix/modules/main/classes/general/component.php:578
	/var/www/u0095419/data/www/itprom.ru/bitrix/modules/main/classes/general/main.php:1050
	/var/www/u0095419/data/www/itprom.ru/catalog/index.php:347
	/var/www/u0095419/data/www/itprom.ru/bitrix/modules/main/include/urlrewrite.php:159
----------
Host: itprom.ru
Date: 2015-11-17 11:26:47
Module: composite
/var/www/u0095419/data/www/itprom.ru/bitrix/html_pages/itprom.ru/catalog/termoshkafi_19/termoshkaf_19_600x380x350/index@.html.delete.1447748807.6332
    Bitrix\Main\Data\StaticHtmlCache::writeDebug < Bitrix\Main\Data\StaticHtmlCache::delete < Bitrix\Main\Page\Frame::processPageContent < Bitrix\Main\Page\Frame::endBuffering < CAllMain::EndBufferContent
	/var/www/u0095419/data/www/itprom.ru/bitrix/modules/main/lib/data/statichtmlcache.php:166
	/var/www/u0095419/data/www/itprom.ru/bitrix/modules/main/lib/page/frame.php:389
	/var/www/u0095419/data/www/itprom.ru/bitrix/modules/main/lib/page/frame.php:337
	/var/www/u0095419/data/www/itprom.ru/bitrix/modules/main/classes/general/main.php:3268
	/var/www/u0095419/data/www/itprom.ru/bitrix/modules/main/classes/general/main.php:3204
----------
Host: itprom.ru
Date: 2015-11-17 11:26:49
Module: 
section
    include < CBitrixComponent::__includeComponent < CBitrixComponent::includeComponent < CAllMain::IncludeComponent < include_once
	/var/www/u0095419/data/www/itprom.ru/bitrix/modules/main/classes/general/component.php:535
	/var/www/u0095419/data/www/itprom.ru/bitrix/modules/main/classes/general/component.php:578
	/var/www/u0095419/data/www/itprom.ru/bitrix/modules/main/classes/general/main.php:1050
	/var/www/u0095419/data/www/itprom.ru/catalog/index.php:347
	/var/www/u0095419/data/www/itprom.ru/bitrix/modules/main/include/urlrewrite.php:159
----------
Host: itprom.ru
Date: 2015-11-17 11:26:54
Module: 
section
    include < CBitrixComponent::__includeComponent < CBitrixComponent::includeComponent < CAllMain::IncludeComponent < include_once
	/var/www/u0095419/data/www/itprom.ru/bitrix/modules/main/classes/general/component.php:535
	/var/www/u0095419/data/www/itprom.ru/bitrix/modules/main/classes/general/component.php:578
	/var/www/u0095419/data/www/itprom.ru/bitrix/modules/main/classes/general/main.php:1050
	/var/www/u0095419/data/www/itprom.ru/catalog/index.php:347
	/var/www/u0095419/data/www/itprom.ru/bitrix/modules/main/include/urlrewrite.php:159
----------
Host: itprom.ru
Date: 2015-11-17 11:27:01
Module: 
element
    include < CBitrixComponent::__includeComponent < CBitrixComponent::includeComponent < CAllMain::IncludeComponent < include_once
	/var/www/u0095419/data/www/itprom.ru/bitrix/modules/main/classes/general/component.php:535
	/var/www/u0095419/data/www/itprom.ru/bitrix/modules/main/classes/general/component.php:578
	/var/www/u0095419/data/www/itprom.ru/bitrix/modules/main/classes/general/main.php:1050
	/var/www/u0095419/data/www/itprom.ru/catalog/index.php:347
	/var/www/u0095419/data/www/itprom.ru/bitrix/modules/main/include/urlrewrite.php:159
----------
Host: itprom.ru
Date: 2015-11-17 11:27:01
Module: composite
/var/www/u0095419/data/www/itprom.ru/bitrix/html_pages/itprom.ru/catalog/termoshkafi_antivandalniye/arm19-6047450_168/index@.html.delete.1447748821.5227
    Bitrix\Main\Data\StaticHtmlCache::writeDebug < Bitrix\Main\Data\StaticHtmlCache::delete < Bitrix\Main\Page\Frame::processPageContent < Bitrix\Main\Page\Frame::endBuffering < CAllMain::EndBufferContent
	/var/www/u0095419/data/www/itprom.ru/bitrix/modules/main/lib/data/statichtmlcache.php:166
	/var/www/u0095419/data/www/itprom.ru/bitrix/modules/main/lib/page/frame.php:389
	/var/www/u0095419/data/www/itprom.ru/bitrix/modules/main/lib/page/frame.php:337
	/var/www/u0095419/data/www/itprom.ru/bitrix/modules/main/classes/general/main.php:3268
	/var/www/u0095419/data/www/itprom.ru/bitrix/modules/main/classes/general/main.php:3204
----------
Host: itprom.ru
Date: 2015-11-17 11:29:23
Module: 
section
    include < CBitrixComponent::__includeComponent < CBitrixComponent::includeComponent < CAllMain::IncludeComponent < include_once
	/var/www/u0095419/data/www/itprom.ru/bitrix/modules/main/classes/general/component.php:535
	/var/www/u0095419/data/www/itprom.ru/bitrix/modules/main/classes/general/component.php:578
	/var/www/u0095419/data/www/itprom.ru/bitrix/modules/main/classes/general/main.php:1050
	/var/www/u0095419/data/www/itprom.ru/catalog/index.php:347
	/var/www/u0095419/data/www/itprom.ru/bitrix/modules/main/include/urlrewrite.php:159
----------
Host: itprom.ru
Date: 2015-11-17 11:29:37
Module: 
element
    include < CBitrixComponent::__includeComponent < CBitrixComponent::includeComponent < CAllMain::IncludeComponent < include_once
	/var/www/u0095419/data/www/itprom.ru/bitrix/modules/main/classes/general/component.php:535
	/var/www/u0095419/data/www/itprom.ru/bitrix/modules/main/classes/general/component.php:578
	/var/www/u0095419/data/www/itprom.ru/bitrix/modules/main/classes/general/main.php:1050
	/var/www/u0095419/data/www/itprom.ru/catalog/index.php:347
	/var/www/u0095419/data/www/itprom.ru/bitrix/modules/main/include/urlrewrite.php:159
----------
Host: itprom.ru
Date: 2015-11-17 11:29:51
Module: 
section
    include < CBitrixComponent::__includeComponent < CBitrixComponent::includeComponent < CAllMain::IncludeComponent < include_once
	/var/www/u0095419/data/www/itprom.ru/bitrix/modules/main/classes/general/component.php:535
	/var/www/u0095419/data/www/itprom.ru/bitrix/modules/main/classes/general/component.php:578
	/var/www/u0095419/data/www/itprom.ru/bitrix/modules/main/classes/general/main.php:1050
	/var/www/u0095419/data/www/itprom.ru/catalog/index.php:347
	/var/www/u0095419/data/www/itprom.ru/bitrix/modules/main/include/urlrewrite.php:159
----------
Host: itprom.ru
Date: 2015-11-17 11:29:51
Module: composite
/var/www/u0095419/data/www/itprom.ru/bitrix/html_pages/itprom.ru/catalog/aksessuary-dlya-termoshkafov/index@.html.delete.1447748991.8845
    Bitrix\Main\Data\StaticHtmlCache::writeDebug < Bitrix\Main\Data\StaticHtmlCache::delete < Bitrix\Main\Page\Frame::processPageContent < Bitrix\Main\Page\Frame::endBuffering < CAllMain::EndBufferContent
	/var/www/u0095419/data/www/itprom.ru/bitrix/modules/main/lib/data/statichtmlcache.php:166
	/var/www/u0095419/data/www/itprom.ru/bitrix/modules/main/lib/page/frame.php:389
	/var/www/u0095419/data/www/itprom.ru/bitrix/modules/main/lib/page/frame.php:337
	/var/www/u0095419/data/www/itprom.ru/bitrix/modules/main/classes/general/main.php:3268
	/var/www/u0095419/data/www/itprom.ru/bitrix/modules/main/classes/general/main.php:3204
----------
Host: itprom.ru
Date: 2015-11-17 11:29:54
Module: 
element
    include < CBitrixComponent::__includeComponent < CBitrixComponent::includeComponent < CAllMain::IncludeComponent < include_once
	/var/www/u0095419/data/www/itprom.ru/bitrix/modules/main/classes/general/component.php:535
	/var/www/u0095419/data/www/itprom.ru/bitrix/modules/main/classes/general/component.php:578
	/var/www/u0095419/data/www/itprom.ru/bitrix/modules/main/classes/general/main.php:1050
	/var/www/u0095419/data/www/itprom.ru/catalog/index.php:347
	/var/www/u0095419/data/www/itprom.ru/bitrix/modules/main/include/urlrewrite.php:159
----------
Host: itprom.ru
Date: 2015-11-17 11:29:55
Module: composite
/var/www/u0095419/data/www/itprom.ru/bitrix/html_pages/itprom.ru/catalog/aksessuary-dlya-termoshkafov/termostat_fgt102/index@.html.delete.1447748995.0202
    Bitrix\Main\Data\StaticHtmlCache::writeDebug < Bitrix\Main\Data\StaticHtmlCache::delete < Bitrix\Main\Page\Frame::processPageContent < Bitrix\Main\Page\Frame::endBuffering < CAllMain::EndBufferContent
	/var/www/u0095419/data/www/itprom.ru/bitrix/modules/main/lib/data/statichtmlcache.php:166
	/var/www/u0095419/data/www/itprom.ru/bitrix/modules/main/lib/page/frame.php:389
	/var/www/u0095419/data/www/itprom.ru/bitrix/modules/main/lib/page/frame.php:337
	/var/www/u0095419/data/www/itprom.ru/bitrix/modules/main/classes/general/main.php:3268
	/var/www/u0095419/data/www/itprom.ru/bitrix/modules/main/classes/general/main.php:3204
----------
Host: itprom.ru
Date: 2015-11-17 13:19:43
Module: 
section
    include < CBitrixComponent::__includeComponent < CBitrixComponent::includeComponent < CAllMain::IncludeComponent < include_once
	/var/www/u0095419/data/www/itprom.ru/bitrix/modules/main/classes/general/component.php:535
	/var/www/u0095419/data/www/itprom.ru/bitrix/modules/main/classes/general/component.php:578
	/var/www/u0095419/data/www/itprom.ru/bitrix/modules/main/classes/general/main.php:1050
	/var/www/u0095419/data/www/itprom.ru/catalog/index.php:347
	/var/www/u0095419/data/www/itprom.ru/bitrix/modules/main/include/urlrewrite.php:159
----------
Host: itprom.ru
Date: 2015-11-17 13:19:51
Module: 
section
    include < CBitrixComponent::__includeComponent < CBitrixComponent::includeComponent < CAllMain::IncludeComponent < include_once
	/var/www/u0095419/data/www/itprom.ru/bitrix/modules/main/classes/general/component.php:535
	/var/www/u0095419/data/www/itprom.ru/bitrix/modules/main/classes/general/component.php:578
	/var/www/u0095419/data/www/itprom.ru/bitrix/modules/main/classes/general/main.php:1050
	/var/www/u0095419/data/www/itprom.ru/catalog/index.php:347
	/var/www/u0095419/data/www/itprom.ru/bitrix/modules/main/include/urlrewrite.php:159
----------
Host: itprom.ru
Date: 2015-11-17 13:19:53
Module: composite
RestartBuffer method was invoked
Request URI: /catalog/aksessuary-dlya-termoshkafov/?PAGEN_1=2&ajaxw=Y
Script: /catalog/index.php
    Bitrix\Main\Page\Frame::onBeforeRestartBuffer < call_user_func_array < ExecuteModuleEventEx < CAllMain::RestartBuffer < include
	/var/www/u0095419/data/www/itprom.ru/bitrix/modules/main/classes/general/module.php:475
	/var/www/u0095419/data/www/itprom.ru/bitrix/modules/main/classes/general/main.php:3187
	/var/www/u0095419/data/www/itprom.ru/bitrix/templates/webfly_san/components/bitrix/catalog/santech1_5/bitrix/catalog.section/tiles/template.php:88
	/var/www/u0095419/data/www/itprom.ru/bitrix/modules/main/classes/general/component_template.php:708
----------
Host: itprom.ru
Date: 2015-11-17 13:22:03
Module: 
section
    include < CBitrixComponent::__includeComponent < CBitrixComponent::includeComponent < CAllMain::IncludeComponent < include_once
	/var/www/u0095419/data/www/itprom.ru/bitrix/modules/main/classes/general/component.php:535
	/var/www/u0095419/data/www/itprom.ru/bitrix/modules/main/classes/general/component.php:578
	/var/www/u0095419/data/www/itprom.ru/bitrix/modules/main/classes/general/main.php:1050
	/var/www/u0095419/data/www/itprom.ru/catalog/index.php:347
	/var/www/u0095419/data/www/itprom.ru/bitrix/modules/main/include/urlrewrite.php:159
----------
Host: itprom.ru
Date: 2015-11-17 13:22:06
Module: 
section
    include < CBitrixComponent::__includeComponent < CBitrixComponent::includeComponent < CAllMain::IncludeComponent < include_once
	/var/www/u0095419/data/www/itprom.ru/bitrix/modules/main/classes/general/component.php:535
	/var/www/u0095419/data/www/itprom.ru/bitrix/modules/main/classes/general/component.php:578
	/var/www/u0095419/data/www/itprom.ru/bitrix/modules/main/classes/general/main.php:1050
	/var/www/u0095419/data/www/itprom.ru/catalog/index.php:347
	/var/www/u0095419/data/www/itprom.ru/bitrix/modules/main/include/urlrewrite.php:159
----------
Host: itprom.ru
Date: 2015-11-17 13:22:10
Module: 
section
    include < CBitrixComponent::__includeComponent < CBitrixComponent::includeComponent < CAllMain::IncludeComponent < include_once
	/var/www/u0095419/data/www/itprom.ru/bitrix/modules/main/classes/general/component.php:535
	/var/www/u0095419/data/www/itprom.ru/bitrix/modules/main/classes/general/component.php:578
	/var/www/u0095419/data/www/itprom.ru/bitrix/modules/main/classes/general/main.php:1050
	/var/www/u0095419/data/www/itprom.ru/catalog/index.php:347
	/var/www/u0095419/data/www/itprom.ru/bitrix/modules/main/include/urlrewrite.php:159
----------
Host: itprom.ru
Date: 2015-11-17 13:22:29
Module: 
section
    include < CBitrixComponent::__includeComponent < CBitrixComponent::includeComponent < CAllMain::IncludeComponent < include_once
	/var/www/u0095419/data/www/itprom.ru/bitrix/modules/main/classes/general/component.php:535
	/var/www/u0095419/data/www/itprom.ru/bitrix/modules/main/classes/general/component.php:578
	/var/www/u0095419/data/www/itprom.ru/bitrix/modules/main/classes/general/main.php:1050
	/var/www/u0095419/data/www/itprom.ru/catalog/index.php:347
	/var/www/u0095419/data/www/itprom.ru/bitrix/modules/main/include/urlrewrite.php:159
----------
Host: itprom.ru
Date: 2015-11-17 13:22:32
Module: 
section
    include < CBitrixComponent::__includeComponent < CBitrixComponent::includeComponent < CAllMain::IncludeComponent < include_once
	/var/www/u0095419/data/www/itprom.ru/bitrix/modules/main/classes/general/component.php:535
	/var/www/u0095419/data/www/itprom.ru/bitrix/modules/main/classes/general/component.php:578
	/var/www/u0095419/data/www/itprom.ru/bitrix/modules/main/classes/general/main.php:1050
	/var/www/u0095419/data/www/itprom.ru/catalog/index.php:347
	/var/www/u0095419/data/www/itprom.ru/bitrix/modules/main/include/urlrewrite.php:159
----------
Host: itprom.ru
Date: 2015-11-17 13:22:36
Module: 
section
    include < CBitrixComponent::__includeComponent < CBitrixComponent::includeComponent < CAllMain::IncludeComponent < include_once
	/var/www/u0095419/data/www/itprom.ru/bitrix/modules/main/classes/general/component.php:535
	/var/www/u0095419/data/www/itprom.ru/bitrix/modules/main/classes/general/component.php:578
	/var/www/u0095419/data/www/itprom.ru/bitrix/modules/main/classes/general/main.php:1050
	/var/www/u0095419/data/www/itprom.ru/catalog/index.php:347
	/var/www/u0095419/data/www/itprom.ru/bitrix/modules/main/include/urlrewrite.php:159
----------
Host: itprom.ru
Date: 2015-11-17 13:22:40
Module: 
section
    include < CBitrixComponent::__includeComponent < CBitrixComponent::includeComponent < CAllMain::IncludeComponent < include_once
	/var/www/u0095419/data/www/itprom.ru/bitrix/modules/main/classes/general/component.php:535
	/var/www/u0095419/data/www/itprom.ru/bitrix/modules/main/classes/general/component.php:578
	/var/www/u0095419/data/www/itprom.ru/bitrix/modules/main/classes/general/main.php:1050
	/var/www/u0095419/data/www/itprom.ru/catalog/index.php:347
	/var/www/u0095419/data/www/itprom.ru/bitrix/modules/main/include/urlrewrite.php:159
----------
Host: itprom.ru
Date: 2015-11-17 15:00:58
Module: 
element
    include < CBitrixComponent::__includeComponent < CBitrixComponent::includeComponent < CAllMain::IncludeComponent < include_once
	/var/www/u0095419/data/www/itprom.ru/bitrix/modules/main/classes/general/component.php:535
	/var/www/u0095419/data/www/itprom.ru/bitrix/modules/main/classes/general/component.php:578
	/var/www/u0095419/data/www/itprom.ru/bitrix/modules/main/classes/general/main.php:1050
	/var/www/u0095419/data/www/itprom.ru/catalog/index.php:347
	/var/www/u0095419/data/www/itprom.ru/bitrix/modules/main/include/urlrewrite.php:159
----------
Host: itprom.ru
Date: 2015-11-17 15:00:58
Module: composite
/var/www/u0095419/data/www/itprom.ru/bitrix/html_pages/itprom.ru/catalog/termoshkafi/series-tl/TL-4050210-100/index@.html.delete.1447761658.6269
    Bitrix\Main\Data\StaticHtmlCache::writeDebug < Bitrix\Main\Data\StaticHtmlCache::delete < Bitrix\Main\Page\Frame::processPageContent < Bitrix\Main\Page\Frame::endBuffering < CAllMain::EndBufferContent
	/var/www/u0095419/data/www/itprom.ru/bitrix/modules/main/lib/data/statichtmlcache.php:166
	/var/www/u0095419/data/www/itprom.ru/bitrix/modules/main/lib/page/frame.php:389
	/var/www/u0095419/data/www/itprom.ru/bitrix/modules/main/lib/page/frame.php:337
	/var/www/u0095419/data/www/itprom.ru/bitrix/modules/main/classes/general/main.php:3268
	/var/www/u0095419/data/www/itprom.ru/bitrix/modules/main/classes/general/main.php:3204
----------
Host: itprom.ru
Date: 2015-11-17 15:17:03
Module: 
section
    include < CBitrixComponent::__includeComponent < CBitrixComponent::includeComponent < CAllMain::IncludeComponent < include_once
	/var/www/u0095419/data/www/itprom.ru/bitrix/modules/main/classes/general/component.php:535
	/var/www/u0095419/data/www/itprom.ru/bitrix/modules/main/classes/general/component.php:578
	/var/www/u0095419/data/www/itprom.ru/bitrix/modules/main/classes/general/main.php:1050
	/var/www/u0095419/data/www/itprom.ru/catalog/index.php:347
	/var/www/u0095419/data/www/itprom.ru/bitrix/modules/main/include/urlrewrite.php:159
----------
Host: itprom.ru
Date: 2015-11-17 15:17:04
Module: composite
/var/www/u0095419/data/www/itprom.ru/bitrix/html_pages/itprom.ru/catalog/termoshkafi/series-vt/index@.html.delete.1447762624.4466
    Bitrix\Main\Data\StaticHtmlCache::writeDebug < Bitrix\Main\Data\StaticHtmlCache::delete < Bitrix\Main\Page\Frame::processPageContent < Bitrix\Main\Page\Frame::endBuffering < CAllMain::EndBufferContent
	/var/www/u0095419/data/www/itprom.ru/bitrix/modules/main/lib/data/statichtmlcache.php:166
	/var/www/u0095419/data/www/itprom.ru/bitrix/modules/main/lib/page/frame.php:389
	/var/www/u0095419/data/www/itprom.ru/bitrix/modules/main/lib/page/frame.php:337
	/var/www/u0095419/data/www/itprom.ru/bitrix/modules/main/classes/general/main.php:3268
	/var/www/u0095419/data/www/itprom.ru/bitrix/modules/main/classes/general/main.php:3204
----------
Host: itprom.ru
Date: 2015-11-17 17:19:48
Module: 
section
    include < CBitrixComponent::__includeComponent < CBitrixComponent::includeComponent < CAllMain::IncludeComponent < include_once
	/var/www/u0095419/data/www/itprom.ru/bitrix/modules/main/classes/general/component.php:535
	/var/www/u0095419/data/www/itprom.ru/bitrix/modules/main/classes/general/component.php:578
	/var/www/u0095419/data/www/itprom.ru/bitrix/modules/main/classes/general/main.php:1050
	/var/www/u0095419/data/www/itprom.ru/catalog/index.php:347
	/var/www/u0095419/data/www/itprom.ru/bitrix/modules/main/include/urlrewrite.php:159
----------
Host: itprom.ru
Date: 2015-11-17 17:19:52
Module: 
section
    include < CBitrixComponent::__includeComponent < CBitrixComponent::includeComponent < CAllMain::IncludeComponent < include_once
	/var/www/u0095419/data/www/itprom.ru/bitrix/modules/main/classes/general/component.php:535
	/var/www/u0095419/data/www/itprom.ru/bitrix/modules/main/classes/general/component.php:578
	/var/www/u0095419/data/www/itprom.ru/bitrix/modules/main/classes/general/main.php:1050
	/var/www/u0095419/data/www/itprom.ru/catalog/index.php:347
	/var/www/u0095419/data/www/itprom.ru/bitrix/modules/main/include/urlrewrite.php:159
----------
Host: itprom.ru
Date: 2015-11-17 17:19:55
Module: composite
/var/www/u0095419/data/www/itprom.ru/bitrix/html_pages/itprom.ru/catalog/termoshkafi/seriesib/index@.html.delete.1447769995.3549
    Bitrix\Main\Data\StaticHtmlCache::writeDebug < Bitrix\Main\Data\StaticHtmlCache::delete < Bitrix\Main\Page\Frame::processPageContent < Bitrix\Main\Page\Frame::endBuffering < CAllMain::EndBufferContent
	/var/www/u0095419/data/www/itprom.ru/bitrix/modules/main/lib/data/statichtmlcache.php:166
	/var/www/u0095419/data/www/itprom.ru/bitrix/modules/main/lib/page/frame.php:389
	/var/www/u0095419/data/www/itprom.ru/bitrix/modules/main/lib/page/frame.php:337
	/var/www/u0095419/data/www/itprom.ru/bitrix/modules/main/classes/general/main.php:3268
	/var/www/u0095419/data/www/itprom.ru/bitrix/modules/main/classes/general/main.php:3204
----------
Host: itprom.ru
Date: 2015-11-17 17:19:56
Module: 
section
    include < CBitrixComponent::__includeComponent < CBitrixComponent::includeComponent < CAllMain::IncludeComponent < include_once
	/var/www/u0095419/data/www/itprom.ru/bitrix/modules/main/classes/general/component.php:535
	/var/www/u0095419/data/www/itprom.ru/bitrix/modules/main/classes/general/component.php:578
	/var/www/u0095419/data/www/itprom.ru/bitrix/modules/main/classes/general/main.php:1050
	/var/www/u0095419/data/www/itprom.ru/catalog/index.php:347
	/var/www/u0095419/data/www/itprom.ru/bitrix/modules/main/include/urlrewrite.php:159
----------
Host: itprom.ru
Date: 2015-11-17 17:20:15
Module: 
section
    include < CBitrixComponent::__includeComponent < CBitrixComponent::includeComponent < CAllMain::IncludeComponent < include_once
	/var/www/u0095419/data/www/itprom.ru/bitrix/modules/main/classes/general/component.php:535
	/var/www/u0095419/data/www/itprom.ru/bitrix/modules/main/classes/general/component.php:578
	/var/www/u0095419/data/www/itprom.ru/bitrix/modules/main/classes/general/main.php:1050
	/var/www/u0095419/data/www/itprom.ru/catalog/index.php:347
	/var/www/u0095419/data/www/itprom.ru/bitrix/modules/main/include/urlrewrite.php:159
----------
Host: itprom.ru
Date: 2015-11-17 17:25:03
Module: 
element
    include < CBitrixComponent::__includeComponent < CBitrixComponent::includeComponent < CAllMain::IncludeComponent < include_once
	/var/www/u0095419/data/www/itprom.ru/bitrix/modules/main/classes/general/component.php:535
	/var/www/u0095419/data/www/itprom.ru/bitrix/modules/main/classes/general/component.php:578
	/var/www/u0095419/data/www/itprom.ru/bitrix/modules/main/classes/general/main.php:1050
	/var/www/u0095419/data/www/itprom.ru/catalog/index.php:347
	/var/www/u0095419/data/www/itprom.ru/bitrix/modules/main/include/urlrewrite.php:159
----------
Host: itprom.ru
Date: 2015-11-17 17:25:03
Module: composite
/var/www/u0095419/data/www/itprom.ru/bitrix/html_pages/itprom.ru/catalog/termoshkafi/series-t/T-6060200-150/index@.html.delete.1447770303.4948
    Bitrix\Main\Data\StaticHtmlCache::writeDebug < Bitrix\Main\Data\StaticHtmlCache::delete < Bitrix\Main\Page\Frame::processPageContent < Bitrix\Main\Page\Frame::endBuffering < CAllMain::EndBufferContent
	/var/www/u0095419/data/www/itprom.ru/bitrix/modules/main/lib/data/statichtmlcache.php:166
	/var/www/u0095419/data/www/itprom.ru/bitrix/modules/main/lib/page/frame.php:389
	/var/www/u0095419/data/www/itprom.ru/bitrix/modules/main/lib/page/frame.php:337
	/var/www/u0095419/data/www/itprom.ru/bitrix/modules/main/classes/general/main.php:3268
	/var/www/u0095419/data/www/itprom.ru/bitrix/modules/main/classes/general/main.php:3204
----------
Host: itprom.ru
Date: 2015-11-17 17:25:14
Module: 
section
    include < CBitrixComponent::__includeComponent < CBitrixComponent::includeComponent < CAllMain::IncludeComponent < include_once
	/var/www/u0095419/data/www/itprom.ru/bitrix/modules/main/classes/general/component.php:535
	/var/www/u0095419/data/www/itprom.ru/bitrix/modules/main/classes/general/component.php:578
	/var/www/u0095419/data/www/itprom.ru/bitrix/modules/main/classes/general/main.php:1050
	/var/www/u0095419/data/www/itprom.ru/catalog/index.php:347
	/var/www/u0095419/data/www/itprom.ru/bitrix/modules/main/include/urlrewrite.php:159
----------
Host: itprom.ru
Date: 2015-11-17 17:25:15
Module: composite
/var/www/u0095419/data/www/itprom.ru/bitrix/html_pages/itprom.ru/catalog/termoshkafi/series-tl/index@.html.delete.1447770315.1058
    Bitrix\Main\Data\StaticHtmlCache::writeDebug < Bitrix\Main\Data\StaticHtmlCache::delete < Bitrix\Main\Page\Frame::processPageContent < Bitrix\Main\Page\Frame::endBuffering < CAllMain::EndBufferContent
	/var/www/u0095419/data/www/itprom.ru/bitrix/modules/main/lib/data/statichtmlcache.php:166
	/var/www/u0095419/data/www/itprom.ru/bitrix/modules/main/lib/page/frame.php:389
	/var/www/u0095419/data/www/itprom.ru/bitrix/modules/main/lib/page/frame.php:337
	/var/www/u0095419/data/www/itprom.ru/bitrix/modules/main/classes/general/main.php:3268
	/var/www/u0095419/data/www/itprom.ru/bitrix/modules/main/classes/general/main.php:3204
----------
Host: itprom.ru
Date: 2015-11-17 17:34:06
Module: 
section
    include < CBitrixComponent::__includeComponent < CBitrixComponent::includeComponent < CAllMain::IncludeComponent < include_once
	/var/www/u0095419/data/www/itprom.ru/bitrix/modules/main/classes/general/component.php:535
	/var/www/u0095419/data/www/itprom.ru/bitrix/modules/main/classes/general/component.php:578
	/var/www/u0095419/data/www/itprom.ru/bitrix/modules/main/classes/general/main.php:1050
	/var/www/u0095419/data/www/itprom.ru/catalog/index.php:347
	/var/www/u0095419/data/www/itprom.ru/bitrix/modules/main/include/urlrewrite.php:159
----------
Host: itprom.ru
Date: 2015-11-17 17:34:06
Module: 
smart_filter
    include < CBitrixComponent::__includeComponent < CBitrixComponent::includeComponent < CAllMain::IncludeComponent < include_once
	/var/www/u0095419/data/www/itprom.ru/bitrix/modules/main/classes/general/component.php:535
	/var/www/u0095419/data/www/itprom.ru/bitrix/modules/main/classes/general/component.php:578
	/var/www/u0095419/data/www/itprom.ru/bitrix/modules/main/classes/general/main.php:1050
	/var/www/u0095419/data/www/itprom.ru/catalog/index.php:347
	/var/www/u0095419/data/www/itprom.ru/bitrix/modules/main/include/urlrewrite.php:159
----------
Host: itprom.ru
Date: 2015-11-17 17:34:44
Module: 
element
    include < CBitrixComponent::__includeComponent < CBitrixComponent::includeComponent < CAllMain::IncludeComponent < include_once
	/var/www/u0095419/data/www/itprom.ru/bitrix/modules/main/classes/general/component.php:535
	/var/www/u0095419/data/www/itprom.ru/bitrix/modules/main/classes/general/component.php:578
	/var/www/u0095419/data/www/itprom.ru/bitrix/modules/main/classes/general/main.php:1050
	/var/www/u0095419/data/www/itprom.ru/catalog/index.php:347
	/var/www/u0095419/data/www/itprom.ru/bitrix/modules/main/include/urlrewrite.php:159
----------
Host: itprom.ru
Date: 2015-11-17 17:34:46
Module: composite
/var/www/u0095419/data/www/itprom.ru/bitrix/html_pages/itprom.ru/catalog/termoshkafi/series-tl/TL-3830210-45/index@.html.delete.1447770886.895
    Bitrix\Main\Data\StaticHtmlCache::writeDebug < Bitrix\Main\Data\StaticHtmlCache::delete < Bitrix\Main\Page\Frame::processPageContent < Bitrix\Main\Page\Frame::endBuffering < CAllMain::EndBufferContent
	/var/www/u0095419/data/www/itprom.ru/bitrix/modules/main/lib/data/statichtmlcache.php:166
	/var/www/u0095419/data/www/itprom.ru/bitrix/modules/main/lib/page/frame.php:389
	/var/www/u0095419/data/www/itprom.ru/bitrix/modules/main/lib/page/frame.php:337
	/var/www/u0095419/data/www/itprom.ru/bitrix/modules/main/classes/general/main.php:3268
	/var/www/u0095419/data/www/itprom.ru/bitrix/modules/main/classes/general/main.php:3204
----------
Host: itprom.ru
Date: 2015-11-17 20:59:03
Module: Composite was rejected
Reason: /bitrix/templates/webfly_san/components/intsys/highloadblock.view/brand/template.php
Request URI: /brands/provento/
Script: /brands/detail.php
    Bitrix\Main\Data\StaticHtmlCache::applyComponentFrameMode < CBitrixComponentTemplate::__IncludePHPTemplate < CBitrixComponentTemplate::IncludeTemplate < CBitrixComponent::showComponentTemplate < CBitrixComponent::includeComponentTemplate
	/var/www/u0095419/data/www/itprom.ru/bitrix/modules/main/classes/general/component_template.php:719
	/var/www/u0095419/data/www/itprom.ru/bitrix/modules/main/classes/general/component_template.php:800
	/var/www/u0095419/data/www/itprom.ru/bitrix/modules/main/classes/general/component.php:657
	/var/www/u0095419/data/www/itprom.ru/bitrix/modules/main/classes/general/component.php:605
	/var/www/u0095419/data/www/itprom.ru/bitrix/components/intsys/highloadblock.view/component.php:62
----------
Host: itprom.ru
Date: 2015-11-17 20:59:04
Module: composite
/var/www/u0095419/data/www/itprom.ru/bitrix/html_pages/itprom.ru/brands/index@.html.delete.1447783144.5234
    Bitrix\Main\Data\StaticHtmlCache::writeDebug < Bitrix\Main\Data\StaticHtmlCache::delete < Bitrix\Main\Page\Frame::processPageContent < Bitrix\Main\Page\Frame::endBuffering < CAllMain::EndBufferContent
	/var/www/u0095419/data/www/itprom.ru/bitrix/modules/main/lib/data/statichtmlcache.php:166
	/var/www/u0095419/data/www/itprom.ru/bitrix/modules/main/lib/page/frame.php:389
	/var/www/u0095419/data/www/itprom.ru/bitrix/modules/main/lib/page/frame.php:337
	/var/www/u0095419/data/www/itprom.ru/bitrix/modules/main/classes/general/main.php:3268
	/var/www/u0095419/data/www/itprom.ru/bitrix/modules/main/classes/general/main.php:3204
----------
Host: itprom.ru
Date: 2015-11-17 21:15:42
Module: Composite was rejected
Reason: /bitrix/templates/webfly_san/components/intsys/highloadblock.view/brand/template.php
Request URI: /brands/atp/
Script: /brands/detail.php
    Bitrix\Main\Data\StaticHtmlCache::applyComponentFrameMode < CBitrixComponentTemplate::__IncludePHPTemplate < CBitrixComponentTemplate::IncludeTemplate < CBitrixComponent::showComponentTemplate < CBitrixComponent::includeComponentTemplate
	/var/www/u0095419/data/www/itprom.ru/bitrix/modules/main/classes/general/component_template.php:719
	/var/www/u0095419/data/www/itprom.ru/bitrix/modules/main/classes/general/component_template.php:800
	/var/www/u0095419/data/www/itprom.ru/bitrix/modules/main/classes/general/component.php:657
	/var/www/u0095419/data/www/itprom.ru/bitrix/modules/main/classes/general/component.php:605
	/var/www/u0095419/data/www/itprom.ru/bitrix/components/intsys/highloadblock.view/component.php:62
----------
Host: itprom.ru
Date: 2015-11-17 21:24:26
Module: 
element
    include < CBitrixComponent::__includeComponent < CBitrixComponent::includeComponent < CAllMain::IncludeComponent < include_once
	/var/www/u0095419/data/www/itprom.ru/bitrix/modules/main/classes/general/component.php:535
	/var/www/u0095419/data/www/itprom.ru/bitrix/modules/main/classes/general/component.php:578
	/var/www/u0095419/data/www/itprom.ru/bitrix/modules/main/classes/general/main.php:1050
	/var/www/u0095419/data/www/itprom.ru/catalog/index.php:347
	/var/www/u0095419/data/www/itprom.ru/bitrix/modules/main/include/urlrewrite.php:159
----------
