Host: itprom.ru
Date: 2015-11-23 00:05:42
Module: 
element
    include < CBitrixComponent::__includeComponent < CBitrixComponent::includeComponent < CAllMain::IncludeComponent < include_once
	/var/www/u0095419/data/www/itprom.ru/bitrix/modules/main/classes/general/component.php:535
	/var/www/u0095419/data/www/itprom.ru/bitrix/modules/main/classes/general/component.php:578
	/var/www/u0095419/data/www/itprom.ru/bitrix/modules/main/classes/general/main.php:1050
	/var/www/u0095419/data/www/itprom.ru/catalog/index.php:347
	/var/www/u0095419/data/www/itprom.ru/bitrix/modules/main/include/urlrewrite.php:159
----------
Host: itprom.ru
Date: 2015-11-23 00:05:43
Module: composite
/var/www/u0095419/data/www/itprom.ru/bitrix/html_pages/itprom.ru/catalog/termoshkafi_antivandalniye/arm19-60120600_168/index@.html.delete.1448226343.9053
    Bitrix\Main\Data\StaticHtmlCache::writeDebug < Bitrix\Main\Data\StaticHtmlCache::delete < Bitrix\Main\Page\Frame::processPageContent < Bitrix\Main\Page\Frame::endBuffering < CAllMain::EndBufferContent
	/var/www/u0095419/data/www/itprom.ru/bitrix/modules/main/lib/data/statichtmlcache.php:166
	/var/www/u0095419/data/www/itprom.ru/bitrix/modules/main/lib/page/frame.php:389
	/var/www/u0095419/data/www/itprom.ru/bitrix/modules/main/lib/page/frame.php:337
	/var/www/u0095419/data/www/itprom.ru/bitrix/modules/main/classes/general/main.php:3268
	/var/www/u0095419/data/www/itprom.ru/bitrix/modules/main/classes/general/main.php:3204
----------
Host: itprom.ru
Date: 2015-11-23 00:06:03
Module: Composite was rejected
Reason: (from component cache) /bitrix/templates/webfly_san/components/bitrix/news/blog/bitrix/news.detail/.default/template.php
Request URI: /blog/korpusa-termoshkafov-kompanii-itprom/
Script: /blog/index.php
    Bitrix\Main\Data\StaticHtmlCache::applyComponentFrameMode < CBitrixComponent::startResultCache < include < CBitrixComponent::__includeComponent < CBitrixComponent::includeComponent
	/var/www/u0095419/data/www/itprom.ru/bitrix/modules/main/classes/general/component.php:831
	/var/www/u0095419/data/www/itprom.ru/bitrix/components/bitrix/news.detail/component.php:133
	/var/www/u0095419/data/www/itprom.ru/bitrix/modules/main/classes/general/component.php:535
	/var/www/u0095419/data/www/itprom.ru/bitrix/modules/main/classes/general/component.php:578
	/var/www/u0095419/data/www/itprom.ru/bitrix/modules/main/classes/general/main.php:1050
----------
Host: itprom.ru
Date: 2015-11-23 00:06:39
Module: Composite was rejected
Reason: (from component cache) /bitrix/templates/webfly_san/components/bitrix/news/blog/bitrix/news.detail/.default/template.php
Request URI: /blog/proizvodstvo-termoshkafov-itprom/
Script: /blog/index.php
    Bitrix\Main\Data\StaticHtmlCache::applyComponentFrameMode < CBitrixComponent::startResultCache < include < CBitrixComponent::__includeComponent < CBitrixComponent::includeComponent
	/var/www/u0095419/data/www/itprom.ru/bitrix/modules/main/classes/general/component.php:831
	/var/www/u0095419/data/www/itprom.ru/bitrix/components/bitrix/news.detail/component.php:133
	/var/www/u0095419/data/www/itprom.ru/bitrix/modules/main/classes/general/component.php:535
	/var/www/u0095419/data/www/itprom.ru/bitrix/modules/main/classes/general/component.php:578
	/var/www/u0095419/data/www/itprom.ru/bitrix/modules/main/classes/general/main.php:1050
----------
Host: itprom.ru
Date: 2015-11-23 00:06:58
Module: composite
/var/www/u0095419/data/www/itprom.ru/bitrix/html_pages/itprom.ru/news/attestatsiya-termoshkafov-itprom/index@.html.delete.1448226418.294
    Bitrix\Main\Data\StaticHtmlCache::writeDebug < Bitrix\Main\Data\StaticHtmlCache::delete < Bitrix\Main\Page\Frame::processPageContent < Bitrix\Main\Page\Frame::endBuffering < CAllMain::EndBufferContent
	/var/www/u0095419/data/www/itprom.ru/bitrix/modules/main/lib/data/statichtmlcache.php:166
	/var/www/u0095419/data/www/itprom.ru/bitrix/modules/main/lib/page/frame.php:389
	/var/www/u0095419/data/www/itprom.ru/bitrix/modules/main/lib/page/frame.php:337
	/var/www/u0095419/data/www/itprom.ru/bitrix/modules/main/classes/general/main.php:3268
	/var/www/u0095419/data/www/itprom.ru/bitrix/modules/main/classes/general/main.php:3204
----------
Host: itprom.ru
Date: 2015-11-23 00:07:20
Module: Composite was rejected
Reason: (from component cache) /bitrix/templates/webfly_san/components/bitrix/news/blog/bitrix/news.detail/.default/template.php
Request URI: /blog/ustanovka-i-montazh-termoshkafov-kompanii-itprom/
Script: /blog/index.php
    Bitrix\Main\Data\StaticHtmlCache::applyComponentFrameMode < CBitrixComponent::startResultCache < include < CBitrixComponent::__includeComponent < CBitrixComponent::includeComponent
	/var/www/u0095419/data/www/itprom.ru/bitrix/modules/main/classes/general/component.php:831
	/var/www/u0095419/data/www/itprom.ru/bitrix/components/bitrix/news.detail/component.php:133
	/var/www/u0095419/data/www/itprom.ru/bitrix/modules/main/classes/general/component.php:535
	/var/www/u0095419/data/www/itprom.ru/bitrix/modules/main/classes/general/component.php:578
	/var/www/u0095419/data/www/itprom.ru/bitrix/modules/main/classes/general/main.php:1050
----------
Host: itprom.ru
Date: 2015-11-23 00:07:53
Module: 
section
    include < CBitrixComponent::__includeComponent < CBitrixComponent::includeComponent < CAllMain::IncludeComponent < include_once
	/var/www/u0095419/data/www/itprom.ru/bitrix/modules/main/classes/general/component.php:535
	/var/www/u0095419/data/www/itprom.ru/bitrix/modules/main/classes/general/component.php:578
	/var/www/u0095419/data/www/itprom.ru/bitrix/modules/main/classes/general/main.php:1050
	/var/www/u0095419/data/www/itprom.ru/catalog/index.php:347
	/var/www/u0095419/data/www/itprom.ru/bitrix/modules/main/include/urlrewrite.php:159
----------
Host: itprom.ru
Date: 2015-11-23 00:08:07
Module: 
section
    include < CBitrixComponent::__includeComponent < CBitrixComponent::includeComponent < CAllMain::IncludeComponent < include_once
	/var/www/u0095419/data/www/itprom.ru/bitrix/modules/main/classes/general/component.php:535
	/var/www/u0095419/data/www/itprom.ru/bitrix/modules/main/classes/general/component.php:578
	/var/www/u0095419/data/www/itprom.ru/bitrix/modules/main/classes/general/main.php:1050
	/var/www/u0095419/data/www/itprom.ru/catalog/index.php:347
	/var/www/u0095419/data/www/itprom.ru/bitrix/modules/main/include/urlrewrite.php:159
----------
Host: itprom.ru
Date: 2015-11-23 00:08:07
Module: 
smart_filter
    include < CBitrixComponent::__includeComponent < CBitrixComponent::includeComponent < CAllMain::IncludeComponent < include_once
	/var/www/u0095419/data/www/itprom.ru/bitrix/modules/main/classes/general/component.php:535
	/var/www/u0095419/data/www/itprom.ru/bitrix/modules/main/classes/general/component.php:578
	/var/www/u0095419/data/www/itprom.ru/bitrix/modules/main/classes/general/main.php:1050
	/var/www/u0095419/data/www/itprom.ru/catalog/index.php:347
	/var/www/u0095419/data/www/itprom.ru/bitrix/modules/main/include/urlrewrite.php:159
----------
Host: itprom.ru
Date: 2015-11-23 00:08:16
Module: 
section
    include < CBitrixComponent::__includeComponent < CBitrixComponent::includeComponent < CAllMain::IncludeComponent < include_once
	/var/www/u0095419/data/www/itprom.ru/bitrix/modules/main/classes/general/component.php:535
	/var/www/u0095419/data/www/itprom.ru/bitrix/modules/main/classes/general/component.php:578
	/var/www/u0095419/data/www/itprom.ru/bitrix/modules/main/classes/general/main.php:1050
	/var/www/u0095419/data/www/itprom.ru/catalog/index.php:347
	/var/www/u0095419/data/www/itprom.ru/bitrix/modules/main/include/urlrewrite.php:159
----------
Host: itprom.ru
Date: 2015-11-23 00:08:16
Module: composite
/var/www/u0095419/data/www/itprom.ru/bitrix/html_pages/itprom.ru/catalog/aksessuary-dlya-termoshkafov/nagrevateli/index@.html.delete.1448226496.4892
    Bitrix\Main\Data\StaticHtmlCache::writeDebug < Bitrix\Main\Data\StaticHtmlCache::delete < Bitrix\Main\Page\Frame::processPageContent < Bitrix\Main\Page\Frame::endBuffering < CAllMain::EndBufferContent
	/var/www/u0095419/data/www/itprom.ru/bitrix/modules/main/lib/data/statichtmlcache.php:166
	/var/www/u0095419/data/www/itprom.ru/bitrix/modules/main/lib/page/frame.php:389
	/var/www/u0095419/data/www/itprom.ru/bitrix/modules/main/lib/page/frame.php:337
	/var/www/u0095419/data/www/itprom.ru/bitrix/modules/main/classes/general/main.php:3268
	/var/www/u0095419/data/www/itprom.ru/bitrix/modules/main/classes/general/main.php:3204
----------
Host: itprom.ru
Date: 2015-11-23 00:08:18
Module: 
section
    include < CBitrixComponent::__includeComponent < CBitrixComponent::includeComponent < CAllMain::IncludeComponent < include_once
	/var/www/u0095419/data/www/itprom.ru/bitrix/modules/main/classes/general/component.php:535
	/var/www/u0095419/data/www/itprom.ru/bitrix/modules/main/classes/general/component.php:578
	/var/www/u0095419/data/www/itprom.ru/bitrix/modules/main/classes/general/main.php:1050
	/var/www/u0095419/data/www/itprom.ru/catalog/index.php:347
	/var/www/u0095419/data/www/itprom.ru/bitrix/modules/main/include/urlrewrite.php:159
----------
Host: itprom.ru
Date: 2015-11-23 00:08:18
Module: composite
/var/www/u0095419/data/www/itprom.ru/bitrix/html_pages/itprom.ru/catalog/aksessuary-dlya-termoshkafov/termostaty/index@.html.delete.1448226498.6648
    Bitrix\Main\Data\StaticHtmlCache::writeDebug < Bitrix\Main\Data\StaticHtmlCache::delete < Bitrix\Main\Page\Frame::processPageContent < Bitrix\Main\Page\Frame::endBuffering < CAllMain::EndBufferContent
	/var/www/u0095419/data/www/itprom.ru/bitrix/modules/main/lib/data/statichtmlcache.php:166
	/var/www/u0095419/data/www/itprom.ru/bitrix/modules/main/lib/page/frame.php:389
	/var/www/u0095419/data/www/itprom.ru/bitrix/modules/main/lib/page/frame.php:337
	/var/www/u0095419/data/www/itprom.ru/bitrix/modules/main/classes/general/main.php:3268
	/var/www/u0095419/data/www/itprom.ru/bitrix/modules/main/classes/general/main.php:3204
----------
Host: itprom.ru
Date: 2015-11-23 00:08:25
Module: 
section
    include < CBitrixComponent::__includeComponent < CBitrixComponent::includeComponent < CAllMain::IncludeComponent < include_once
	/var/www/u0095419/data/www/itprom.ru/bitrix/modules/main/classes/general/component.php:535
	/var/www/u0095419/data/www/itprom.ru/bitrix/modules/main/classes/general/component.php:578
	/var/www/u0095419/data/www/itprom.ru/bitrix/modules/main/classes/general/main.php:1050
	/var/www/u0095419/data/www/itprom.ru/catalog/index.php:347
	/var/www/u0095419/data/www/itprom.ru/bitrix/modules/main/include/urlrewrite.php:159
----------
Host: itprom.ru
Date: 2015-11-23 00:08:25
Module: composite
/var/www/u0095419/data/www/itprom.ru/bitrix/html_pages/itprom.ru/catalog/aksessuary-dlya-termoshkafov/kronshteyny-telekommunikatsionnye-19/index@.html.delete.1448226505.3865
    Bitrix\Main\Data\StaticHtmlCache::writeDebug < Bitrix\Main\Data\StaticHtmlCache::delete < Bitrix\Main\Page\Frame::processPageContent < Bitrix\Main\Page\Frame::endBuffering < CAllMain::EndBufferContent
	/var/www/u0095419/data/www/itprom.ru/bitrix/modules/main/lib/data/statichtmlcache.php:166
	/var/www/u0095419/data/www/itprom.ru/bitrix/modules/main/lib/page/frame.php:389
	/var/www/u0095419/data/www/itprom.ru/bitrix/modules/main/lib/page/frame.php:337
	/var/www/u0095419/data/www/itprom.ru/bitrix/modules/main/classes/general/main.php:3268
	/var/www/u0095419/data/www/itprom.ru/bitrix/modules/main/classes/general/main.php:3204
----------
Host: itprom.ru
Date: 2015-11-23 00:08:33
Module: 
section
    include < CBitrixComponent::__includeComponent < CBitrixComponent::includeComponent < CAllMain::IncludeComponent < include_once
	/var/www/u0095419/data/www/itprom.ru/bitrix/modules/main/classes/general/component.php:535
	/var/www/u0095419/data/www/itprom.ru/bitrix/modules/main/classes/general/component.php:578
	/var/www/u0095419/data/www/itprom.ru/bitrix/modules/main/classes/general/main.php:1050
	/var/www/u0095419/data/www/itprom.ru/catalog/index.php:347
	/var/www/u0095419/data/www/itprom.ru/bitrix/modules/main/include/urlrewrite.php:159
----------
Host: itprom.ru
Date: 2015-11-23 00:08:33
Module: composite
/var/www/u0095419/data/www/itprom.ru/bitrix/html_pages/itprom.ru/catalog/aksessuary-dlya-termoshkafov/krepleniya-na-machtu/index@.html.delete.1448226513.6915
    Bitrix\Main\Data\StaticHtmlCache::writeDebug < Bitrix\Main\Data\StaticHtmlCache::delete < Bitrix\Main\Page\Frame::processPageContent < Bitrix\Main\Page\Frame::endBuffering < CAllMain::EndBufferContent
	/var/www/u0095419/data/www/itprom.ru/bitrix/modules/main/lib/data/statichtmlcache.php:166
	/var/www/u0095419/data/www/itprom.ru/bitrix/modules/main/lib/page/frame.php:389
	/var/www/u0095419/data/www/itprom.ru/bitrix/modules/main/lib/page/frame.php:337
	/var/www/u0095419/data/www/itprom.ru/bitrix/modules/main/classes/general/main.php:3268
	/var/www/u0095419/data/www/itprom.ru/bitrix/modules/main/classes/general/main.php:3204
----------
Host: itprom.ru
Date: 2015-11-23 00:08:44
Module: 
section
    include < CBitrixComponent::__includeComponent < CBitrixComponent::includeComponent < CAllMain::IncludeComponent < include_once
	/var/www/u0095419/data/www/itprom.ru/bitrix/modules/main/classes/general/component.php:535
	/var/www/u0095419/data/www/itprom.ru/bitrix/modules/main/classes/general/component.php:578
	/var/www/u0095419/data/www/itprom.ru/bitrix/modules/main/classes/general/main.php:1050
	/var/www/u0095419/data/www/itprom.ru/catalog/index.php:347
	/var/www/u0095419/data/www/itprom.ru/bitrix/modules/main/include/urlrewrite.php:159
----------
Host: itprom.ru
Date: 2015-11-23 00:08:44
Module: composite
/var/www/u0095419/data/www/itprom.ru/bitrix/html_pages/itprom.ru/catalog/termoshkafi_19/index@.html.delete.1448226524.8279
    Bitrix\Main\Data\StaticHtmlCache::writeDebug < Bitrix\Main\Data\StaticHtmlCache::delete < Bitrix\Main\Page\Frame::processPageContent < Bitrix\Main\Page\Frame::endBuffering < CAllMain::EndBufferContent
	/var/www/u0095419/data/www/itprom.ru/bitrix/modules/main/lib/data/statichtmlcache.php:166
	/var/www/u0095419/data/www/itprom.ru/bitrix/modules/main/lib/page/frame.php:389
	/var/www/u0095419/data/www/itprom.ru/bitrix/modules/main/lib/page/frame.php:337
	/var/www/u0095419/data/www/itprom.ru/bitrix/modules/main/classes/general/main.php:3268
	/var/www/u0095419/data/www/itprom.ru/bitrix/modules/main/classes/general/main.php:3204
----------
Host: itprom.ru
Date: 2015-11-23 00:08:49
Module: composite
/var/www/u0095419/data/www/itprom.ru/bitrix/html_pages/itprom.ru/brands/index@.html.delete.1448226529.6693
    Bitrix\Main\Data\StaticHtmlCache::writeDebug < Bitrix\Main\Data\StaticHtmlCache::delete < Bitrix\Main\Page\Frame::processPageContent < Bitrix\Main\Page\Frame::endBuffering < CAllMain::EndBufferContent
	/var/www/u0095419/data/www/itprom.ru/bitrix/modules/main/lib/data/statichtmlcache.php:166
	/var/www/u0095419/data/www/itprom.ru/bitrix/modules/main/lib/page/frame.php:389
	/var/www/u0095419/data/www/itprom.ru/bitrix/modules/main/lib/page/frame.php:337
	/var/www/u0095419/data/www/itprom.ru/bitrix/modules/main/classes/general/main.php:3268
	/var/www/u0095419/data/www/itprom.ru/bitrix/modules/main/classes/general/main.php:3204
----------
Host: itprom.ru
Date: 2015-11-23 00:08:51
Module: composite
/var/www/u0095419/data/www/itprom.ru/bitrix/html_pages/itprom.ru/sales/index@.html.delete.1448226531.028
    Bitrix\Main\Data\StaticHtmlCache::writeDebug < Bitrix\Main\Data\StaticHtmlCache::delete < Bitrix\Main\Page\Frame::processPageContent < Bitrix\Main\Page\Frame::endBuffering < CAllMain::EndBufferContent
	/var/www/u0095419/data/www/itprom.ru/bitrix/modules/main/lib/data/statichtmlcache.php:166
	/var/www/u0095419/data/www/itprom.ru/bitrix/modules/main/lib/page/frame.php:389
	/var/www/u0095419/data/www/itprom.ru/bitrix/modules/main/lib/page/frame.php:337
	/var/www/u0095419/data/www/itprom.ru/bitrix/modules/main/classes/general/main.php:3268
	/var/www/u0095419/data/www/itprom.ru/bitrix/modules/main/classes/general/main.php:3204
----------
Host: itprom.ru
Date: 2015-11-23 00:08:59
Module: composite
/var/www/u0095419/data/www/itprom.ru/bitrix/html_pages/itprom.ru/blog/index@.html.delete.1448226539.7645
    Bitrix\Main\Data\StaticHtmlCache::writeDebug < Bitrix\Main\Data\StaticHtmlCache::delete < Bitrix\Main\Page\Frame::processPageContent < Bitrix\Main\Page\Frame::endBuffering < CAllMain::EndBufferContent
	/var/www/u0095419/data/www/itprom.ru/bitrix/modules/main/lib/data/statichtmlcache.php:166
	/var/www/u0095419/data/www/itprom.ru/bitrix/modules/main/lib/page/frame.php:389
	/var/www/u0095419/data/www/itprom.ru/bitrix/modules/main/lib/page/frame.php:337
	/var/www/u0095419/data/www/itprom.ru/bitrix/modules/main/classes/general/main.php:3268
	/var/www/u0095419/data/www/itprom.ru/bitrix/modules/main/classes/general/main.php:3204
----------
Host: itprom.ru
Date: 2015-11-23 00:09:02
Module: composite
/var/www/u0095419/data/www/itprom.ru/bitrix/html_pages/itprom.ru/news/index@.html.delete.1448226542.7443
    Bitrix\Main\Data\StaticHtmlCache::writeDebug < Bitrix\Main\Data\StaticHtmlCache::delete < Bitrix\Main\Page\Frame::processPageContent < Bitrix\Main\Page\Frame::endBuffering < CAllMain::EndBufferContent
	/var/www/u0095419/data/www/itprom.ru/bitrix/modules/main/lib/data/statichtmlcache.php:166
	/var/www/u0095419/data/www/itprom.ru/bitrix/modules/main/lib/page/frame.php:389
	/var/www/u0095419/data/www/itprom.ru/bitrix/modules/main/lib/page/frame.php:337
	/var/www/u0095419/data/www/itprom.ru/bitrix/modules/main/classes/general/main.php:3268
	/var/www/u0095419/data/www/itprom.ru/bitrix/modules/main/classes/general/main.php:3204
----------
Host: itprom.ru
Date: 2015-11-23 00:09:04
Module: composite
/var/www/u0095419/data/www/itprom.ru/bitrix/html_pages/itprom.ru/about/o-kompanii/index@.html.delete.1448226544.4123
    Bitrix\Main\Data\StaticHtmlCache::writeDebug < Bitrix\Main\Data\StaticHtmlCache::delete < Bitrix\Main\Page\Frame::processPageContent < Bitrix\Main\Page\Frame::endBuffering < CAllMain::EndBufferContent
	/var/www/u0095419/data/www/itprom.ru/bitrix/modules/main/lib/data/statichtmlcache.php:166
	/var/www/u0095419/data/www/itprom.ru/bitrix/modules/main/lib/page/frame.php:389
	/var/www/u0095419/data/www/itprom.ru/bitrix/modules/main/lib/page/frame.php:337
	/var/www/u0095419/data/www/itprom.ru/bitrix/modules/main/classes/general/main.php:3268
	/var/www/u0095419/data/www/itprom.ru/bitrix/modules/main/classes/general/main.php:3204
----------
Host: itprom.ru
Date: 2015-11-23 00:09:07
Module: composite
/var/www/u0095419/data/www/itprom.ru/bitrix/html_pages/itprom.ru/about/partners/index@.html.delete.1448226547.8068
    Bitrix\Main\Data\StaticHtmlCache::writeDebug < Bitrix\Main\Data\StaticHtmlCache::delete < Bitrix\Main\Page\Frame::processPageContent < Bitrix\Main\Page\Frame::endBuffering < CAllMain::EndBufferContent
	/var/www/u0095419/data/www/itprom.ru/bitrix/modules/main/lib/data/statichtmlcache.php:166
	/var/www/u0095419/data/www/itprom.ru/bitrix/modules/main/lib/page/frame.php:389
	/var/www/u0095419/data/www/itprom.ru/bitrix/modules/main/lib/page/frame.php:337
	/var/www/u0095419/data/www/itprom.ru/bitrix/modules/main/classes/general/main.php:3268
	/var/www/u0095419/data/www/itprom.ru/bitrix/modules/main/classes/general/main.php:3204
----------
Host: itprom.ru
Date: 2015-11-23 00:09:25
Module: composite
/var/www/u0095419/data/www/itprom.ru/bitrix/html_pages/itprom.ru/about/faq/index@.html.delete.1448226565.0506
    Bitrix\Main\Data\StaticHtmlCache::writeDebug < Bitrix\Main\Data\StaticHtmlCache::delete < Bitrix\Main\Page\Frame::processPageContent < Bitrix\Main\Page\Frame::endBuffering < CAllMain::EndBufferContent
	/var/www/u0095419/data/www/itprom.ru/bitrix/modules/main/lib/data/statichtmlcache.php:166
	/var/www/u0095419/data/www/itprom.ru/bitrix/modules/main/lib/page/frame.php:389
	/var/www/u0095419/data/www/itprom.ru/bitrix/modules/main/lib/page/frame.php:337
	/var/www/u0095419/data/www/itprom.ru/bitrix/modules/main/classes/general/main.php:3268
	/var/www/u0095419/data/www/itprom.ru/bitrix/modules/main/classes/general/main.php:3204
----------
Host: itprom.ru
Date: 2015-11-23 00:09:25
Module: composite
/var/www/u0095419/data/www/itprom.ru/bitrix/html_pages/itprom.ru/about/partners/index@.html.delete.1448226565.8202
    Bitrix\Main\Data\StaticHtmlCache::writeDebug < Bitrix\Main\Data\StaticHtmlCache::delete < Bitrix\Main\Page\Frame::processPageContent < Bitrix\Main\Page\Frame::endBuffering < CAllMain::EndBufferContent
	/var/www/u0095419/data/www/itprom.ru/bitrix/modules/main/lib/data/statichtmlcache.php:166
	/var/www/u0095419/data/www/itprom.ru/bitrix/modules/main/lib/page/frame.php:389
	/var/www/u0095419/data/www/itprom.ru/bitrix/modules/main/lib/page/frame.php:337
	/var/www/u0095419/data/www/itprom.ru/bitrix/modules/main/classes/general/main.php:3268
	/var/www/u0095419/data/www/itprom.ru/bitrix/modules/main/classes/general/main.php:3204
----------
Host: itprom.ru
Date: 2015-11-23 00:09:30
Module: composite
/var/www/u0095419/data/www/itprom.ru/bitrix/html_pages/itprom.ru/about/rekvizity/index@.html.delete.1448226570.8112
    Bitrix\Main\Data\StaticHtmlCache::writeDebug < Bitrix\Main\Data\StaticHtmlCache::delete < Bitrix\Main\Page\Frame::processPageContent < Bitrix\Main\Page\Frame::endBuffering < CAllMain::EndBufferContent
	/var/www/u0095419/data/www/itprom.ru/bitrix/modules/main/lib/data/statichtmlcache.php:166
	/var/www/u0095419/data/www/itprom.ru/bitrix/modules/main/lib/page/frame.php:389
	/var/www/u0095419/data/www/itprom.ru/bitrix/modules/main/lib/page/frame.php:337
	/var/www/u0095419/data/www/itprom.ru/bitrix/modules/main/classes/general/main.php:3268
	/var/www/u0095419/data/www/itprom.ru/bitrix/modules/main/classes/general/main.php:3204
----------
Host: itprom.ru
Date: 2015-11-23 00:09:43
Module: 
section
    include < CBitrixComponent::__includeComponent < CBitrixComponent::includeComponent < CAllMain::IncludeComponent < include_once
	/var/www/u0095419/data/www/itprom.ru/bitrix/modules/main/classes/general/component.php:535
	/var/www/u0095419/data/www/itprom.ru/bitrix/modules/main/classes/general/component.php:578
	/var/www/u0095419/data/www/itprom.ru/bitrix/modules/main/classes/general/main.php:1050
	/var/www/u0095419/data/www/itprom.ru/catalog/index.php:347
	/var/www/u0095419/data/www/itprom.ru/bitrix/modules/main/include/urlrewrite.php:159
----------
Host: itprom.ru
Date: 2015-11-23 00:09:43
Module: composite
/var/www/u0095419/data/www/itprom.ru/bitrix/html_pages/itprom.ru/catalog/aksessuary-dlya-termoshkafov/polki-konsolnye/index@.html.delete.1448226583.5589
    Bitrix\Main\Data\StaticHtmlCache::writeDebug < Bitrix\Main\Data\StaticHtmlCache::delete < Bitrix\Main\Page\Frame::processPageContent < Bitrix\Main\Page\Frame::endBuffering < CAllMain::EndBufferContent
	/var/www/u0095419/data/www/itprom.ru/bitrix/modules/main/lib/data/statichtmlcache.php:166
	/var/www/u0095419/data/www/itprom.ru/bitrix/modules/main/lib/page/frame.php:389
	/var/www/u0095419/data/www/itprom.ru/bitrix/modules/main/lib/page/frame.php:337
	/var/www/u0095419/data/www/itprom.ru/bitrix/modules/main/classes/general/main.php:3268
	/var/www/u0095419/data/www/itprom.ru/bitrix/modules/main/classes/general/main.php:3204
----------
Host: itprom.ru
Date: 2015-11-23 00:09:49
Module: composite
/var/www/u0095419/data/www/itprom.ru/bitrix/html_pages/itprom.ru/about/index@.html.delete.1448226589.3329
    Bitrix\Main\Data\StaticHtmlCache::writeDebug < Bitrix\Main\Data\StaticHtmlCache::delete < Bitrix\Main\Page\Frame::processPageContent < Bitrix\Main\Page\Frame::endBuffering < CAllMain::EndBufferContent
	/var/www/u0095419/data/www/itprom.ru/bitrix/modules/main/lib/data/statichtmlcache.php:166
	/var/www/u0095419/data/www/itprom.ru/bitrix/modules/main/lib/page/frame.php:389
	/var/www/u0095419/data/www/itprom.ru/bitrix/modules/main/lib/page/frame.php:337
	/var/www/u0095419/data/www/itprom.ru/bitrix/modules/main/classes/general/main.php:3268
	/var/www/u0095419/data/www/itprom.ru/bitrix/modules/main/classes/general/main.php:3204
----------
Host: itprom.ru
Date: 2015-11-23 00:10:01
Module: composite
/var/www/u0095419/data/www/itprom.ru/bitrix/html_pages/itprom.ru/about/garantiya/index@.html.delete.1448226601.6056
    Bitrix\Main\Data\StaticHtmlCache::writeDebug < Bitrix\Main\Data\StaticHtmlCache::delete < Bitrix\Main\Page\Frame::processPageContent < Bitrix\Main\Page\Frame::endBuffering < CAllMain::EndBufferContent
	/var/www/u0095419/data/www/itprom.ru/bitrix/modules/main/lib/data/statichtmlcache.php:166
	/var/www/u0095419/data/www/itprom.ru/bitrix/modules/main/lib/page/frame.php:389
	/var/www/u0095419/data/www/itprom.ru/bitrix/modules/main/lib/page/frame.php:337
	/var/www/u0095419/data/www/itprom.ru/bitrix/modules/main/classes/general/main.php:3268
	/var/www/u0095419/data/www/itprom.ru/bitrix/modules/main/classes/general/main.php:3204
----------
Host: itprom.ru
Date: 2015-11-23 00:10:24
Module: composite
/var/www/u0095419/data/www/itprom.ru/bitrix/html_pages/itprom.ru/about/galereya-rabot/index@.html.delete.1448226624.6314
    Bitrix\Main\Data\StaticHtmlCache::writeDebug < Bitrix\Main\Data\StaticHtmlCache::delete < Bitrix\Main\Page\Frame::processPageContent < Bitrix\Main\Page\Frame::endBuffering < CAllMain::EndBufferContent
	/var/www/u0095419/data/www/itprom.ru/bitrix/modules/main/lib/data/statichtmlcache.php:166
	/var/www/u0095419/data/www/itprom.ru/bitrix/modules/main/lib/page/frame.php:389
	/var/www/u0095419/data/www/itprom.ru/bitrix/modules/main/lib/page/frame.php:337
	/var/www/u0095419/data/www/itprom.ru/bitrix/modules/main/classes/general/main.php:3268
	/var/www/u0095419/data/www/itprom.ru/bitrix/modules/main/classes/general/main.php:3204
----------
Host: itprom.ru
Date: 2015-11-23 00:10:32
Module: composite
/var/www/u0095419/data/www/itprom.ru/bitrix/html_pages/itprom.ru/about/gallery/index@.html.delete.1448226632.9556
    Bitrix\Main\Data\StaticHtmlCache::writeDebug < Bitrix\Main\Data\StaticHtmlCache::delete < Bitrix\Main\Page\Frame::processPageContent < Bitrix\Main\Page\Frame::endBuffering < CAllMain::EndBufferContent
	/var/www/u0095419/data/www/itprom.ru/bitrix/modules/main/lib/data/statichtmlcache.php:166
	/var/www/u0095419/data/www/itprom.ru/bitrix/modules/main/lib/page/frame.php:389
	/var/www/u0095419/data/www/itprom.ru/bitrix/modules/main/lib/page/frame.php:337
	/var/www/u0095419/data/www/itprom.ru/bitrix/modules/main/classes/general/main.php:3268
	/var/www/u0095419/data/www/itprom.ru/bitrix/modules/main/classes/general/main.php:3204
----------
Host: itprom.ru
Date: 2015-11-23 00:11:10
Module: composite
/var/www/u0095419/data/www/itprom.ru/bitrix/html_pages/itprom.ru/about/gallery/index@.html.delete.1448226670.7932
    Bitrix\Main\Data\StaticHtmlCache::writeDebug < Bitrix\Main\Data\StaticHtmlCache::delete < Bitrix\Main\Page\Frame::processPageContent < Bitrix\Main\Page\Frame::endBuffering < CAllMain::EndBufferContent
	/var/www/u0095419/data/www/itprom.ru/bitrix/modules/main/lib/data/statichtmlcache.php:166
	/var/www/u0095419/data/www/itprom.ru/bitrix/modules/main/lib/page/frame.php:389
	/var/www/u0095419/data/www/itprom.ru/bitrix/modules/main/lib/page/frame.php:337
	/var/www/u0095419/data/www/itprom.ru/bitrix/modules/main/classes/general/main.php:3268
	/var/www/u0095419/data/www/itprom.ru/bitrix/modules/main/classes/general/main.php:3204
----------
Host: itprom.ru
Date: 2015-11-23 00:11:18
Module: composite
/var/www/u0095419/data/www/itprom.ru/bitrix/html_pages/itprom.ru/about/dostavka/index@.html.delete.1448226678.1587
    Bitrix\Main\Data\StaticHtmlCache::writeDebug < Bitrix\Main\Data\StaticHtmlCache::delete < Bitrix\Main\Page\Frame::processPageContent < Bitrix\Main\Page\Frame::endBuffering < CAllMain::EndBufferContent
	/var/www/u0095419/data/www/itprom.ru/bitrix/modules/main/lib/data/statichtmlcache.php:166
	/var/www/u0095419/data/www/itprom.ru/bitrix/modules/main/lib/page/frame.php:389
	/var/www/u0095419/data/www/itprom.ru/bitrix/modules/main/lib/page/frame.php:337
	/var/www/u0095419/data/www/itprom.ru/bitrix/modules/main/classes/general/main.php:3268
	/var/www/u0095419/data/www/itprom.ru/bitrix/modules/main/classes/general/main.php:3204
----------
Host: itprom.ru
Date: 2015-11-23 00:11:39
Module: 
section
    include < CBitrixComponent::__includeComponent < CBitrixComponent::includeComponent < CAllMain::IncludeComponent < include_once
	/var/www/u0095419/data/www/itprom.ru/bitrix/modules/main/classes/general/component.php:535
	/var/www/u0095419/data/www/itprom.ru/bitrix/modules/main/classes/general/component.php:578
	/var/www/u0095419/data/www/itprom.ru/bitrix/modules/main/classes/general/main.php:1050
	/var/www/u0095419/data/www/itprom.ru/catalog/index.php:347
	/var/www/u0095419/data/www/itprom.ru/bitrix/modules/main/include/urlrewrite.php:159
----------
Host: itprom.ru
Date: 2015-11-23 00:11:42
Module: 
section
    include < CBitrixComponent::__includeComponent < CBitrixComponent::includeComponent < CAllMain::IncludeComponent < include_once
	/var/www/u0095419/data/www/itprom.ru/bitrix/modules/main/classes/general/component.php:535
	/var/www/u0095419/data/www/itprom.ru/bitrix/modules/main/classes/general/component.php:578
	/var/www/u0095419/data/www/itprom.ru/bitrix/modules/main/classes/general/main.php:1050
	/var/www/u0095419/data/www/itprom.ru/catalog/index.php:347
	/var/www/u0095419/data/www/itprom.ru/bitrix/modules/main/include/urlrewrite.php:159
----------
Host: itprom.ru
Date: 2015-11-23 00:41:23
Module: 
section
    include < CBitrixComponent::__includeComponent < CBitrixComponent::includeComponent < CAllMain::IncludeComponent < include_once
	/var/www/u0095419/data/www/itprom.ru/bitrix/modules/main/classes/general/component.php:535
	/var/www/u0095419/data/www/itprom.ru/bitrix/modules/main/classes/general/component.php:578
	/var/www/u0095419/data/www/itprom.ru/bitrix/modules/main/classes/general/main.php:1050
	/var/www/u0095419/data/www/itprom.ru/catalog/index.php:347
	/var/www/u0095419/data/www/itprom.ru/bitrix/modules/main/include/urlrewrite.php:159
----------
Host: itprom.ru
Date: 2015-11-23 07:18:06
Module: 
compare
    include < CBitrixComponent::__includeComponent < CBitrixComponent::includeComponent < CAllMain::IncludeComponent < include_once
	/var/www/u0095419/data/www/itprom.ru/bitrix/modules/main/classes/general/component.php:535
	/var/www/u0095419/data/www/itprom.ru/bitrix/modules/main/classes/general/component.php:578
	/var/www/u0095419/data/www/itprom.ru/bitrix/modules/main/classes/general/main.php:1050
	/var/www/u0095419/data/www/itprom.ru/catalog/index.php:347
	/var/www/u0095419/data/www/itprom.ru/bitrix/modules/main/include/urlrewrite.php:159
----------
Host: itprom.ru
Date: 2015-11-23 07:18:06
Module: Composite was rejected
Reason: bitrix:catalog.compare.result
Request URI: /catalog/compare.php
Script: /catalog/index.php
    Bitrix\Main\Data\StaticHtmlCache::applyComponentFrameMode < CBitrixComponent::includeComponent < CAllMain::IncludeComponent < include < CBitrixComponentTemplate::__IncludePHPTemplate
	/var/www/u0095419/data/www/itprom.ru/bitrix/modules/main/classes/general/component.php:584
	/var/www/u0095419/data/www/itprom.ru/bitrix/modules/main/classes/general/main.php:1050
	/var/www/u0095419/data/www/itprom.ru/bitrix/templates/webfly_san/components/bitrix/catalog/santech1_5/compare.php:39
	/var/www/u0095419/data/www/itprom.ru/bitrix/modules/main/classes/general/component_template.php:708
	/var/www/u0095419/data/www/itprom.ru/bitrix/modules/main/classes/general/component_template.php:800
----------
Host: itprom.ru
Date: 2015-11-23 07:18:06
Module: Composite was rejected
Reason: /bitrix/templates/webfly_san/components/bitrix/catalog/santech1_5/compare.php
Request URI: /catalog/compare.php
Script: /catalog/index.php
    Bitrix\Main\Data\StaticHtmlCache::applyComponentFrameMode < CBitrixComponentTemplate::__IncludePHPTemplate < CBitrixComponentTemplate::IncludeTemplate < CBitrixComponent::showComponentTemplate < CBitrixComponent::includeComponentTemplate
	/var/www/u0095419/data/www/itprom.ru/bitrix/modules/main/classes/general/component_template.php:719
	/var/www/u0095419/data/www/itprom.ru/bitrix/modules/main/classes/general/component_template.php:800
	/var/www/u0095419/data/www/itprom.ru/bitrix/modules/main/classes/general/component.php:657
	/var/www/u0095419/data/www/itprom.ru/bitrix/modules/main/classes/general/component.php:605
	/var/www/u0095419/data/www/itprom.ru/bitrix/components/bitrix/catalog/component.php:150
----------
Host: itprom.ru
Date: 2015-11-23 08:09:38
Module: composite
/var/www/u0095419/data/www/itprom.ru/bitrix/html_pages/itprom.ru/about/contacts/index@.html.delete.1448255378.9351
    Bitrix\Main\Data\StaticHtmlCache::writeDebug < Bitrix\Main\Data\StaticHtmlCache::delete < Bitrix\Main\Page\Frame::processPageContent < Bitrix\Main\Page\Frame::endBuffering < CAllMain::EndBufferContent
	/var/www/u0095419/data/www/itprom.ru/bitrix/modules/main/lib/data/statichtmlcache.php:166
	/var/www/u0095419/data/www/itprom.ru/bitrix/modules/main/lib/page/frame.php:389
	/var/www/u0095419/data/www/itprom.ru/bitrix/modules/main/lib/page/frame.php:337
	/var/www/u0095419/data/www/itprom.ru/bitrix/modules/main/classes/general/main.php:3268
	/var/www/u0095419/data/www/itprom.ru/bitrix/modules/main/classes/general/main.php:3204
----------
Host: itprom.ru
Date: 2015-11-23 08:09:43
Module: composite
/var/www/u0095419/data/www/itprom.ru/bitrix/html_pages/itprom.ru/about/sertifikaty/index@.html.delete.1448255383.866
    Bitrix\Main\Data\StaticHtmlCache::writeDebug < Bitrix\Main\Data\StaticHtmlCache::delete < Bitrix\Main\Page\Frame::processPageContent < Bitrix\Main\Page\Frame::endBuffering < CAllMain::EndBufferContent
	/var/www/u0095419/data/www/itprom.ru/bitrix/modules/main/lib/data/statichtmlcache.php:166
	/var/www/u0095419/data/www/itprom.ru/bitrix/modules/main/lib/page/frame.php:389
	/var/www/u0095419/data/www/itprom.ru/bitrix/modules/main/lib/page/frame.php:337
	/var/www/u0095419/data/www/itprom.ru/bitrix/modules/main/classes/general/main.php:3268
	/var/www/u0095419/data/www/itprom.ru/bitrix/modules/main/classes/general/main.php:3204
----------
Host: itprom.ru
Date: 2015-11-23 08:12:02
Module: Composite was rejected
Reason: (from component cache) /bitrix/templates/webfly_san/components/bitrix/news/blog/bitrix/news.detail/.default/template.php
Request URI: /blog/ustanovka-i-montazh-termoshkafov-kompanii-itprom/
Script: /blog/index.php
    Bitrix\Main\Data\StaticHtmlCache::applyComponentFrameMode < CBitrixComponent::startResultCache < include < CBitrixComponent::__includeComponent < CBitrixComponent::includeComponent
	/var/www/u0095419/data/www/itprom.ru/bitrix/modules/main/classes/general/component.php:831
	/var/www/u0095419/data/www/itprom.ru/bitrix/components/bitrix/news.detail/component.php:133
	/var/www/u0095419/data/www/itprom.ru/bitrix/modules/main/classes/general/component.php:535
	/var/www/u0095419/data/www/itprom.ru/bitrix/modules/main/classes/general/component.php:578
	/var/www/u0095419/data/www/itprom.ru/bitrix/modules/main/classes/general/main.php:1050
----------
Host: itprom.ru
Date: 2015-11-23 11:20:05
Module: 
element
    include < CBitrixComponent::__includeComponent < CBitrixComponent::includeComponent < CAllMain::IncludeComponent < include_once
	/var/www/u0095419/data/www/itprom.ru/bitrix/modules/main/classes/general/component.php:535
	/var/www/u0095419/data/www/itprom.ru/bitrix/modules/main/classes/general/component.php:578
	/var/www/u0095419/data/www/itprom.ru/bitrix/modules/main/classes/general/main.php:1050
	/var/www/u0095419/data/www/itprom.ru/catalog/index.php:347
	/var/www/u0095419/data/www/itprom.ru/bitrix/modules/main/include/urlrewrite.php:159
----------
Host: itprom.ru
Date: 2015-11-23 11:20:06
Module: composite
/var/www/u0095419/data/www/itprom.ru/bitrix/html_pages/itprom.ru/catalog/termoshkafi/series-tl/TL-4050210-100/index@.html.delete.1448266806.3683
    Bitrix\Main\Data\StaticHtmlCache::writeDebug < Bitrix\Main\Data\StaticHtmlCache::delete < Bitrix\Main\Page\Frame::processPageContent < Bitrix\Main\Page\Frame::endBuffering < CAllMain::EndBufferContent
	/var/www/u0095419/data/www/itprom.ru/bitrix/modules/main/lib/data/statichtmlcache.php:166
	/var/www/u0095419/data/www/itprom.ru/bitrix/modules/main/lib/page/frame.php:389
	/var/www/u0095419/data/www/itprom.ru/bitrix/modules/main/lib/page/frame.php:337
	/var/www/u0095419/data/www/itprom.ru/bitrix/modules/main/classes/general/main.php:3268
	/var/www/u0095419/data/www/itprom.ru/bitrix/modules/main/classes/general/main.php:3204
----------
Host: itprom.ru
Date: 2015-11-23 12:09:26
Module: 
section
    include < CBitrixComponent::__includeComponent < CBitrixComponent::includeComponent < CAllMain::IncludeComponent < include_once
	/var/www/u0095419/data/www/itprom.ru/bitrix/modules/main/classes/general/component.php:535
	/var/www/u0095419/data/www/itprom.ru/bitrix/modules/main/classes/general/component.php:578
	/var/www/u0095419/data/www/itprom.ru/bitrix/modules/main/classes/general/main.php:1050
	/var/www/u0095419/data/www/itprom.ru/catalog/index.php:347
	/var/www/u0095419/data/www/itprom.ru/bitrix/modules/main/include/urlrewrite.php:159
----------
Host: itprom.ru
Date: 2015-11-23 12:09:28
Module: 
element
    include < CBitrixComponent::__includeComponent < CBitrixComponent::includeComponent < CAllMain::IncludeComponent < include_once
	/var/www/u0095419/data/www/itprom.ru/bitrix/modules/main/classes/general/component.php:535
	/var/www/u0095419/data/www/itprom.ru/bitrix/modules/main/classes/general/component.php:578
	/var/www/u0095419/data/www/itprom.ru/bitrix/modules/main/classes/general/main.php:1050
	/var/www/u0095419/data/www/itprom.ru/catalog/index.php:347
	/var/www/u0095419/data/www/itprom.ru/bitrix/modules/main/include/urlrewrite.php:159
----------
Host: itprom.ru
Date: 2015-11-23 12:41:22
Module: 
section
    include < CBitrixComponent::__includeComponent < CBitrixComponent::includeComponent < CAllMain::IncludeComponent < include_once
	/var/www/u0095419/data/www/itprom.ru/bitrix/modules/main/classes/general/component.php:535
	/var/www/u0095419/data/www/itprom.ru/bitrix/modules/main/classes/general/component.php:578
	/var/www/u0095419/data/www/itprom.ru/bitrix/modules/main/classes/general/main.php:1050
	/var/www/u0095419/data/www/itprom.ru/catalog/index.php:347
	/var/www/u0095419/data/www/itprom.ru/bitrix/modules/main/include/urlrewrite.php:159
----------
Host: itprom.ru
Date: 2015-11-23 12:41:29
Module: 
section
    include < CBitrixComponent::__includeComponent < CBitrixComponent::includeComponent < CAllMain::IncludeComponent < include_once
	/var/www/u0095419/data/www/itprom.ru/bitrix/modules/main/classes/general/component.php:535
	/var/www/u0095419/data/www/itprom.ru/bitrix/modules/main/classes/general/component.php:578
	/var/www/u0095419/data/www/itprom.ru/bitrix/modules/main/classes/general/main.php:1050
	/var/www/u0095419/data/www/itprom.ru/catalog/index.php:347
	/var/www/u0095419/data/www/itprom.ru/bitrix/modules/main/include/urlrewrite.php:159
----------
Host: itprom.ru
Date: 2015-11-23 12:41:34
Module: 
section
    include < CBitrixComponent::__includeComponent < CBitrixComponent::includeComponent < CAllMain::IncludeComponent < include_once
	/var/www/u0095419/data/www/itprom.ru/bitrix/modules/main/classes/general/component.php:535
	/var/www/u0095419/data/www/itprom.ru/bitrix/modules/main/classes/general/component.php:578
	/var/www/u0095419/data/www/itprom.ru/bitrix/modules/main/classes/general/main.php:1050
	/var/www/u0095419/data/www/itprom.ru/catalog/index.php:347
	/var/www/u0095419/data/www/itprom.ru/bitrix/modules/main/include/urlrewrite.php:159
----------
Host: itprom.ru
Date: 2015-11-23 12:41:38
Module: 
section
    include < CBitrixComponent::__includeComponent < CBitrixComponent::includeComponent < CAllMain::IncludeComponent < include_once
	/var/www/u0095419/data/www/itprom.ru/bitrix/modules/main/classes/general/component.php:535
	/var/www/u0095419/data/www/itprom.ru/bitrix/modules/main/classes/general/component.php:578
	/var/www/u0095419/data/www/itprom.ru/bitrix/modules/main/classes/general/main.php:1050
	/var/www/u0095419/data/www/itprom.ru/catalog/index.php:347
	/var/www/u0095419/data/www/itprom.ru/bitrix/modules/main/include/urlrewrite.php:159
----------
Host: itprom.ru
Date: 2015-11-23 12:41:43
Module: 
section
    include < CBitrixComponent::__includeComponent < CBitrixComponent::includeComponent < CAllMain::IncludeComponent < include_once
	/var/www/u0095419/data/www/itprom.ru/bitrix/modules/main/classes/general/component.php:535
	/var/www/u0095419/data/www/itprom.ru/bitrix/modules/main/classes/general/component.php:578
	/var/www/u0095419/data/www/itprom.ru/bitrix/modules/main/classes/general/main.php:1050
	/var/www/u0095419/data/www/itprom.ru/catalog/index.php:347
	/var/www/u0095419/data/www/itprom.ru/bitrix/modules/main/include/urlrewrite.php:159
----------
Host: itprom.ru
Date: 2015-11-23 12:41:47
Module: 
section
    include < CBitrixComponent::__includeComponent < CBitrixComponent::includeComponent < CAllMain::IncludeComponent < include_once
	/var/www/u0095419/data/www/itprom.ru/bitrix/modules/main/classes/general/component.php:535
	/var/www/u0095419/data/www/itprom.ru/bitrix/modules/main/classes/general/component.php:578
	/var/www/u0095419/data/www/itprom.ru/bitrix/modules/main/classes/general/main.php:1050
	/var/www/u0095419/data/www/itprom.ru/catalog/index.php:347
	/var/www/u0095419/data/www/itprom.ru/bitrix/modules/main/include/urlrewrite.php:159
----------
Host: itprom.ru
Date: 2015-11-23 12:41:58
Module: 
section
    include < CBitrixComponent::__includeComponent < CBitrixComponent::includeComponent < CAllMain::IncludeComponent < include_once
	/var/www/u0095419/data/www/itprom.ru/bitrix/modules/main/classes/general/component.php:535
	/var/www/u0095419/data/www/itprom.ru/bitrix/modules/main/classes/general/component.php:578
	/var/www/u0095419/data/www/itprom.ru/bitrix/modules/main/classes/general/main.php:1050
	/var/www/u0095419/data/www/itprom.ru/catalog/index.php:347
	/var/www/u0095419/data/www/itprom.ru/bitrix/modules/main/include/urlrewrite.php:159
----------
Host: itprom.ru
Date: 2015-11-23 12:42:02
Module: 
section
    include < CBitrixComponent::__includeComponent < CBitrixComponent::includeComponent < CAllMain::IncludeComponent < include_once
	/var/www/u0095419/data/www/itprom.ru/bitrix/modules/main/classes/general/component.php:535
	/var/www/u0095419/data/www/itprom.ru/bitrix/modules/main/classes/general/component.php:578
	/var/www/u0095419/data/www/itprom.ru/bitrix/modules/main/classes/general/main.php:1050
	/var/www/u0095419/data/www/itprom.ru/catalog/index.php:347
	/var/www/u0095419/data/www/itprom.ru/bitrix/modules/main/include/urlrewrite.php:159
----------
Host: itprom.ru
Date: 2015-11-23 12:42:10
Module: 
section
    include < CBitrixComponent::__includeComponent < CBitrixComponent::includeComponent < CAllMain::IncludeComponent < include_once
	/var/www/u0095419/data/www/itprom.ru/bitrix/modules/main/classes/general/component.php:535
	/var/www/u0095419/data/www/itprom.ru/bitrix/modules/main/classes/general/component.php:578
	/var/www/u0095419/data/www/itprom.ru/bitrix/modules/main/classes/general/main.php:1050
	/var/www/u0095419/data/www/itprom.ru/catalog/index.php:347
	/var/www/u0095419/data/www/itprom.ru/bitrix/modules/main/include/urlrewrite.php:159
----------
Host: itprom.ru
Date: 2015-11-23 12:42:15
Module: 
section
    include < CBitrixComponent::__includeComponent < CBitrixComponent::includeComponent < CAllMain::IncludeComponent < include_once
	/var/www/u0095419/data/www/itprom.ru/bitrix/modules/main/classes/general/component.php:535
	/var/www/u0095419/data/www/itprom.ru/bitrix/modules/main/classes/general/component.php:578
	/var/www/u0095419/data/www/itprom.ru/bitrix/modules/main/classes/general/main.php:1050
	/var/www/u0095419/data/www/itprom.ru/catalog/index.php:347
	/var/www/u0095419/data/www/itprom.ru/bitrix/modules/main/include/urlrewrite.php:159
----------
Host: itprom.ru
Date: 2015-11-23 12:42:28
Module: 
section
    include < CBitrixComponent::__includeComponent < CBitrixComponent::includeComponent < CAllMain::IncludeComponent < include_once
	/var/www/u0095419/data/www/itprom.ru/bitrix/modules/main/classes/general/component.php:535
	/var/www/u0095419/data/www/itprom.ru/bitrix/modules/main/classes/general/component.php:578
	/var/www/u0095419/data/www/itprom.ru/bitrix/modules/main/classes/general/main.php:1050
	/var/www/u0095419/data/www/itprom.ru/catalog/index.php:347
	/var/www/u0095419/data/www/itprom.ru/bitrix/modules/main/include/urlrewrite.php:159
----------
Host: itprom.ru
Date: 2015-11-23 12:42:31
Module: 
section
    include < CBitrixComponent::__includeComponent < CBitrixComponent::includeComponent < CAllMain::IncludeComponent < include_once
	/var/www/u0095419/data/www/itprom.ru/bitrix/modules/main/classes/general/component.php:535
	/var/www/u0095419/data/www/itprom.ru/bitrix/modules/main/classes/general/component.php:578
	/var/www/u0095419/data/www/itprom.ru/bitrix/modules/main/classes/general/main.php:1050
	/var/www/u0095419/data/www/itprom.ru/catalog/index.php:347
	/var/www/u0095419/data/www/itprom.ru/bitrix/modules/main/include/urlrewrite.php:159
----------
Host: itprom.ru
Date: 2015-11-23 12:42:38
Module: 
section
    include < CBitrixComponent::__includeComponent < CBitrixComponent::includeComponent < CAllMain::IncludeComponent < include_once
	/var/www/u0095419/data/www/itprom.ru/bitrix/modules/main/classes/general/component.php:535
	/var/www/u0095419/data/www/itprom.ru/bitrix/modules/main/classes/general/component.php:578
	/var/www/u0095419/data/www/itprom.ru/bitrix/modules/main/classes/general/main.php:1050
	/var/www/u0095419/data/www/itprom.ru/catalog/index.php:347
	/var/www/u0095419/data/www/itprom.ru/bitrix/modules/main/include/urlrewrite.php:159
----------
Host: itprom.ru
Date: 2015-11-23 12:42:42
Module: 
section
    include < CBitrixComponent::__includeComponent < CBitrixComponent::includeComponent < CAllMain::IncludeComponent < include_once
	/var/www/u0095419/data/www/itprom.ru/bitrix/modules/main/classes/general/component.php:535
	/var/www/u0095419/data/www/itprom.ru/bitrix/modules/main/classes/general/component.php:578
	/var/www/u0095419/data/www/itprom.ru/bitrix/modules/main/classes/general/main.php:1050
	/var/www/u0095419/data/www/itprom.ru/catalog/index.php:347
	/var/www/u0095419/data/www/itprom.ru/bitrix/modules/main/include/urlrewrite.php:159
----------
Host: itprom.ru
Date: 2015-11-23 12:42:49
Module: 
section
    include < CBitrixComponent::__includeComponent < CBitrixComponent::includeComponent < CAllMain::IncludeComponent < include_once
	/var/www/u0095419/data/www/itprom.ru/bitrix/modules/main/classes/general/component.php:535
	/var/www/u0095419/data/www/itprom.ru/bitrix/modules/main/classes/general/component.php:578
	/var/www/u0095419/data/www/itprom.ru/bitrix/modules/main/classes/general/main.php:1050
	/var/www/u0095419/data/www/itprom.ru/catalog/index.php:347
	/var/www/u0095419/data/www/itprom.ru/bitrix/modules/main/include/urlrewrite.php:159
----------
Host: itprom.ru
Date: 2015-11-23 12:42:54
Module: 
section
    include < CBitrixComponent::__includeComponent < CBitrixComponent::includeComponent < CAllMain::IncludeComponent < include_once
	/var/www/u0095419/data/www/itprom.ru/bitrix/modules/main/classes/general/component.php:535
	/var/www/u0095419/data/www/itprom.ru/bitrix/modules/main/classes/general/component.php:578
	/var/www/u0095419/data/www/itprom.ru/bitrix/modules/main/classes/general/main.php:1050
	/var/www/u0095419/data/www/itprom.ru/catalog/index.php:347
	/var/www/u0095419/data/www/itprom.ru/bitrix/modules/main/include/urlrewrite.php:159
----------
Host: itprom.ru
Date: 2015-11-23 12:42:59
Module: 
section
    include < CBitrixComponent::__includeComponent < CBitrixComponent::includeComponent < CAllMain::IncludeComponent < include_once
	/var/www/u0095419/data/www/itprom.ru/bitrix/modules/main/classes/general/component.php:535
	/var/www/u0095419/data/www/itprom.ru/bitrix/modules/main/classes/general/component.php:578
	/var/www/u0095419/data/www/itprom.ru/bitrix/modules/main/classes/general/main.php:1050
	/var/www/u0095419/data/www/itprom.ru/catalog/index.php:347
	/var/www/u0095419/data/www/itprom.ru/bitrix/modules/main/include/urlrewrite.php:159
----------
Host: itprom.ru
Date: 2015-11-23 12:43:05
Module: 
section
    include < CBitrixComponent::__includeComponent < CBitrixComponent::includeComponent < CAllMain::IncludeComponent < include_once
	/var/www/u0095419/data/www/itprom.ru/bitrix/modules/main/classes/general/component.php:535
	/var/www/u0095419/data/www/itprom.ru/bitrix/modules/main/classes/general/component.php:578
	/var/www/u0095419/data/www/itprom.ru/bitrix/modules/main/classes/general/main.php:1050
	/var/www/u0095419/data/www/itprom.ru/catalog/index.php:347
	/var/www/u0095419/data/www/itprom.ru/bitrix/modules/main/include/urlrewrite.php:159
----------
Host: itprom.ru
Date: 2015-11-23 12:43:12
Module: 
section
    include < CBitrixComponent::__includeComponent < CBitrixComponent::includeComponent < CAllMain::IncludeComponent < include_once
	/var/www/u0095419/data/www/itprom.ru/bitrix/modules/main/classes/general/component.php:535
	/var/www/u0095419/data/www/itprom.ru/bitrix/modules/main/classes/general/component.php:578
	/var/www/u0095419/data/www/itprom.ru/bitrix/modules/main/classes/general/main.php:1050
	/var/www/u0095419/data/www/itprom.ru/catalog/index.php:347
	/var/www/u0095419/data/www/itprom.ru/bitrix/modules/main/include/urlrewrite.php:159
----------
Host: itprom.ru
Date: 2015-11-23 12:43:18
Module: 
section
    include < CBitrixComponent::__includeComponent < CBitrixComponent::includeComponent < CAllMain::IncludeComponent < include_once
	/var/www/u0095419/data/www/itprom.ru/bitrix/modules/main/classes/general/component.php:535
	/var/www/u0095419/data/www/itprom.ru/bitrix/modules/main/classes/general/component.php:578
	/var/www/u0095419/data/www/itprom.ru/bitrix/modules/main/classes/general/main.php:1050
	/var/www/u0095419/data/www/itprom.ru/catalog/index.php:347
	/var/www/u0095419/data/www/itprom.ru/bitrix/modules/main/include/urlrewrite.php:159
----------
Host: itprom.ru
Date: 2015-11-23 12:43:22
Module: 
section
    include < CBitrixComponent::__includeComponent < CBitrixComponent::includeComponent < CAllMain::IncludeComponent < include_once
	/var/www/u0095419/data/www/itprom.ru/bitrix/modules/main/classes/general/component.php:535
	/var/www/u0095419/data/www/itprom.ru/bitrix/modules/main/classes/general/component.php:578
	/var/www/u0095419/data/www/itprom.ru/bitrix/modules/main/classes/general/main.php:1050
	/var/www/u0095419/data/www/itprom.ru/catalog/index.php:347
	/var/www/u0095419/data/www/itprom.ru/bitrix/modules/main/include/urlrewrite.php:159
----------
Host: itprom.ru
Date: 2015-11-23 12:43:29
Module: 
section
    include < CBitrixComponent::__includeComponent < CBitrixComponent::includeComponent < CAllMain::IncludeComponent < include_once
	/var/www/u0095419/data/www/itprom.ru/bitrix/modules/main/classes/general/component.php:535
	/var/www/u0095419/data/www/itprom.ru/bitrix/modules/main/classes/general/component.php:578
	/var/www/u0095419/data/www/itprom.ru/bitrix/modules/main/classes/general/main.php:1050
	/var/www/u0095419/data/www/itprom.ru/catalog/index.php:347
	/var/www/u0095419/data/www/itprom.ru/bitrix/modules/main/include/urlrewrite.php:159
----------
Host: itprom.ru
Date: 2015-11-23 12:43:33
Module: 
section
    include < CBitrixComponent::__includeComponent < CBitrixComponent::includeComponent < CAllMain::IncludeComponent < include_once
	/var/www/u0095419/data/www/itprom.ru/bitrix/modules/main/classes/general/component.php:535
	/var/www/u0095419/data/www/itprom.ru/bitrix/modules/main/classes/general/component.php:578
	/var/www/u0095419/data/www/itprom.ru/bitrix/modules/main/classes/general/main.php:1050
	/var/www/u0095419/data/www/itprom.ru/catalog/index.php:347
	/var/www/u0095419/data/www/itprom.ru/bitrix/modules/main/include/urlrewrite.php:159
----------
Host: itprom.ru
Date: 2015-11-23 14:46:36
Module: Composite was rejected
Reason: /bitrix/templates/webfly_san/components/intsys/highloadblock.view/brand/template.php
Request URI: /brands/atp/?brand_id=atp
Script: /brands/detail.php
    Bitrix\Main\Data\StaticHtmlCache::applyComponentFrameMode < CBitrixComponentTemplate::__IncludePHPTemplate < CBitrixComponentTemplate::IncludeTemplate < CBitrixComponent::showComponentTemplate < CBitrixComponent::includeComponentTemplate
	/var/www/u0095419/data/www/itprom.ru/bitrix/modules/main/classes/general/component_template.php:719
	/var/www/u0095419/data/www/itprom.ru/bitrix/modules/main/classes/general/component_template.php:800
	/var/www/u0095419/data/www/itprom.ru/bitrix/modules/main/classes/general/component.php:657
	/var/www/u0095419/data/www/itprom.ru/bitrix/modules/main/classes/general/component.php:605
	/var/www/u0095419/data/www/itprom.ru/bitrix/components/intsys/highloadblock.view/component.php:62
----------
Host: itprom.ru
Date: 2015-11-23 14:46:40
Module: Composite was rejected
Reason: /bitrix/templates/webfly_san/components/intsys/highloadblock.view/brand/template.php
Request URI: /brands/cmo/?brand_id=cmo
Script: /brands/detail.php
    Bitrix\Main\Data\StaticHtmlCache::applyComponentFrameMode < CBitrixComponentTemplate::__IncludePHPTemplate < CBitrixComponentTemplate::IncludeTemplate < CBitrixComponent::showComponentTemplate < CBitrixComponent::includeComponentTemplate
	/var/www/u0095419/data/www/itprom.ru/bitrix/modules/main/classes/general/component_template.php:719
	/var/www/u0095419/data/www/itprom.ru/bitrix/modules/main/classes/general/component_template.php:800
	/var/www/u0095419/data/www/itprom.ru/bitrix/modules/main/classes/general/component.php:657
	/var/www/u0095419/data/www/itprom.ru/bitrix/modules/main/classes/general/component.php:605
	/var/www/u0095419/data/www/itprom.ru/bitrix/components/intsys/highloadblock.view/component.php:62
----------
Host: itprom.ru
Date: 2015-11-23 14:46:43
Module: Composite was rejected
Reason: /bitrix/templates/webfly_san/components/intsys/highloadblock.view/brand/template.php
Request URI: /brands/itprom/?brand_id=itprom
Script: /brands/detail.php
    Bitrix\Main\Data\StaticHtmlCache::applyComponentFrameMode < CBitrixComponentTemplate::__IncludePHPTemplate < CBitrixComponentTemplate::IncludeTemplate < CBitrixComponent::showComponentTemplate < CBitrixComponent::includeComponentTemplate
	/var/www/u0095419/data/www/itprom.ru/bitrix/modules/main/classes/general/component_template.php:719
	/var/www/u0095419/data/www/itprom.ru/bitrix/modules/main/classes/general/component_template.php:800
	/var/www/u0095419/data/www/itprom.ru/bitrix/modules/main/classes/general/component.php:657
	/var/www/u0095419/data/www/itprom.ru/bitrix/modules/main/classes/general/component.php:605
	/var/www/u0095419/data/www/itprom.ru/bitrix/components/intsys/highloadblock.view/component.php:62
----------
Host: itprom.ru
Date: 2015-11-23 14:46:47
Module: Composite was rejected
Reason: /bitrix/templates/webfly_san/components/intsys/highloadblock.view/brand/template.php
Request URI: /brands/provento/?brand_id=provento
Script: /brands/detail.php
    Bitrix\Main\Data\StaticHtmlCache::applyComponentFrameMode < CBitrixComponentTemplate::__IncludePHPTemplate < CBitrixComponentTemplate::IncludeTemplate < CBitrixComponent::showComponentTemplate < CBitrixComponent::includeComponentTemplate
	/var/www/u0095419/data/www/itprom.ru/bitrix/modules/main/classes/general/component_template.php:719
	/var/www/u0095419/data/www/itprom.ru/bitrix/modules/main/classes/general/component_template.php:800
	/var/www/u0095419/data/www/itprom.ru/bitrix/modules/main/classes/general/component.php:657
	/var/www/u0095419/data/www/itprom.ru/bitrix/modules/main/classes/general/component.php:605
	/var/www/u0095419/data/www/itprom.ru/bitrix/components/intsys/highloadblock.view/component.php:62
----------
Host: itprom.ru
Date: 2015-11-23 15:04:35
Module: 
section
    include < CBitrixComponent::__includeComponent < CBitrixComponent::includeComponent < CAllMain::IncludeComponent < include_once
	/var/www/u0095419/data/www/itprom.ru/bitrix/modules/main/classes/general/component.php:535
	/var/www/u0095419/data/www/itprom.ru/bitrix/modules/main/classes/general/component.php:578
	/var/www/u0095419/data/www/itprom.ru/bitrix/modules/main/classes/general/main.php:1050
	/var/www/u0095419/data/www/itprom.ru/catalog/index.php:347
	/var/www/u0095419/data/www/itprom.ru/bitrix/modules/main/include/urlrewrite.php:159
----------
Host: itprom.ru
Date: 2015-11-23 15:04:39
Module: 
element
    include < CBitrixComponent::__includeComponent < CBitrixComponent::includeComponent < CAllMain::IncludeComponent < include_once
	/var/www/u0095419/data/www/itprom.ru/bitrix/modules/main/classes/general/component.php:535
	/var/www/u0095419/data/www/itprom.ru/bitrix/modules/main/classes/general/component.php:578
	/var/www/u0095419/data/www/itprom.ru/bitrix/modules/main/classes/general/main.php:1050
	/var/www/u0095419/data/www/itprom.ru/catalog/index.php:347
	/var/www/u0095419/data/www/itprom.ru/bitrix/modules/main/include/urlrewrite.php:159
----------
Host: itprom.ru
Date: 2015-11-23 15:04:40
Module: composite
/var/www/u0095419/data/www/itprom.ru/bitrix/html_pages/itprom.ru/catalog/termoshkafi/IB-100120300-400/index@.html.delete.1448280280.0506
    Bitrix\Main\Data\StaticHtmlCache::writeDebug < Bitrix\Main\Data\StaticHtmlCache::delete < Bitrix\Main\Page\Frame::processPageContent < Bitrix\Main\Page\Frame::endBuffering < CAllMain::EndBufferContent
	/var/www/u0095419/data/www/itprom.ru/bitrix/modules/main/lib/data/statichtmlcache.php:166
	/var/www/u0095419/data/www/itprom.ru/bitrix/modules/main/lib/page/frame.php:389
	/var/www/u0095419/data/www/itprom.ru/bitrix/modules/main/lib/page/frame.php:337
	/var/www/u0095419/data/www/itprom.ru/bitrix/modules/main/classes/general/main.php:3268
	/var/www/u0095419/data/www/itprom.ru/bitrix/modules/main/classes/general/main.php:3204
----------
Host: itprom.ru
Date: 2015-11-23 15:04:57
Module: 
section
    include < CBitrixComponent::__includeComponent < CBitrixComponent::includeComponent < CAllMain::IncludeComponent < include_once
	/var/www/u0095419/data/www/itprom.ru/bitrix/modules/main/classes/general/component.php:535
	/var/www/u0095419/data/www/itprom.ru/bitrix/modules/main/classes/general/component.php:578
	/var/www/u0095419/data/www/itprom.ru/bitrix/modules/main/classes/general/main.php:1050
	/var/www/u0095419/data/www/itprom.ru/catalog/index.php:347
	/var/www/u0095419/data/www/itprom.ru/bitrix/modules/main/include/urlrewrite.php:159
----------
Host: itprom.ru
Date: 2015-11-23 15:04:58
Module: composite
/var/www/u0095419/data/www/itprom.ru/bitrix/html_pages/itprom.ru/catalog/aksessuary-dlya-termoshkafov/index@.html.delete.1448280298.4199
    Bitrix\Main\Data\StaticHtmlCache::writeDebug < Bitrix\Main\Data\StaticHtmlCache::delete < Bitrix\Main\Page\Frame::processPageContent < Bitrix\Main\Page\Frame::endBuffering < CAllMain::EndBufferContent
	/var/www/u0095419/data/www/itprom.ru/bitrix/modules/main/lib/data/statichtmlcache.php:166
	/var/www/u0095419/data/www/itprom.ru/bitrix/modules/main/lib/page/frame.php:389
	/var/www/u0095419/data/www/itprom.ru/bitrix/modules/main/lib/page/frame.php:337
	/var/www/u0095419/data/www/itprom.ru/bitrix/modules/main/classes/general/main.php:3268
	/var/www/u0095419/data/www/itprom.ru/bitrix/modules/main/classes/general/main.php:3204
----------
Host: itprom.ru
Date: 2015-11-23 15:05:02
Module: 
section
    include < CBitrixComponent::__includeComponent < CBitrixComponent::includeComponent < CAllMain::IncludeComponent < include_once
	/var/www/u0095419/data/www/itprom.ru/bitrix/modules/main/classes/general/component.php:535
	/var/www/u0095419/data/www/itprom.ru/bitrix/modules/main/classes/general/component.php:578
	/var/www/u0095419/data/www/itprom.ru/bitrix/modules/main/classes/general/main.php:1050
	/var/www/u0095419/data/www/itprom.ru/catalog/index.php:347
	/var/www/u0095419/data/www/itprom.ru/bitrix/modules/main/include/urlrewrite.php:159
----------
Host: itprom.ru
Date: 2015-11-23 15:05:02
Module: composite
/var/www/u0095419/data/www/itprom.ru/bitrix/html_pages/itprom.ru/catalog/aksessuary-dlya-termoshkafov/termostat_ns_obogrev_10a_230v_tdm/index@.html.delete.1448280302.4594
    Bitrix\Main\Data\StaticHtmlCache::writeDebug < Bitrix\Main\Data\StaticHtmlCache::delete < Bitrix\Main\Page\Frame::endBuffering < CAllMain::EndBufferContent < CAllMain::EndBufferContentMan
	/var/www/u0095419/data/www/itprom.ru/bitrix/modules/main/lib/data/statichtmlcache.php:166
	/var/www/u0095419/data/www/itprom.ru/bitrix/modules/main/lib/page/frame.php:322
	/var/www/u0095419/data/www/itprom.ru/bitrix/modules/main/classes/general/main.php:3268
	/var/www/u0095419/data/www/itprom.ru/bitrix/modules/main/classes/general/main.php:3204
	/var/www/u0095419/data/www/itprom.ru/bitrix/modules/main/include/epilog_after.php:36
----------
Host: itprom.ru
Date: 2015-11-23 15:05:11
Module: 
section
    include < CBitrixComponent::__includeComponent < CBitrixComponent::includeComponent < CAllMain::IncludeComponent < include_once
	/var/www/u0095419/data/www/itprom.ru/bitrix/modules/main/classes/general/component.php:535
	/var/www/u0095419/data/www/itprom.ru/bitrix/modules/main/classes/general/component.php:578
	/var/www/u0095419/data/www/itprom.ru/bitrix/modules/main/classes/general/main.php:1050
	/var/www/u0095419/data/www/itprom.ru/catalog/index.php:347
	/var/www/u0095419/data/www/itprom.ru/bitrix/modules/main/include/urlrewrite.php:159
----------
Host: itprom.ru
Date: 2015-11-23 15:05:14
Module: 
section
    include < CBitrixComponent::__includeComponent < CBitrixComponent::includeComponent < CAllMain::IncludeComponent < include_once
	/var/www/u0095419/data/www/itprom.ru/bitrix/modules/main/classes/general/component.php:535
	/var/www/u0095419/data/www/itprom.ru/bitrix/modules/main/classes/general/component.php:578
	/var/www/u0095419/data/www/itprom.ru/bitrix/modules/main/classes/general/main.php:1050
	/var/www/u0095419/data/www/itprom.ru/catalog/index.php:347
	/var/www/u0095419/data/www/itprom.ru/bitrix/modules/main/include/urlrewrite.php:159
----------
Host: itprom.ru
Date: 2015-11-23 15:05:14
Module: composite
/var/www/u0095419/data/www/itprom.ru/bitrix/html_pages/itprom.ru/catalog/aksessuary-dlya-termoshkafov/nimbus_d95_60_w/index@.html.delete.1448280314.8646
    Bitrix\Main\Data\StaticHtmlCache::writeDebug < Bitrix\Main\Data\StaticHtmlCache::delete < Bitrix\Main\Page\Frame::endBuffering < CAllMain::EndBufferContent < CAllMain::EndBufferContentMan
	/var/www/u0095419/data/www/itprom.ru/bitrix/modules/main/lib/data/statichtmlcache.php:166
	/var/www/u0095419/data/www/itprom.ru/bitrix/modules/main/lib/page/frame.php:322
	/var/www/u0095419/data/www/itprom.ru/bitrix/modules/main/classes/general/main.php:3268
	/var/www/u0095419/data/www/itprom.ru/bitrix/modules/main/classes/general/main.php:3204
	/var/www/u0095419/data/www/itprom.ru/bitrix/modules/main/include/epilog_after.php:36
----------
Host: itprom.ru
Date: 2015-11-23 15:05:21
Module: 
section
    include < CBitrixComponent::__includeComponent < CBitrixComponent::includeComponent < CAllMain::IncludeComponent < include_once
	/var/www/u0095419/data/www/itprom.ru/bitrix/modules/main/classes/general/component.php:535
	/var/www/u0095419/data/www/itprom.ru/bitrix/modules/main/classes/general/component.php:578
	/var/www/u0095419/data/www/itprom.ru/bitrix/modules/main/classes/general/main.php:1050
	/var/www/u0095419/data/www/itprom.ru/catalog/index.php:347
	/var/www/u0095419/data/www/itprom.ru/bitrix/modules/main/include/urlrewrite.php:159
----------
Host: itprom.ru
Date: 2015-11-23 15:05:22
Module: 
section
    include < CBitrixComponent::__includeComponent < CBitrixComponent::includeComponent < CAllMain::IncludeComponent < include_once
	/var/www/u0095419/data/www/itprom.ru/bitrix/modules/main/classes/general/component.php:535
	/var/www/u0095419/data/www/itprom.ru/bitrix/modules/main/classes/general/component.php:578
	/var/www/u0095419/data/www/itprom.ru/bitrix/modules/main/classes/general/main.php:1050
	/var/www/u0095419/data/www/itprom.ru/catalog/index.php:347
	/var/www/u0095419/data/www/itprom.ru/bitrix/modules/main/include/urlrewrite.php:159
----------
Host: itprom.ru
Date: 2015-11-23 15:05:23
Module: composite
RestartBuffer method was invoked
Request URI: /catalog/aksessuary-dlya-termoshkafov/?PAGEN_1=2&ajaxw=Y
Script: /catalog/index.php
    Bitrix\Main\Page\Frame::onBeforeRestartBuffer < call_user_func_array < ExecuteModuleEventEx < CAllMain::RestartBuffer < include
	/var/www/u0095419/data/www/itprom.ru/bitrix/modules/main/classes/general/module.php:475
	/var/www/u0095419/data/www/itprom.ru/bitrix/modules/main/classes/general/main.php:3187
	/var/www/u0095419/data/www/itprom.ru/bitrix/templates/webfly_san/components/bitrix/catalog/santech1_5/bitrix/catalog.section/tiles/template.php:88
	/var/www/u0095419/data/www/itprom.ru/bitrix/modules/main/classes/general/component_template.php:708
----------
Host: itprom.ru
Date: 2015-11-23 15:05:26
Module: 
element
    include < CBitrixComponent::__includeComponent < CBitrixComponent::includeComponent < CAllMain::IncludeComponent < include_once
	/var/www/u0095419/data/www/itprom.ru/bitrix/modules/main/classes/general/component.php:535
	/var/www/u0095419/data/www/itprom.ru/bitrix/modules/main/classes/general/component.php:578
	/var/www/u0095419/data/www/itprom.ru/bitrix/modules/main/classes/general/main.php:1050
	/var/www/u0095419/data/www/itprom.ru/catalog/index.php:347
	/var/www/u0095419/data/www/itprom.ru/bitrix/modules/main/include/urlrewrite.php:159
----------
Host: itprom.ru
Date: 2015-11-23 15:42:25
Module: 
section
    include < CBitrixComponent::__includeComponent < CBitrixComponent::includeComponent < CAllMain::IncludeComponent < include_once
	/var/www/u0095419/data/www/itprom.ru/bitrix/modules/main/classes/general/component.php:535
	/var/www/u0095419/data/www/itprom.ru/bitrix/modules/main/classes/general/component.php:578
	/var/www/u0095419/data/www/itprom.ru/bitrix/modules/main/classes/general/main.php:1050
	/var/www/u0095419/data/www/itprom.ru/catalog/index.php:347
	/var/www/u0095419/data/www/itprom.ru/bitrix/modules/main/include/urlrewrite.php:159
----------
Host: itprom.ru
Date: 2015-11-23 15:42:32
Module: 
section
    include < CBitrixComponent::__includeComponent < CBitrixComponent::includeComponent < CAllMain::IncludeComponent < include_once
	/var/www/u0095419/data/www/itprom.ru/bitrix/modules/main/classes/general/component.php:535
	/var/www/u0095419/data/www/itprom.ru/bitrix/modules/main/classes/general/component.php:578
	/var/www/u0095419/data/www/itprom.ru/bitrix/modules/main/classes/general/main.php:1050
	/var/www/u0095419/data/www/itprom.ru/catalog/index.php:347
	/var/www/u0095419/data/www/itprom.ru/bitrix/modules/main/include/urlrewrite.php:159
----------
Host: itprom.ru
Date: 2015-11-23 15:43:12
Module: 
element
    include < CBitrixComponent::__includeComponent < CBitrixComponent::includeComponent < CAllMain::IncludeComponent < include_once
	/var/www/u0095419/data/www/itprom.ru/bitrix/modules/main/classes/general/component.php:535
	/var/www/u0095419/data/www/itprom.ru/bitrix/modules/main/classes/general/component.php:578
	/var/www/u0095419/data/www/itprom.ru/bitrix/modules/main/classes/general/main.php:1050
	/var/www/u0095419/data/www/itprom.ru/catalog/index.php:347
	/var/www/u0095419/data/www/itprom.ru/bitrix/modules/main/include/urlrewrite.php:159
----------
Host: itprom.ru
Date: 2015-11-23 15:57:49
Module: 
element
    include < CBitrixComponent::__includeComponent < CBitrixComponent::includeComponent < CAllMain::IncludeComponent < include_once
	/var/www/u0095419/data/www/itprom.ru/bitrix/modules/main/classes/general/component.php:535
	/var/www/u0095419/data/www/itprom.ru/bitrix/modules/main/classes/general/component.php:578
	/var/www/u0095419/data/www/itprom.ru/bitrix/modules/main/classes/general/main.php:1050
	/var/www/u0095419/data/www/itprom.ru/catalog/index.php:347
	/var/www/u0095419/data/www/itprom.ru/bitrix/modules/main/include/urlrewrite.php:159
----------
Host: itprom.ru
Date: 2015-11-23 16:13:49
Module: 
section
    include < CBitrixComponent::__includeComponent < CBitrixComponent::includeComponent < CAllMain::IncludeComponent < include_once
	/var/www/u0095419/data/www/itprom.ru/bitrix/modules/main/classes/general/component.php:535
	/var/www/u0095419/data/www/itprom.ru/bitrix/modules/main/classes/general/component.php:578
	/var/www/u0095419/data/www/itprom.ru/bitrix/modules/main/classes/general/main.php:1050
	/var/www/u0095419/data/www/itprom.ru/catalog/index.php:347
	/var/www/u0095419/data/www/itprom.ru/bitrix/modules/main/include/urlrewrite.php:159
----------
Host: itprom.ru
Date: 2015-11-23 16:13:49
Module: composite
/var/www/u0095419/data/www/itprom.ru/bitrix/html_pages/itprom.ru/catalog/aksessuary-dlya-termoshkafov/ruchki-dvernye/tk02_400_ruchka_dlya_shkafa_l_400_mm_h_55_mm/index@.html.delete.1448284429.751
    Bitrix\Main\Data\StaticHtmlCache::writeDebug < Bitrix\Main\Data\StaticHtmlCache::delete < Bitrix\Main\Page\Frame::endBuffering < CAllMain::EndBufferContent < CAllMain::EndBufferContentMan
	/var/www/u0095419/data/www/itprom.ru/bitrix/modules/main/lib/data/statichtmlcache.php:166
	/var/www/u0095419/data/www/itprom.ru/bitrix/modules/main/lib/page/frame.php:322
	/var/www/u0095419/data/www/itprom.ru/bitrix/modules/main/classes/general/main.php:3268
	/var/www/u0095419/data/www/itprom.ru/bitrix/modules/main/classes/general/main.php:3204
	/var/www/u0095419/data/www/itprom.ru/bitrix/modules/main/include/epilog_after.php:36
----------
Host: itprom.ru
Date: 2015-11-23 17:27:07
Module: 
section
    include < CBitrixComponent::__includeComponent < CBitrixComponent::includeComponent < CAllMain::IncludeComponent < include_once
	/var/www/u0095419/data/www/itprom.ru/bitrix/modules/main/classes/general/component.php:535
	/var/www/u0095419/data/www/itprom.ru/bitrix/modules/main/classes/general/component.php:578
	/var/www/u0095419/data/www/itprom.ru/bitrix/modules/main/classes/general/main.php:1050
	/var/www/u0095419/data/www/itprom.ru/catalog/index.php:347
	/var/www/u0095419/data/www/itprom.ru/bitrix/modules/main/include/urlrewrite.php:159
----------
Host: itprom.ru
Date: 2015-11-23 17:27:07
Module: 
section
    include < CBitrixComponent::__includeComponent < CBitrixComponent::includeComponent < CAllMain::IncludeComponent < include_once
	/var/www/u0095419/data/www/itprom.ru/bitrix/modules/main/classes/general/component.php:535
	/var/www/u0095419/data/www/itprom.ru/bitrix/modules/main/classes/general/component.php:578
	/var/www/u0095419/data/www/itprom.ru/bitrix/modules/main/classes/general/main.php:1050
	/var/www/u0095419/data/www/itprom.ru/catalog/index.php:347
	/var/www/u0095419/data/www/itprom.ru/bitrix/modules/main/include/urlrewrite.php:159
----------
Host: itprom.ru
Date: 2015-11-23 17:27:09
Module: 
section
    include < CBitrixComponent::__includeComponent < CBitrixComponent::includeComponent < CAllMain::IncludeComponent < include_once
	/var/www/u0095419/data/www/itprom.ru/bitrix/modules/main/classes/general/component.php:535
	/var/www/u0095419/data/www/itprom.ru/bitrix/modules/main/classes/general/component.php:578
	/var/www/u0095419/data/www/itprom.ru/bitrix/modules/main/classes/general/main.php:1050
	/var/www/u0095419/data/www/itprom.ru/catalog/index.php:347
	/var/www/u0095419/data/www/itprom.ru/bitrix/modules/main/include/urlrewrite.php:159
----------
Host: itprom.ru
Date: 2015-11-23 17:27:09
Module: 
element
    include < CBitrixComponent::__includeComponent < CBitrixComponent::includeComponent < CAllMain::IncludeComponent < include_once
	/var/www/u0095419/data/www/itprom.ru/bitrix/modules/main/classes/general/component.php:535
	/var/www/u0095419/data/www/itprom.ru/bitrix/modules/main/classes/general/component.php:578
	/var/www/u0095419/data/www/itprom.ru/bitrix/modules/main/classes/general/main.php:1050
	/var/www/u0095419/data/www/itprom.ru/catalog/index.php:347
	/var/www/u0095419/data/www/itprom.ru/bitrix/modules/main/include/urlrewrite.php:159
----------
Host: itprom.ru
Date: 2015-11-23 17:27:10
Module: composite
/var/www/u0095419/data/www/itprom.ru/bitrix/html_pages/itprom.ru/catalog/termoshkafi/VT-80220600-800/index@.html.delete.1448288830.7261
    Bitrix\Main\Data\StaticHtmlCache::writeDebug < Bitrix\Main\Data\StaticHtmlCache::delete < Bitrix\Main\Page\Frame::processPageContent < Bitrix\Main\Page\Frame::endBuffering < CAllMain::EndBufferContent
	/var/www/u0095419/data/www/itprom.ru/bitrix/modules/main/lib/data/statichtmlcache.php:166
	/var/www/u0095419/data/www/itprom.ru/bitrix/modules/main/lib/page/frame.php:389
	/var/www/u0095419/data/www/itprom.ru/bitrix/modules/main/lib/page/frame.php:337
	/var/www/u0095419/data/www/itprom.ru/bitrix/modules/main/classes/general/main.php:3268
	/var/www/u0095419/data/www/itprom.ru/bitrix/modules/main/classes/general/main.php:3204
----------
Host: itprom.ru
Date: 2015-11-23 17:27:10
Module: composite
/var/www/u0095419/data/www/itprom.ru/bitrix/html_pages/itprom.ru/catalog/aksessuary-dlya-termoshkafov/termostaty/index@sort=price&sort_ord=desc.html.delete.1448288830.7397
    Bitrix\Main\Data\StaticHtmlCache::writeDebug < Bitrix\Main\Data\StaticHtmlCache::delete < Bitrix\Main\Page\Frame::processPageContent < Bitrix\Main\Page\Frame::endBuffering < CAllMain::EndBufferContent
	/var/www/u0095419/data/www/itprom.ru/bitrix/modules/main/lib/data/statichtmlcache.php:166
	/var/www/u0095419/data/www/itprom.ru/bitrix/modules/main/lib/page/frame.php:389
	/var/www/u0095419/data/www/itprom.ru/bitrix/modules/main/lib/page/frame.php:337
	/var/www/u0095419/data/www/itprom.ru/bitrix/modules/main/classes/general/main.php:3268
	/var/www/u0095419/data/www/itprom.ru/bitrix/modules/main/classes/general/main.php:3204
----------
Host: itprom.ru
Date: 2015-11-23 17:27:11
Module: composite
/var/www/u0095419/data/www/itprom.ru/bitrix/html_pages/itprom.ru/catalog/termoshkafi/seriesibl/index@sort=price&sort_ord=asc.html.delete.1448288831.4527
    Bitrix\Main\Data\StaticHtmlCache::writeDebug < Bitrix\Main\Data\StaticHtmlCache::delete < Bitrix\Main\Page\Frame::processPageContent < Bitrix\Main\Page\Frame::endBuffering < CAllMain::EndBufferContent
	/var/www/u0095419/data/www/itprom.ru/bitrix/modules/main/lib/data/statichtmlcache.php:166
	/var/www/u0095419/data/www/itprom.ru/bitrix/modules/main/lib/page/frame.php:389
	/var/www/u0095419/data/www/itprom.ru/bitrix/modules/main/lib/page/frame.php:337
	/var/www/u0095419/data/www/itprom.ru/bitrix/modules/main/classes/general/main.php:3268
	/var/www/u0095419/data/www/itprom.ru/bitrix/modules/main/classes/general/main.php:3204
----------
Host: itprom.ru
Date: 2015-11-23 17:55:08
Module: 
element
    include < CBitrixComponent::__includeComponent < CBitrixComponent::includeComponent < CAllMain::IncludeComponent < include_once
	/var/www/u0095419/data/www/itprom.ru/bitrix/modules/main/classes/general/component.php:535
	/var/www/u0095419/data/www/itprom.ru/bitrix/modules/main/classes/general/component.php:578
	/var/www/u0095419/data/www/itprom.ru/bitrix/modules/main/classes/general/main.php:1050
	/var/www/u0095419/data/www/itprom.ru/catalog/index.php:347
	/var/www/u0095419/data/www/itprom.ru/bitrix/modules/main/include/urlrewrite.php:159
----------
Host: itprom.ru
Date: 2015-11-23 17:55:08
Module: composite
/var/www/u0095419/data/www/itprom.ru/bitrix/html_pages/itprom.ru/catalog/termoshkafi_antivandalniye/arm19-6047600_168/index@.html.delete.1448290508.5338
    Bitrix\Main\Data\StaticHtmlCache::writeDebug < Bitrix\Main\Data\StaticHtmlCache::delete < Bitrix\Main\Page\Frame::processPageContent < Bitrix\Main\Page\Frame::endBuffering < CAllMain::EndBufferContent
	/var/www/u0095419/data/www/itprom.ru/bitrix/modules/main/lib/data/statichtmlcache.php:166
	/var/www/u0095419/data/www/itprom.ru/bitrix/modules/main/lib/page/frame.php:389
	/var/www/u0095419/data/www/itprom.ru/bitrix/modules/main/lib/page/frame.php:337
	/var/www/u0095419/data/www/itprom.ru/bitrix/modules/main/classes/general/main.php:3268
	/var/www/u0095419/data/www/itprom.ru/bitrix/modules/main/classes/general/main.php:3204
----------
Host: itprom.ru
Date: 2015-11-23 17:55:19
Module: composite
/var/www/u0095419/data/www/itprom.ru/bitrix/html_pages/itprom.ru/about/staff/index@.html.delete.1448290519.8407
    Bitrix\Main\Data\StaticHtmlCache::writeDebug < Bitrix\Main\Data\StaticHtmlCache::delete < Bitrix\Main\Page\Frame::processPageContent < Bitrix\Main\Page\Frame::endBuffering < CAllMain::EndBufferContent
	/var/www/u0095419/data/www/itprom.ru/bitrix/modules/main/lib/data/statichtmlcache.php:166
	/var/www/u0095419/data/www/itprom.ru/bitrix/modules/main/lib/page/frame.php:389
	/var/www/u0095419/data/www/itprom.ru/bitrix/modules/main/lib/page/frame.php:337
	/var/www/u0095419/data/www/itprom.ru/bitrix/modules/main/classes/general/main.php:3268
	/var/www/u0095419/data/www/itprom.ru/bitrix/modules/main/classes/general/main.php:3204
----------
Host: itprom.ru
Date: 2015-11-23 17:55:22
Module: 
section
    include < CBitrixComponent::__includeComponent < CBitrixComponent::includeComponent < CAllMain::IncludeComponent < include_once
	/var/www/u0095419/data/www/itprom.ru/bitrix/modules/main/classes/general/component.php:535
	/var/www/u0095419/data/www/itprom.ru/bitrix/modules/main/classes/general/component.php:578
	/var/www/u0095419/data/www/itprom.ru/bitrix/modules/main/classes/general/main.php:1050
	/var/www/u0095419/data/www/itprom.ru/catalog/index.php:347
	/var/www/u0095419/data/www/itprom.ru/bitrix/modules/main/include/urlrewrite.php:159
----------
Host: itprom.ru
Date: 2015-11-23 17:55:25
Module: composite
/var/www/u0095419/data/www/itprom.ru/bitrix/html_pages/itprom.ru/catalog/termoshkafi/series-tl/index@.html.delete.1448290525.1593
    Bitrix\Main\Data\StaticHtmlCache::writeDebug < Bitrix\Main\Data\StaticHtmlCache::delete < Bitrix\Main\Page\Frame::processPageContent < Bitrix\Main\Page\Frame::endBuffering < CAllMain::EndBufferContent
	/var/www/u0095419/data/www/itprom.ru/bitrix/modules/main/lib/data/statichtmlcache.php:166
	/var/www/u0095419/data/www/itprom.ru/bitrix/modules/main/lib/page/frame.php:389
	/var/www/u0095419/data/www/itprom.ru/bitrix/modules/main/lib/page/frame.php:337
	/var/www/u0095419/data/www/itprom.ru/bitrix/modules/main/classes/general/main.php:3268
	/var/www/u0095419/data/www/itprom.ru/bitrix/modules/main/classes/general/main.php:3204
----------
Host: itprom.ru
Date: 2015-11-23 17:56:43
Module: 
section
    include < CBitrixComponent::__includeComponent < CBitrixComponent::includeComponent < CAllMain::IncludeComponent < include_once
	/var/www/u0095419/data/www/itprom.ru/bitrix/modules/main/classes/general/component.php:535
	/var/www/u0095419/data/www/itprom.ru/bitrix/modules/main/classes/general/component.php:578
	/var/www/u0095419/data/www/itprom.ru/bitrix/modules/main/classes/general/main.php:1050
	/var/www/u0095419/data/www/itprom.ru/catalog/index.php:347
	/var/www/u0095419/data/www/itprom.ru/bitrix/modules/main/include/urlrewrite.php:159
----------
Host: itprom.ru
Date: 2015-11-23 18:18:01
Module: 
section
    include < CBitrixComponent::__includeComponent < CBitrixComponent::includeComponent < CAllMain::IncludeComponent < include_once
	/var/www/u0095419/data/www/itprom.ru/bitrix/modules/main/classes/general/component.php:535
	/var/www/u0095419/data/www/itprom.ru/bitrix/modules/main/classes/general/component.php:578
	/var/www/u0095419/data/www/itprom.ru/bitrix/modules/main/classes/general/main.php:1050
	/var/www/u0095419/data/www/itprom.ru/catalog/index.php:347
	/var/www/u0095419/data/www/itprom.ru/bitrix/modules/main/include/urlrewrite.php:159
----------
Host: itprom.ru
Date: 2015-11-23 18:19:52
Module: 
section
    include < CBitrixComponent::__includeComponent < CBitrixComponent::includeComponent < CAllMain::IncludeComponent < include_once
	/var/www/u0095419/data/www/itprom.ru/bitrix/modules/main/classes/general/component.php:535
	/var/www/u0095419/data/www/itprom.ru/bitrix/modules/main/classes/general/component.php:578
	/var/www/u0095419/data/www/itprom.ru/bitrix/modules/main/classes/general/main.php:1050
	/var/www/u0095419/data/www/itprom.ru/catalog/index.php:347
	/var/www/u0095419/data/www/itprom.ru/bitrix/modules/main/include/urlrewrite.php:159
----------
Host: itprom.ru
Date: 2015-11-23 18:21:58
Module: 
section
    include < CBitrixComponent::__includeComponent < CBitrixComponent::includeComponent < CAllMain::IncludeComponent < include_once
	/var/www/u0095419/data/www/itprom.ru/bitrix/modules/main/classes/general/component.php:535
	/var/www/u0095419/data/www/itprom.ru/bitrix/modules/main/classes/general/component.php:578
	/var/www/u0095419/data/www/itprom.ru/bitrix/modules/main/classes/general/main.php:1050
	/var/www/u0095419/data/www/itprom.ru/catalog/index.php:347
	/var/www/u0095419/data/www/itprom.ru/bitrix/modules/main/include/urlrewrite.php:159
----------
Host: itprom.ru
Date: 2015-11-23 18:22:28
Module: 
section
    include < CBitrixComponent::__includeComponent < CBitrixComponent::includeComponent < CAllMain::IncludeComponent < include_once
	/var/www/u0095419/data/www/itprom.ru/bitrix/modules/main/classes/general/component.php:535
	/var/www/u0095419/data/www/itprom.ru/bitrix/modules/main/classes/general/component.php:578
	/var/www/u0095419/data/www/itprom.ru/bitrix/modules/main/classes/general/main.php:1050
	/var/www/u0095419/data/www/itprom.ru/catalog/index.php:347
	/var/www/u0095419/data/www/itprom.ru/bitrix/modules/main/include/urlrewrite.php:159
----------
Host: itprom.ru
Date: 2015-11-23 18:41:12
Module: 
section
    include < CBitrixComponent::__includeComponent < CBitrixComponent::includeComponent < CAllMain::IncludeComponent < include_once
	/var/www/u0095419/data/www/itprom.ru/bitrix/modules/main/classes/general/component.php:535
	/var/www/u0095419/data/www/itprom.ru/bitrix/modules/main/classes/general/component.php:578
	/var/www/u0095419/data/www/itprom.ru/bitrix/modules/main/classes/general/main.php:1050
	/var/www/u0095419/data/www/itprom.ru/catalog/index.php:347
	/var/www/u0095419/data/www/itprom.ru/bitrix/modules/main/include/urlrewrite.php:159
----------
Host: itprom.ru
Date: 2015-11-23 18:49:47
Module: 
section
    include < CBitrixComponent::__includeComponent < CBitrixComponent::includeComponent < CAllMain::IncludeComponent < include_once
	/var/www/u0095419/data/www/itprom.ru/bitrix/modules/main/classes/general/component.php:535
	/var/www/u0095419/data/www/itprom.ru/bitrix/modules/main/classes/general/component.php:578
	/var/www/u0095419/data/www/itprom.ru/bitrix/modules/main/classes/general/main.php:1050
	/var/www/u0095419/data/www/itprom.ru/catalog/index.php:347
	/var/www/u0095419/data/www/itprom.ru/bitrix/modules/main/include/urlrewrite.php:159
----------
Host: itprom.ru
Date: 2015-11-23 18:58:32
Module: 
section
    include < CBitrixComponent::__includeComponent < CBitrixComponent::includeComponent < CAllMain::IncludeComponent < include_once
	/var/www/u0095419/data/www/itprom.ru/bitrix/modules/main/classes/general/component.php:535
	/var/www/u0095419/data/www/itprom.ru/bitrix/modules/main/classes/general/component.php:578
	/var/www/u0095419/data/www/itprom.ru/bitrix/modules/main/classes/general/main.php:1050
	/var/www/u0095419/data/www/itprom.ru/catalog/index.php:347
	/var/www/u0095419/data/www/itprom.ru/bitrix/modules/main/include/urlrewrite.php:159
----------
Host: itprom.ru
Date: 2015-11-23 18:58:34
Module: composite
/var/www/u0095419/data/www/itprom.ru/bitrix/html_pages/itprom.ru/catalog/aksessuary-dlya-termoshkafov/index@.html.delete.1448294314.7117
    Bitrix\Main\Data\StaticHtmlCache::writeDebug < Bitrix\Main\Data\StaticHtmlCache::delete < Bitrix\Main\Page\Frame::processPageContent < Bitrix\Main\Page\Frame::endBuffering < CAllMain::EndBufferContent
	/var/www/u0095419/data/www/itprom.ru/bitrix/modules/main/lib/data/statichtmlcache.php:166
	/var/www/u0095419/data/www/itprom.ru/bitrix/modules/main/lib/page/frame.php:389
	/var/www/u0095419/data/www/itprom.ru/bitrix/modules/main/lib/page/frame.php:337
	/var/www/u0095419/data/www/itprom.ru/bitrix/modules/main/classes/general/main.php:3268
	/var/www/u0095419/data/www/itprom.ru/bitrix/modules/main/classes/general/main.php:3204
----------
Host: itprom.ru
Date: 2015-11-23 18:59:09
Module: 
section
    include < CBitrixComponent::__includeComponent < CBitrixComponent::includeComponent < CAllMain::IncludeComponent < include_once
	/var/www/u0095419/data/www/itprom.ru/bitrix/modules/main/classes/general/component.php:535
	/var/www/u0095419/data/www/itprom.ru/bitrix/modules/main/classes/general/component.php:578
	/var/www/u0095419/data/www/itprom.ru/bitrix/modules/main/classes/general/main.php:1050
	/var/www/u0095419/data/www/itprom.ru/catalog/index.php:347
	/var/www/u0095419/data/www/itprom.ru/bitrix/modules/main/include/urlrewrite.php:159
----------
Host: itprom.ru
Date: 2015-11-23 19:02:28
Module: 
section
    include < CBitrixComponent::__includeComponent < CBitrixComponent::includeComponent < CAllMain::IncludeComponent < include_once
	/var/www/u0095419/data/www/itprom.ru/bitrix/modules/main/classes/general/component.php:535
	/var/www/u0095419/data/www/itprom.ru/bitrix/modules/main/classes/general/component.php:578
	/var/www/u0095419/data/www/itprom.ru/bitrix/modules/main/classes/general/main.php:1050
	/var/www/u0095419/data/www/itprom.ru/catalog/index.php:347
	/var/www/u0095419/data/www/itprom.ru/bitrix/modules/main/include/urlrewrite.php:159
----------
Host: itprom.ru
Date: 2015-11-23 19:03:38
Module: Composite was rejected
Reason: (from component cache) /bitrix/templates/webfly_san/components/bitrix/news/blog/bitrix/news.detail/.default/template.php
Request URI: /sales/printer-markirovshchik-v-podarok/
Script: /sales/index.php
    Bitrix\Main\Data\StaticHtmlCache::applyComponentFrameMode < CBitrixComponent::startResultCache < include < CBitrixComponent::__includeComponent < CBitrixComponent::includeComponent
	/var/www/u0095419/data/www/itprom.ru/bitrix/modules/main/classes/general/component.php:831
	/var/www/u0095419/data/www/itprom.ru/bitrix/components/bitrix/news.detail/component.php:133
	/var/www/u0095419/data/www/itprom.ru/bitrix/modules/main/classes/general/component.php:535
	/var/www/u0095419/data/www/itprom.ru/bitrix/modules/main/classes/general/component.php:578
	/var/www/u0095419/data/www/itprom.ru/bitrix/modules/main/classes/general/main.php:1050
----------
Host: itprom.ru
Date: 2015-11-23 19:03:39
Module: Composite was rejected
Reason: (from component cache) /bitrix/templates/webfly_san/components/bitrix/news/blog/bitrix/news.detail/.default/template.php
Request URI: /blog/korpusa-termoshkafov-kompanii-itprom/
Script: /blog/index.php
    Bitrix\Main\Data\StaticHtmlCache::applyComponentFrameMode < CBitrixComponent::startResultCache < include < CBitrixComponent::__includeComponent < CBitrixComponent::includeComponent
	/var/www/u0095419/data/www/itprom.ru/bitrix/modules/main/classes/general/component.php:831
	/var/www/u0095419/data/www/itprom.ru/bitrix/components/bitrix/news.detail/component.php:133
	/var/www/u0095419/data/www/itprom.ru/bitrix/modules/main/classes/general/component.php:535
	/var/www/u0095419/data/www/itprom.ru/bitrix/modules/main/classes/general/component.php:578
	/var/www/u0095419/data/www/itprom.ru/bitrix/modules/main/classes/general/main.php:1050
----------
Host: itprom.ru
Date: 2015-11-23 19:03:39
Module: Composite was rejected
Reason: (from component cache) /bitrix/templates/webfly_san/components/bitrix/news/blog/bitrix/news.detail/.default/template.php
Request URI: /blog/proizvodstvo-termoshkafov-itprom/
Script: /blog/index.php
    Bitrix\Main\Data\StaticHtmlCache::applyComponentFrameMode < CBitrixComponent::startResultCache < include < CBitrixComponent::__includeComponent < CBitrixComponent::includeComponent
	/var/www/u0095419/data/www/itprom.ru/bitrix/modules/main/classes/general/component.php:831
	/var/www/u0095419/data/www/itprom.ru/bitrix/components/bitrix/news.detail/component.php:133
	/var/www/u0095419/data/www/itprom.ru/bitrix/modules/main/classes/general/component.php:535
	/var/www/u0095419/data/www/itprom.ru/bitrix/modules/main/classes/general/component.php:578
	/var/www/u0095419/data/www/itprom.ru/bitrix/modules/main/classes/general/main.php:1050
----------
Host: itprom.ru
Date: 2015-11-23 19:05:35
Module: 
section
    include < CBitrixComponent::__includeComponent < CBitrixComponent::includeComponent < CAllMain::IncludeComponent < include_once
	/var/www/u0095419/data/www/itprom.ru/bitrix/modules/main/classes/general/component.php:535
	/var/www/u0095419/data/www/itprom.ru/bitrix/modules/main/classes/general/component.php:578
	/var/www/u0095419/data/www/itprom.ru/bitrix/modules/main/classes/general/main.php:1050
	/var/www/u0095419/data/www/itprom.ru/catalog/index.php:347
	/var/www/u0095419/data/www/itprom.ru/bitrix/modules/main/include/urlrewrite.php:159
----------
Host: itprom.ru
Date: 2015-11-23 19:05:36
Module: composite
/var/www/u0095419/data/www/itprom.ru/bitrix/html_pages/itprom.ru/catalog/termoshkafi/series-t/index@.html.delete.1448294736.9866
    Bitrix\Main\Data\StaticHtmlCache::writeDebug < Bitrix\Main\Data\StaticHtmlCache::delete < Bitrix\Main\Page\Frame::processPageContent < Bitrix\Main\Page\Frame::endBuffering < CAllMain::EndBufferContent
	/var/www/u0095419/data/www/itprom.ru/bitrix/modules/main/lib/data/statichtmlcache.php:166
	/var/www/u0095419/data/www/itprom.ru/bitrix/modules/main/lib/page/frame.php:389
	/var/www/u0095419/data/www/itprom.ru/bitrix/modules/main/lib/page/frame.php:337
	/var/www/u0095419/data/www/itprom.ru/bitrix/modules/main/classes/general/main.php:3268
	/var/www/u0095419/data/www/itprom.ru/bitrix/modules/main/classes/general/main.php:3204
----------
Host: itprom.ru
Date: 2015-11-23 21:53:36
Module: composite
/var/www/u0095419/data/www/itprom.ru/bitrix/html_pages/itprom.ru/index@.html.delete.1448304816.9734
    Bitrix\Main\Data\StaticHtmlCache::writeDebug < Bitrix\Main\Data\StaticHtmlCache::delete < Bitrix\Main\Page\Frame::processPageContent < Bitrix\Main\Page\Frame::endBuffering < CAllMain::EndBufferContent
	/var/www/u0095419/data/www/itprom.ru/bitrix/modules/main/lib/data/statichtmlcache.php:166
	/var/www/u0095419/data/www/itprom.ru/bitrix/modules/main/lib/page/frame.php:389
	/var/www/u0095419/data/www/itprom.ru/bitrix/modules/main/lib/page/frame.php:337
	/var/www/u0095419/data/www/itprom.ru/bitrix/modules/main/classes/general/main.php:3268
	/var/www/u0095419/data/www/itprom.ru/bitrix/modules/main/classes/general/main.php:3204
----------
