Host: itprom.ru
Date: 2015-11-11 07:50:56
Module: composite
/var/www/u0095419/data/www/itprom.ru/bitrix/html_pages/itprom.ru/index@.html.delete.1447217456.1428
    Bitrix\Main\Data\StaticHtmlCache::writeDebug < Bitrix\Main\Data\StaticHtmlCache::delete < Bitrix\Main\Page\Frame::processPageContent < Bitrix\Main\Page\Frame::endBuffering < CAllMain::EndBufferContent
	/var/www/u0095419/data/www/itprom.ru/bitrix/modules/main/lib/data/statichtmlcache.php:166
	/var/www/u0095419/data/www/itprom.ru/bitrix/modules/main/lib/page/frame.php:389
	/var/www/u0095419/data/www/itprom.ru/bitrix/modules/main/lib/page/frame.php:337
	/var/www/u0095419/data/www/itprom.ru/bitrix/modules/main/classes/general/main.php:3268
	/var/www/u0095419/data/www/itprom.ru/bitrix/modules/main/classes/general/main.php:3204
----------
Host: itprom.ru
Date: 2015-11-11 08:52:24
Module: 
section
    include < CBitrixComponent::__includeComponent < CBitrixComponent::includeComponent < CAllMain::IncludeComponent < include_once
	/var/www/u0095419/data/www/itprom.ru/bitrix/modules/main/classes/general/component.php:535
	/var/www/u0095419/data/www/itprom.ru/bitrix/modules/main/classes/general/component.php:578
	/var/www/u0095419/data/www/itprom.ru/bitrix/modules/main/classes/general/main.php:1050
	/var/www/u0095419/data/www/itprom.ru/catalog/index.php:347
	/var/www/u0095419/data/www/itprom.ru/bitrix/modules/main/include/urlrewrite.php:159
----------
Host: itprom.ru
Date: 2015-11-11 08:52:30
Module: 
section
    include < CBitrixComponent::__includeComponent < CBitrixComponent::includeComponent < CAllMain::IncludeComponent < include_once
	/var/www/u0095419/data/www/itprom.ru/bitrix/modules/main/classes/general/component.php:535
	/var/www/u0095419/data/www/itprom.ru/bitrix/modules/main/classes/general/component.php:578
	/var/www/u0095419/data/www/itprom.ru/bitrix/modules/main/classes/general/main.php:1050
	/var/www/u0095419/data/www/itprom.ru/catalog/index.php:347
	/var/www/u0095419/data/www/itprom.ru/bitrix/modules/main/include/urlrewrite.php:159
----------
Host: itprom.ru
Date: 2015-11-11 08:52:34
Module: 
section
    include < CBitrixComponent::__includeComponent < CBitrixComponent::includeComponent < CAllMain::IncludeComponent < include_once
	/var/www/u0095419/data/www/itprom.ru/bitrix/modules/main/classes/general/component.php:535
	/var/www/u0095419/data/www/itprom.ru/bitrix/modules/main/classes/general/component.php:578
	/var/www/u0095419/data/www/itprom.ru/bitrix/modules/main/classes/general/main.php:1050
	/var/www/u0095419/data/www/itprom.ru/catalog/index.php:347
	/var/www/u0095419/data/www/itprom.ru/bitrix/modules/main/include/urlrewrite.php:159
----------
Host: itprom.ru
Date: 2015-11-11 08:52:39
Module: 
section
    include < CBitrixComponent::__includeComponent < CBitrixComponent::includeComponent < CAllMain::IncludeComponent < include_once
	/var/www/u0095419/data/www/itprom.ru/bitrix/modules/main/classes/general/component.php:535
	/var/www/u0095419/data/www/itprom.ru/bitrix/modules/main/classes/general/component.php:578
	/var/www/u0095419/data/www/itprom.ru/bitrix/modules/main/classes/general/main.php:1050
	/var/www/u0095419/data/www/itprom.ru/catalog/index.php:347
	/var/www/u0095419/data/www/itprom.ru/bitrix/modules/main/include/urlrewrite.php:159
----------
Host: itprom.ru
Date: 2015-11-11 08:52:43
Module: 
section
    include < CBitrixComponent::__includeComponent < CBitrixComponent::includeComponent < CAllMain::IncludeComponent < include_once
	/var/www/u0095419/data/www/itprom.ru/bitrix/modules/main/classes/general/component.php:535
	/var/www/u0095419/data/www/itprom.ru/bitrix/modules/main/classes/general/component.php:578
	/var/www/u0095419/data/www/itprom.ru/bitrix/modules/main/classes/general/main.php:1050
	/var/www/u0095419/data/www/itprom.ru/catalog/index.php:347
	/var/www/u0095419/data/www/itprom.ru/bitrix/modules/main/include/urlrewrite.php:159
----------
Host: itprom.ru
Date: 2015-11-11 08:52:47
Module: 
section
    include < CBitrixComponent::__includeComponent < CBitrixComponent::includeComponent < CAllMain::IncludeComponent < include_once
	/var/www/u0095419/data/www/itprom.ru/bitrix/modules/main/classes/general/component.php:535
	/var/www/u0095419/data/www/itprom.ru/bitrix/modules/main/classes/general/component.php:578
	/var/www/u0095419/data/www/itprom.ru/bitrix/modules/main/classes/general/main.php:1050
	/var/www/u0095419/data/www/itprom.ru/catalog/index.php:347
	/var/www/u0095419/data/www/itprom.ru/bitrix/modules/main/include/urlrewrite.php:159
----------
Host: itprom.ru
Date: 2015-11-11 08:52:53
Module: 
section
    include < CBitrixComponent::__includeComponent < CBitrixComponent::includeComponent < CAllMain::IncludeComponent < include_once
	/var/www/u0095419/data/www/itprom.ru/bitrix/modules/main/classes/general/component.php:535
	/var/www/u0095419/data/www/itprom.ru/bitrix/modules/main/classes/general/component.php:578
	/var/www/u0095419/data/www/itprom.ru/bitrix/modules/main/classes/general/main.php:1050
	/var/www/u0095419/data/www/itprom.ru/catalog/index.php:347
	/var/www/u0095419/data/www/itprom.ru/bitrix/modules/main/include/urlrewrite.php:159
----------
Host: itprom.ru
Date: 2015-11-11 08:52:57
Module: 
section
    include < CBitrixComponent::__includeComponent < CBitrixComponent::includeComponent < CAllMain::IncludeComponent < include_once
	/var/www/u0095419/data/www/itprom.ru/bitrix/modules/main/classes/general/component.php:535
	/var/www/u0095419/data/www/itprom.ru/bitrix/modules/main/classes/general/component.php:578
	/var/www/u0095419/data/www/itprom.ru/bitrix/modules/main/classes/general/main.php:1050
	/var/www/u0095419/data/www/itprom.ru/catalog/index.php:347
	/var/www/u0095419/data/www/itprom.ru/bitrix/modules/main/include/urlrewrite.php:159
----------
Host: itprom.ru
Date: 2015-11-11 08:53:01
Module: 
section
    include < CBitrixComponent::__includeComponent < CBitrixComponent::includeComponent < CAllMain::IncludeComponent < include_once
	/var/www/u0095419/data/www/itprom.ru/bitrix/modules/main/classes/general/component.php:535
	/var/www/u0095419/data/www/itprom.ru/bitrix/modules/main/classes/general/component.php:578
	/var/www/u0095419/data/www/itprom.ru/bitrix/modules/main/classes/general/main.php:1050
	/var/www/u0095419/data/www/itprom.ru/catalog/index.php:347
	/var/www/u0095419/data/www/itprom.ru/bitrix/modules/main/include/urlrewrite.php:159
----------
Host: itprom.ru
Date: 2015-11-11 08:53:05
Module: 
section
    include < CBitrixComponent::__includeComponent < CBitrixComponent::includeComponent < CAllMain::IncludeComponent < include_once
	/var/www/u0095419/data/www/itprom.ru/bitrix/modules/main/classes/general/component.php:535
	/var/www/u0095419/data/www/itprom.ru/bitrix/modules/main/classes/general/component.php:578
	/var/www/u0095419/data/www/itprom.ru/bitrix/modules/main/classes/general/main.php:1050
	/var/www/u0095419/data/www/itprom.ru/catalog/index.php:347
	/var/www/u0095419/data/www/itprom.ru/bitrix/modules/main/include/urlrewrite.php:159
----------
Host: itprom.ru
Date: 2015-11-11 08:53:09
Module: 
section
    include < CBitrixComponent::__includeComponent < CBitrixComponent::includeComponent < CAllMain::IncludeComponent < include_once
	/var/www/u0095419/data/www/itprom.ru/bitrix/modules/main/classes/general/component.php:535
	/var/www/u0095419/data/www/itprom.ru/bitrix/modules/main/classes/general/component.php:578
	/var/www/u0095419/data/www/itprom.ru/bitrix/modules/main/classes/general/main.php:1050
	/var/www/u0095419/data/www/itprom.ru/catalog/index.php:347
	/var/www/u0095419/data/www/itprom.ru/bitrix/modules/main/include/urlrewrite.php:159
----------
Host: itprom.ru
Date: 2015-11-11 08:53:13
Module: 
section
    include < CBitrixComponent::__includeComponent < CBitrixComponent::includeComponent < CAllMain::IncludeComponent < include_once
	/var/www/u0095419/data/www/itprom.ru/bitrix/modules/main/classes/general/component.php:535
	/var/www/u0095419/data/www/itprom.ru/bitrix/modules/main/classes/general/component.php:578
	/var/www/u0095419/data/www/itprom.ru/bitrix/modules/main/classes/general/main.php:1050
	/var/www/u0095419/data/www/itprom.ru/catalog/index.php:347
	/var/www/u0095419/data/www/itprom.ru/bitrix/modules/main/include/urlrewrite.php:159
----------
Host: itprom.ru
Date: 2015-11-11 08:53:17
Module: 
section
    include < CBitrixComponent::__includeComponent < CBitrixComponent::includeComponent < CAllMain::IncludeComponent < include_once
	/var/www/u0095419/data/www/itprom.ru/bitrix/modules/main/classes/general/component.php:535
	/var/www/u0095419/data/www/itprom.ru/bitrix/modules/main/classes/general/component.php:578
	/var/www/u0095419/data/www/itprom.ru/bitrix/modules/main/classes/general/main.php:1050
	/var/www/u0095419/data/www/itprom.ru/catalog/index.php:347
	/var/www/u0095419/data/www/itprom.ru/bitrix/modules/main/include/urlrewrite.php:159
----------
Host: itprom.ru
Date: 2015-11-11 08:53:22
Module: 
section
    include < CBitrixComponent::__includeComponent < CBitrixComponent::includeComponent < CAllMain::IncludeComponent < include_once
	/var/www/u0095419/data/www/itprom.ru/bitrix/modules/main/classes/general/component.php:535
	/var/www/u0095419/data/www/itprom.ru/bitrix/modules/main/classes/general/component.php:578
	/var/www/u0095419/data/www/itprom.ru/bitrix/modules/main/classes/general/main.php:1050
	/var/www/u0095419/data/www/itprom.ru/catalog/index.php:347
	/var/www/u0095419/data/www/itprom.ru/bitrix/modules/main/include/urlrewrite.php:159
----------
Host: itprom.ru
Date: 2015-11-11 08:53:27
Module: 
section
    include < CBitrixComponent::__includeComponent < CBitrixComponent::includeComponent < CAllMain::IncludeComponent < include_once
	/var/www/u0095419/data/www/itprom.ru/bitrix/modules/main/classes/general/component.php:535
	/var/www/u0095419/data/www/itprom.ru/bitrix/modules/main/classes/general/component.php:578
	/var/www/u0095419/data/www/itprom.ru/bitrix/modules/main/classes/general/main.php:1050
	/var/www/u0095419/data/www/itprom.ru/catalog/index.php:347
	/var/www/u0095419/data/www/itprom.ru/bitrix/modules/main/include/urlrewrite.php:159
----------
Host: itprom.ru
Date: 2015-11-11 08:53:31
Module: 
section
    include < CBitrixComponent::__includeComponent < CBitrixComponent::includeComponent < CAllMain::IncludeComponent < include_once
	/var/www/u0095419/data/www/itprom.ru/bitrix/modules/main/classes/general/component.php:535
	/var/www/u0095419/data/www/itprom.ru/bitrix/modules/main/classes/general/component.php:578
	/var/www/u0095419/data/www/itprom.ru/bitrix/modules/main/classes/general/main.php:1050
	/var/www/u0095419/data/www/itprom.ru/catalog/index.php:347
	/var/www/u0095419/data/www/itprom.ru/bitrix/modules/main/include/urlrewrite.php:159
----------
Host: itprom.ru
Date: 2015-11-11 08:53:35
Module: 
section
    include < CBitrixComponent::__includeComponent < CBitrixComponent::includeComponent < CAllMain::IncludeComponent < include_once
	/var/www/u0095419/data/www/itprom.ru/bitrix/modules/main/classes/general/component.php:535
	/var/www/u0095419/data/www/itprom.ru/bitrix/modules/main/classes/general/component.php:578
	/var/www/u0095419/data/www/itprom.ru/bitrix/modules/main/classes/general/main.php:1050
	/var/www/u0095419/data/www/itprom.ru/catalog/index.php:347
	/var/www/u0095419/data/www/itprom.ru/bitrix/modules/main/include/urlrewrite.php:159
----------
Host: itprom.ru
Date: 2015-11-11 08:53:39
Module: 
section
    include < CBitrixComponent::__includeComponent < CBitrixComponent::includeComponent < CAllMain::IncludeComponent < include_once
	/var/www/u0095419/data/www/itprom.ru/bitrix/modules/main/classes/general/component.php:535
	/var/www/u0095419/data/www/itprom.ru/bitrix/modules/main/classes/general/component.php:578
	/var/www/u0095419/data/www/itprom.ru/bitrix/modules/main/classes/general/main.php:1050
	/var/www/u0095419/data/www/itprom.ru/catalog/index.php:347
	/var/www/u0095419/data/www/itprom.ru/bitrix/modules/main/include/urlrewrite.php:159
----------
Host: itprom.ru
Date: 2015-11-11 08:53:44
Module: 
section
    include < CBitrixComponent::__includeComponent < CBitrixComponent::includeComponent < CAllMain::IncludeComponent < include_once
	/var/www/u0095419/data/www/itprom.ru/bitrix/modules/main/classes/general/component.php:535
	/var/www/u0095419/data/www/itprom.ru/bitrix/modules/main/classes/general/component.php:578
	/var/www/u0095419/data/www/itprom.ru/bitrix/modules/main/classes/general/main.php:1050
	/var/www/u0095419/data/www/itprom.ru/catalog/index.php:347
	/var/www/u0095419/data/www/itprom.ru/bitrix/modules/main/include/urlrewrite.php:159
----------
Host: itprom.ru
Date: 2015-11-11 08:53:48
Module: 
section
    include < CBitrixComponent::__includeComponent < CBitrixComponent::includeComponent < CAllMain::IncludeComponent < include_once
	/var/www/u0095419/data/www/itprom.ru/bitrix/modules/main/classes/general/component.php:535
	/var/www/u0095419/data/www/itprom.ru/bitrix/modules/main/classes/general/component.php:578
	/var/www/u0095419/data/www/itprom.ru/bitrix/modules/main/classes/general/main.php:1050
	/var/www/u0095419/data/www/itprom.ru/catalog/index.php:347
	/var/www/u0095419/data/www/itprom.ru/bitrix/modules/main/include/urlrewrite.php:159
----------
Host: itprom.ru
Date: 2015-11-11 08:53:52
Module: 
section
    include < CBitrixComponent::__includeComponent < CBitrixComponent::includeComponent < CAllMain::IncludeComponent < include_once
	/var/www/u0095419/data/www/itprom.ru/bitrix/modules/main/classes/general/component.php:535
	/var/www/u0095419/data/www/itprom.ru/bitrix/modules/main/classes/general/component.php:578
	/var/www/u0095419/data/www/itprom.ru/bitrix/modules/main/classes/general/main.php:1050
	/var/www/u0095419/data/www/itprom.ru/catalog/index.php:347
	/var/www/u0095419/data/www/itprom.ru/bitrix/modules/main/include/urlrewrite.php:159
----------
Host: itprom.ru
Date: 2015-11-11 08:53:57
Module: 
section
    include < CBitrixComponent::__includeComponent < CBitrixComponent::includeComponent < CAllMain::IncludeComponent < include_once
	/var/www/u0095419/data/www/itprom.ru/bitrix/modules/main/classes/general/component.php:535
	/var/www/u0095419/data/www/itprom.ru/bitrix/modules/main/classes/general/component.php:578
	/var/www/u0095419/data/www/itprom.ru/bitrix/modules/main/classes/general/main.php:1050
	/var/www/u0095419/data/www/itprom.ru/catalog/index.php:347
	/var/www/u0095419/data/www/itprom.ru/bitrix/modules/main/include/urlrewrite.php:159
----------
Host: itprom.ru
Date: 2015-11-11 08:54:02
Module: Composite was rejected
Reason: (from component cache) /bitrix/templates/webfly_san/components/bitrix/news/blog/bitrix/news.detail/.default/template.php
Request URI: /sales/printer-markirovshchik-v-podarok/
Script: /sales/index.php
    Bitrix\Main\Data\StaticHtmlCache::applyComponentFrameMode < CBitrixComponent::startResultCache < include < CBitrixComponent::__includeComponent < CBitrixComponent::includeComponent
	/var/www/u0095419/data/www/itprom.ru/bitrix/modules/main/classes/general/component.php:831
	/var/www/u0095419/data/www/itprom.ru/bitrix/components/bitrix/news.detail/component.php:133
	/var/www/u0095419/data/www/itprom.ru/bitrix/modules/main/classes/general/component.php:535
	/var/www/u0095419/data/www/itprom.ru/bitrix/modules/main/classes/general/component.php:578
	/var/www/u0095419/data/www/itprom.ru/bitrix/modules/main/classes/general/main.php:1050
----------
Host: itprom.ru
Date: 2015-11-11 08:54:50
Module: Composite was rejected
Reason: (from component cache) /bitrix/templates/webfly_san/components/bitrix/news/blog/bitrix/news.detail/.default/template.php
Request URI: /blog/korpusa-termoshkafov-kompanii-itprom/
Script: /blog/index.php
    Bitrix\Main\Data\StaticHtmlCache::applyComponentFrameMode < CBitrixComponent::startResultCache < include < CBitrixComponent::__includeComponent < CBitrixComponent::includeComponent
	/var/www/u0095419/data/www/itprom.ru/bitrix/modules/main/classes/general/component.php:831
	/var/www/u0095419/data/www/itprom.ru/bitrix/components/bitrix/news.detail/component.php:133
	/var/www/u0095419/data/www/itprom.ru/bitrix/modules/main/classes/general/component.php:535
	/var/www/u0095419/data/www/itprom.ru/bitrix/modules/main/classes/general/component.php:578
	/var/www/u0095419/data/www/itprom.ru/bitrix/modules/main/classes/general/main.php:1050
----------
Host: itprom.ru
Date: 2015-11-11 08:54:54
Module: Composite was rejected
Reason: (from component cache) /bitrix/templates/webfly_san/components/bitrix/news/blog/bitrix/news.detail/.default/template.php
Request URI: /blog/proizvodstvo-termoshkafov-itprom/
Script: /blog/index.php
    Bitrix\Main\Data\StaticHtmlCache::applyComponentFrameMode < CBitrixComponent::startResultCache < include < CBitrixComponent::__includeComponent < CBitrixComponent::includeComponent
	/var/www/u0095419/data/www/itprom.ru/bitrix/modules/main/classes/general/component.php:831
	/var/www/u0095419/data/www/itprom.ru/bitrix/components/bitrix/news.detail/component.php:133
	/var/www/u0095419/data/www/itprom.ru/bitrix/modules/main/classes/general/component.php:535
	/var/www/u0095419/data/www/itprom.ru/bitrix/modules/main/classes/general/component.php:578
	/var/www/u0095419/data/www/itprom.ru/bitrix/modules/main/classes/general/main.php:1050
----------
Host: itprom.ru
Date: 2015-11-11 08:56:35
Module: 
element
    include < CBitrixComponent::__includeComponent < CBitrixComponent::includeComponent < CAllMain::IncludeComponent < include_once
	/var/www/u0095419/data/www/itprom.ru/bitrix/modules/main/classes/general/component.php:535
	/var/www/u0095419/data/www/itprom.ru/bitrix/modules/main/classes/general/component.php:578
	/var/www/u0095419/data/www/itprom.ru/bitrix/modules/main/classes/general/main.php:1050
	/var/www/u0095419/data/www/itprom.ru/catalog/index.php:347
	/var/www/u0095419/data/www/itprom.ru/bitrix/modules/main/include/urlrewrite.php:159
----------
Host: itprom.ru
Date: 2015-11-11 08:56:42
Module: 
element
    include < CBitrixComponent::__includeComponent < CBitrixComponent::includeComponent < CAllMain::IncludeComponent < include_once
	/var/www/u0095419/data/www/itprom.ru/bitrix/modules/main/classes/general/component.php:535
	/var/www/u0095419/data/www/itprom.ru/bitrix/modules/main/classes/general/component.php:578
	/var/www/u0095419/data/www/itprom.ru/bitrix/modules/main/classes/general/main.php:1050
	/var/www/u0095419/data/www/itprom.ru/catalog/index.php:347
	/var/www/u0095419/data/www/itprom.ru/bitrix/modules/main/include/urlrewrite.php:159
----------
Host: itprom.ru
Date: 2015-11-11 08:56:54
Module: 
element
    include < CBitrixComponent::__includeComponent < CBitrixComponent::includeComponent < CAllMain::IncludeComponent < include_once
	/var/www/u0095419/data/www/itprom.ru/bitrix/modules/main/classes/general/component.php:535
	/var/www/u0095419/data/www/itprom.ru/bitrix/modules/main/classes/general/component.php:578
	/var/www/u0095419/data/www/itprom.ru/bitrix/modules/main/classes/general/main.php:1050
	/var/www/u0095419/data/www/itprom.ru/catalog/index.php:347
	/var/www/u0095419/data/www/itprom.ru/bitrix/modules/main/include/urlrewrite.php:159
----------
Host: itprom.ru
Date: 2015-11-11 08:56:59
Module: 
element
    include < CBitrixComponent::__includeComponent < CBitrixComponent::includeComponent < CAllMain::IncludeComponent < include_once
	/var/www/u0095419/data/www/itprom.ru/bitrix/modules/main/classes/general/component.php:535
	/var/www/u0095419/data/www/itprom.ru/bitrix/modules/main/classes/general/component.php:578
	/var/www/u0095419/data/www/itprom.ru/bitrix/modules/main/classes/general/main.php:1050
	/var/www/u0095419/data/www/itprom.ru/catalog/index.php:347
	/var/www/u0095419/data/www/itprom.ru/bitrix/modules/main/include/urlrewrite.php:159
----------
Host: itprom.ru
Date: 2015-11-11 10:50:59
Module: 
section
    include < CBitrixComponent::__includeComponent < CBitrixComponent::includeComponent < CAllMain::IncludeComponent < include_once
	/var/www/u0095419/data/www/itprom.ru/bitrix/modules/main/classes/general/component.php:535
	/var/www/u0095419/data/www/itprom.ru/bitrix/modules/main/classes/general/component.php:578
	/var/www/u0095419/data/www/itprom.ru/bitrix/modules/main/classes/general/main.php:1050
	/var/www/u0095419/data/www/itprom.ru/catalog/index.php:347
	/var/www/u0095419/data/www/itprom.ru/bitrix/modules/main/include/urlrewrite.php:159
----------
Host: itprom.ru
Date: 2015-11-11 10:51:02
Module: composite
/var/www/u0095419/data/www/itprom.ru/bitrix/html_pages/itprom.ru/catalog/termoshkafi/seriesibv/index@.html.delete.1447228262.4115
    Bitrix\Main\Data\StaticHtmlCache::writeDebug < Bitrix\Main\Data\StaticHtmlCache::delete < Bitrix\Main\Page\Frame::processPageContent < Bitrix\Main\Page\Frame::endBuffering < CAllMain::EndBufferContent
	/var/www/u0095419/data/www/itprom.ru/bitrix/modules/main/lib/data/statichtmlcache.php:166
	/var/www/u0095419/data/www/itprom.ru/bitrix/modules/main/lib/page/frame.php:389
	/var/www/u0095419/data/www/itprom.ru/bitrix/modules/main/lib/page/frame.php:337
	/var/www/u0095419/data/www/itprom.ru/bitrix/modules/main/classes/general/main.php:3268
	/var/www/u0095419/data/www/itprom.ru/bitrix/modules/main/classes/general/main.php:3204
----------
Host: itprom.ru
Date: 2015-11-11 11:24:53
Module: 
section
    include < CBitrixComponent::__includeComponent < CBitrixComponent::includeComponent < CAllMain::IncludeComponent < include_once
	/var/www/u0095419/data/www/itprom.ru/bitrix/modules/main/classes/general/component.php:535
	/var/www/u0095419/data/www/itprom.ru/bitrix/modules/main/classes/general/component.php:578
	/var/www/u0095419/data/www/itprom.ru/bitrix/modules/main/classes/general/main.php:1050
	/var/www/u0095419/data/www/itprom.ru/catalog/index.php:347
	/var/www/u0095419/data/www/itprom.ru/bitrix/modules/main/include/urlrewrite.php:159
----------
Host: itprom.ru
Date: 2015-11-11 12:39:21
Module: 
element
    include < CBitrixComponent::__includeComponent < CBitrixComponent::includeComponent < CAllMain::IncludeComponent < include_once
	/var/www/u0095419/data/www/itprom.ru/bitrix/modules/main/classes/general/component.php:535
	/var/www/u0095419/data/www/itprom.ru/bitrix/modules/main/classes/general/component.php:578
	/var/www/u0095419/data/www/itprom.ru/bitrix/modules/main/classes/general/main.php:1050
	/var/www/u0095419/data/www/itprom.ru/catalog/index.php:347
	/var/www/u0095419/data/www/itprom.ru/bitrix/modules/main/include/urlrewrite.php:159
----------
Host: itprom.ru
Date: 2015-11-11 12:39:22
Module: composite
/var/www/u0095419/data/www/itprom.ru/bitrix/html_pages/itprom.ru/catalog/termoshkafi_antivandalniye/arm19-60120800_168/index@.html.delete.1447234762.2822
    Bitrix\Main\Data\StaticHtmlCache::writeDebug < Bitrix\Main\Data\StaticHtmlCache::delete < Bitrix\Main\Page\Frame::processPageContent < Bitrix\Main\Page\Frame::endBuffering < CAllMain::EndBufferContent
	/var/www/u0095419/data/www/itprom.ru/bitrix/modules/main/lib/data/statichtmlcache.php:166
	/var/www/u0095419/data/www/itprom.ru/bitrix/modules/main/lib/page/frame.php:389
	/var/www/u0095419/data/www/itprom.ru/bitrix/modules/main/lib/page/frame.php:337
	/var/www/u0095419/data/www/itprom.ru/bitrix/modules/main/classes/general/main.php:3268
	/var/www/u0095419/data/www/itprom.ru/bitrix/modules/main/classes/general/main.php:3204
----------
Host: itprom.ru
Date: 2015-11-11 12:39:42
Module: Composite was rejected
Reason: (from component cache) /bitrix/templates/webfly_san/components/bitrix/news/blog/bitrix/news.detail/.default/template.php
Request URI: /blog/proizvodstvo-termoshkafov-itprom/
Script: /blog/index.php
    Bitrix\Main\Data\StaticHtmlCache::applyComponentFrameMode < CBitrixComponent::startResultCache < include < CBitrixComponent::__includeComponent < CBitrixComponent::includeComponent
	/var/www/u0095419/data/www/itprom.ru/bitrix/modules/main/classes/general/component.php:831
	/var/www/u0095419/data/www/itprom.ru/bitrix/components/bitrix/news.detail/component.php:133
	/var/www/u0095419/data/www/itprom.ru/bitrix/modules/main/classes/general/component.php:535
	/var/www/u0095419/data/www/itprom.ru/bitrix/modules/main/classes/general/component.php:578
	/var/www/u0095419/data/www/itprom.ru/bitrix/modules/main/classes/general/main.php:1050
----------
Host: itprom.ru
Date: 2015-11-11 12:40:02
Module: composite
/var/www/u0095419/data/www/itprom.ru/bitrix/html_pages/itprom.ru/news/attestatsiya-termoshkafov-itprom/index@.html.delete.1447234802.7414
    Bitrix\Main\Data\StaticHtmlCache::writeDebug < Bitrix\Main\Data\StaticHtmlCache::delete < Bitrix\Main\Page\Frame::processPageContent < Bitrix\Main\Page\Frame::endBuffering < CAllMain::EndBufferContent
	/var/www/u0095419/data/www/itprom.ru/bitrix/modules/main/lib/data/statichtmlcache.php:166
	/var/www/u0095419/data/www/itprom.ru/bitrix/modules/main/lib/page/frame.php:389
	/var/www/u0095419/data/www/itprom.ru/bitrix/modules/main/lib/page/frame.php:337
	/var/www/u0095419/data/www/itprom.ru/bitrix/modules/main/classes/general/main.php:3268
	/var/www/u0095419/data/www/itprom.ru/bitrix/modules/main/classes/general/main.php:3204
----------
Host: itprom.ru
Date: 2015-11-11 12:40:25
Module: 
element
    include < CBitrixComponent::__includeComponent < CBitrixComponent::includeComponent < CAllMain::IncludeComponent < include_once
	/var/www/u0095419/data/www/itprom.ru/bitrix/modules/main/classes/general/component.php:535
	/var/www/u0095419/data/www/itprom.ru/bitrix/modules/main/classes/general/component.php:578
	/var/www/u0095419/data/www/itprom.ru/bitrix/modules/main/classes/general/main.php:1050
	/var/www/u0095419/data/www/itprom.ru/catalog/index.php:347
	/var/www/u0095419/data/www/itprom.ru/bitrix/modules/main/include/urlrewrite.php:159
----------
Host: itprom.ru
Date: 2015-11-11 12:40:25
Module: composite
/var/www/u0095419/data/www/itprom.ru/bitrix/html_pages/itprom.ru/catalog/termoshkafi_antivandalniye/arm19-6047600_168/index@.html.delete.1447234825.9897
    Bitrix\Main\Data\StaticHtmlCache::writeDebug < Bitrix\Main\Data\StaticHtmlCache::delete < Bitrix\Main\Page\Frame::processPageContent < Bitrix\Main\Page\Frame::endBuffering < CAllMain::EndBufferContent
	/var/www/u0095419/data/www/itprom.ru/bitrix/modules/main/lib/data/statichtmlcache.php:166
	/var/www/u0095419/data/www/itprom.ru/bitrix/modules/main/lib/page/frame.php:389
	/var/www/u0095419/data/www/itprom.ru/bitrix/modules/main/lib/page/frame.php:337
	/var/www/u0095419/data/www/itprom.ru/bitrix/modules/main/classes/general/main.php:3268
	/var/www/u0095419/data/www/itprom.ru/bitrix/modules/main/classes/general/main.php:3204
----------
Host: itprom.ru
Date: 2015-11-11 12:40:35
Module: composite
/var/www/u0095419/data/www/itprom.ru/bitrix/html_pages/itprom.ru/about/contacts/index@.html.delete.1447234835.9574
    Bitrix\Main\Data\StaticHtmlCache::writeDebug < Bitrix\Main\Data\StaticHtmlCache::delete < Bitrix\Main\Page\Frame::processPageContent < Bitrix\Main\Page\Frame::endBuffering < CAllMain::EndBufferContent
	/var/www/u0095419/data/www/itprom.ru/bitrix/modules/main/lib/data/statichtmlcache.php:166
	/var/www/u0095419/data/www/itprom.ru/bitrix/modules/main/lib/page/frame.php:389
	/var/www/u0095419/data/www/itprom.ru/bitrix/modules/main/lib/page/frame.php:337
	/var/www/u0095419/data/www/itprom.ru/bitrix/modules/main/classes/general/main.php:3268
	/var/www/u0095419/data/www/itprom.ru/bitrix/modules/main/classes/general/main.php:3204
----------
Host: itprom.ru
Date: 2015-11-11 12:40:45
Module: composite
/var/www/u0095419/data/www/itprom.ru/bitrix/html_pages/itprom.ru/about/reviews/index@.html.delete.1447234845.8946
    Bitrix\Main\Data\StaticHtmlCache::writeDebug < Bitrix\Main\Data\StaticHtmlCache::delete < Bitrix\Main\Page\Frame::processPageContent < Bitrix\Main\Page\Frame::endBuffering < CAllMain::EndBufferContent
	/var/www/u0095419/data/www/itprom.ru/bitrix/modules/main/lib/data/statichtmlcache.php:166
	/var/www/u0095419/data/www/itprom.ru/bitrix/modules/main/lib/page/frame.php:389
	/var/www/u0095419/data/www/itprom.ru/bitrix/modules/main/lib/page/frame.php:337
	/var/www/u0095419/data/www/itprom.ru/bitrix/modules/main/classes/general/main.php:3268
	/var/www/u0095419/data/www/itprom.ru/bitrix/modules/main/classes/general/main.php:3204
----------
Host: itprom.ru
Date: 2015-11-11 12:41:00
Module: 
section
    include < CBitrixComponent::__includeComponent < CBitrixComponent::includeComponent < CAllMain::IncludeComponent < include_once
	/var/www/u0095419/data/www/itprom.ru/bitrix/modules/main/classes/general/component.php:535
	/var/www/u0095419/data/www/itprom.ru/bitrix/modules/main/classes/general/component.php:578
	/var/www/u0095419/data/www/itprom.ru/bitrix/modules/main/classes/general/main.php:1050
	/var/www/u0095419/data/www/itprom.ru/catalog/index.php:347
	/var/www/u0095419/data/www/itprom.ru/bitrix/modules/main/include/urlrewrite.php:159
----------
Host: itprom.ru
Date: 2015-11-11 12:41:04
Module: 
section
    include < CBitrixComponent::__includeComponent < CBitrixComponent::includeComponent < CAllMain::IncludeComponent < include_once
	/var/www/u0095419/data/www/itprom.ru/bitrix/modules/main/classes/general/component.php:535
	/var/www/u0095419/data/www/itprom.ru/bitrix/modules/main/classes/general/component.php:578
	/var/www/u0095419/data/www/itprom.ru/bitrix/modules/main/classes/general/main.php:1050
	/var/www/u0095419/data/www/itprom.ru/catalog/index.php:347
	/var/www/u0095419/data/www/itprom.ru/bitrix/modules/main/include/urlrewrite.php:159
----------
Host: itprom.ru
Date: 2015-11-11 12:41:07
Module: 
section
    include < CBitrixComponent::__includeComponent < CBitrixComponent::includeComponent < CAllMain::IncludeComponent < include_once
	/var/www/u0095419/data/www/itprom.ru/bitrix/modules/main/classes/general/component.php:535
	/var/www/u0095419/data/www/itprom.ru/bitrix/modules/main/classes/general/component.php:578
	/var/www/u0095419/data/www/itprom.ru/bitrix/modules/main/classes/general/main.php:1050
	/var/www/u0095419/data/www/itprom.ru/catalog/index.php:347
	/var/www/u0095419/data/www/itprom.ru/bitrix/modules/main/include/urlrewrite.php:159
----------
Host: itprom.ru
Date: 2015-11-11 12:41:09
Module: 
section
    include < CBitrixComponent::__includeComponent < CBitrixComponent::includeComponent < CAllMain::IncludeComponent < include_once
	/var/www/u0095419/data/www/itprom.ru/bitrix/modules/main/classes/general/component.php:535
	/var/www/u0095419/data/www/itprom.ru/bitrix/modules/main/classes/general/component.php:578
	/var/www/u0095419/data/www/itprom.ru/bitrix/modules/main/classes/general/main.php:1050
	/var/www/u0095419/data/www/itprom.ru/catalog/index.php:347
	/var/www/u0095419/data/www/itprom.ru/bitrix/modules/main/include/urlrewrite.php:159
----------
Host: itprom.ru
Date: 2015-11-11 12:41:09
Module: composite
/var/www/u0095419/data/www/itprom.ru/bitrix/html_pages/itprom.ru/catalog/aksessuary-dlya-termoshkafov/kronshteyny-telekommunikatsionnye-19/index@.html.delete.1447234869.2851
    Bitrix\Main\Data\StaticHtmlCache::writeDebug < Bitrix\Main\Data\StaticHtmlCache::delete < Bitrix\Main\Page\Frame::processPageContent < Bitrix\Main\Page\Frame::endBuffering < CAllMain::EndBufferContent
	/var/www/u0095419/data/www/itprom.ru/bitrix/modules/main/lib/data/statichtmlcache.php:166
	/var/www/u0095419/data/www/itprom.ru/bitrix/modules/main/lib/page/frame.php:389
	/var/www/u0095419/data/www/itprom.ru/bitrix/modules/main/lib/page/frame.php:337
	/var/www/u0095419/data/www/itprom.ru/bitrix/modules/main/classes/general/main.php:3268
	/var/www/u0095419/data/www/itprom.ru/bitrix/modules/main/classes/general/main.php:3204
----------
Host: itprom.ru
Date: 2015-11-11 12:41:15
Module: 
section
    include < CBitrixComponent::__includeComponent < CBitrixComponent::includeComponent < CAllMain::IncludeComponent < include_once
	/var/www/u0095419/data/www/itprom.ru/bitrix/modules/main/classes/general/component.php:535
	/var/www/u0095419/data/www/itprom.ru/bitrix/modules/main/classes/general/component.php:578
	/var/www/u0095419/data/www/itprom.ru/bitrix/modules/main/classes/general/main.php:1050
	/var/www/u0095419/data/www/itprom.ru/catalog/index.php:347
	/var/www/u0095419/data/www/itprom.ru/bitrix/modules/main/include/urlrewrite.php:159
----------
Host: itprom.ru
Date: 2015-11-11 12:41:16
Module: composite
/var/www/u0095419/data/www/itprom.ru/bitrix/html_pages/itprom.ru/catalog/termoshkafi/index@.html.delete.1447234876.0336
    Bitrix\Main\Data\StaticHtmlCache::writeDebug < Bitrix\Main\Data\StaticHtmlCache::delete < Bitrix\Main\Page\Frame::processPageContent < Bitrix\Main\Page\Frame::endBuffering < CAllMain::EndBufferContent
	/var/www/u0095419/data/www/itprom.ru/bitrix/modules/main/lib/data/statichtmlcache.php:166
	/var/www/u0095419/data/www/itprom.ru/bitrix/modules/main/lib/page/frame.php:389
	/var/www/u0095419/data/www/itprom.ru/bitrix/modules/main/lib/page/frame.php:337
	/var/www/u0095419/data/www/itprom.ru/bitrix/modules/main/classes/general/main.php:3268
	/var/www/u0095419/data/www/itprom.ru/bitrix/modules/main/classes/general/main.php:3204
----------
Host: itprom.ru
Date: 2015-11-11 12:41:20
Module: 
section
    include < CBitrixComponent::__includeComponent < CBitrixComponent::includeComponent < CAllMain::IncludeComponent < include_once
	/var/www/u0095419/data/www/itprom.ru/bitrix/modules/main/classes/general/component.php:535
	/var/www/u0095419/data/www/itprom.ru/bitrix/modules/main/classes/general/component.php:578
	/var/www/u0095419/data/www/itprom.ru/bitrix/modules/main/classes/general/main.php:1050
	/var/www/u0095419/data/www/itprom.ru/catalog/index.php:347
	/var/www/u0095419/data/www/itprom.ru/bitrix/modules/main/include/urlrewrite.php:159
----------
Host: itprom.ru
Date: 2015-11-11 12:41:24
Module: 
section
    include < CBitrixComponent::__includeComponent < CBitrixComponent::includeComponent < CAllMain::IncludeComponent < include_once
	/var/www/u0095419/data/www/itprom.ru/bitrix/modules/main/classes/general/component.php:535
	/var/www/u0095419/data/www/itprom.ru/bitrix/modules/main/classes/general/component.php:578
	/var/www/u0095419/data/www/itprom.ru/bitrix/modules/main/classes/general/main.php:1050
	/var/www/u0095419/data/www/itprom.ru/catalog/index.php:347
	/var/www/u0095419/data/www/itprom.ru/bitrix/modules/main/include/urlrewrite.php:159
----------
Host: itprom.ru
Date: 2015-11-11 12:41:27
Module: 
section
    include < CBitrixComponent::__includeComponent < CBitrixComponent::includeComponent < CAllMain::IncludeComponent < include_once
	/var/www/u0095419/data/www/itprom.ru/bitrix/modules/main/classes/general/component.php:535
	/var/www/u0095419/data/www/itprom.ru/bitrix/modules/main/classes/general/component.php:578
	/var/www/u0095419/data/www/itprom.ru/bitrix/modules/main/classes/general/main.php:1050
	/var/www/u0095419/data/www/itprom.ru/catalog/index.php:347
	/var/www/u0095419/data/www/itprom.ru/bitrix/modules/main/include/urlrewrite.php:159
----------
Host: itprom.ru
Date: 2015-11-11 12:41:28
Module: 
section
    include < CBitrixComponent::__includeComponent < CBitrixComponent::includeComponent < CAllMain::IncludeComponent < include_once
	/var/www/u0095419/data/www/itprom.ru/bitrix/modules/main/classes/general/component.php:535
	/var/www/u0095419/data/www/itprom.ru/bitrix/modules/main/classes/general/component.php:578
	/var/www/u0095419/data/www/itprom.ru/bitrix/modules/main/classes/general/main.php:1050
	/var/www/u0095419/data/www/itprom.ru/catalog/index.php:347
	/var/www/u0095419/data/www/itprom.ru/bitrix/modules/main/include/urlrewrite.php:159
----------
Host: itprom.ru
Date: 2015-11-11 12:41:35
Module: 
section
    include < CBitrixComponent::__includeComponent < CBitrixComponent::includeComponent < CAllMain::IncludeComponent < include_once
	/var/www/u0095419/data/www/itprom.ru/bitrix/modules/main/classes/general/component.php:535
	/var/www/u0095419/data/www/itprom.ru/bitrix/modules/main/classes/general/component.php:578
	/var/www/u0095419/data/www/itprom.ru/bitrix/modules/main/classes/general/main.php:1050
	/var/www/u0095419/data/www/itprom.ru/catalog/index.php:347
	/var/www/u0095419/data/www/itprom.ru/bitrix/modules/main/include/urlrewrite.php:159
----------
Host: itprom.ru
Date: 2015-11-11 12:41:52
Module: 
element
    include < CBitrixComponent::__includeComponent < CBitrixComponent::includeComponent < CAllMain::IncludeComponent < include_once
	/var/www/u0095419/data/www/itprom.ru/bitrix/modules/main/classes/general/component.php:535
	/var/www/u0095419/data/www/itprom.ru/bitrix/modules/main/classes/general/component.php:578
	/var/www/u0095419/data/www/itprom.ru/bitrix/modules/main/classes/general/main.php:1050
	/var/www/u0095419/data/www/itprom.ru/catalog/index.php:347
	/var/www/u0095419/data/www/itprom.ru/bitrix/modules/main/include/urlrewrite.php:159
----------
Host: itprom.ru
Date: 2015-11-11 12:41:52
Module: composite
/var/www/u0095419/data/www/itprom.ru/bitrix/html_pages/itprom.ru/catalog/termoshkafi_antivandalniye/arm19-60120600_168/index@.html.delete.1447234912.9598
    Bitrix\Main\Data\StaticHtmlCache::writeDebug < Bitrix\Main\Data\StaticHtmlCache::delete < Bitrix\Main\Page\Frame::processPageContent < Bitrix\Main\Page\Frame::endBuffering < CAllMain::EndBufferContent
	/var/www/u0095419/data/www/itprom.ru/bitrix/modules/main/lib/data/statichtmlcache.php:166
	/var/www/u0095419/data/www/itprom.ru/bitrix/modules/main/lib/page/frame.php:389
	/var/www/u0095419/data/www/itprom.ru/bitrix/modules/main/lib/page/frame.php:337
	/var/www/u0095419/data/www/itprom.ru/bitrix/modules/main/classes/general/main.php:3268
	/var/www/u0095419/data/www/itprom.ru/bitrix/modules/main/classes/general/main.php:3204
----------
Host: itprom.ru
Date: 2015-11-11 12:41:57
Module: composite
/var/www/u0095419/data/www/itprom.ru/bitrix/html_pages/itprom.ru/about/dostavka/index@.html.delete.1447234917.0751
    Bitrix\Main\Data\StaticHtmlCache::writeDebug < Bitrix\Main\Data\StaticHtmlCache::delete < Bitrix\Main\Page\Frame::processPageContent < Bitrix\Main\Page\Frame::endBuffering < CAllMain::EndBufferContent
	/var/www/u0095419/data/www/itprom.ru/bitrix/modules/main/lib/data/statichtmlcache.php:166
	/var/www/u0095419/data/www/itprom.ru/bitrix/modules/main/lib/page/frame.php:389
	/var/www/u0095419/data/www/itprom.ru/bitrix/modules/main/lib/page/frame.php:337
	/var/www/u0095419/data/www/itprom.ru/bitrix/modules/main/classes/general/main.php:3268
	/var/www/u0095419/data/www/itprom.ru/bitrix/modules/main/classes/general/main.php:3204
----------
Host: itprom.ru
Date: 2015-11-11 12:42:12
Module: composite
/var/www/u0095419/data/www/itprom.ru/bitrix/html_pages/itprom.ru/about/faq/index@.html.delete.1447234932.2246
    Bitrix\Main\Data\StaticHtmlCache::writeDebug < Bitrix\Main\Data\StaticHtmlCache::delete < Bitrix\Main\Page\Frame::processPageContent < Bitrix\Main\Page\Frame::endBuffering < CAllMain::EndBufferContent
	/var/www/u0095419/data/www/itprom.ru/bitrix/modules/main/lib/data/statichtmlcache.php:166
	/var/www/u0095419/data/www/itprom.ru/bitrix/modules/main/lib/page/frame.php:389
	/var/www/u0095419/data/www/itprom.ru/bitrix/modules/main/lib/page/frame.php:337
	/var/www/u0095419/data/www/itprom.ru/bitrix/modules/main/classes/general/main.php:3268
	/var/www/u0095419/data/www/itprom.ru/bitrix/modules/main/classes/general/main.php:3204
----------
Host: itprom.ru
Date: 2015-11-11 12:42:16
Module: composite
/var/www/u0095419/data/www/itprom.ru/bitrix/html_pages/itprom.ru/about/gallery/index@.html.delete.1447234936.0646
    Bitrix\Main\Data\StaticHtmlCache::writeDebug < Bitrix\Main\Data\StaticHtmlCache::delete < Bitrix\Main\Page\Frame::processPageContent < Bitrix\Main\Page\Frame::endBuffering < CAllMain::EndBufferContent
	/var/www/u0095419/data/www/itprom.ru/bitrix/modules/main/lib/data/statichtmlcache.php:166
	/var/www/u0095419/data/www/itprom.ru/bitrix/modules/main/lib/page/frame.php:389
	/var/www/u0095419/data/www/itprom.ru/bitrix/modules/main/lib/page/frame.php:337
	/var/www/u0095419/data/www/itprom.ru/bitrix/modules/main/classes/general/main.php:3268
	/var/www/u0095419/data/www/itprom.ru/bitrix/modules/main/classes/general/main.php:3204
----------
Host: itprom.ru
Date: 2015-11-11 12:42:30
Module: 
section
    include < CBitrixComponent::__includeComponent < CBitrixComponent::includeComponent < CAllMain::IncludeComponent < include_once
	/var/www/u0095419/data/www/itprom.ru/bitrix/modules/main/classes/general/component.php:535
	/var/www/u0095419/data/www/itprom.ru/bitrix/modules/main/classes/general/component.php:578
	/var/www/u0095419/data/www/itprom.ru/bitrix/modules/main/classes/general/main.php:1050
	/var/www/u0095419/data/www/itprom.ru/catalog/index.php:347
	/var/www/u0095419/data/www/itprom.ru/bitrix/modules/main/include/urlrewrite.php:159
----------
Host: itprom.ru
Date: 2015-11-11 12:42:36
Module: 
section
    include < CBitrixComponent::__includeComponent < CBitrixComponent::includeComponent < CAllMain::IncludeComponent < include_once
	/var/www/u0095419/data/www/itprom.ru/bitrix/modules/main/classes/general/component.php:535
	/var/www/u0095419/data/www/itprom.ru/bitrix/modules/main/classes/general/component.php:578
	/var/www/u0095419/data/www/itprom.ru/bitrix/modules/main/classes/general/main.php:1050
	/var/www/u0095419/data/www/itprom.ru/catalog/index.php:347
	/var/www/u0095419/data/www/itprom.ru/bitrix/modules/main/include/urlrewrite.php:159
----------
Host: itprom.ru
Date: 2015-11-11 12:42:36
Module: composite
/var/www/u0095419/data/www/itprom.ru/bitrix/html_pages/itprom.ru/catalog/termoshkafi/seriesibl/index@.html.delete.1447234956.5414
    Bitrix\Main\Data\StaticHtmlCache::writeDebug < Bitrix\Main\Data\StaticHtmlCache::delete < Bitrix\Main\Page\Frame::processPageContent < Bitrix\Main\Page\Frame::endBuffering < CAllMain::EndBufferContent
	/var/www/u0095419/data/www/itprom.ru/bitrix/modules/main/lib/data/statichtmlcache.php:166
	/var/www/u0095419/data/www/itprom.ru/bitrix/modules/main/lib/page/frame.php:389
	/var/www/u0095419/data/www/itprom.ru/bitrix/modules/main/lib/page/frame.php:337
	/var/www/u0095419/data/www/itprom.ru/bitrix/modules/main/classes/general/main.php:3268
	/var/www/u0095419/data/www/itprom.ru/bitrix/modules/main/classes/general/main.php:3204
----------
Host: itprom.ru
Date: 2015-11-11 12:42:50
Module: composite
/var/www/u0095419/data/www/itprom.ru/bitrix/html_pages/itprom.ru/about/o-kompanii/index@.html.delete.1447234970.738
    Bitrix\Main\Data\StaticHtmlCache::writeDebug < Bitrix\Main\Data\StaticHtmlCache::delete < Bitrix\Main\Page\Frame::processPageContent < Bitrix\Main\Page\Frame::endBuffering < CAllMain::EndBufferContent
	/var/www/u0095419/data/www/itprom.ru/bitrix/modules/main/lib/data/statichtmlcache.php:166
	/var/www/u0095419/data/www/itprom.ru/bitrix/modules/main/lib/page/frame.php:389
	/var/www/u0095419/data/www/itprom.ru/bitrix/modules/main/lib/page/frame.php:337
	/var/www/u0095419/data/www/itprom.ru/bitrix/modules/main/classes/general/main.php:3268
	/var/www/u0095419/data/www/itprom.ru/bitrix/modules/main/classes/general/main.php:3204
----------
Host: itprom.ru
Date: 2015-11-11 13:02:02
Module: 
section
    include < CBitrixComponent::__includeComponent < CBitrixComponent::includeComponent < CAllMain::IncludeComponent < include_once
	/var/www/u0095419/data/www/itprom.ru/bitrix/modules/main/classes/general/component.php:535
	/var/www/u0095419/data/www/itprom.ru/bitrix/modules/main/classes/general/component.php:578
	/var/www/u0095419/data/www/itprom.ru/bitrix/modules/main/classes/general/main.php:1050
	/var/www/u0095419/data/www/itprom.ru/catalog/index.php:347
	/var/www/u0095419/data/www/itprom.ru/bitrix/modules/main/include/urlrewrite.php:159
----------
Host: itprom.ru
Date: 2015-11-11 13:02:06
Module: 
section
    include < CBitrixComponent::__includeComponent < CBitrixComponent::includeComponent < CAllMain::IncludeComponent < include_once
	/var/www/u0095419/data/www/itprom.ru/bitrix/modules/main/classes/general/component.php:535
	/var/www/u0095419/data/www/itprom.ru/bitrix/modules/main/classes/general/component.php:578
	/var/www/u0095419/data/www/itprom.ru/bitrix/modules/main/classes/general/main.php:1050
	/var/www/u0095419/data/www/itprom.ru/catalog/index.php:347
	/var/www/u0095419/data/www/itprom.ru/bitrix/modules/main/include/urlrewrite.php:159
----------
Host: itprom.ru
Date: 2015-11-11 13:02:09
Module: 
section
    include < CBitrixComponent::__includeComponent < CBitrixComponent::includeComponent < CAllMain::IncludeComponent < include_once
	/var/www/u0095419/data/www/itprom.ru/bitrix/modules/main/classes/general/component.php:535
	/var/www/u0095419/data/www/itprom.ru/bitrix/modules/main/classes/general/component.php:578
	/var/www/u0095419/data/www/itprom.ru/bitrix/modules/main/classes/general/main.php:1050
	/var/www/u0095419/data/www/itprom.ru/catalog/index.php:347
	/var/www/u0095419/data/www/itprom.ru/bitrix/modules/main/include/urlrewrite.php:159
----------
Host: itprom.ru
Date: 2015-11-11 13:02:14
Module: 
element
    include < CBitrixComponent::__includeComponent < CBitrixComponent::includeComponent < CAllMain::IncludeComponent < include_once
	/var/www/u0095419/data/www/itprom.ru/bitrix/modules/main/classes/general/component.php:535
	/var/www/u0095419/data/www/itprom.ru/bitrix/modules/main/classes/general/component.php:578
	/var/www/u0095419/data/www/itprom.ru/bitrix/modules/main/classes/general/main.php:1050
	/var/www/u0095419/data/www/itprom.ru/catalog/index.php:347
	/var/www/u0095419/data/www/itprom.ru/bitrix/modules/main/include/urlrewrite.php:159
----------
Host: itprom.ru
Date: 2015-11-11 13:02:15
Module: composite
/var/www/u0095419/data/www/itprom.ru/bitrix/html_pages/itprom.ru/catalog/aksessuary-dlya-termoshkafov/nimbus_d65_30_w/index@.html.delete.1447236135.4802
    Bitrix\Main\Data\StaticHtmlCache::writeDebug < Bitrix\Main\Data\StaticHtmlCache::delete < Bitrix\Main\Page\Frame::processPageContent < Bitrix\Main\Page\Frame::endBuffering < CAllMain::EndBufferContent
	/var/www/u0095419/data/www/itprom.ru/bitrix/modules/main/lib/data/statichtmlcache.php:166
	/var/www/u0095419/data/www/itprom.ru/bitrix/modules/main/lib/page/frame.php:389
	/var/www/u0095419/data/www/itprom.ru/bitrix/modules/main/lib/page/frame.php:337
	/var/www/u0095419/data/www/itprom.ru/bitrix/modules/main/classes/general/main.php:3268
	/var/www/u0095419/data/www/itprom.ru/bitrix/modules/main/classes/general/main.php:3204
----------
Host: itprom.ru
Date: 2015-11-11 13:02:27
Module: 
section
    include < CBitrixComponent::__includeComponent < CBitrixComponent::includeComponent < CAllMain::IncludeComponent < include_once
	/var/www/u0095419/data/www/itprom.ru/bitrix/modules/main/classes/general/component.php:535
	/var/www/u0095419/data/www/itprom.ru/bitrix/modules/main/classes/general/component.php:578
	/var/www/u0095419/data/www/itprom.ru/bitrix/modules/main/classes/general/main.php:1050
	/var/www/u0095419/data/www/itprom.ru/catalog/index.php:347
	/var/www/u0095419/data/www/itprom.ru/bitrix/modules/main/include/urlrewrite.php:159
----------
Host: itprom.ru
Date: 2015-11-11 13:02:32
Module: 
section
    include < CBitrixComponent::__includeComponent < CBitrixComponent::includeComponent < CAllMain::IncludeComponent < include_once
	/var/www/u0095419/data/www/itprom.ru/bitrix/modules/main/classes/general/component.php:535
	/var/www/u0095419/data/www/itprom.ru/bitrix/modules/main/classes/general/component.php:578
	/var/www/u0095419/data/www/itprom.ru/bitrix/modules/main/classes/general/main.php:1050
	/var/www/u0095419/data/www/itprom.ru/catalog/index.php:347
	/var/www/u0095419/data/www/itprom.ru/bitrix/modules/main/include/urlrewrite.php:159
----------
Host: itprom.ru
Date: 2015-11-11 13:02:46
Module: 
section
    include < CBitrixComponent::__includeComponent < CBitrixComponent::includeComponent < CAllMain::IncludeComponent < include_once
	/var/www/u0095419/data/www/itprom.ru/bitrix/modules/main/classes/general/component.php:535
	/var/www/u0095419/data/www/itprom.ru/bitrix/modules/main/classes/general/component.php:578
	/var/www/u0095419/data/www/itprom.ru/bitrix/modules/main/classes/general/main.php:1050
	/var/www/u0095419/data/www/itprom.ru/catalog/index.php:347
	/var/www/u0095419/data/www/itprom.ru/bitrix/modules/main/include/urlrewrite.php:159
----------
Host: itprom.ru
Date: 2015-11-11 13:02:48
Module: 
element
    include < CBitrixComponent::__includeComponent < CBitrixComponent::includeComponent < CAllMain::IncludeComponent < include_once
	/var/www/u0095419/data/www/itprom.ru/bitrix/modules/main/classes/general/component.php:535
	/var/www/u0095419/data/www/itprom.ru/bitrix/modules/main/classes/general/component.php:578
	/var/www/u0095419/data/www/itprom.ru/bitrix/modules/main/classes/general/main.php:1050
	/var/www/u0095419/data/www/itprom.ru/catalog/index.php:347
	/var/www/u0095419/data/www/itprom.ru/bitrix/modules/main/include/urlrewrite.php:159
----------
Host: itprom.ru
Date: 2015-11-11 13:02:48
Module: composite
/var/www/u0095419/data/www/itprom.ru/bitrix/html_pages/itprom.ru/catalog/termoshkafi_antivandalniye/arm19-6047450_168/index@.html.delete.1447236168.6873
    Bitrix\Main\Data\StaticHtmlCache::writeDebug < Bitrix\Main\Data\StaticHtmlCache::delete < Bitrix\Main\Page\Frame::processPageContent < Bitrix\Main\Page\Frame::endBuffering < CAllMain::EndBufferContent
	/var/www/u0095419/data/www/itprom.ru/bitrix/modules/main/lib/data/statichtmlcache.php:166
	/var/www/u0095419/data/www/itprom.ru/bitrix/modules/main/lib/page/frame.php:389
	/var/www/u0095419/data/www/itprom.ru/bitrix/modules/main/lib/page/frame.php:337
	/var/www/u0095419/data/www/itprom.ru/bitrix/modules/main/classes/general/main.php:3268
	/var/www/u0095419/data/www/itprom.ru/bitrix/modules/main/classes/general/main.php:3204
----------
Host: itprom.ru
Date: 2015-11-11 13:03:05
Module: 
section
    include < CBitrixComponent::__includeComponent < CBitrixComponent::includeComponent < CAllMain::IncludeComponent < include_once
	/var/www/u0095419/data/www/itprom.ru/bitrix/modules/main/classes/general/component.php:535
	/var/www/u0095419/data/www/itprom.ru/bitrix/modules/main/classes/general/component.php:578
	/var/www/u0095419/data/www/itprom.ru/bitrix/modules/main/classes/general/main.php:1050
	/var/www/u0095419/data/www/itprom.ru/catalog/index.php:347
	/var/www/u0095419/data/www/itprom.ru/bitrix/modules/main/include/urlrewrite.php:159
----------
Host: itprom.ru
Date: 2015-11-11 13:03:06
Module: composite
/var/www/u0095419/data/www/itprom.ru/bitrix/html_pages/itprom.ru/catalog/aksessuary-dlya-termoshkafov/osnovanie-napolnoe/index@.html.delete.1447236186.7357
    Bitrix\Main\Data\StaticHtmlCache::writeDebug < Bitrix\Main\Data\StaticHtmlCache::delete < Bitrix\Main\Page\Frame::processPageContent < Bitrix\Main\Page\Frame::endBuffering < CAllMain::EndBufferContent
	/var/www/u0095419/data/www/itprom.ru/bitrix/modules/main/lib/data/statichtmlcache.php:166
	/var/www/u0095419/data/www/itprom.ru/bitrix/modules/main/lib/page/frame.php:389
	/var/www/u0095419/data/www/itprom.ru/bitrix/modules/main/lib/page/frame.php:337
	/var/www/u0095419/data/www/itprom.ru/bitrix/modules/main/classes/general/main.php:3268
	/var/www/u0095419/data/www/itprom.ru/bitrix/modules/main/classes/general/main.php:3204
----------
Host: itprom.ru
Date: 2015-11-11 13:03:08
Module: 
section
    include < CBitrixComponent::__includeComponent < CBitrixComponent::includeComponent < CAllMain::IncludeComponent < include_once
	/var/www/u0095419/data/www/itprom.ru/bitrix/modules/main/classes/general/component.php:535
	/var/www/u0095419/data/www/itprom.ru/bitrix/modules/main/classes/general/component.php:578
	/var/www/u0095419/data/www/itprom.ru/bitrix/modules/main/classes/general/main.php:1050
	/var/www/u0095419/data/www/itprom.ru/catalog/index.php:347
	/var/www/u0095419/data/www/itprom.ru/bitrix/modules/main/include/urlrewrite.php:159
----------
Host: itprom.ru
Date: 2015-11-11 13:12:47
Module: 
section
    include < CBitrixComponent::__includeComponent < CBitrixComponent::includeComponent < CAllMain::IncludeComponent < include_once
	/var/www/u0095419/data/www/itprom.ru/bitrix/modules/main/classes/general/component.php:535
	/var/www/u0095419/data/www/itprom.ru/bitrix/modules/main/classes/general/component.php:578
	/var/www/u0095419/data/www/itprom.ru/bitrix/modules/main/classes/general/main.php:1050
	/var/www/u0095419/data/www/itprom.ru/catalog/index.php:347
	/var/www/u0095419/data/www/itprom.ru/bitrix/modules/main/include/urlrewrite.php:159
----------
Host: itprom.ru
Date: 2015-11-11 13:26:19
Module: 
section
    include < CBitrixComponent::__includeComponent < CBitrixComponent::includeComponent < CAllMain::IncludeComponent < include_once
	/var/www/u0095419/data/www/itprom.ru/bitrix/modules/main/classes/general/component.php:535
	/var/www/u0095419/data/www/itprom.ru/bitrix/modules/main/classes/general/component.php:578
	/var/www/u0095419/data/www/itprom.ru/bitrix/modules/main/classes/general/main.php:1050
	/var/www/u0095419/data/www/itprom.ru/catalog/index.php:347
	/var/www/u0095419/data/www/itprom.ru/bitrix/modules/main/include/urlrewrite.php:159
----------
Host: itprom.ru
Date: 2015-11-11 13:45:25
Module: composite
/var/www/u0095419/data/www/itprom.ru/bitrix/html_pages/itprom.ru/about/o-kompanii/index@.html.delete.1447238725.4503
    Bitrix\Main\Data\StaticHtmlCache::writeDebug < Bitrix\Main\Data\StaticHtmlCache::delete < Bitrix\Main\Page\Frame::processPageContent < Bitrix\Main\Page\Frame::endBuffering < CAllMain::EndBufferContent
	/var/www/u0095419/data/www/itprom.ru/bitrix/modules/main/lib/data/statichtmlcache.php:166
	/var/www/u0095419/data/www/itprom.ru/bitrix/modules/main/lib/page/frame.php:389
	/var/www/u0095419/data/www/itprom.ru/bitrix/modules/main/lib/page/frame.php:337
	/var/www/u0095419/data/www/itprom.ru/bitrix/modules/main/classes/general/main.php:3268
	/var/www/u0095419/data/www/itprom.ru/bitrix/modules/main/classes/general/main.php:3204
----------
Host: itprom.ru
Date: 2015-11-11 13:48:15
Module: composite
/var/www/u0095419/data/www/itprom.ru/bitrix/html_pages/itprom.ru/about/gallery/index@.html.delete.1447238895.4165
    Bitrix\Main\Data\StaticHtmlCache::writeDebug < Bitrix\Main\Data\StaticHtmlCache::delete < Bitrix\Main\Page\Frame::processPageContent < Bitrix\Main\Page\Frame::endBuffering < CAllMain::EndBufferContent
	/var/www/u0095419/data/www/itprom.ru/bitrix/modules/main/lib/data/statichtmlcache.php:166
	/var/www/u0095419/data/www/itprom.ru/bitrix/modules/main/lib/page/frame.php:389
	/var/www/u0095419/data/www/itprom.ru/bitrix/modules/main/lib/page/frame.php:337
	/var/www/u0095419/data/www/itprom.ru/bitrix/modules/main/classes/general/main.php:3268
	/var/www/u0095419/data/www/itprom.ru/bitrix/modules/main/classes/general/main.php:3204
----------
Host: itprom.ru
Date: 2015-11-11 13:48:20
Module: composite
/var/www/u0095419/data/www/itprom.ru/bitrix/html_pages/itprom.ru/about/gallery/index@.html.delete.1447238900.885
    Bitrix\Main\Data\StaticHtmlCache::writeDebug < Bitrix\Main\Data\StaticHtmlCache::delete < Bitrix\Main\Page\Frame::processPageContent < Bitrix\Main\Page\Frame::endBuffering < CAllMain::EndBufferContent
	/var/www/u0095419/data/www/itprom.ru/bitrix/modules/main/lib/data/statichtmlcache.php:166
	/var/www/u0095419/data/www/itprom.ru/bitrix/modules/main/lib/page/frame.php:389
	/var/www/u0095419/data/www/itprom.ru/bitrix/modules/main/lib/page/frame.php:337
	/var/www/u0095419/data/www/itprom.ru/bitrix/modules/main/classes/general/main.php:3268
	/var/www/u0095419/data/www/itprom.ru/bitrix/modules/main/classes/general/main.php:3204
----------
Host: itprom.ru
Date: 2015-11-11 13:50:54
Module: 
section
    include < CBitrixComponent::__includeComponent < CBitrixComponent::includeComponent < CAllMain::IncludeComponent < include_once
	/var/www/u0095419/data/www/itprom.ru/bitrix/modules/main/classes/general/component.php:535
	/var/www/u0095419/data/www/itprom.ru/bitrix/modules/main/classes/general/component.php:578
	/var/www/u0095419/data/www/itprom.ru/bitrix/modules/main/classes/general/main.php:1050
	/var/www/u0095419/data/www/itprom.ru/catalog/index.php:347
	/var/www/u0095419/data/www/itprom.ru/bitrix/modules/main/include/urlrewrite.php:159
----------
Host: itprom.ru
Date: 2015-11-11 13:50:59
Module: 
element
    include < CBitrixComponent::__includeComponent < CBitrixComponent::includeComponent < CAllMain::IncludeComponent < include_once
	/var/www/u0095419/data/www/itprom.ru/bitrix/modules/main/classes/general/component.php:535
	/var/www/u0095419/data/www/itprom.ru/bitrix/modules/main/classes/general/component.php:578
	/var/www/u0095419/data/www/itprom.ru/bitrix/modules/main/classes/general/main.php:1050
	/var/www/u0095419/data/www/itprom.ru/catalog/index.php:347
	/var/www/u0095419/data/www/itprom.ru/bitrix/modules/main/include/urlrewrite.php:159
----------
Host: itprom.ru
Date: 2015-11-11 13:50:59
Module: composite
/var/www/u0095419/data/www/itprom.ru/bitrix/html_pages/itprom.ru/catalog/termoshkafi/series-vt/VT-3040200-45/index@.html.delete.1447239059.9567
    Bitrix\Main\Data\StaticHtmlCache::writeDebug < Bitrix\Main\Data\StaticHtmlCache::delete < Bitrix\Main\Page\Frame::processPageContent < Bitrix\Main\Page\Frame::endBuffering < CAllMain::EndBufferContent
	/var/www/u0095419/data/www/itprom.ru/bitrix/modules/main/lib/data/statichtmlcache.php:166
	/var/www/u0095419/data/www/itprom.ru/bitrix/modules/main/lib/page/frame.php:389
	/var/www/u0095419/data/www/itprom.ru/bitrix/modules/main/lib/page/frame.php:337
	/var/www/u0095419/data/www/itprom.ru/bitrix/modules/main/classes/general/main.php:3268
	/var/www/u0095419/data/www/itprom.ru/bitrix/modules/main/classes/general/main.php:3204
----------
Host: itprom.ru
Date: 2015-11-11 13:51:05
Module: 
section
    include < CBitrixComponent::__includeComponent < CBitrixComponent::includeComponent < CAllMain::IncludeComponent < include_once
	/var/www/u0095419/data/www/itprom.ru/bitrix/modules/main/classes/general/component.php:535
	/var/www/u0095419/data/www/itprom.ru/bitrix/modules/main/classes/general/component.php:578
	/var/www/u0095419/data/www/itprom.ru/bitrix/modules/main/classes/general/main.php:1050
	/var/www/u0095419/data/www/itprom.ru/catalog/index.php:347
	/var/www/u0095419/data/www/itprom.ru/bitrix/modules/main/include/urlrewrite.php:159
----------
Host: itprom.ru
Date: 2015-11-11 16:54:07
Module: 
section
    include < CBitrixComponent::__includeComponent < CBitrixComponent::includeComponent < CAllMain::IncludeComponent < include_once
	/var/www/u0095419/data/www/itprom.ru/bitrix/modules/main/classes/general/component.php:535
	/var/www/u0095419/data/www/itprom.ru/bitrix/modules/main/classes/general/component.php:578
	/var/www/u0095419/data/www/itprom.ru/bitrix/modules/main/classes/general/main.php:1050
	/var/www/u0095419/data/www/itprom.ru/catalog/index.php:347
	/var/www/u0095419/data/www/itprom.ru/bitrix/modules/main/include/urlrewrite.php:159
----------
Host: itprom.ru
Date: 2015-11-11 16:56:10
Module: 
section
    include < CBitrixComponent::__includeComponent < CBitrixComponent::includeComponent < CAllMain::IncludeComponent < include_once
	/var/www/u0095419/data/www/itprom.ru/bitrix/modules/main/classes/general/component.php:535
	/var/www/u0095419/data/www/itprom.ru/bitrix/modules/main/classes/general/component.php:578
	/var/www/u0095419/data/www/itprom.ru/bitrix/modules/main/classes/general/main.php:1050
	/var/www/u0095419/data/www/itprom.ru/catalog/index.php:347
	/var/www/u0095419/data/www/itprom.ru/bitrix/modules/main/include/urlrewrite.php:159
----------
Host: itprom.ru
Date: 2015-11-11 18:39:51
Module: Composite was rejected
Reason: (from component cache) /bitrix/templates/webfly_san/components/bitrix/news/blog/bitrix/news.detail/.default/template.php
Request URI: /sales/printer-markirovshchik-v-podarok/
Script: /sales/index.php
    Bitrix\Main\Data\StaticHtmlCache::applyComponentFrameMode < CBitrixComponent::startResultCache < include < CBitrixComponent::__includeComponent < CBitrixComponent::includeComponent
	/var/www/u0095419/data/www/itprom.ru/bitrix/modules/main/classes/general/component.php:831
	/var/www/u0095419/data/www/itprom.ru/bitrix/components/bitrix/news.detail/component.php:133
	/var/www/u0095419/data/www/itprom.ru/bitrix/modules/main/classes/general/component.php:535
	/var/www/u0095419/data/www/itprom.ru/bitrix/modules/main/classes/general/component.php:578
	/var/www/u0095419/data/www/itprom.ru/bitrix/modules/main/classes/general/main.php:1050
----------
Host: itprom.ru
Date: 2015-11-11 19:13:06
Module: 
section
    include < CBitrixComponent::__includeComponent < CBitrixComponent::includeComponent < CAllMain::IncludeComponent < include_once
	/var/www/u0095419/data/www/itprom.ru/bitrix/modules/main/classes/general/component.php:535
	/var/www/u0095419/data/www/itprom.ru/bitrix/modules/main/classes/general/component.php:578
	/var/www/u0095419/data/www/itprom.ru/bitrix/modules/main/classes/general/main.php:1050
	/var/www/u0095419/data/www/itprom.ru/catalog/index.php:347
	/var/www/u0095419/data/www/itprom.ru/bitrix/modules/main/include/urlrewrite.php:159
----------
Host: itprom.ru
Date: 2015-11-11 19:58:54
Module: 
element
    include < CBitrixComponent::__includeComponent < CBitrixComponent::includeComponent < CAllMain::IncludeComponent < include_once
	/var/www/u0095419/data/www/itprom.ru/bitrix/modules/main/classes/general/component.php:535
	/var/www/u0095419/data/www/itprom.ru/bitrix/modules/main/classes/general/component.php:578
	/var/www/u0095419/data/www/itprom.ru/bitrix/modules/main/classes/general/main.php:1050
	/var/www/u0095419/data/www/itprom.ru/catalog/index.php:347
	/var/www/u0095419/data/www/itprom.ru/bitrix/modules/main/include/urlrewrite.php:159
----------
Host: itprom.ru
Date: 2015-11-11 19:58:54
Module: composite
/var/www/u0095419/data/www/itprom.ru/bitrix/html_pages/itprom.ru/catalog/termoshkafi_antivandalniye/arm19-60120800_168/index@.html.delete.1447261134.4693
    Bitrix\Main\Data\StaticHtmlCache::writeDebug < Bitrix\Main\Data\StaticHtmlCache::delete < Bitrix\Main\Page\Frame::processPageContent < Bitrix\Main\Page\Frame::endBuffering < CAllMain::EndBufferContent
	/var/www/u0095419/data/www/itprom.ru/bitrix/modules/main/lib/data/statichtmlcache.php:166
	/var/www/u0095419/data/www/itprom.ru/bitrix/modules/main/lib/page/frame.php:389
	/var/www/u0095419/data/www/itprom.ru/bitrix/modules/main/lib/page/frame.php:337
	/var/www/u0095419/data/www/itprom.ru/bitrix/modules/main/classes/general/main.php:3268
	/var/www/u0095419/data/www/itprom.ru/bitrix/modules/main/classes/general/main.php:3204
----------
Host: itprom.ru
Date: 2015-11-11 19:59:58
Module: 
element
    include < CBitrixComponent::__includeComponent < CBitrixComponent::includeComponent < CAllMain::IncludeComponent < include_once
	/var/www/u0095419/data/www/itprom.ru/bitrix/modules/main/classes/general/component.php:535
	/var/www/u0095419/data/www/itprom.ru/bitrix/modules/main/classes/general/component.php:578
	/var/www/u0095419/data/www/itprom.ru/bitrix/modules/main/classes/general/main.php:1050
	/var/www/u0095419/data/www/itprom.ru/catalog/index.php:347
	/var/www/u0095419/data/www/itprom.ru/bitrix/modules/main/include/urlrewrite.php:159
----------
Host: itprom.ru
Date: 2015-11-11 20:00:04
Module: 
element
    include < CBitrixComponent::__includeComponent < CBitrixComponent::includeComponent < CAllMain::IncludeComponent < include_once
	/var/www/u0095419/data/www/itprom.ru/bitrix/modules/main/classes/general/component.php:535
	/var/www/u0095419/data/www/itprom.ru/bitrix/modules/main/classes/general/component.php:578
	/var/www/u0095419/data/www/itprom.ru/bitrix/modules/main/classes/general/main.php:1050
	/var/www/u0095419/data/www/itprom.ru/catalog/index.php:347
	/var/www/u0095419/data/www/itprom.ru/bitrix/modules/main/include/urlrewrite.php:159
----------
Host: itprom.ru
Date: 2015-11-11 20:02:10
Module: 
section
    include < CBitrixComponent::__includeComponent < CBitrixComponent::includeComponent < CAllMain::IncludeComponent < include_once
	/var/www/u0095419/data/www/itprom.ru/bitrix/modules/main/classes/general/component.php:535
	/var/www/u0095419/data/www/itprom.ru/bitrix/modules/main/classes/general/component.php:578
	/var/www/u0095419/data/www/itprom.ru/bitrix/modules/main/classes/general/main.php:1050
	/var/www/u0095419/data/www/itprom.ru/catalog/index.php:347
	/var/www/u0095419/data/www/itprom.ru/bitrix/modules/main/include/urlrewrite.php:159
----------
Host: itprom.ru
Date: 2015-11-11 20:02:18
Module: 
section
    include < CBitrixComponent::__includeComponent < CBitrixComponent::includeComponent < CAllMain::IncludeComponent < include_once
	/var/www/u0095419/data/www/itprom.ru/bitrix/modules/main/classes/general/component.php:535
	/var/www/u0095419/data/www/itprom.ru/bitrix/modules/main/classes/general/component.php:578
	/var/www/u0095419/data/www/itprom.ru/bitrix/modules/main/classes/general/main.php:1050
	/var/www/u0095419/data/www/itprom.ru/catalog/index.php:347
	/var/www/u0095419/data/www/itprom.ru/bitrix/modules/main/include/urlrewrite.php:159
----------
Host: itprom.ru
Date: 2015-11-11 20:02:19
Module: composite
RestartBuffer method was invoked
Request URI: /catalog/termoshkafi/seriesib/?PAGEN_1=2&ajaxw=Y
Script: /catalog/index.php
    Bitrix\Main\Page\Frame::onBeforeRestartBuffer < call_user_func_array < ExecuteModuleEventEx < CAllMain::RestartBuffer < include
	/var/www/u0095419/data/www/itprom.ru/bitrix/modules/main/classes/general/module.php:475
	/var/www/u0095419/data/www/itprom.ru/bitrix/modules/main/classes/general/main.php:3187
	/var/www/u0095419/data/www/itprom.ru/bitrix/templates/webfly_san/components/bitrix/catalog/santech1_5/bitrix/catalog.section/tiles/template.php:88
	/var/www/u0095419/data/www/itprom.ru/bitrix/modules/main/classes/general/component_template.php:708
----------
Host: itprom.ru
Date: 2015-11-11 20:02:23
Module: 
section
    include < CBitrixComponent::__includeComponent < CBitrixComponent::includeComponent < CAllMain::IncludeComponent < include_once
	/var/www/u0095419/data/www/itprom.ru/bitrix/modules/main/classes/general/component.php:535
	/var/www/u0095419/data/www/itprom.ru/bitrix/modules/main/classes/general/component.php:578
	/var/www/u0095419/data/www/itprom.ru/bitrix/modules/main/classes/general/main.php:1050
	/var/www/u0095419/data/www/itprom.ru/catalog/index.php:347
	/var/www/u0095419/data/www/itprom.ru/bitrix/modules/main/include/urlrewrite.php:159
----------
Host: itprom.ru
Date: 2015-11-11 20:02:24
Module: composite
RestartBuffer method was invoked
Request URI: /catalog/termoshkafi/seriesib/?PAGEN_1=3&ajaxw=Y
Script: /catalog/index.php
    Bitrix\Main\Page\Frame::onBeforeRestartBuffer < call_user_func_array < ExecuteModuleEventEx < CAllMain::RestartBuffer < include
	/var/www/u0095419/data/www/itprom.ru/bitrix/modules/main/classes/general/module.php:475
	/var/www/u0095419/data/www/itprom.ru/bitrix/modules/main/classes/general/main.php:3187
	/var/www/u0095419/data/www/itprom.ru/bitrix/templates/webfly_san/components/bitrix/catalog/santech1_5/bitrix/catalog.section/tiles/template.php:88
	/var/www/u0095419/data/www/itprom.ru/bitrix/modules/main/classes/general/component_template.php:708
----------
Host: itprom.ru
Date: 2015-11-11 20:02:27
Module: 
section
    include < CBitrixComponent::__includeComponent < CBitrixComponent::includeComponent < CAllMain::IncludeComponent < include_once
	/var/www/u0095419/data/www/itprom.ru/bitrix/modules/main/classes/general/component.php:535
	/var/www/u0095419/data/www/itprom.ru/bitrix/modules/main/classes/general/component.php:578
	/var/www/u0095419/data/www/itprom.ru/bitrix/modules/main/classes/general/main.php:1050
	/var/www/u0095419/data/www/itprom.ru/catalog/index.php:347
	/var/www/u0095419/data/www/itprom.ru/bitrix/modules/main/include/urlrewrite.php:159
----------
Host: itprom.ru
Date: 2015-11-11 20:02:27
Module: composite
RestartBuffer method was invoked
Request URI: /catalog/termoshkafi/seriesib/?PAGEN_1=4&ajaxw=Y
Script: /catalog/index.php
    Bitrix\Main\Page\Frame::onBeforeRestartBuffer < call_user_func_array < ExecuteModuleEventEx < CAllMain::RestartBuffer < include
	/var/www/u0095419/data/www/itprom.ru/bitrix/modules/main/classes/general/module.php:475
	/var/www/u0095419/data/www/itprom.ru/bitrix/modules/main/classes/general/main.php:3187
	/var/www/u0095419/data/www/itprom.ru/bitrix/templates/webfly_san/components/bitrix/catalog/santech1_5/bitrix/catalog.section/tiles/template.php:88
	/var/www/u0095419/data/www/itprom.ru/bitrix/modules/main/classes/general/component_template.php:708
----------
Host: itprom.ru
Date: 2015-11-11 20:02:31
Module: 
section
    include < CBitrixComponent::__includeComponent < CBitrixComponent::includeComponent < CAllMain::IncludeComponent < include_once
	/var/www/u0095419/data/www/itprom.ru/bitrix/modules/main/classes/general/component.php:535
	/var/www/u0095419/data/www/itprom.ru/bitrix/modules/main/classes/general/component.php:578
	/var/www/u0095419/data/www/itprom.ru/bitrix/modules/main/classes/general/main.php:1050
	/var/www/u0095419/data/www/itprom.ru/catalog/index.php:347
	/var/www/u0095419/data/www/itprom.ru/bitrix/modules/main/include/urlrewrite.php:159
----------
Host: itprom.ru
Date: 2015-11-11 20:02:32
Module: composite
RestartBuffer method was invoked
Request URI: /catalog/termoshkafi/seriesib/?PAGEN_1=5&ajaxw=Y
Script: /catalog/index.php
    Bitrix\Main\Page\Frame::onBeforeRestartBuffer < call_user_func_array < ExecuteModuleEventEx < CAllMain::RestartBuffer < include
	/var/www/u0095419/data/www/itprom.ru/bitrix/modules/main/classes/general/module.php:475
	/var/www/u0095419/data/www/itprom.ru/bitrix/modules/main/classes/general/main.php:3187
	/var/www/u0095419/data/www/itprom.ru/bitrix/templates/webfly_san/components/bitrix/catalog/santech1_5/bitrix/catalog.section/tiles/template.php:88
	/var/www/u0095419/data/www/itprom.ru/bitrix/modules/main/classes/general/component_template.php:708
----------
Host: itprom.ru
Date: 2015-11-11 20:02:37
Module: 
section
    include < CBitrixComponent::__includeComponent < CBitrixComponent::includeComponent < CAllMain::IncludeComponent < include_once
	/var/www/u0095419/data/www/itprom.ru/bitrix/modules/main/classes/general/component.php:535
	/var/www/u0095419/data/www/itprom.ru/bitrix/modules/main/classes/general/component.php:578
	/var/www/u0095419/data/www/itprom.ru/bitrix/modules/main/classes/general/main.php:1050
	/var/www/u0095419/data/www/itprom.ru/catalog/index.php:347
	/var/www/u0095419/data/www/itprom.ru/bitrix/modules/main/include/urlrewrite.php:159
----------
Host: itprom.ru
Date: 2015-11-11 20:02:57
Module: 
section
    include < CBitrixComponent::__includeComponent < CBitrixComponent::includeComponent < CAllMain::IncludeComponent < include_once
	/var/www/u0095419/data/www/itprom.ru/bitrix/modules/main/classes/general/component.php:535
	/var/www/u0095419/data/www/itprom.ru/bitrix/modules/main/classes/general/component.php:578
	/var/www/u0095419/data/www/itprom.ru/bitrix/modules/main/classes/general/main.php:1050
	/var/www/u0095419/data/www/itprom.ru/catalog/index.php:347
	/var/www/u0095419/data/www/itprom.ru/bitrix/modules/main/include/urlrewrite.php:159
----------
Host: itprom.ru
Date: 2015-11-11 20:03:38
Module: 
section
    include < CBitrixComponent::__includeComponent < CBitrixComponent::includeComponent < CAllMain::IncludeComponent < include_once
	/var/www/u0095419/data/www/itprom.ru/bitrix/modules/main/classes/general/component.php:535
	/var/www/u0095419/data/www/itprom.ru/bitrix/modules/main/classes/general/component.php:578
	/var/www/u0095419/data/www/itprom.ru/bitrix/modules/main/classes/general/main.php:1050
	/var/www/u0095419/data/www/itprom.ru/catalog/index.php:347
	/var/www/u0095419/data/www/itprom.ru/bitrix/modules/main/include/urlrewrite.php:159
----------
Host: itprom.ru
Date: 2015-11-11 20:03:41
Module: 
section
    include < CBitrixComponent::__includeComponent < CBitrixComponent::includeComponent < CAllMain::IncludeComponent < include_once
	/var/www/u0095419/data/www/itprom.ru/bitrix/modules/main/classes/general/component.php:535
	/var/www/u0095419/data/www/itprom.ru/bitrix/modules/main/classes/general/component.php:578
	/var/www/u0095419/data/www/itprom.ru/bitrix/modules/main/classes/general/main.php:1050
	/var/www/u0095419/data/www/itprom.ru/catalog/index.php:347
	/var/www/u0095419/data/www/itprom.ru/bitrix/modules/main/include/urlrewrite.php:159
----------
Host: itprom.ru
Date: 2015-11-11 20:03:44
Module: 
section
    include < CBitrixComponent::__includeComponent < CBitrixComponent::includeComponent < CAllMain::IncludeComponent < include_once
	/var/www/u0095419/data/www/itprom.ru/bitrix/modules/main/classes/general/component.php:535
	/var/www/u0095419/data/www/itprom.ru/bitrix/modules/main/classes/general/component.php:578
	/var/www/u0095419/data/www/itprom.ru/bitrix/modules/main/classes/general/main.php:1050
	/var/www/u0095419/data/www/itprom.ru/catalog/index.php:347
	/var/www/u0095419/data/www/itprom.ru/bitrix/modules/main/include/urlrewrite.php:159
----------
Host: itprom.ru
Date: 2015-11-11 20:03:52
Module: 
compare
    include < CBitrixComponent::__includeComponent < CBitrixComponent::includeComponent < CAllMain::IncludeComponent < include_once
	/var/www/u0095419/data/www/itprom.ru/bitrix/modules/main/classes/general/component.php:535
	/var/www/u0095419/data/www/itprom.ru/bitrix/modules/main/classes/general/component.php:578
	/var/www/u0095419/data/www/itprom.ru/bitrix/modules/main/classes/general/main.php:1050
	/var/www/u0095419/data/www/itprom.ru/catalog/index.php:347
	/var/www/u0095419/data/www/itprom.ru/bitrix/modules/main/include/urlrewrite.php:159
----------
Host: itprom.ru
Date: 2015-11-11 20:03:54
Module: 
section
    include < CBitrixComponent::__includeComponent < CBitrixComponent::includeComponent < CAllMain::IncludeComponent < include_once
	/var/www/u0095419/data/www/itprom.ru/bitrix/modules/main/classes/general/component.php:535
	/var/www/u0095419/data/www/itprom.ru/bitrix/modules/main/classes/general/component.php:578
	/var/www/u0095419/data/www/itprom.ru/bitrix/modules/main/classes/general/main.php:1050
	/var/www/u0095419/data/www/itprom.ru/catalog/index.php:347
	/var/www/u0095419/data/www/itprom.ru/bitrix/modules/main/include/urlrewrite.php:159
----------
Host: itprom.ru
Date: 2015-11-11 20:03:56
Module: 
compare
    include < CBitrixComponent::__includeComponent < CBitrixComponent::includeComponent < CAllMain::IncludeComponent < include_once
	/var/www/u0095419/data/www/itprom.ru/bitrix/modules/main/classes/general/component.php:535
	/var/www/u0095419/data/www/itprom.ru/bitrix/modules/main/classes/general/component.php:578
	/var/www/u0095419/data/www/itprom.ru/bitrix/modules/main/classes/general/main.php:1050
	/var/www/u0095419/data/www/itprom.ru/catalog/index.php:347
	/var/www/u0095419/data/www/itprom.ru/bitrix/modules/main/include/urlrewrite.php:159
----------
Host: itprom.ru
Date: 2015-11-11 20:03:58
Module: 
section
    include < CBitrixComponent::__includeComponent < CBitrixComponent::includeComponent < CAllMain::IncludeComponent < include_once
	/var/www/u0095419/data/www/itprom.ru/bitrix/modules/main/classes/general/component.php:535
	/var/www/u0095419/data/www/itprom.ru/bitrix/modules/main/classes/general/component.php:578
	/var/www/u0095419/data/www/itprom.ru/bitrix/modules/main/classes/general/main.php:1050
	/var/www/u0095419/data/www/itprom.ru/catalog/index.php:347
	/var/www/u0095419/data/www/itprom.ru/bitrix/modules/main/include/urlrewrite.php:159
----------
Host: itprom.ru
Date: 2015-11-11 20:04:00
Module: 
compare
    include < CBitrixComponent::__includeComponent < CBitrixComponent::includeComponent < CAllMain::IncludeComponent < include_once
	/var/www/u0095419/data/www/itprom.ru/bitrix/modules/main/classes/general/component.php:535
	/var/www/u0095419/data/www/itprom.ru/bitrix/modules/main/classes/general/component.php:578
	/var/www/u0095419/data/www/itprom.ru/bitrix/modules/main/classes/general/main.php:1050
	/var/www/u0095419/data/www/itprom.ru/catalog/index.php:347
	/var/www/u0095419/data/www/itprom.ru/bitrix/modules/main/include/urlrewrite.php:159
----------
Host: itprom.ru
Date: 2015-11-11 20:04:04
Module: 
section
    include < CBitrixComponent::__includeComponent < CBitrixComponent::includeComponent < CAllMain::IncludeComponent < include_once
	/var/www/u0095419/data/www/itprom.ru/bitrix/modules/main/classes/general/component.php:535
	/var/www/u0095419/data/www/itprom.ru/bitrix/modules/main/classes/general/component.php:578
	/var/www/u0095419/data/www/itprom.ru/bitrix/modules/main/classes/general/main.php:1050
	/var/www/u0095419/data/www/itprom.ru/catalog/index.php:347
	/var/www/u0095419/data/www/itprom.ru/bitrix/modules/main/include/urlrewrite.php:159
----------
Host: itprom.ru
Date: 2015-11-11 20:05:35
Module: 
section
    include < CBitrixComponent::__includeComponent < CBitrixComponent::includeComponent < CAllMain::IncludeComponent < include_once
	/var/www/u0095419/data/www/itprom.ru/bitrix/modules/main/classes/general/component.php:535
	/var/www/u0095419/data/www/itprom.ru/bitrix/modules/main/classes/general/component.php:578
	/var/www/u0095419/data/www/itprom.ru/bitrix/modules/main/classes/general/main.php:1050
	/var/www/u0095419/data/www/itprom.ru/catalog/index.php:347
	/var/www/u0095419/data/www/itprom.ru/bitrix/modules/main/include/urlrewrite.php:159
----------
Host: itprom.ru
Date: 2015-11-11 20:08:52
Module: 
section
    include < CBitrixComponent::__includeComponent < CBitrixComponent::includeComponent < CAllMain::IncludeComponent < include_once
	/var/www/u0095419/data/www/itprom.ru/bitrix/modules/main/classes/general/component.php:535
	/var/www/u0095419/data/www/itprom.ru/bitrix/modules/main/classes/general/component.php:578
	/var/www/u0095419/data/www/itprom.ru/bitrix/modules/main/classes/general/main.php:1050
	/var/www/u0095419/data/www/itprom.ru/catalog/index.php:347
	/var/www/u0095419/data/www/itprom.ru/bitrix/modules/main/include/urlrewrite.php:159
----------
Host: itprom.ru
Date: 2015-11-11 21:56:01
Module: Composite was rejected
Reason: (from component cache) /bitrix/templates/webfly_san/components/bitrix/news/blog/bitrix/news.detail/.default/template.php
Request URI: /sales/printer-markirovshchik-v-podarok/
Script: /sales/index.php
    Bitrix\Main\Data\StaticHtmlCache::applyComponentFrameMode < CBitrixComponent::startResultCache < include < CBitrixComponent::__includeComponent < CBitrixComponent::includeComponent
	/var/www/u0095419/data/www/itprom.ru/bitrix/modules/main/classes/general/component.php:831
	/var/www/u0095419/data/www/itprom.ru/bitrix/components/bitrix/news.detail/component.php:133
	/var/www/u0095419/data/www/itprom.ru/bitrix/modules/main/classes/general/component.php:535
	/var/www/u0095419/data/www/itprom.ru/bitrix/modules/main/classes/general/component.php:578
	/var/www/u0095419/data/www/itprom.ru/bitrix/modules/main/classes/general/main.php:1050
----------
Host: itprom.ru
Date: 2015-11-11 22:12:45
Module: Composite was rejected
Reason: (from component cache) /bitrix/templates/webfly_san/components/bitrix/news/blog/bitrix/news.detail/.default/template.php
Request URI: /sales/printer-markirovshchik-v-podarok/
Script: /sales/index.php
    Bitrix\Main\Data\StaticHtmlCache::applyComponentFrameMode < CBitrixComponent::startResultCache < include < CBitrixComponent::__includeComponent < CBitrixComponent::includeComponent
	/var/www/u0095419/data/www/itprom.ru/bitrix/modules/main/classes/general/component.php:831
	/var/www/u0095419/data/www/itprom.ru/bitrix/components/bitrix/news.detail/component.php:133
	/var/www/u0095419/data/www/itprom.ru/bitrix/modules/main/classes/general/component.php:535
	/var/www/u0095419/data/www/itprom.ru/bitrix/modules/main/classes/general/component.php:578
	/var/www/u0095419/data/www/itprom.ru/bitrix/modules/main/classes/general/main.php:1050
----------
Host: itprom.ru
Date: 2015-11-11 22:15:25
Module: 
section
    include < CBitrixComponent::__includeComponent < CBitrixComponent::includeComponent < CAllMain::IncludeComponent < include_once
	/var/www/u0095419/data/www/itprom.ru/bitrix/modules/main/classes/general/component.php:535
	/var/www/u0095419/data/www/itprom.ru/bitrix/modules/main/classes/general/component.php:578
	/var/www/u0095419/data/www/itprom.ru/bitrix/modules/main/classes/general/main.php:1050
	/var/www/u0095419/data/www/itprom.ru/catalog/index.php:347
	/var/www/u0095419/data/www/itprom.ru/bitrix/modules/main/include/urlrewrite.php:159
----------
Host: itprom.ru
Date: 2015-11-11 22:58:19
Module: 
section
    include < CBitrixComponent::__includeComponent < CBitrixComponent::includeComponent < CAllMain::IncludeComponent < include_once
	/var/www/u0095419/data/www/itprom.ru/bitrix/modules/main/classes/general/component.php:535
	/var/www/u0095419/data/www/itprom.ru/bitrix/modules/main/classes/general/component.php:578
	/var/www/u0095419/data/www/itprom.ru/bitrix/modules/main/classes/general/main.php:1050
	/var/www/u0095419/data/www/itprom.ru/catalog/index.php:347
	/var/www/u0095419/data/www/itprom.ru/bitrix/modules/main/include/urlrewrite.php:159
----------
