Host: itprom.ru
Date: 2015-11-26 00:31:31
Module: composite
/var/www/u0095419/data/www/itprom.ru/bitrix/html_pages/itprom.ru/about/usloviya-garantii/index@.html.delete.1448487091.8402
    Bitrix\Main\Data\StaticHtmlCache::writeDebug < Bitrix\Main\Data\StaticHtmlCache::delete < Bitrix\Main\Page\Frame::processPageContent < Bitrix\Main\Page\Frame::endBuffering < CAllMain::EndBufferContent
	/var/www/u0095419/data/www/itprom.ru/bitrix/modules/main/lib/data/statichtmlcache.php:166
	/var/www/u0095419/data/www/itprom.ru/bitrix/modules/main/lib/page/frame.php:389
	/var/www/u0095419/data/www/itprom.ru/bitrix/modules/main/lib/page/frame.php:337
	/var/www/u0095419/data/www/itprom.ru/bitrix/modules/main/classes/general/main.php:3268
	/var/www/u0095419/data/www/itprom.ru/bitrix/modules/main/classes/general/main.php:3204
----------
Host: itprom.ru
Date: 2015-11-26 00:31:59
Module: composite
/var/www/u0095419/data/www/itprom.ru/bitrix/html_pages/itprom.ru/about/garantiya/index@.html.delete.1448487119.7354
    Bitrix\Main\Data\StaticHtmlCache::writeDebug < Bitrix\Main\Data\StaticHtmlCache::delete < Bitrix\Main\Page\Frame::processPageContent < Bitrix\Main\Page\Frame::endBuffering < CAllMain::EndBufferContent
	/var/www/u0095419/data/www/itprom.ru/bitrix/modules/main/lib/data/statichtmlcache.php:166
	/var/www/u0095419/data/www/itprom.ru/bitrix/modules/main/lib/page/frame.php:389
	/var/www/u0095419/data/www/itprom.ru/bitrix/modules/main/lib/page/frame.php:337
	/var/www/u0095419/data/www/itprom.ru/bitrix/modules/main/classes/general/main.php:3268
	/var/www/u0095419/data/www/itprom.ru/bitrix/modules/main/classes/general/main.php:3204
----------
Host: itprom.ru
Date: 2015-11-26 00:32:01
Module: composite
/var/www/u0095419/data/www/itprom.ru/bitrix/html_pages/itprom.ru/brands/index@.html.delete.1448487121.2907
    Bitrix\Main\Data\StaticHtmlCache::writeDebug < Bitrix\Main\Data\StaticHtmlCache::delete < Bitrix\Main\Page\Frame::processPageContent < Bitrix\Main\Page\Frame::endBuffering < CAllMain::EndBufferContent
	/var/www/u0095419/data/www/itprom.ru/bitrix/modules/main/lib/data/statichtmlcache.php:166
	/var/www/u0095419/data/www/itprom.ru/bitrix/modules/main/lib/page/frame.php:389
	/var/www/u0095419/data/www/itprom.ru/bitrix/modules/main/lib/page/frame.php:337
	/var/www/u0095419/data/www/itprom.ru/bitrix/modules/main/classes/general/main.php:3268
	/var/www/u0095419/data/www/itprom.ru/bitrix/modules/main/classes/general/main.php:3204
----------
Host: itprom.ru
Date: 2015-11-26 00:32:21
Module: Composite was rejected
Reason: /bitrix/templates/webfly_san/components/intsys/highloadblock.view/brand/template.php
Request URI: /brands/provento/
Script: /brands/detail.php
    Bitrix\Main\Data\StaticHtmlCache::applyComponentFrameMode < CBitrixComponentTemplate::__IncludePHPTemplate < CBitrixComponentTemplate::IncludeTemplate < CBitrixComponent::showComponentTemplate < CBitrixComponent::includeComponentTemplate
	/var/www/u0095419/data/www/itprom.ru/bitrix/modules/main/classes/general/component_template.php:719
	/var/www/u0095419/data/www/itprom.ru/bitrix/modules/main/classes/general/component_template.php:800
	/var/www/u0095419/data/www/itprom.ru/bitrix/modules/main/classes/general/component.php:657
	/var/www/u0095419/data/www/itprom.ru/bitrix/modules/main/classes/general/component.php:605
	/var/www/u0095419/data/www/itprom.ru/bitrix/components/intsys/highloadblock.view/component.php:62
----------
Host: itprom.ru
Date: 2015-11-26 00:32:22
Module: composite
/var/www/u0095419/data/www/itprom.ru/bitrix/html_pages/itprom.ru/sales/index@.html.delete.1448487142.3841
    Bitrix\Main\Data\StaticHtmlCache::writeDebug < Bitrix\Main\Data\StaticHtmlCache::delete < Bitrix\Main\Page\Frame::processPageContent < Bitrix\Main\Page\Frame::endBuffering < CAllMain::EndBufferContent
	/var/www/u0095419/data/www/itprom.ru/bitrix/modules/main/lib/data/statichtmlcache.php:166
	/var/www/u0095419/data/www/itprom.ru/bitrix/modules/main/lib/page/frame.php:389
	/var/www/u0095419/data/www/itprom.ru/bitrix/modules/main/lib/page/frame.php:337
	/var/www/u0095419/data/www/itprom.ru/bitrix/modules/main/classes/general/main.php:3268
	/var/www/u0095419/data/www/itprom.ru/bitrix/modules/main/classes/general/main.php:3204
----------
Host: itprom.ru
Date: 2015-11-26 00:32:22
Module: Composite was rejected
Reason: /bitrix/templates/webfly_san/components/intsys/highloadblock.view/brand/template.php
Request URI: /brands/provento/
Script: /brands/detail.php
    Bitrix\Main\Data\StaticHtmlCache::applyComponentFrameMode < CBitrixComponentTemplate::__IncludePHPTemplate < CBitrixComponentTemplate::IncludeTemplate < CBitrixComponent::showComponentTemplate < CBitrixComponent::includeComponentTemplate
	/var/www/u0095419/data/www/itprom.ru/bitrix/modules/main/classes/general/component_template.php:719
	/var/www/u0095419/data/www/itprom.ru/bitrix/modules/main/classes/general/component_template.php:800
	/var/www/u0095419/data/www/itprom.ru/bitrix/modules/main/classes/general/component.php:657
	/var/www/u0095419/data/www/itprom.ru/bitrix/modules/main/classes/general/component.php:605
	/var/www/u0095419/data/www/itprom.ru/bitrix/components/intsys/highloadblock.view/component.php:62
----------
Host: itprom.ru
Date: 2015-11-26 00:32:22
Module: composite
/var/www/u0095419/data/www/itprom.ru/bitrix/html_pages/itprom.ru/news/attestatsiya-termoshkafov-itprom/index@.html.delete.1448487142.7674
    Bitrix\Main\Data\StaticHtmlCache::writeDebug < Bitrix\Main\Data\StaticHtmlCache::delete < Bitrix\Main\Page\Frame::processPageContent < Bitrix\Main\Page\Frame::endBuffering < CAllMain::EndBufferContent
	/var/www/u0095419/data/www/itprom.ru/bitrix/modules/main/lib/data/statichtmlcache.php:166
	/var/www/u0095419/data/www/itprom.ru/bitrix/modules/main/lib/page/frame.php:389
	/var/www/u0095419/data/www/itprom.ru/bitrix/modules/main/lib/page/frame.php:337
	/var/www/u0095419/data/www/itprom.ru/bitrix/modules/main/classes/general/main.php:3268
	/var/www/u0095419/data/www/itprom.ru/bitrix/modules/main/classes/general/main.php:3204
----------
Host: itprom.ru
Date: 2015-11-26 00:32:22
Module: Composite was rejected
Reason: /bitrix/templates/webfly_san/components/intsys/highloadblock.view/brand/template.php
Request URI: /brands/itprom/
Script: /brands/detail.php
    Bitrix\Main\Data\StaticHtmlCache::applyComponentFrameMode < CBitrixComponentTemplate::__IncludePHPTemplate < CBitrixComponentTemplate::IncludeTemplate < CBitrixComponent::showComponentTemplate < CBitrixComponent::includeComponentTemplate
	/var/www/u0095419/data/www/itprom.ru/bitrix/modules/main/classes/general/component_template.php:719
	/var/www/u0095419/data/www/itprom.ru/bitrix/modules/main/classes/general/component_template.php:800
	/var/www/u0095419/data/www/itprom.ru/bitrix/modules/main/classes/general/component.php:657
	/var/www/u0095419/data/www/itprom.ru/bitrix/modules/main/classes/general/component.php:605
	/var/www/u0095419/data/www/itprom.ru/bitrix/components/intsys/highloadblock.view/component.php:62
----------
Host: itprom.ru
Date: 2015-11-26 00:32:23
Module: Composite was rejected
Reason: /bitrix/templates/webfly_san/components/intsys/highloadblock.view/brand/template.php
Request URI: /brands/itprom/
Script: /brands/detail.php
    Bitrix\Main\Data\StaticHtmlCache::applyComponentFrameMode < CBitrixComponentTemplate::__IncludePHPTemplate < CBitrixComponentTemplate::IncludeTemplate < CBitrixComponent::showComponentTemplate < CBitrixComponent::includeComponentTemplate
	/var/www/u0095419/data/www/itprom.ru/bitrix/modules/main/classes/general/component_template.php:719
	/var/www/u0095419/data/www/itprom.ru/bitrix/modules/main/classes/general/component_template.php:800
	/var/www/u0095419/data/www/itprom.ru/bitrix/modules/main/classes/general/component.php:657
	/var/www/u0095419/data/www/itprom.ru/bitrix/modules/main/classes/general/component.php:605
	/var/www/u0095419/data/www/itprom.ru/bitrix/components/intsys/highloadblock.view/component.php:62
----------
Host: itprom.ru
Date: 2015-11-26 00:32:23
Module: Composite was rejected
Reason: (from component cache) /bitrix/templates/webfly_san/components/bitrix/news/blog/bitrix/news.detail/.default/template.php
Request URI: /sales/printer-markirovshchik-v-podarok/
Script: /sales/index.php
    Bitrix\Main\Data\StaticHtmlCache::applyComponentFrameMode < CBitrixComponent::startResultCache < include < CBitrixComponent::__includeComponent < CBitrixComponent::includeComponent
	/var/www/u0095419/data/www/itprom.ru/bitrix/modules/main/classes/general/component.php:831
	/var/www/u0095419/data/www/itprom.ru/bitrix/components/bitrix/news.detail/component.php:133
	/var/www/u0095419/data/www/itprom.ru/bitrix/modules/main/classes/general/component.php:535
	/var/www/u0095419/data/www/itprom.ru/bitrix/modules/main/classes/general/component.php:578
	/var/www/u0095419/data/www/itprom.ru/bitrix/modules/main/classes/general/main.php:1050
----------
Host: itprom.ru
Date: 2015-11-26 00:40:25
Module: 
element
    include < CBitrixComponent::__includeComponent < CBitrixComponent::includeComponent < CAllMain::IncludeComponent < include_once
	/var/www/u0095419/data/www/itprom.ru/bitrix/modules/main/classes/general/component.php:535
	/var/www/u0095419/data/www/itprom.ru/bitrix/modules/main/classes/general/component.php:578
	/var/www/u0095419/data/www/itprom.ru/bitrix/modules/main/classes/general/main.php:1050
	/var/www/u0095419/data/www/itprom.ru/catalog/index.php:347
	/var/www/u0095419/data/www/itprom.ru/bitrix/modules/main/include/urlrewrite.php:159
----------
Host: itprom.ru
Date: 2015-11-26 00:54:56
Module: composite
/var/www/u0095419/data/www/itprom.ru/bitrix/html_pages/itprom.ru/index@.html.delete.1448488496.5233
    Bitrix\Main\Data\StaticHtmlCache::writeDebug < Bitrix\Main\Data\StaticHtmlCache::delete < Bitrix\Main\Page\Frame::processPageContent < Bitrix\Main\Page\Frame::endBuffering < CAllMain::EndBufferContent
	/var/www/u0095419/data/www/itprom.ru/bitrix/modules/main/lib/data/statichtmlcache.php:166
	/var/www/u0095419/data/www/itprom.ru/bitrix/modules/main/lib/page/frame.php:389
	/var/www/u0095419/data/www/itprom.ru/bitrix/modules/main/lib/page/frame.php:337
	/var/www/u0095419/data/www/itprom.ru/bitrix/modules/main/classes/general/main.php:3268
	/var/www/u0095419/data/www/itprom.ru/bitrix/modules/main/classes/general/main.php:3204
----------
Host: itprom.ru
Date: 2015-11-26 00:55:00
Module: Composite was rejected
Reason: (from component cache) /bitrix/templates/webfly_san/components/bitrix/news/blog/bitrix/news.detail/.default/template.php
Request URI: /blog/proizvodstvo-termoshkafov-itprom/
Script: /blog/index.php
    Bitrix\Main\Data\StaticHtmlCache::applyComponentFrameMode < CBitrixComponent::startResultCache < include < CBitrixComponent::__includeComponent < CBitrixComponent::includeComponent
	/var/www/u0095419/data/www/itprom.ru/bitrix/modules/main/classes/general/component.php:831
	/var/www/u0095419/data/www/itprom.ru/bitrix/components/bitrix/news.detail/component.php:133
	/var/www/u0095419/data/www/itprom.ru/bitrix/modules/main/classes/general/component.php:535
	/var/www/u0095419/data/www/itprom.ru/bitrix/modules/main/classes/general/component.php:578
	/var/www/u0095419/data/www/itprom.ru/bitrix/modules/main/classes/general/main.php:1050
----------
Host: itprom.ru
Date: 2015-11-26 00:57:29
Module: Composite was rejected
Reason: (from component cache) /bitrix/templates/webfly_san/components/bitrix/news/blog/bitrix/news.detail/.default/template.php
Request URI: /blog/proizvodstvo-termoshkafov-itprom/
Script: /blog/index.php
    Bitrix\Main\Data\StaticHtmlCache::applyComponentFrameMode < CBitrixComponent::startResultCache < include < CBitrixComponent::__includeComponent < CBitrixComponent::includeComponent
	/var/www/u0095419/data/www/itprom.ru/bitrix/modules/main/classes/general/component.php:831
	/var/www/u0095419/data/www/itprom.ru/bitrix/components/bitrix/news.detail/component.php:133
	/var/www/u0095419/data/www/itprom.ru/bitrix/modules/main/classes/general/component.php:535
	/var/www/u0095419/data/www/itprom.ru/bitrix/modules/main/classes/general/component.php:578
	/var/www/u0095419/data/www/itprom.ru/bitrix/modules/main/classes/general/main.php:1050
----------
Host: itprom.ru
Date: 2015-11-26 00:58:58
Module: 
section
    include < CBitrixComponent::__includeComponent < CBitrixComponent::includeComponent < CAllMain::IncludeComponent < include_once
	/var/www/u0095419/data/www/itprom.ru/bitrix/modules/main/classes/general/component.php:535
	/var/www/u0095419/data/www/itprom.ru/bitrix/modules/main/classes/general/component.php:578
	/var/www/u0095419/data/www/itprom.ru/bitrix/modules/main/classes/general/main.php:1050
	/var/www/u0095419/data/www/itprom.ru/catalog/index.php:347
	/var/www/u0095419/data/www/itprom.ru/bitrix/modules/main/include/urlrewrite.php:159
----------
Host: itprom.ru
Date: 2015-11-26 00:59:01
Module: composite
/var/www/u0095419/data/www/itprom.ru/bitrix/html_pages/itprom.ru/catalog/aksessuary-dlya-termoshkafov/ruchki-dvernye/index@.html.delete.1448488741.5633
    Bitrix\Main\Data\StaticHtmlCache::writeDebug < Bitrix\Main\Data\StaticHtmlCache::delete < Bitrix\Main\Page\Frame::processPageContent < Bitrix\Main\Page\Frame::endBuffering < CAllMain::EndBufferContent
	/var/www/u0095419/data/www/itprom.ru/bitrix/modules/main/lib/data/statichtmlcache.php:166
	/var/www/u0095419/data/www/itprom.ru/bitrix/modules/main/lib/page/frame.php:389
	/var/www/u0095419/data/www/itprom.ru/bitrix/modules/main/lib/page/frame.php:337
	/var/www/u0095419/data/www/itprom.ru/bitrix/modules/main/classes/general/main.php:3268
	/var/www/u0095419/data/www/itprom.ru/bitrix/modules/main/classes/general/main.php:3204
----------
Host: itprom.ru
Date: 2015-11-26 00:59:08
Module: Composite was rejected
Reason: (from component cache) /bitrix/templates/webfly_san/components/bitrix/news/blog/bitrix/news.detail/.default/template.php
Request URI: /blog/proizvodstvo-termoshkafov-itprom/
Script: /blog/index.php
    Bitrix\Main\Data\StaticHtmlCache::applyComponentFrameMode < CBitrixComponent::startResultCache < include < CBitrixComponent::__includeComponent < CBitrixComponent::includeComponent
	/var/www/u0095419/data/www/itprom.ru/bitrix/modules/main/classes/general/component.php:831
	/var/www/u0095419/data/www/itprom.ru/bitrix/components/bitrix/news.detail/component.php:133
	/var/www/u0095419/data/www/itprom.ru/bitrix/modules/main/classes/general/component.php:535
	/var/www/u0095419/data/www/itprom.ru/bitrix/modules/main/classes/general/component.php:578
	/var/www/u0095419/data/www/itprom.ru/bitrix/modules/main/classes/general/main.php:1050
----------
Host: itprom.ru
Date: 2015-11-26 01:44:49
Module: 
section
    include < CBitrixComponent::__includeComponent < CBitrixComponent::includeComponent < CAllMain::IncludeComponent < include_once
	/var/www/u0095419/data/www/itprom.ru/bitrix/modules/main/classes/general/component.php:535
	/var/www/u0095419/data/www/itprom.ru/bitrix/modules/main/classes/general/component.php:578
	/var/www/u0095419/data/www/itprom.ru/bitrix/modules/main/classes/general/main.php:1050
	/var/www/u0095419/data/www/itprom.ru/catalog/index.php:347
	/var/www/u0095419/data/www/itprom.ru/bitrix/modules/main/include/urlrewrite.php:159
----------
Host: itprom.ru
Date: 2015-11-26 03:00:31
Module: 
element
    include < CBitrixComponent::__includeComponent < CBitrixComponent::includeComponent < CAllMain::IncludeComponent < include_once
	/var/www/u0095419/data/www/itprom.ru/bitrix/modules/main/classes/general/component.php:535
	/var/www/u0095419/data/www/itprom.ru/bitrix/modules/main/classes/general/component.php:578
	/var/www/u0095419/data/www/itprom.ru/bitrix/modules/main/classes/general/main.php:1050
	/var/www/u0095419/data/www/itprom.ru/catalog/index.php:347
	/var/www/u0095419/data/www/itprom.ru/bitrix/modules/main/include/urlrewrite.php:159
----------
Host: itprom.ru
Date: 2015-11-26 03:03:30
Module: 
section
    include < CBitrixComponent::__includeComponent < CBitrixComponent::includeComponent < CAllMain::IncludeComponent < include_once
	/var/www/u0095419/data/www/itprom.ru/bitrix/modules/main/classes/general/component.php:535
	/var/www/u0095419/data/www/itprom.ru/bitrix/modules/main/classes/general/component.php:578
	/var/www/u0095419/data/www/itprom.ru/bitrix/modules/main/classes/general/main.php:1050
	/var/www/u0095419/data/www/itprom.ru/catalog/index.php:347
	/var/www/u0095419/data/www/itprom.ru/bitrix/modules/main/include/urlrewrite.php:159
----------
Host: itprom.ru
Date: 2015-11-26 03:03:39
Module: 
section
    include < CBitrixComponent::__includeComponent < CBitrixComponent::includeComponent < CAllMain::IncludeComponent < include_once
	/var/www/u0095419/data/www/itprom.ru/bitrix/modules/main/classes/general/component.php:535
	/var/www/u0095419/data/www/itprom.ru/bitrix/modules/main/classes/general/component.php:578
	/var/www/u0095419/data/www/itprom.ru/bitrix/modules/main/classes/general/main.php:1050
	/var/www/u0095419/data/www/itprom.ru/catalog/index.php:347
	/var/www/u0095419/data/www/itprom.ru/bitrix/modules/main/include/urlrewrite.php:159
----------
Host: itprom.ru
Date: 2015-11-26 03:04:28
Module: 
section
    include < CBitrixComponent::__includeComponent < CBitrixComponent::includeComponent < CAllMain::IncludeComponent < include_once
	/var/www/u0095419/data/www/itprom.ru/bitrix/modules/main/classes/general/component.php:535
	/var/www/u0095419/data/www/itprom.ru/bitrix/modules/main/classes/general/component.php:578
	/var/www/u0095419/data/www/itprom.ru/bitrix/modules/main/classes/general/main.php:1050
	/var/www/u0095419/data/www/itprom.ru/catalog/index.php:347
	/var/www/u0095419/data/www/itprom.ru/bitrix/modules/main/include/urlrewrite.php:159
----------
Host: itprom.ru
Date: 2015-11-26 03:04:46
Module: 
section
    include < CBitrixComponent::__includeComponent < CBitrixComponent::includeComponent < CAllMain::IncludeComponent < include_once
	/var/www/u0095419/data/www/itprom.ru/bitrix/modules/main/classes/general/component.php:535
	/var/www/u0095419/data/www/itprom.ru/bitrix/modules/main/classes/general/component.php:578
	/var/www/u0095419/data/www/itprom.ru/bitrix/modules/main/classes/general/main.php:1050
	/var/www/u0095419/data/www/itprom.ru/catalog/index.php:347
	/var/www/u0095419/data/www/itprom.ru/bitrix/modules/main/include/urlrewrite.php:159
----------
Host: itprom.ru
Date: 2015-11-26 03:16:19
Module: 
section
    include < CBitrixComponent::__includeComponent < CBitrixComponent::includeComponent < CAllMain::IncludeComponent < include_once
	/var/www/u0095419/data/www/itprom.ru/bitrix/modules/main/classes/general/component.php:535
	/var/www/u0095419/data/www/itprom.ru/bitrix/modules/main/classes/general/component.php:578
	/var/www/u0095419/data/www/itprom.ru/bitrix/modules/main/classes/general/main.php:1050
	/var/www/u0095419/data/www/itprom.ru/catalog/index.php:347
	/var/www/u0095419/data/www/itprom.ru/bitrix/modules/main/include/urlrewrite.php:159
----------
Host: itprom.ru
Date: 2015-11-26 03:16:20
Module: composite
/var/www/u0095419/data/www/itprom.ru/bitrix/html_pages/itprom.ru/catalog/aksessuary-dlya-termoshkafov/krepleniya-na-machtu/index@.html.delete.1448496980.7078
    Bitrix\Main\Data\StaticHtmlCache::writeDebug < Bitrix\Main\Data\StaticHtmlCache::delete < Bitrix\Main\Page\Frame::processPageContent < Bitrix\Main\Page\Frame::endBuffering < CAllMain::EndBufferContent
	/var/www/u0095419/data/www/itprom.ru/bitrix/modules/main/lib/data/statichtmlcache.php:166
	/var/www/u0095419/data/www/itprom.ru/bitrix/modules/main/lib/page/frame.php:389
	/var/www/u0095419/data/www/itprom.ru/bitrix/modules/main/lib/page/frame.php:337
	/var/www/u0095419/data/www/itprom.ru/bitrix/modules/main/classes/general/main.php:3268
	/var/www/u0095419/data/www/itprom.ru/bitrix/modules/main/classes/general/main.php:3204
----------
Host: itprom.ru
Date: 2015-11-26 03:16:26
Module: 
element
    include < CBitrixComponent::__includeComponent < CBitrixComponent::includeComponent < CAllMain::IncludeComponent < include_once
	/var/www/u0095419/data/www/itprom.ru/bitrix/modules/main/classes/general/component.php:535
	/var/www/u0095419/data/www/itprom.ru/bitrix/modules/main/classes/general/component.php:578
	/var/www/u0095419/data/www/itprom.ru/bitrix/modules/main/classes/general/main.php:1050
	/var/www/u0095419/data/www/itprom.ru/catalog/index.php:347
	/var/www/u0095419/data/www/itprom.ru/bitrix/modules/main/include/urlrewrite.php:159
----------
Host: itprom.ru
Date: 2015-11-26 03:16:27
Module: composite
/var/www/u0095419/data/www/itprom.ru/bitrix/html_pages/itprom.ru/catalog/aksessuary-dlya-termoshkafov/krepleniya-na-machtu/MK-22/index@.html.delete.1448496987.4052
    Bitrix\Main\Data\StaticHtmlCache::writeDebug < Bitrix\Main\Data\StaticHtmlCache::delete < Bitrix\Main\Page\Frame::processPageContent < Bitrix\Main\Page\Frame::endBuffering < CAllMain::EndBufferContent
	/var/www/u0095419/data/www/itprom.ru/bitrix/modules/main/lib/data/statichtmlcache.php:166
	/var/www/u0095419/data/www/itprom.ru/bitrix/modules/main/lib/page/frame.php:389
	/var/www/u0095419/data/www/itprom.ru/bitrix/modules/main/lib/page/frame.php:337
	/var/www/u0095419/data/www/itprom.ru/bitrix/modules/main/classes/general/main.php:3268
	/var/www/u0095419/data/www/itprom.ru/bitrix/modules/main/classes/general/main.php:3204
----------
Host: itprom.ru
Date: 2015-11-26 03:16:34
Module: composite
/var/www/u0095419/data/www/itprom.ru/bitrix/html_pages/itprom.ru/personal/cart/index@.html.delete.1448496994.248
    Bitrix\Main\Data\StaticHtmlCache::writeDebug < Bitrix\Main\Data\StaticHtmlCache::delete < Bitrix\Main\Page\Frame::processPageContent < Bitrix\Main\Page\Frame::endBuffering < CAllMain::EndBufferContent
	/var/www/u0095419/data/www/itprom.ru/bitrix/modules/main/lib/data/statichtmlcache.php:166
	/var/www/u0095419/data/www/itprom.ru/bitrix/modules/main/lib/page/frame.php:389
	/var/www/u0095419/data/www/itprom.ru/bitrix/modules/main/lib/page/frame.php:337
	/var/www/u0095419/data/www/itprom.ru/bitrix/modules/main/classes/general/main.php:3268
	/var/www/u0095419/data/www/itprom.ru/bitrix/modules/main/classes/general/main.php:3204
----------
Host: itprom.ru
Date: 2015-11-26 03:16:43
Module: Composite was rejected
Reason: /bitrix/components/bitrix/sale.ajax.locations/templates/popup/template.php
Request URI: /personal/order/make/
Script: /personal/order/make/index.php
    Bitrix\Main\Data\StaticHtmlCache::applyComponentFrameMode < CBitrixComponentTemplate::__IncludePHPTemplate < CBitrixComponentTemplate::IncludeTemplate < CBitrixComponent::showComponentTemplate < CBitrixComponent::includeComponentTemplate
	/var/www/u0095419/data/www/itprom.ru/bitrix/modules/main/classes/general/component_template.php:719
	/var/www/u0095419/data/www/itprom.ru/bitrix/modules/main/classes/general/component_template.php:800
	/var/www/u0095419/data/www/itprom.ru/bitrix/modules/main/classes/general/component.php:657
	/var/www/u0095419/data/www/itprom.ru/bitrix/modules/main/classes/general/component.php:605
	/var/www/u0095419/data/www/itprom.ru/bitrix/components/bitrix/sale.ajax.locations/component.php:306
----------
Host: itprom.ru
Date: 2015-11-26 03:16:43
Module: Composite was rejected
Reason: /bitrix/components/bitrix/sale.ajax.locations/templates/popup/template.php
Request URI: /personal/order/make/
Script: /personal/order/make/index.php
    Bitrix\Main\Data\StaticHtmlCache::applyComponentFrameMode < CBitrixComponentTemplate::__IncludePHPTemplate < CBitrixComponentTemplate::IncludeTemplate < CBitrixComponent::showComponentTemplate < CBitrixComponent::includeComponentTemplate
	/var/www/u0095419/data/www/itprom.ru/bitrix/modules/main/classes/general/component_template.php:719
	/var/www/u0095419/data/www/itprom.ru/bitrix/modules/main/classes/general/component_template.php:800
	/var/www/u0095419/data/www/itprom.ru/bitrix/modules/main/classes/general/component.php:657
	/var/www/u0095419/data/www/itprom.ru/bitrix/modules/main/classes/general/component.php:605
	/var/www/u0095419/data/www/itprom.ru/bitrix/components/bitrix/sale.ajax.locations/component.php:306
----------
Host: itprom.ru
Date: 2015-11-26 03:16:43
Module: Composite was rejected
Reason: /bitrix/components/bitrix/sale.ajax.delivery.calculator/templates/.default/template.php
Request URI: /personal/order/make/
Script: /personal/order/make/index.php
    Bitrix\Main\Data\StaticHtmlCache::applyComponentFrameMode < CBitrixComponentTemplate::__IncludePHPTemplate < CBitrixComponentTemplate::IncludeTemplate < CBitrixComponent::showComponentTemplate < CBitrixComponent::includeComponentTemplate
	/var/www/u0095419/data/www/itprom.ru/bitrix/modules/main/classes/general/component_template.php:719
	/var/www/u0095419/data/www/itprom.ru/bitrix/modules/main/classes/general/component_template.php:800
	/var/www/u0095419/data/www/itprom.ru/bitrix/modules/main/classes/general/component.php:657
	/var/www/u0095419/data/www/itprom.ru/bitrix/modules/main/classes/general/component.php:605
	/var/www/u0095419/data/www/itprom.ru/bitrix/components/bitrix/sale.ajax.delivery.calculator/component.php:166
----------
Host: itprom.ru
Date: 2015-11-26 03:16:43
Module: Composite was rejected
Reason: /bitrix/templates/webfly_san/components/bitrix/sale.order.ajax/oneStepOrder/template.php
Request URI: /personal/order/make/
Script: /personal/order/make/index.php
    Bitrix\Main\Data\StaticHtmlCache::applyComponentFrameMode < CBitrixComponentTemplate::__IncludePHPTemplate < CBitrixComponentTemplate::IncludeTemplate < CBitrixComponent::showComponentTemplate < CBitrixComponent::includeComponentTemplate
	/var/www/u0095419/data/www/itprom.ru/bitrix/modules/main/classes/general/component_template.php:719
	/var/www/u0095419/data/www/itprom.ru/bitrix/modules/main/classes/general/component_template.php:800
	/var/www/u0095419/data/www/itprom.ru/bitrix/modules/main/classes/general/component.php:657
	/var/www/u0095419/data/www/itprom.ru/bitrix/modules/main/classes/general/component.php:605
	/var/www/u0095419/data/www/itprom.ru/bitrix/components/bitrix/sale.order.ajax/component.php:2218
----------
Host: itprom.ru
Date: 2015-11-26 03:17:06
Module: 
section
    include < CBitrixComponent::__includeComponent < CBitrixComponent::includeComponent < CAllMain::IncludeComponent < include_once
	/var/www/u0095419/data/www/itprom.ru/bitrix/modules/main/classes/general/component.php:535
	/var/www/u0095419/data/www/itprom.ru/bitrix/modules/main/classes/general/component.php:578
	/var/www/u0095419/data/www/itprom.ru/bitrix/modules/main/classes/general/main.php:1050
	/var/www/u0095419/data/www/itprom.ru/catalog/index.php:347
	/var/www/u0095419/data/www/itprom.ru/bitrix/modules/main/include/urlrewrite.php:159
----------
Host: itprom.ru
Date: 2015-11-26 03:17:07
Module: composite
/var/www/u0095419/data/www/itprom.ru/bitrix/html_pages/itprom.ru/catalog/aksessuary-dlya-termoshkafov/osnovanie-napolnoe/index@.html.delete.1448497027.1056
    Bitrix\Main\Data\StaticHtmlCache::writeDebug < Bitrix\Main\Data\StaticHtmlCache::delete < Bitrix\Main\Page\Frame::processPageContent < Bitrix\Main\Page\Frame::endBuffering < CAllMain::EndBufferContent
	/var/www/u0095419/data/www/itprom.ru/bitrix/modules/main/lib/data/statichtmlcache.php:166
	/var/www/u0095419/data/www/itprom.ru/bitrix/modules/main/lib/page/frame.php:389
	/var/www/u0095419/data/www/itprom.ru/bitrix/modules/main/lib/page/frame.php:337
	/var/www/u0095419/data/www/itprom.ru/bitrix/modules/main/classes/general/main.php:3268
	/var/www/u0095419/data/www/itprom.ru/bitrix/modules/main/classes/general/main.php:3204
----------
Host: itprom.ru
Date: 2015-11-26 03:17:10
Module: 
section
    include < CBitrixComponent::__includeComponent < CBitrixComponent::includeComponent < CAllMain::IncludeComponent < include_once
	/var/www/u0095419/data/www/itprom.ru/bitrix/modules/main/classes/general/component.php:535
	/var/www/u0095419/data/www/itprom.ru/bitrix/modules/main/classes/general/component.php:578
	/var/www/u0095419/data/www/itprom.ru/bitrix/modules/main/classes/general/main.php:1050
	/var/www/u0095419/data/www/itprom.ru/catalog/index.php:347
	/var/www/u0095419/data/www/itprom.ru/bitrix/modules/main/include/urlrewrite.php:159
----------
Host: itprom.ru
Date: 2015-11-26 03:17:11
Module: composite
/var/www/u0095419/data/www/itprom.ru/bitrix/html_pages/itprom.ru/catalog/termoshkafi_19/index@.html.delete.1448497031.2144
    Bitrix\Main\Data\StaticHtmlCache::writeDebug < Bitrix\Main\Data\StaticHtmlCache::delete < Bitrix\Main\Page\Frame::processPageContent < Bitrix\Main\Page\Frame::endBuffering < CAllMain::EndBufferContent
	/var/www/u0095419/data/www/itprom.ru/bitrix/modules/main/lib/data/statichtmlcache.php:166
	/var/www/u0095419/data/www/itprom.ru/bitrix/modules/main/lib/page/frame.php:389
	/var/www/u0095419/data/www/itprom.ru/bitrix/modules/main/lib/page/frame.php:337
	/var/www/u0095419/data/www/itprom.ru/bitrix/modules/main/classes/general/main.php:3268
	/var/www/u0095419/data/www/itprom.ru/bitrix/modules/main/classes/general/main.php:3204
----------
Host: itprom.ru
Date: 2015-11-26 03:17:13
Module: 
section
    include < CBitrixComponent::__includeComponent < CBitrixComponent::includeComponent < CAllMain::IncludeComponent < include_once
	/var/www/u0095419/data/www/itprom.ru/bitrix/modules/main/classes/general/component.php:535
	/var/www/u0095419/data/www/itprom.ru/bitrix/modules/main/classes/general/component.php:578
	/var/www/u0095419/data/www/itprom.ru/bitrix/modules/main/classes/general/main.php:1050
	/var/www/u0095419/data/www/itprom.ru/catalog/index.php:347
	/var/www/u0095419/data/www/itprom.ru/bitrix/modules/main/include/urlrewrite.php:159
----------
Host: itprom.ru
Date: 2015-11-26 03:17:14
Module: composite
/var/www/u0095419/data/www/itprom.ru/bitrix/html_pages/itprom.ru/catalog/termoshkafi_antivandalniye/index@.html.delete.1448497034.713
    Bitrix\Main\Data\StaticHtmlCache::writeDebug < Bitrix\Main\Data\StaticHtmlCache::delete < Bitrix\Main\Page\Frame::processPageContent < Bitrix\Main\Page\Frame::endBuffering < CAllMain::EndBufferContent
	/var/www/u0095419/data/www/itprom.ru/bitrix/modules/main/lib/data/statichtmlcache.php:166
	/var/www/u0095419/data/www/itprom.ru/bitrix/modules/main/lib/page/frame.php:389
	/var/www/u0095419/data/www/itprom.ru/bitrix/modules/main/lib/page/frame.php:337
	/var/www/u0095419/data/www/itprom.ru/bitrix/modules/main/classes/general/main.php:3268
	/var/www/u0095419/data/www/itprom.ru/bitrix/modules/main/classes/general/main.php:3204
----------
Host: itprom.ru
Date: 2015-11-26 03:17:15
Module: 
section
    include < CBitrixComponent::__includeComponent < CBitrixComponent::includeComponent < CAllMain::IncludeComponent < include_once
	/var/www/u0095419/data/www/itprom.ru/bitrix/modules/main/classes/general/component.php:535
	/var/www/u0095419/data/www/itprom.ru/bitrix/modules/main/classes/general/component.php:578
	/var/www/u0095419/data/www/itprom.ru/bitrix/modules/main/classes/general/main.php:1050
	/var/www/u0095419/data/www/itprom.ru/catalog/index.php:347
	/var/www/u0095419/data/www/itprom.ru/bitrix/modules/main/include/urlrewrite.php:159
----------
Host: itprom.ru
Date: 2015-11-26 03:17:16
Module: composite
/var/www/u0095419/data/www/itprom.ru/bitrix/html_pages/itprom.ru/catalog/termoshkafi/index@.html.delete.1448497036.4018
    Bitrix\Main\Data\StaticHtmlCache::writeDebug < Bitrix\Main\Data\StaticHtmlCache::delete < Bitrix\Main\Page\Frame::processPageContent < Bitrix\Main\Page\Frame::endBuffering < CAllMain::EndBufferContent
	/var/www/u0095419/data/www/itprom.ru/bitrix/modules/main/lib/data/statichtmlcache.php:166
	/var/www/u0095419/data/www/itprom.ru/bitrix/modules/main/lib/page/frame.php:389
	/var/www/u0095419/data/www/itprom.ru/bitrix/modules/main/lib/page/frame.php:337
	/var/www/u0095419/data/www/itprom.ru/bitrix/modules/main/classes/general/main.php:3268
	/var/www/u0095419/data/www/itprom.ru/bitrix/modules/main/classes/general/main.php:3204
----------
Host: itprom.ru
Date: 2015-11-26 04:41:14
Module: 
section
    include < CBitrixComponent::__includeComponent < CBitrixComponent::includeComponent < CAllMain::IncludeComponent < include_once
	/var/www/u0095419/data/www/itprom.ru/bitrix/modules/main/classes/general/component.php:535
	/var/www/u0095419/data/www/itprom.ru/bitrix/modules/main/classes/general/component.php:578
	/var/www/u0095419/data/www/itprom.ru/bitrix/modules/main/classes/general/main.php:1050
	/var/www/u0095419/data/www/itprom.ru/catalog/index.php:347
	/var/www/u0095419/data/www/itprom.ru/bitrix/modules/main/include/urlrewrite.php:159
----------
Host: itprom.ru
Date: 2015-11-26 05:34:24
Module: Composite was rejected
Reason: (from component cache) /bitrix/templates/webfly_san/components/bitrix/news/blog/bitrix/news.detail/.default/template.php
Request URI: /blog/korpusa-termoshkafov-kompanii-itprom/
Script: /blog/index.php
    Bitrix\Main\Data\StaticHtmlCache::applyComponentFrameMode < CBitrixComponent::startResultCache < include < CBitrixComponent::__includeComponent < CBitrixComponent::includeComponent
	/var/www/u0095419/data/www/itprom.ru/bitrix/modules/main/classes/general/component.php:831
	/var/www/u0095419/data/www/itprom.ru/bitrix/components/bitrix/news.detail/component.php:133
	/var/www/u0095419/data/www/itprom.ru/bitrix/modules/main/classes/general/component.php:535
	/var/www/u0095419/data/www/itprom.ru/bitrix/modules/main/classes/general/component.php:578
	/var/www/u0095419/data/www/itprom.ru/bitrix/modules/main/classes/general/main.php:1050
----------
Host: itprom.ru
Date: 2015-11-26 05:34:30
Module: Composite was rejected
Reason: (from component cache) /bitrix/templates/webfly_san/components/bitrix/news/blog/bitrix/news.detail/.default/template.php
Request URI: /blog/proizvodstvo-termoshkafov-itprom/
Script: /blog/index.php
    Bitrix\Main\Data\StaticHtmlCache::applyComponentFrameMode < CBitrixComponent::startResultCache < include < CBitrixComponent::__includeComponent < CBitrixComponent::includeComponent
	/var/www/u0095419/data/www/itprom.ru/bitrix/modules/main/classes/general/component.php:831
	/var/www/u0095419/data/www/itprom.ru/bitrix/components/bitrix/news.detail/component.php:133
	/var/www/u0095419/data/www/itprom.ru/bitrix/modules/main/classes/general/component.php:535
	/var/www/u0095419/data/www/itprom.ru/bitrix/modules/main/classes/general/component.php:578
	/var/www/u0095419/data/www/itprom.ru/bitrix/modules/main/classes/general/main.php:1050
----------
Host: itprom.ru
Date: 2015-11-26 05:37:45
Module: Composite was rejected
Reason: (from component cache) /bitrix/templates/webfly_san/components/bitrix/news/blog/bitrix/news.detail/.default/template.php
Request URI: /sales/printer-markirovshchik-v-podarok/
Script: /sales/index.php
    Bitrix\Main\Data\StaticHtmlCache::applyComponentFrameMode < CBitrixComponent::startResultCache < include < CBitrixComponent::__includeComponent < CBitrixComponent::includeComponent
	/var/www/u0095419/data/www/itprom.ru/bitrix/modules/main/classes/general/component.php:831
	/var/www/u0095419/data/www/itprom.ru/bitrix/components/bitrix/news.detail/component.php:133
	/var/www/u0095419/data/www/itprom.ru/bitrix/modules/main/classes/general/component.php:535
	/var/www/u0095419/data/www/itprom.ru/bitrix/modules/main/classes/general/component.php:578
	/var/www/u0095419/data/www/itprom.ru/bitrix/modules/main/classes/general/main.php:1050
----------
Host: itprom.ru
Date: 2015-11-26 06:21:22
Module: 
section
    include < CBitrixComponent::__includeComponent < CBitrixComponent::includeComponent < CAllMain::IncludeComponent < include_once
	/var/www/u0095419/data/www/itprom.ru/bitrix/modules/main/classes/general/component.php:535
	/var/www/u0095419/data/www/itprom.ru/bitrix/modules/main/classes/general/component.php:578
	/var/www/u0095419/data/www/itprom.ru/bitrix/modules/main/classes/general/main.php:1050
	/var/www/u0095419/data/www/itprom.ru/catalog/index.php:347
	/var/www/u0095419/data/www/itprom.ru/bitrix/modules/main/include/urlrewrite.php:159
----------
Host: itprom.ru
Date: 2015-11-26 06:21:23
Module: composite
/var/www/u0095419/data/www/itprom.ru/bitrix/html_pages/itprom.ru/catalog/termoshkafi/seriesibv/index@.html.delete.1448508083.1148
    Bitrix\Main\Data\StaticHtmlCache::writeDebug < Bitrix\Main\Data\StaticHtmlCache::delete < Bitrix\Main\Page\Frame::processPageContent < Bitrix\Main\Page\Frame::endBuffering < CAllMain::EndBufferContent
	/var/www/u0095419/data/www/itprom.ru/bitrix/modules/main/lib/data/statichtmlcache.php:166
	/var/www/u0095419/data/www/itprom.ru/bitrix/modules/main/lib/page/frame.php:389
	/var/www/u0095419/data/www/itprom.ru/bitrix/modules/main/lib/page/frame.php:337
	/var/www/u0095419/data/www/itprom.ru/bitrix/modules/main/classes/general/main.php:3268
	/var/www/u0095419/data/www/itprom.ru/bitrix/modules/main/classes/general/main.php:3204
----------
Host: itprom.ru
Date: 2015-11-26 06:54:57
Module: composite
/var/www/u0095419/data/www/itprom.ru/bitrix/html_pages/itprom.ru/about/dostavka/index@.html.delete.1448510097.0616
    Bitrix\Main\Data\StaticHtmlCache::writeDebug < Bitrix\Main\Data\StaticHtmlCache::delete < Bitrix\Main\Page\Frame::processPageContent < Bitrix\Main\Page\Frame::endBuffering < CAllMain::EndBufferContent
	/var/www/u0095419/data/www/itprom.ru/bitrix/modules/main/lib/data/statichtmlcache.php:166
	/var/www/u0095419/data/www/itprom.ru/bitrix/modules/main/lib/page/frame.php:389
	/var/www/u0095419/data/www/itprom.ru/bitrix/modules/main/lib/page/frame.php:337
	/var/www/u0095419/data/www/itprom.ru/bitrix/modules/main/classes/general/main.php:3268
	/var/www/u0095419/data/www/itprom.ru/bitrix/modules/main/classes/general/main.php:3204
----------
Host: itprom.ru
Date: 2015-11-26 08:48:00
Module: 
section
    include < CBitrixComponent::__includeComponent < CBitrixComponent::includeComponent < CAllMain::IncludeComponent < include_once
	/var/www/u0095419/data/www/itprom.ru/bitrix/modules/main/classes/general/component.php:535
	/var/www/u0095419/data/www/itprom.ru/bitrix/modules/main/classes/general/component.php:578
	/var/www/u0095419/data/www/itprom.ru/bitrix/modules/main/classes/general/main.php:1050
	/var/www/u0095419/data/www/itprom.ru/catalog/index.php:347
	/var/www/u0095419/data/www/itprom.ru/bitrix/modules/main/include/urlrewrite.php:159
----------
Host: itprom.ru
Date: 2015-11-26 08:54:54
Module: Composite was rejected
Reason: (from component cache) /bitrix/templates/webfly_san/components/bitrix/news/blog/bitrix/news.detail/.default/template.php
Request URI: /blog/korpusa-termoshkafov-kompanii-itprom/
Script: /blog/index.php
    Bitrix\Main\Data\StaticHtmlCache::applyComponentFrameMode < CBitrixComponent::startResultCache < include < CBitrixComponent::__includeComponent < CBitrixComponent::includeComponent
	/var/www/u0095419/data/www/itprom.ru/bitrix/modules/main/classes/general/component.php:831
	/var/www/u0095419/data/www/itprom.ru/bitrix/components/bitrix/news.detail/component.php:133
	/var/www/u0095419/data/www/itprom.ru/bitrix/modules/main/classes/general/component.php:535
	/var/www/u0095419/data/www/itprom.ru/bitrix/modules/main/classes/general/component.php:578
	/var/www/u0095419/data/www/itprom.ru/bitrix/modules/main/classes/general/main.php:1050
----------
Host: itprom.ru
Date: 2015-11-26 09:06:40
Module: 
section
    include < CBitrixComponent::__includeComponent < CBitrixComponent::includeComponent < CAllMain::IncludeComponent < include_once
	/var/www/u0095419/data/www/itprom.ru/bitrix/modules/main/classes/general/component.php:535
	/var/www/u0095419/data/www/itprom.ru/bitrix/modules/main/classes/general/component.php:578
	/var/www/u0095419/data/www/itprom.ru/bitrix/modules/main/classes/general/main.php:1050
	/var/www/u0095419/data/www/itprom.ru/catalog/index.php:347
	/var/www/u0095419/data/www/itprom.ru/bitrix/modules/main/include/urlrewrite.php:159
----------
Host: itprom.ru
Date: 2015-11-26 09:07:45
Module: 
section
    include < CBitrixComponent::__includeComponent < CBitrixComponent::includeComponent < CAllMain::IncludeComponent < include_once
	/var/www/u0095419/data/www/itprom.ru/bitrix/modules/main/classes/general/component.php:535
	/var/www/u0095419/data/www/itprom.ru/bitrix/modules/main/classes/general/component.php:578
	/var/www/u0095419/data/www/itprom.ru/bitrix/modules/main/classes/general/main.php:1050
	/var/www/u0095419/data/www/itprom.ru/catalog/index.php:347
	/var/www/u0095419/data/www/itprom.ru/bitrix/modules/main/include/urlrewrite.php:159
----------
Host: itprom.ru
Date: 2015-11-26 09:18:14
Module: 
smart_filter
    include < CBitrixComponent::__includeComponent < CBitrixComponent::includeComponent < CAllMain::IncludeComponent < include_once
	/var/www/u0095419/data/www/itprom.ru/bitrix/modules/main/classes/general/component.php:535
	/var/www/u0095419/data/www/itprom.ru/bitrix/modules/main/classes/general/component.php:578
	/var/www/u0095419/data/www/itprom.ru/bitrix/modules/main/classes/general/main.php:1050
	/var/www/u0095419/data/www/itprom.ru/catalog/index.php:347
	/var/www/u0095419/data/www/itprom.ru/bitrix/modules/main/include/urlrewrite.php:159
----------
Host: itprom.ru
Date: 2015-11-26 09:18:38
Module: 
section
    include < CBitrixComponent::__includeComponent < CBitrixComponent::includeComponent < CAllMain::IncludeComponent < include_once
	/var/www/u0095419/data/www/itprom.ru/bitrix/modules/main/classes/general/component.php:535
	/var/www/u0095419/data/www/itprom.ru/bitrix/modules/main/classes/general/component.php:578
	/var/www/u0095419/data/www/itprom.ru/bitrix/modules/main/classes/general/main.php:1050
	/var/www/u0095419/data/www/itprom.ru/catalog/index.php:347
	/var/www/u0095419/data/www/itprom.ru/bitrix/modules/main/include/urlrewrite.php:159
----------
Host: itprom.ru
Date: 2015-11-26 09:20:01
Module: 
section
    include < CBitrixComponent::__includeComponent < CBitrixComponent::includeComponent < CAllMain::IncludeComponent < include_once
	/var/www/u0095419/data/www/itprom.ru/bitrix/modules/main/classes/general/component.php:535
	/var/www/u0095419/data/www/itprom.ru/bitrix/modules/main/classes/general/component.php:578
	/var/www/u0095419/data/www/itprom.ru/bitrix/modules/main/classes/general/main.php:1050
	/var/www/u0095419/data/www/itprom.ru/catalog/index.php:347
	/var/www/u0095419/data/www/itprom.ru/bitrix/modules/main/include/urlrewrite.php:159
----------
Host: itprom.ru
Date: 2015-11-26 09:20:15
Module: 
section
    include < CBitrixComponent::__includeComponent < CBitrixComponent::includeComponent < CAllMain::IncludeComponent < include_once
	/var/www/u0095419/data/www/itprom.ru/bitrix/modules/main/classes/general/component.php:535
	/var/www/u0095419/data/www/itprom.ru/bitrix/modules/main/classes/general/component.php:578
	/var/www/u0095419/data/www/itprom.ru/bitrix/modules/main/classes/general/main.php:1050
	/var/www/u0095419/data/www/itprom.ru/catalog/index.php:347
	/var/www/u0095419/data/www/itprom.ru/bitrix/modules/main/include/urlrewrite.php:159
----------
Host: itprom.ru
Date: 2015-11-26 09:20:32
Module: 
section
    include < CBitrixComponent::__includeComponent < CBitrixComponent::includeComponent < CAllMain::IncludeComponent < include_once
	/var/www/u0095419/data/www/itprom.ru/bitrix/modules/main/classes/general/component.php:535
	/var/www/u0095419/data/www/itprom.ru/bitrix/modules/main/classes/general/component.php:578
	/var/www/u0095419/data/www/itprom.ru/bitrix/modules/main/classes/general/main.php:1050
	/var/www/u0095419/data/www/itprom.ru/catalog/index.php:347
	/var/www/u0095419/data/www/itprom.ru/bitrix/modules/main/include/urlrewrite.php:159
----------
Host: itprom.ru
Date: 2015-11-26 09:20:43
Module: 
smart_filter
    include < CBitrixComponent::__includeComponent < CBitrixComponent::includeComponent < CAllMain::IncludeComponent < include_once
	/var/www/u0095419/data/www/itprom.ru/bitrix/modules/main/classes/general/component.php:535
	/var/www/u0095419/data/www/itprom.ru/bitrix/modules/main/classes/general/component.php:578
	/var/www/u0095419/data/www/itprom.ru/bitrix/modules/main/classes/general/main.php:1050
	/var/www/u0095419/data/www/itprom.ru/catalog/index.php:347
	/var/www/u0095419/data/www/itprom.ru/bitrix/modules/main/include/urlrewrite.php:159
----------
Host: itprom.ru
Date: 2015-11-26 09:21:00
Module: 
smart_filter
    include < CBitrixComponent::__includeComponent < CBitrixComponent::includeComponent < CAllMain::IncludeComponent < include_once
	/var/www/u0095419/data/www/itprom.ru/bitrix/modules/main/classes/general/component.php:535
	/var/www/u0095419/data/www/itprom.ru/bitrix/modules/main/classes/general/component.php:578
	/var/www/u0095419/data/www/itprom.ru/bitrix/modules/main/classes/general/main.php:1050
	/var/www/u0095419/data/www/itprom.ru/catalog/index.php:347
	/var/www/u0095419/data/www/itprom.ru/bitrix/modules/main/include/urlrewrite.php:159
----------
Host: itprom.ru
Date: 2015-11-26 09:21:10
Module: 
section
    include < CBitrixComponent::__includeComponent < CBitrixComponent::includeComponent < CAllMain::IncludeComponent < include_once
	/var/www/u0095419/data/www/itprom.ru/bitrix/modules/main/classes/general/component.php:535
	/var/www/u0095419/data/www/itprom.ru/bitrix/modules/main/classes/general/component.php:578
	/var/www/u0095419/data/www/itprom.ru/bitrix/modules/main/classes/general/main.php:1050
	/var/www/u0095419/data/www/itprom.ru/catalog/index.php:347
	/var/www/u0095419/data/www/itprom.ru/bitrix/modules/main/include/urlrewrite.php:159
----------
Host: itprom.ru
Date: 2015-11-26 09:21:23
Module: 
section
    include < CBitrixComponent::__includeComponent < CBitrixComponent::includeComponent < CAllMain::IncludeComponent < include_once
	/var/www/u0095419/data/www/itprom.ru/bitrix/modules/main/classes/general/component.php:535
	/var/www/u0095419/data/www/itprom.ru/bitrix/modules/main/classes/general/component.php:578
	/var/www/u0095419/data/www/itprom.ru/bitrix/modules/main/classes/general/main.php:1050
	/var/www/u0095419/data/www/itprom.ru/catalog/index.php:347
	/var/www/u0095419/data/www/itprom.ru/bitrix/modules/main/include/urlrewrite.php:159
----------
Host: itprom.ru
Date: 2015-11-26 09:53:18
Module: 
element
    include < CBitrixComponent::__includeComponent < CBitrixComponent::includeComponent < CAllMain::IncludeComponent < include_once
	/var/www/u0095419/data/www/itprom.ru/bitrix/modules/main/classes/general/component.php:535
	/var/www/u0095419/data/www/itprom.ru/bitrix/modules/main/classes/general/component.php:578
	/var/www/u0095419/data/www/itprom.ru/bitrix/modules/main/classes/general/main.php:1050
	/var/www/u0095419/data/www/itprom.ru/catalog/index.php:347
	/var/www/u0095419/data/www/itprom.ru/bitrix/modules/main/include/urlrewrite.php:159
----------
Host: itprom.ru
Date: 2015-11-26 09:53:19
Module: composite
/var/www/u0095419/data/www/itprom.ru/bitrix/html_pages/itprom.ru/catalog/termoshkafi_antivandalniye/arm19-60196.3600_168/index@.html.delete.1448520799.4423
    Bitrix\Main\Data\StaticHtmlCache::writeDebug < Bitrix\Main\Data\StaticHtmlCache::delete < Bitrix\Main\Page\Frame::processPageContent < Bitrix\Main\Page\Frame::endBuffering < CAllMain::EndBufferContent
	/var/www/u0095419/data/www/itprom.ru/bitrix/modules/main/lib/data/statichtmlcache.php:166
	/var/www/u0095419/data/www/itprom.ru/bitrix/modules/main/lib/page/frame.php:389
	/var/www/u0095419/data/www/itprom.ru/bitrix/modules/main/lib/page/frame.php:337
	/var/www/u0095419/data/www/itprom.ru/bitrix/modules/main/classes/general/main.php:3268
	/var/www/u0095419/data/www/itprom.ru/bitrix/modules/main/classes/general/main.php:3204
----------
Host: itprom.ru
Date: 2015-11-26 09:54:13
Module: composite
/var/www/u0095419/data/www/itprom.ru/bitrix/html_pages/itprom.ru/news/attestatsiya-termoshkafov-itprom/index@.html.delete.1448520853.8272
    Bitrix\Main\Data\StaticHtmlCache::writeDebug < Bitrix\Main\Data\StaticHtmlCache::delete < Bitrix\Main\Page\Frame::processPageContent < Bitrix\Main\Page\Frame::endBuffering < CAllMain::EndBufferContent
	/var/www/u0095419/data/www/itprom.ru/bitrix/modules/main/lib/data/statichtmlcache.php:166
	/var/www/u0095419/data/www/itprom.ru/bitrix/modules/main/lib/page/frame.php:389
	/var/www/u0095419/data/www/itprom.ru/bitrix/modules/main/lib/page/frame.php:337
	/var/www/u0095419/data/www/itprom.ru/bitrix/modules/main/classes/general/main.php:3268
	/var/www/u0095419/data/www/itprom.ru/bitrix/modules/main/classes/general/main.php:3204
----------
Host: itprom.ru
Date: 2015-11-26 09:54:29
Module: 
section
    include < CBitrixComponent::__includeComponent < CBitrixComponent::includeComponent < CAllMain::IncludeComponent < include_once
	/var/www/u0095419/data/www/itprom.ru/bitrix/modules/main/classes/general/component.php:535
	/var/www/u0095419/data/www/itprom.ru/bitrix/modules/main/classes/general/component.php:578
	/var/www/u0095419/data/www/itprom.ru/bitrix/modules/main/classes/general/main.php:1050
	/var/www/u0095419/data/www/itprom.ru/catalog/index.php:347
	/var/www/u0095419/data/www/itprom.ru/bitrix/modules/main/include/urlrewrite.php:159
----------
Host: itprom.ru
Date: 2015-11-26 09:54:55
Module: composite
/var/www/u0095419/data/www/itprom.ru/bitrix/html_pages/itprom.ru/catalog/termoshkafi/index@sort=price&sort_ord=asc&SHOWALL_1=1.html.delete.1448520895.7597
    Bitrix\Main\Data\StaticHtmlCache::writeDebug < Bitrix\Main\Data\StaticHtmlCache::delete < Bitrix\Main\Page\Frame::processPageContent < Bitrix\Main\Page\Frame::endBuffering < CAllMain::EndBufferContent
	/var/www/u0095419/data/www/itprom.ru/bitrix/modules/main/lib/data/statichtmlcache.php:166
	/var/www/u0095419/data/www/itprom.ru/bitrix/modules/main/lib/page/frame.php:389
	/var/www/u0095419/data/www/itprom.ru/bitrix/modules/main/lib/page/frame.php:337
	/var/www/u0095419/data/www/itprom.ru/bitrix/modules/main/classes/general/main.php:3268
	/var/www/u0095419/data/www/itprom.ru/bitrix/modules/main/classes/general/main.php:3204
----------
Host: itprom.ru
Date: 2015-11-26 10:09:47
Module: 
element
    include < CBitrixComponent::__includeComponent < CBitrixComponent::includeComponent < CAllMain::IncludeComponent < include_once
	/var/www/u0095419/data/www/itprom.ru/bitrix/modules/main/classes/general/component.php:535
	/var/www/u0095419/data/www/itprom.ru/bitrix/modules/main/classes/general/component.php:578
	/var/www/u0095419/data/www/itprom.ru/bitrix/modules/main/classes/general/main.php:1050
	/var/www/u0095419/data/www/itprom.ru/catalog/index.php:347
	/var/www/u0095419/data/www/itprom.ru/bitrix/modules/main/include/urlrewrite.php:159
----------
Host: itprom.ru
Date: 2015-11-26 10:09:47
Module: composite
/var/www/u0095419/data/www/itprom.ru/bitrix/html_pages/itprom.ru/catalog/termoshkafi/series-tl/TL-4050210-100/index@.html.delete.1448521787.82
    Bitrix\Main\Data\StaticHtmlCache::writeDebug < Bitrix\Main\Data\StaticHtmlCache::delete < Bitrix\Main\Page\Frame::processPageContent < Bitrix\Main\Page\Frame::endBuffering < CAllMain::EndBufferContent
	/var/www/u0095419/data/www/itprom.ru/bitrix/modules/main/lib/data/statichtmlcache.php:166
	/var/www/u0095419/data/www/itprom.ru/bitrix/modules/main/lib/page/frame.php:389
	/var/www/u0095419/data/www/itprom.ru/bitrix/modules/main/lib/page/frame.php:337
	/var/www/u0095419/data/www/itprom.ru/bitrix/modules/main/classes/general/main.php:3268
	/var/www/u0095419/data/www/itprom.ru/bitrix/modules/main/classes/general/main.php:3204
----------
Host: itprom.ru
Date: 2015-11-26 10:11:29
Module: 
element
    include < CBitrixComponent::__includeComponent < CBitrixComponent::includeComponent < CAllMain::IncludeComponent < include_once
	/var/www/u0095419/data/www/itprom.ru/bitrix/modules/main/classes/general/component.php:535
	/var/www/u0095419/data/www/itprom.ru/bitrix/modules/main/classes/general/component.php:578
	/var/www/u0095419/data/www/itprom.ru/bitrix/modules/main/classes/general/main.php:1050
	/var/www/u0095419/data/www/itprom.ru/catalog/index.php:347
	/var/www/u0095419/data/www/itprom.ru/bitrix/modules/main/include/urlrewrite.php:159
----------
Host: itprom.ru
Date: 2015-11-26 10:30:51
Module: Composite was rejected
Reason: (from component cache) /bitrix/templates/webfly_san/components/bitrix/news/blog/bitrix/news.detail/.default/template.php
Request URI: /sales/printer-markirovshchik-v-podarok/
Script: /sales/index.php
    Bitrix\Main\Data\StaticHtmlCache::applyComponentFrameMode < CBitrixComponent::startResultCache < include < CBitrixComponent::__includeComponent < CBitrixComponent::includeComponent
	/var/www/u0095419/data/www/itprom.ru/bitrix/modules/main/classes/general/component.php:831
	/var/www/u0095419/data/www/itprom.ru/bitrix/components/bitrix/news.detail/component.php:133
	/var/www/u0095419/data/www/itprom.ru/bitrix/modules/main/classes/general/component.php:535
	/var/www/u0095419/data/www/itprom.ru/bitrix/modules/main/classes/general/component.php:578
	/var/www/u0095419/data/www/itprom.ru/bitrix/modules/main/classes/general/main.php:1050
----------
Host: itprom.ru
Date: 2015-11-26 11:29:20
Module: 
element
    include < CBitrixComponent::__includeComponent < CBitrixComponent::includeComponent < CAllMain::IncludeComponent < include_once
	/var/www/u0095419/data/www/itprom.ru/bitrix/modules/main/classes/general/component.php:535
	/var/www/u0095419/data/www/itprom.ru/bitrix/modules/main/classes/general/component.php:578
	/var/www/u0095419/data/www/itprom.ru/bitrix/modules/main/classes/general/main.php:1050
	/var/www/u0095419/data/www/itprom.ru/catalog/index.php:347
	/var/www/u0095419/data/www/itprom.ru/bitrix/modules/main/include/urlrewrite.php:159
----------
Host: itprom.ru
Date: 2015-11-26 11:29:21
Module: composite
/var/www/u0095419/data/www/itprom.ru/bitrix/html_pages/itprom.ru/catalog/termoshkafi_antivandalniye/arm19-60120800_168/index@.html.delete.1448526561.7479
    Bitrix\Main\Data\StaticHtmlCache::writeDebug < Bitrix\Main\Data\StaticHtmlCache::delete < Bitrix\Main\Page\Frame::processPageContent < Bitrix\Main\Page\Frame::endBuffering < CAllMain::EndBufferContent
	/var/www/u0095419/data/www/itprom.ru/bitrix/modules/main/lib/data/statichtmlcache.php:166
	/var/www/u0095419/data/www/itprom.ru/bitrix/modules/main/lib/page/frame.php:389
	/var/www/u0095419/data/www/itprom.ru/bitrix/modules/main/lib/page/frame.php:337
	/var/www/u0095419/data/www/itprom.ru/bitrix/modules/main/classes/general/main.php:3268
	/var/www/u0095419/data/www/itprom.ru/bitrix/modules/main/classes/general/main.php:3204
----------
Host: itprom.ru
Date: 2015-11-26 11:29:29
Module: 
section
    include < CBitrixComponent::__includeComponent < CBitrixComponent::includeComponent < CAllMain::IncludeComponent < include_once
	/var/www/u0095419/data/www/itprom.ru/bitrix/modules/main/classes/general/component.php:535
	/var/www/u0095419/data/www/itprom.ru/bitrix/modules/main/classes/general/component.php:578
	/var/www/u0095419/data/www/itprom.ru/bitrix/modules/main/classes/general/main.php:1050
	/var/www/u0095419/data/www/itprom.ru/catalog/index.php:347
	/var/www/u0095419/data/www/itprom.ru/bitrix/modules/main/include/urlrewrite.php:159
----------
Host: itprom.ru
Date: 2015-11-26 11:29:31
Module: 
element
    include < CBitrixComponent::__includeComponent < CBitrixComponent::includeComponent < CAllMain::IncludeComponent < include_once
	/var/www/u0095419/data/www/itprom.ru/bitrix/modules/main/classes/general/component.php:535
	/var/www/u0095419/data/www/itprom.ru/bitrix/modules/main/classes/general/component.php:578
	/var/www/u0095419/data/www/itprom.ru/bitrix/modules/main/classes/general/main.php:1050
	/var/www/u0095419/data/www/itprom.ru/catalog/index.php:347
	/var/www/u0095419/data/www/itprom.ru/bitrix/modules/main/include/urlrewrite.php:159
----------
Host: itprom.ru
Date: 2015-11-26 11:29:31
Module: composite
/var/www/u0095419/data/www/itprom.ru/bitrix/html_pages/itprom.ru/catalog/termoshkafi_antivandalniye/arm19-6065450_168/index@.html.delete.1448526571.5499
    Bitrix\Main\Data\StaticHtmlCache::writeDebug < Bitrix\Main\Data\StaticHtmlCache::delete < Bitrix\Main\Page\Frame::processPageContent < Bitrix\Main\Page\Frame::endBuffering < CAllMain::EndBufferContent
	/var/www/u0095419/data/www/itprom.ru/bitrix/modules/main/lib/data/statichtmlcache.php:166
	/var/www/u0095419/data/www/itprom.ru/bitrix/modules/main/lib/page/frame.php:389
	/var/www/u0095419/data/www/itprom.ru/bitrix/modules/main/lib/page/frame.php:337
	/var/www/u0095419/data/www/itprom.ru/bitrix/modules/main/classes/general/main.php:3268
	/var/www/u0095419/data/www/itprom.ru/bitrix/modules/main/classes/general/main.php:3204
----------
Host: itprom.ru
Date: 2015-11-26 11:29:35
Module: 
section
    include < CBitrixComponent::__includeComponent < CBitrixComponent::includeComponent < CAllMain::IncludeComponent < include_once
	/var/www/u0095419/data/www/itprom.ru/bitrix/modules/main/classes/general/component.php:535
	/var/www/u0095419/data/www/itprom.ru/bitrix/modules/main/classes/general/component.php:578
	/var/www/u0095419/data/www/itprom.ru/bitrix/modules/main/classes/general/main.php:1050
	/var/www/u0095419/data/www/itprom.ru/catalog/index.php:347
	/var/www/u0095419/data/www/itprom.ru/bitrix/modules/main/include/urlrewrite.php:159
----------
Host: itprom.ru
Date: 2015-11-26 11:29:36
Module: 
element
    include < CBitrixComponent::__includeComponent < CBitrixComponent::includeComponent < CAllMain::IncludeComponent < include_once
	/var/www/u0095419/data/www/itprom.ru/bitrix/modules/main/classes/general/component.php:535
	/var/www/u0095419/data/www/itprom.ru/bitrix/modules/main/classes/general/component.php:578
	/var/www/u0095419/data/www/itprom.ru/bitrix/modules/main/classes/general/main.php:1050
	/var/www/u0095419/data/www/itprom.ru/catalog/index.php:347
	/var/www/u0095419/data/www/itprom.ru/bitrix/modules/main/include/urlrewrite.php:159
----------
Host: itprom.ru
Date: 2015-11-26 11:29:36
Module: composite
/var/www/u0095419/data/www/itprom.ru/bitrix/html_pages/itprom.ru/catalog/termoshkafi_antivandalniye/arm19-6070600_168/index@.html.delete.1448526576.9812
    Bitrix\Main\Data\StaticHtmlCache::writeDebug < Bitrix\Main\Data\StaticHtmlCache::delete < Bitrix\Main\Page\Frame::processPageContent < Bitrix\Main\Page\Frame::endBuffering < CAllMain::EndBufferContent
	/var/www/u0095419/data/www/itprom.ru/bitrix/modules/main/lib/data/statichtmlcache.php:166
	/var/www/u0095419/data/www/itprom.ru/bitrix/modules/main/lib/page/frame.php:389
	/var/www/u0095419/data/www/itprom.ru/bitrix/modules/main/lib/page/frame.php:337
	/var/www/u0095419/data/www/itprom.ru/bitrix/modules/main/classes/general/main.php:3268
	/var/www/u0095419/data/www/itprom.ru/bitrix/modules/main/classes/general/main.php:3204
----------
Host: itprom.ru
Date: 2015-11-26 11:30:39
Module: 
element
    include < CBitrixComponent::__includeComponent < CBitrixComponent::includeComponent < CAllMain::IncludeComponent < include_once
	/var/www/u0095419/data/www/itprom.ru/bitrix/modules/main/classes/general/component.php:535
	/var/www/u0095419/data/www/itprom.ru/bitrix/modules/main/classes/general/component.php:578
	/var/www/u0095419/data/www/itprom.ru/bitrix/modules/main/classes/general/main.php:1050
	/var/www/u0095419/data/www/itprom.ru/catalog/index.php:347
	/var/www/u0095419/data/www/itprom.ru/bitrix/modules/main/include/urlrewrite.php:159
----------
Host: itprom.ru
Date: 2015-11-26 11:31:52
Module: 
section
    include < CBitrixComponent::__includeComponent < CBitrixComponent::includeComponent < CAllMain::IncludeComponent < include_once
	/var/www/u0095419/data/www/itprom.ru/bitrix/modules/main/classes/general/component.php:535
	/var/www/u0095419/data/www/itprom.ru/bitrix/modules/main/classes/general/component.php:578
	/var/www/u0095419/data/www/itprom.ru/bitrix/modules/main/classes/general/main.php:1050
	/var/www/u0095419/data/www/itprom.ru/catalog/index.php:347
	/var/www/u0095419/data/www/itprom.ru/bitrix/modules/main/include/urlrewrite.php:159
----------
Host: itprom.ru
Date: 2015-11-26 11:31:56
Module: 
element
    include < CBitrixComponent::__includeComponent < CBitrixComponent::includeComponent < CAllMain::IncludeComponent < include_once
	/var/www/u0095419/data/www/itprom.ru/bitrix/modules/main/classes/general/component.php:535
	/var/www/u0095419/data/www/itprom.ru/bitrix/modules/main/classes/general/component.php:578
	/var/www/u0095419/data/www/itprom.ru/bitrix/modules/main/classes/general/main.php:1050
	/var/www/u0095419/data/www/itprom.ru/catalog/index.php:347
	/var/www/u0095419/data/www/itprom.ru/bitrix/modules/main/include/urlrewrite.php:159
----------
Host: itprom.ru
Date: 2015-11-26 11:32:02
Module: 
section
    include < CBitrixComponent::__includeComponent < CBitrixComponent::includeComponent < CAllMain::IncludeComponent < include_once
	/var/www/u0095419/data/www/itprom.ru/bitrix/modules/main/classes/general/component.php:535
	/var/www/u0095419/data/www/itprom.ru/bitrix/modules/main/classes/general/component.php:578
	/var/www/u0095419/data/www/itprom.ru/bitrix/modules/main/classes/general/main.php:1050
	/var/www/u0095419/data/www/itprom.ru/catalog/index.php:347
	/var/www/u0095419/data/www/itprom.ru/bitrix/modules/main/include/urlrewrite.php:159
----------
Host: itprom.ru
Date: 2015-11-26 11:32:05
Module: 
element
    include < CBitrixComponent::__includeComponent < CBitrixComponent::includeComponent < CAllMain::IncludeComponent < include_once
	/var/www/u0095419/data/www/itprom.ru/bitrix/modules/main/classes/general/component.php:535
	/var/www/u0095419/data/www/itprom.ru/bitrix/modules/main/classes/general/component.php:578
	/var/www/u0095419/data/www/itprom.ru/bitrix/modules/main/classes/general/main.php:1050
	/var/www/u0095419/data/www/itprom.ru/catalog/index.php:347
	/var/www/u0095419/data/www/itprom.ru/bitrix/modules/main/include/urlrewrite.php:159
----------
Host: itprom.ru
Date: 2015-11-26 11:32:09
Module: 
section
    include < CBitrixComponent::__includeComponent < CBitrixComponent::includeComponent < CAllMain::IncludeComponent < include_once
	/var/www/u0095419/data/www/itprom.ru/bitrix/modules/main/classes/general/component.php:535
	/var/www/u0095419/data/www/itprom.ru/bitrix/modules/main/classes/general/component.php:578
	/var/www/u0095419/data/www/itprom.ru/bitrix/modules/main/classes/general/main.php:1050
	/var/www/u0095419/data/www/itprom.ru/catalog/index.php:347
	/var/www/u0095419/data/www/itprom.ru/bitrix/modules/main/include/urlrewrite.php:159
----------
Host: itprom.ru
Date: 2015-11-26 11:32:12
Module: 
element
    include < CBitrixComponent::__includeComponent < CBitrixComponent::includeComponent < CAllMain::IncludeComponent < include_once
	/var/www/u0095419/data/www/itprom.ru/bitrix/modules/main/classes/general/component.php:535
	/var/www/u0095419/data/www/itprom.ru/bitrix/modules/main/classes/general/component.php:578
	/var/www/u0095419/data/www/itprom.ru/bitrix/modules/main/classes/general/main.php:1050
	/var/www/u0095419/data/www/itprom.ru/catalog/index.php:347
	/var/www/u0095419/data/www/itprom.ru/bitrix/modules/main/include/urlrewrite.php:159
----------
Host: itprom.ru
Date: 2015-11-26 11:33:12
Module: 
section
    include < CBitrixComponent::__includeComponent < CBitrixComponent::includeComponent < CAllMain::IncludeComponent < include_once
	/var/www/u0095419/data/www/itprom.ru/bitrix/modules/main/classes/general/component.php:535
	/var/www/u0095419/data/www/itprom.ru/bitrix/modules/main/classes/general/component.php:578
	/var/www/u0095419/data/www/itprom.ru/bitrix/modules/main/classes/general/main.php:1050
	/var/www/u0095419/data/www/itprom.ru/catalog/index.php:347
	/var/www/u0095419/data/www/itprom.ru/bitrix/modules/main/include/urlrewrite.php:159
----------
Host: itprom.ru
Date: 2015-11-26 11:33:15
Module: 
element
    include < CBitrixComponent::__includeComponent < CBitrixComponent::includeComponent < CAllMain::IncludeComponent < include_once
	/var/www/u0095419/data/www/itprom.ru/bitrix/modules/main/classes/general/component.php:535
	/var/www/u0095419/data/www/itprom.ru/bitrix/modules/main/classes/general/component.php:578
	/var/www/u0095419/data/www/itprom.ru/bitrix/modules/main/classes/general/main.php:1050
	/var/www/u0095419/data/www/itprom.ru/catalog/index.php:347
	/var/www/u0095419/data/www/itprom.ru/bitrix/modules/main/include/urlrewrite.php:159
----------
Host: itprom.ru
Date: 2015-11-26 11:33:46
Module: 
element
    include < CBitrixComponent::__includeComponent < CBitrixComponent::includeComponent < CAllMain::IncludeComponent < include_once
	/var/www/u0095419/data/www/itprom.ru/bitrix/modules/main/classes/general/component.php:535
	/var/www/u0095419/data/www/itprom.ru/bitrix/modules/main/classes/general/component.php:578
	/var/www/u0095419/data/www/itprom.ru/bitrix/modules/main/classes/general/main.php:1050
	/var/www/u0095419/data/www/itprom.ru/catalog/index.php:347
	/var/www/u0095419/data/www/itprom.ru/bitrix/modules/main/include/urlrewrite.php:159
----------
Host: itprom.ru
Date: 2015-11-26 11:33:51
Module: 
section
    include < CBitrixComponent::__includeComponent < CBitrixComponent::includeComponent < CAllMain::IncludeComponent < include_once
	/var/www/u0095419/data/www/itprom.ru/bitrix/modules/main/classes/general/component.php:535
	/var/www/u0095419/data/www/itprom.ru/bitrix/modules/main/classes/general/component.php:578
	/var/www/u0095419/data/www/itprom.ru/bitrix/modules/main/classes/general/main.php:1050
	/var/www/u0095419/data/www/itprom.ru/catalog/index.php:347
	/var/www/u0095419/data/www/itprom.ru/bitrix/modules/main/include/urlrewrite.php:159
----------
Host: itprom.ru
Date: 2015-11-26 11:35:00
Module: 
section
    include < CBitrixComponent::__includeComponent < CBitrixComponent::includeComponent < CAllMain::IncludeComponent < include_once
	/var/www/u0095419/data/www/itprom.ru/bitrix/modules/main/classes/general/component.php:535
	/var/www/u0095419/data/www/itprom.ru/bitrix/modules/main/classes/general/component.php:578
	/var/www/u0095419/data/www/itprom.ru/bitrix/modules/main/classes/general/main.php:1050
	/var/www/u0095419/data/www/itprom.ru/catalog/index.php:347
	/var/www/u0095419/data/www/itprom.ru/bitrix/modules/main/include/urlrewrite.php:159
----------
Host: itprom.ru
Date: 2015-11-26 11:35:03
Module: 
element
    include < CBitrixComponent::__includeComponent < CBitrixComponent::includeComponent < CAllMain::IncludeComponent < include_once
	/var/www/u0095419/data/www/itprom.ru/bitrix/modules/main/classes/general/component.php:535
	/var/www/u0095419/data/www/itprom.ru/bitrix/modules/main/classes/general/component.php:578
	/var/www/u0095419/data/www/itprom.ru/bitrix/modules/main/classes/general/main.php:1050
	/var/www/u0095419/data/www/itprom.ru/catalog/index.php:347
	/var/www/u0095419/data/www/itprom.ru/bitrix/modules/main/include/urlrewrite.php:159
----------
Host: itprom.ru
Date: 2015-11-26 11:44:44
Module: composite
/var/www/u0095419/data/www/itprom.ru/bitrix/html_pages/itprom.ru/about/contacts/index@.html.delete.1448527484.1258
    Bitrix\Main\Data\StaticHtmlCache::writeDebug < Bitrix\Main\Data\StaticHtmlCache::delete < Bitrix\Main\Page\Frame::processPageContent < Bitrix\Main\Page\Frame::endBuffering < CAllMain::EndBufferContent
	/var/www/u0095419/data/www/itprom.ru/bitrix/modules/main/lib/data/statichtmlcache.php:166
	/var/www/u0095419/data/www/itprom.ru/bitrix/modules/main/lib/page/frame.php:389
	/var/www/u0095419/data/www/itprom.ru/bitrix/modules/main/lib/page/frame.php:337
	/var/www/u0095419/data/www/itprom.ru/bitrix/modules/main/classes/general/main.php:3268
	/var/www/u0095419/data/www/itprom.ru/bitrix/modules/main/classes/general/main.php:3204
----------
Host: itprom.ru
Date: 2015-11-26 11:49:51
Module: 
section
    include < CBitrixComponent::__includeComponent < CBitrixComponent::includeComponent < CAllMain::IncludeComponent < include_once
	/var/www/u0095419/data/www/itprom.ru/bitrix/modules/main/classes/general/component.php:535
	/var/www/u0095419/data/www/itprom.ru/bitrix/modules/main/classes/general/component.php:578
	/var/www/u0095419/data/www/itprom.ru/bitrix/modules/main/classes/general/main.php:1050
	/var/www/u0095419/data/www/itprom.ru/catalog/index.php:347
	/var/www/u0095419/data/www/itprom.ru/bitrix/modules/main/include/urlrewrite.php:159
----------
Host: itprom.ru
Date: 2015-11-26 11:50:01
Module: 
element
    include < CBitrixComponent::__includeComponent < CBitrixComponent::includeComponent < CAllMain::IncludeComponent < include_once
	/var/www/u0095419/data/www/itprom.ru/bitrix/modules/main/classes/general/component.php:535
	/var/www/u0095419/data/www/itprom.ru/bitrix/modules/main/classes/general/component.php:578
	/var/www/u0095419/data/www/itprom.ru/bitrix/modules/main/classes/general/main.php:1050
	/var/www/u0095419/data/www/itprom.ru/catalog/index.php:347
	/var/www/u0095419/data/www/itprom.ru/bitrix/modules/main/include/urlrewrite.php:159
----------
Host: itprom.ru
Date: 2015-11-26 11:50:43
Module: 
section
    include < CBitrixComponent::__includeComponent < CBitrixComponent::includeComponent < CAllMain::IncludeComponent < include_once
	/var/www/u0095419/data/www/itprom.ru/bitrix/modules/main/classes/general/component.php:535
	/var/www/u0095419/data/www/itprom.ru/bitrix/modules/main/classes/general/component.php:578
	/var/www/u0095419/data/www/itprom.ru/bitrix/modules/main/classes/general/main.php:1050
	/var/www/u0095419/data/www/itprom.ru/catalog/index.php:347
	/var/www/u0095419/data/www/itprom.ru/bitrix/modules/main/include/urlrewrite.php:159
----------
Host: itprom.ru
Date: 2015-11-26 11:50:47
Module: 
element
    include < CBitrixComponent::__includeComponent < CBitrixComponent::includeComponent < CAllMain::IncludeComponent < include_once
	/var/www/u0095419/data/www/itprom.ru/bitrix/modules/main/classes/general/component.php:535
	/var/www/u0095419/data/www/itprom.ru/bitrix/modules/main/classes/general/component.php:578
	/var/www/u0095419/data/www/itprom.ru/bitrix/modules/main/classes/general/main.php:1050
	/var/www/u0095419/data/www/itprom.ru/catalog/index.php:347
	/var/www/u0095419/data/www/itprom.ru/bitrix/modules/main/include/urlrewrite.php:159
----------
Host: itprom.ru
Date: 2015-11-26 11:50:58
Module: 
section
    include < CBitrixComponent::__includeComponent < CBitrixComponent::includeComponent < CAllMain::IncludeComponent < include_once
	/var/www/u0095419/data/www/itprom.ru/bitrix/modules/main/classes/general/component.php:535
	/var/www/u0095419/data/www/itprom.ru/bitrix/modules/main/classes/general/component.php:578
	/var/www/u0095419/data/www/itprom.ru/bitrix/modules/main/classes/general/main.php:1050
	/var/www/u0095419/data/www/itprom.ru/catalog/index.php:347
	/var/www/u0095419/data/www/itprom.ru/bitrix/modules/main/include/urlrewrite.php:159
----------
Host: itprom.ru
Date: 2015-11-26 11:51:01
Module: 
element
    include < CBitrixComponent::__includeComponent < CBitrixComponent::includeComponent < CAllMain::IncludeComponent < include_once
	/var/www/u0095419/data/www/itprom.ru/bitrix/modules/main/classes/general/component.php:535
	/var/www/u0095419/data/www/itprom.ru/bitrix/modules/main/classes/general/component.php:578
	/var/www/u0095419/data/www/itprom.ru/bitrix/modules/main/classes/general/main.php:1050
	/var/www/u0095419/data/www/itprom.ru/catalog/index.php:347
	/var/www/u0095419/data/www/itprom.ru/bitrix/modules/main/include/urlrewrite.php:159
----------
Host: itprom.ru
Date: 2015-11-26 11:51:10
Module: 
section
    include < CBitrixComponent::__includeComponent < CBitrixComponent::includeComponent < CAllMain::IncludeComponent < include_once
	/var/www/u0095419/data/www/itprom.ru/bitrix/modules/main/classes/general/component.php:535
	/var/www/u0095419/data/www/itprom.ru/bitrix/modules/main/classes/general/component.php:578
	/var/www/u0095419/data/www/itprom.ru/bitrix/modules/main/classes/general/main.php:1050
	/var/www/u0095419/data/www/itprom.ru/catalog/index.php:347
	/var/www/u0095419/data/www/itprom.ru/bitrix/modules/main/include/urlrewrite.php:159
----------
Host: itprom.ru
Date: 2015-11-26 11:51:13
Module: 
element
    include < CBitrixComponent::__includeComponent < CBitrixComponent::includeComponent < CAllMain::IncludeComponent < include_once
	/var/www/u0095419/data/www/itprom.ru/bitrix/modules/main/classes/general/component.php:535
	/var/www/u0095419/data/www/itprom.ru/bitrix/modules/main/classes/general/component.php:578
	/var/www/u0095419/data/www/itprom.ru/bitrix/modules/main/classes/general/main.php:1050
	/var/www/u0095419/data/www/itprom.ru/catalog/index.php:347
	/var/www/u0095419/data/www/itprom.ru/bitrix/modules/main/include/urlrewrite.php:159
----------
Host: itprom.ru
Date: 2015-11-26 11:51:40
Module: 
section
    include < CBitrixComponent::__includeComponent < CBitrixComponent::includeComponent < CAllMain::IncludeComponent < include_once
	/var/www/u0095419/data/www/itprom.ru/bitrix/modules/main/classes/general/component.php:535
	/var/www/u0095419/data/www/itprom.ru/bitrix/modules/main/classes/general/component.php:578
	/var/www/u0095419/data/www/itprom.ru/bitrix/modules/main/classes/general/main.php:1050
	/var/www/u0095419/data/www/itprom.ru/catalog/index.php:347
	/var/www/u0095419/data/www/itprom.ru/bitrix/modules/main/include/urlrewrite.php:159
----------
Host: itprom.ru
Date: 2015-11-26 11:51:44
Module: 
element
    include < CBitrixComponent::__includeComponent < CBitrixComponent::includeComponent < CAllMain::IncludeComponent < include_once
	/var/www/u0095419/data/www/itprom.ru/bitrix/modules/main/classes/general/component.php:535
	/var/www/u0095419/data/www/itprom.ru/bitrix/modules/main/classes/general/component.php:578
	/var/www/u0095419/data/www/itprom.ru/bitrix/modules/main/classes/general/main.php:1050
	/var/www/u0095419/data/www/itprom.ru/catalog/index.php:347
	/var/www/u0095419/data/www/itprom.ru/bitrix/modules/main/include/urlrewrite.php:159
----------
Host: itprom.ru
Date: 2015-11-26 11:51:47
Module: 
section
    include < CBitrixComponent::__includeComponent < CBitrixComponent::includeComponent < CAllMain::IncludeComponent < include_once
	/var/www/u0095419/data/www/itprom.ru/bitrix/modules/main/classes/general/component.php:535
	/var/www/u0095419/data/www/itprom.ru/bitrix/modules/main/classes/general/component.php:578
	/var/www/u0095419/data/www/itprom.ru/bitrix/modules/main/classes/general/main.php:1050
	/var/www/u0095419/data/www/itprom.ru/catalog/index.php:347
	/var/www/u0095419/data/www/itprom.ru/bitrix/modules/main/include/urlrewrite.php:159
----------
Host: itprom.ru
Date: 2015-11-26 11:51:54
Module: 
element
    include < CBitrixComponent::__includeComponent < CBitrixComponent::includeComponent < CAllMain::IncludeComponent < include_once
	/var/www/u0095419/data/www/itprom.ru/bitrix/modules/main/classes/general/component.php:535
	/var/www/u0095419/data/www/itprom.ru/bitrix/modules/main/classes/general/component.php:578
	/var/www/u0095419/data/www/itprom.ru/bitrix/modules/main/classes/general/main.php:1050
	/var/www/u0095419/data/www/itprom.ru/catalog/index.php:347
	/var/www/u0095419/data/www/itprom.ru/bitrix/modules/main/include/urlrewrite.php:159
----------
Host: itprom.ru
Date: 2015-11-26 11:52:36
Module: 
section
    include < CBitrixComponent::__includeComponent < CBitrixComponent::includeComponent < CAllMain::IncludeComponent < include_once
	/var/www/u0095419/data/www/itprom.ru/bitrix/modules/main/classes/general/component.php:535
	/var/www/u0095419/data/www/itprom.ru/bitrix/modules/main/classes/general/component.php:578
	/var/www/u0095419/data/www/itprom.ru/bitrix/modules/main/classes/general/main.php:1050
	/var/www/u0095419/data/www/itprom.ru/catalog/index.php:347
	/var/www/u0095419/data/www/itprom.ru/bitrix/modules/main/include/urlrewrite.php:159
----------
Host: itprom.ru
Date: 2015-11-26 11:52:39
Module: 
element
    include < CBitrixComponent::__includeComponent < CBitrixComponent::includeComponent < CAllMain::IncludeComponent < include_once
	/var/www/u0095419/data/www/itprom.ru/bitrix/modules/main/classes/general/component.php:535
	/var/www/u0095419/data/www/itprom.ru/bitrix/modules/main/classes/general/component.php:578
	/var/www/u0095419/data/www/itprom.ru/bitrix/modules/main/classes/general/main.php:1050
	/var/www/u0095419/data/www/itprom.ru/catalog/index.php:347
	/var/www/u0095419/data/www/itprom.ru/bitrix/modules/main/include/urlrewrite.php:159
----------
Host: itprom.ru
Date: 2015-11-26 11:53:45
Module: 
element
    include < CBitrixComponent::__includeComponent < CBitrixComponent::includeComponent < CAllMain::IncludeComponent < include_once
	/var/www/u0095419/data/www/itprom.ru/bitrix/modules/main/classes/general/component.php:535
	/var/www/u0095419/data/www/itprom.ru/bitrix/modules/main/classes/general/component.php:578
	/var/www/u0095419/data/www/itprom.ru/bitrix/modules/main/classes/general/main.php:1050
	/var/www/u0095419/data/www/itprom.ru/catalog/index.php:347
	/var/www/u0095419/data/www/itprom.ru/bitrix/modules/main/include/urlrewrite.php:159
----------
Host: itprom.ru
Date: 2015-11-26 11:56:04
Module: 
element
    include < CBitrixComponent::__includeComponent < CBitrixComponent::includeComponent < CAllMain::IncludeComponent < include_once
	/var/www/u0095419/data/www/itprom.ru/bitrix/modules/main/classes/general/component.php:535
	/var/www/u0095419/data/www/itprom.ru/bitrix/modules/main/classes/general/component.php:578
	/var/www/u0095419/data/www/itprom.ru/bitrix/modules/main/classes/general/main.php:1050
	/var/www/u0095419/data/www/itprom.ru/catalog/index.php:347
	/var/www/u0095419/data/www/itprom.ru/bitrix/modules/main/include/urlrewrite.php:159
----------
Host: itprom.ru
Date: 2015-11-26 11:56:10
Module: 
element
    include < CBitrixComponent::__includeComponent < CBitrixComponent::includeComponent < CAllMain::IncludeComponent < include_once
	/var/www/u0095419/data/www/itprom.ru/bitrix/modules/main/classes/general/component.php:535
	/var/www/u0095419/data/www/itprom.ru/bitrix/modules/main/classes/general/component.php:578
	/var/www/u0095419/data/www/itprom.ru/bitrix/modules/main/classes/general/main.php:1050
	/var/www/u0095419/data/www/itprom.ru/catalog/index.php:347
	/var/www/u0095419/data/www/itprom.ru/bitrix/modules/main/include/urlrewrite.php:159
----------
Host: itprom.ru
Date: 2015-11-26 11:56:24
Module: 
section
    include < CBitrixComponent::__includeComponent < CBitrixComponent::includeComponent < CAllMain::IncludeComponent < include_once
	/var/www/u0095419/data/www/itprom.ru/bitrix/modules/main/classes/general/component.php:535
	/var/www/u0095419/data/www/itprom.ru/bitrix/modules/main/classes/general/component.php:578
	/var/www/u0095419/data/www/itprom.ru/bitrix/modules/main/classes/general/main.php:1050
	/var/www/u0095419/data/www/itprom.ru/catalog/index.php:347
	/var/www/u0095419/data/www/itprom.ru/bitrix/modules/main/include/urlrewrite.php:159
----------
Host: itprom.ru
Date: 2015-11-26 11:56:39
Module: 
section
    include < CBitrixComponent::__includeComponent < CBitrixComponent::includeComponent < CAllMain::IncludeComponent < include_once
	/var/www/u0095419/data/www/itprom.ru/bitrix/modules/main/classes/general/component.php:535
	/var/www/u0095419/data/www/itprom.ru/bitrix/modules/main/classes/general/component.php:578
	/var/www/u0095419/data/www/itprom.ru/bitrix/modules/main/classes/general/main.php:1050
	/var/www/u0095419/data/www/itprom.ru/catalog/index.php:347
	/var/www/u0095419/data/www/itprom.ru/bitrix/modules/main/include/urlrewrite.php:159
----------
Host: itprom.ru
Date: 2015-11-26 11:57:50
Module: 
element
    include < CBitrixComponent::__includeComponent < CBitrixComponent::includeComponent < CAllMain::IncludeComponent < include_once
	/var/www/u0095419/data/www/itprom.ru/bitrix/modules/main/classes/general/component.php:535
	/var/www/u0095419/data/www/itprom.ru/bitrix/modules/main/classes/general/component.php:578
	/var/www/u0095419/data/www/itprom.ru/bitrix/modules/main/classes/general/main.php:1050
	/var/www/u0095419/data/www/itprom.ru/catalog/index.php:347
	/var/www/u0095419/data/www/itprom.ru/bitrix/modules/main/include/urlrewrite.php:159
----------
Host: itprom.ru
Date: 2015-11-26 12:10:01
Module: composite
/var/www/u0095419/data/www/itprom.ru/bitrix/html_pages/itprom.ru/brands/index@.html.delete.1448529001.6222
    Bitrix\Main\Data\StaticHtmlCache::writeDebug < Bitrix\Main\Data\StaticHtmlCache::delete < Bitrix\Main\Page\Frame::processPageContent < Bitrix\Main\Page\Frame::endBuffering < CAllMain::EndBufferContent
	/var/www/u0095419/data/www/itprom.ru/bitrix/modules/main/lib/data/statichtmlcache.php:166
	/var/www/u0095419/data/www/itprom.ru/bitrix/modules/main/lib/page/frame.php:389
	/var/www/u0095419/data/www/itprom.ru/bitrix/modules/main/lib/page/frame.php:337
	/var/www/u0095419/data/www/itprom.ru/bitrix/modules/main/classes/general/main.php:3268
	/var/www/u0095419/data/www/itprom.ru/bitrix/modules/main/classes/general/main.php:3204
----------
Host: itprom.ru
Date: 2015-11-26 12:10:43
Module: Composite was rejected
Reason: /bitrix/templates/webfly_san/components/intsys/highloadblock.view/brand/template.php
Request URI: /brands/itprom/
Script: /brands/detail.php
    Bitrix\Main\Data\StaticHtmlCache::applyComponentFrameMode < CBitrixComponentTemplate::__IncludePHPTemplate < CBitrixComponentTemplate::IncludeTemplate < CBitrixComponent::showComponentTemplate < CBitrixComponent::includeComponentTemplate
	/var/www/u0095419/data/www/itprom.ru/bitrix/modules/main/classes/general/component_template.php:719
	/var/www/u0095419/data/www/itprom.ru/bitrix/modules/main/classes/general/component_template.php:800
	/var/www/u0095419/data/www/itprom.ru/bitrix/modules/main/classes/general/component.php:657
	/var/www/u0095419/data/www/itprom.ru/bitrix/modules/main/classes/general/component.php:605
	/var/www/u0095419/data/www/itprom.ru/bitrix/components/intsys/highloadblock.view/component.php:62
----------
Host: itprom.ru
Date: 2015-11-26 12:10:44
Module: Composite was rejected
Reason: /bitrix/templates/webfly_san/components/intsys/highloadblock.view/brand/template.php
Request URI: /brands/itprom/
Script: /brands/detail.php
    Bitrix\Main\Data\StaticHtmlCache::applyComponentFrameMode < CBitrixComponentTemplate::__IncludePHPTemplate < CBitrixComponentTemplate::IncludeTemplate < CBitrixComponent::showComponentTemplate < CBitrixComponent::includeComponentTemplate
	/var/www/u0095419/data/www/itprom.ru/bitrix/modules/main/classes/general/component_template.php:719
	/var/www/u0095419/data/www/itprom.ru/bitrix/modules/main/classes/general/component_template.php:800
	/var/www/u0095419/data/www/itprom.ru/bitrix/modules/main/classes/general/component.php:657
	/var/www/u0095419/data/www/itprom.ru/bitrix/modules/main/classes/general/component.php:605
	/var/www/u0095419/data/www/itprom.ru/bitrix/components/intsys/highloadblock.view/component.php:62
----------
Host: itprom.ru
Date: 2015-11-26 12:10:45
Module: Composite was rejected
Reason: /bitrix/templates/webfly_san/components/intsys/highloadblock.view/brand/template.php
Request URI: /brands/provento/
Script: /brands/detail.php
    Bitrix\Main\Data\StaticHtmlCache::applyComponentFrameMode < CBitrixComponentTemplate::__IncludePHPTemplate < CBitrixComponentTemplate::IncludeTemplate < CBitrixComponent::showComponentTemplate < CBitrixComponent::includeComponentTemplate
	/var/www/u0095419/data/www/itprom.ru/bitrix/modules/main/classes/general/component_template.php:719
	/var/www/u0095419/data/www/itprom.ru/bitrix/modules/main/classes/general/component_template.php:800
	/var/www/u0095419/data/www/itprom.ru/bitrix/modules/main/classes/general/component.php:657
	/var/www/u0095419/data/www/itprom.ru/bitrix/modules/main/classes/general/component.php:605
	/var/www/u0095419/data/www/itprom.ru/bitrix/components/intsys/highloadblock.view/component.php:62
----------
Host: itprom.ru
Date: 2015-11-26 12:11:26
Module: composite
/var/www/u0095419/data/www/itprom.ru/bitrix/html_pages/itprom.ru/about/o-kompanii/index@.html.delete.1448529086.3375
    Bitrix\Main\Data\StaticHtmlCache::writeDebug < Bitrix\Main\Data\StaticHtmlCache::delete < Bitrix\Main\Page\Frame::processPageContent < Bitrix\Main\Page\Frame::endBuffering < CAllMain::EndBufferContent
	/var/www/u0095419/data/www/itprom.ru/bitrix/modules/main/lib/data/statichtmlcache.php:166
	/var/www/u0095419/data/www/itprom.ru/bitrix/modules/main/lib/page/frame.php:389
	/var/www/u0095419/data/www/itprom.ru/bitrix/modules/main/lib/page/frame.php:337
	/var/www/u0095419/data/www/itprom.ru/bitrix/modules/main/classes/general/main.php:3268
	/var/www/u0095419/data/www/itprom.ru/bitrix/modules/main/classes/general/main.php:3204
----------
Host: itprom.ru
Date: 2015-11-26 12:12:13
Module: composite
/var/www/u0095419/data/www/itprom.ru/bitrix/html_pages/itprom.ru/about/sertifikaty/index@.html.delete.1448529133.7026
    Bitrix\Main\Data\StaticHtmlCache::writeDebug < Bitrix\Main\Data\StaticHtmlCache::delete < Bitrix\Main\Page\Frame::processPageContent < Bitrix\Main\Page\Frame::endBuffering < CAllMain::EndBufferContent
	/var/www/u0095419/data/www/itprom.ru/bitrix/modules/main/lib/data/statichtmlcache.php:166
	/var/www/u0095419/data/www/itprom.ru/bitrix/modules/main/lib/page/frame.php:389
	/var/www/u0095419/data/www/itprom.ru/bitrix/modules/main/lib/page/frame.php:337
	/var/www/u0095419/data/www/itprom.ru/bitrix/modules/main/classes/general/main.php:3268
	/var/www/u0095419/data/www/itprom.ru/bitrix/modules/main/classes/general/main.php:3204
----------
Host: itprom.ru
Date: 2015-11-26 12:47:46
Module: 
section
    include < CBitrixComponent::__includeComponent < CBitrixComponent::includeComponent < CAllMain::IncludeComponent < include_once
	/var/www/u0095419/data/www/itprom.ru/bitrix/modules/main/classes/general/component.php:535
	/var/www/u0095419/data/www/itprom.ru/bitrix/modules/main/classes/general/component.php:578
	/var/www/u0095419/data/www/itprom.ru/bitrix/modules/main/classes/general/main.php:1050
	/var/www/u0095419/data/www/itprom.ru/catalog/index.php:347
	/var/www/u0095419/data/www/itprom.ru/bitrix/modules/main/include/urlrewrite.php:159
----------
Host: itprom.ru
Date: 2015-11-26 12:47:48
Module: 
section
    include < CBitrixComponent::__includeComponent < CBitrixComponent::includeComponent < CAllMain::IncludeComponent < include_once
	/var/www/u0095419/data/www/itprom.ru/bitrix/modules/main/classes/general/component.php:535
	/var/www/u0095419/data/www/itprom.ru/bitrix/modules/main/classes/general/component.php:578
	/var/www/u0095419/data/www/itprom.ru/bitrix/modules/main/classes/general/main.php:1050
	/var/www/u0095419/data/www/itprom.ru/catalog/index.php:347
	/var/www/u0095419/data/www/itprom.ru/bitrix/modules/main/include/urlrewrite.php:159
----------
Host: itprom.ru
Date: 2015-11-26 12:47:49
Module: 
section
    include < CBitrixComponent::__includeComponent < CBitrixComponent::includeComponent < CAllMain::IncludeComponent < include_once
	/var/www/u0095419/data/www/itprom.ru/bitrix/modules/main/classes/general/component.php:535
	/var/www/u0095419/data/www/itprom.ru/bitrix/modules/main/classes/general/component.php:578
	/var/www/u0095419/data/www/itprom.ru/bitrix/modules/main/classes/general/main.php:1050
	/var/www/u0095419/data/www/itprom.ru/catalog/index.php:347
	/var/www/u0095419/data/www/itprom.ru/bitrix/modules/main/include/urlrewrite.php:159
----------
Host: itprom.ru
Date: 2015-11-26 12:47:50
Module: 
section
    include < CBitrixComponent::__includeComponent < CBitrixComponent::includeComponent < CAllMain::IncludeComponent < include_once
	/var/www/u0095419/data/www/itprom.ru/bitrix/modules/main/classes/general/component.php:535
	/var/www/u0095419/data/www/itprom.ru/bitrix/modules/main/classes/general/component.php:578
	/var/www/u0095419/data/www/itprom.ru/bitrix/modules/main/classes/general/main.php:1050
	/var/www/u0095419/data/www/itprom.ru/catalog/index.php:347
	/var/www/u0095419/data/www/itprom.ru/bitrix/modules/main/include/urlrewrite.php:159
----------
Host: itprom.ru
Date: 2015-11-26 12:47:52
Module: 
section
    include < CBitrixComponent::__includeComponent < CBitrixComponent::includeComponent < CAllMain::IncludeComponent < include_once
	/var/www/u0095419/data/www/itprom.ru/bitrix/modules/main/classes/general/component.php:535
	/var/www/u0095419/data/www/itprom.ru/bitrix/modules/main/classes/general/component.php:578
	/var/www/u0095419/data/www/itprom.ru/bitrix/modules/main/classes/general/main.php:1050
	/var/www/u0095419/data/www/itprom.ru/catalog/index.php:347
	/var/www/u0095419/data/www/itprom.ru/bitrix/modules/main/include/urlrewrite.php:159
----------
Host: itprom.ru
Date: 2015-11-26 12:47:53
Module: 
section
    include < CBitrixComponent::__includeComponent < CBitrixComponent::includeComponent < CAllMain::IncludeComponent < include_once
	/var/www/u0095419/data/www/itprom.ru/bitrix/modules/main/classes/general/component.php:535
	/var/www/u0095419/data/www/itprom.ru/bitrix/modules/main/classes/general/component.php:578
	/var/www/u0095419/data/www/itprom.ru/bitrix/modules/main/classes/general/main.php:1050
	/var/www/u0095419/data/www/itprom.ru/catalog/index.php:347
	/var/www/u0095419/data/www/itprom.ru/bitrix/modules/main/include/urlrewrite.php:159
----------
Host: itprom.ru
Date: 2015-11-26 12:47:54
Module: 
element
    include < CBitrixComponent::__includeComponent < CBitrixComponent::includeComponent < CAllMain::IncludeComponent < include_once
	/var/www/u0095419/data/www/itprom.ru/bitrix/modules/main/classes/general/component.php:535
	/var/www/u0095419/data/www/itprom.ru/bitrix/modules/main/classes/general/component.php:578
	/var/www/u0095419/data/www/itprom.ru/bitrix/modules/main/classes/general/main.php:1050
	/var/www/u0095419/data/www/itprom.ru/catalog/index.php:347
	/var/www/u0095419/data/www/itprom.ru/bitrix/modules/main/include/urlrewrite.php:159
----------
Host: itprom.ru
Date: 2015-11-26 12:47:56
Module: 
element
    include < CBitrixComponent::__includeComponent < CBitrixComponent::includeComponent < CAllMain::IncludeComponent < include_once
	/var/www/u0095419/data/www/itprom.ru/bitrix/modules/main/classes/general/component.php:535
	/var/www/u0095419/data/www/itprom.ru/bitrix/modules/main/classes/general/component.php:578
	/var/www/u0095419/data/www/itprom.ru/bitrix/modules/main/classes/general/main.php:1050
	/var/www/u0095419/data/www/itprom.ru/catalog/index.php:347
	/var/www/u0095419/data/www/itprom.ru/bitrix/modules/main/include/urlrewrite.php:159
----------
Host: itprom.ru
Date: 2015-11-26 12:47:57
Module: 
element
    include < CBitrixComponent::__includeComponent < CBitrixComponent::includeComponent < CAllMain::IncludeComponent < include_once
	/var/www/u0095419/data/www/itprom.ru/bitrix/modules/main/classes/general/component.php:535
	/var/www/u0095419/data/www/itprom.ru/bitrix/modules/main/classes/general/component.php:578
	/var/www/u0095419/data/www/itprom.ru/bitrix/modules/main/classes/general/main.php:1050
	/var/www/u0095419/data/www/itprom.ru/catalog/index.php:347
	/var/www/u0095419/data/www/itprom.ru/bitrix/modules/main/include/urlrewrite.php:159
----------
Host: itprom.ru
Date: 2015-11-26 12:47:57
Module: 
element
    include < CBitrixComponent::__includeComponent < CBitrixComponent::includeComponent < CAllMain::IncludeComponent < include_once
	/var/www/u0095419/data/www/itprom.ru/bitrix/modules/main/classes/general/component.php:535
	/var/www/u0095419/data/www/itprom.ru/bitrix/modules/main/classes/general/component.php:578
	/var/www/u0095419/data/www/itprom.ru/bitrix/modules/main/classes/general/main.php:1050
	/var/www/u0095419/data/www/itprom.ru/catalog/index.php:347
	/var/www/u0095419/data/www/itprom.ru/bitrix/modules/main/include/urlrewrite.php:159
----------
Host: itprom.ru
Date: 2015-11-26 12:47:58
Module: 
element
    include < CBitrixComponent::__includeComponent < CBitrixComponent::includeComponent < CAllMain::IncludeComponent < include_once
	/var/www/u0095419/data/www/itprom.ru/bitrix/modules/main/classes/general/component.php:535
	/var/www/u0095419/data/www/itprom.ru/bitrix/modules/main/classes/general/component.php:578
	/var/www/u0095419/data/www/itprom.ru/bitrix/modules/main/classes/general/main.php:1050
	/var/www/u0095419/data/www/itprom.ru/catalog/index.php:347
	/var/www/u0095419/data/www/itprom.ru/bitrix/modules/main/include/urlrewrite.php:159
----------
Host: itprom.ru
Date: 2015-11-26 12:47:59
Module: 
element
    include < CBitrixComponent::__includeComponent < CBitrixComponent::includeComponent < CAllMain::IncludeComponent < include_once
	/var/www/u0095419/data/www/itprom.ru/bitrix/modules/main/classes/general/component.php:535
	/var/www/u0095419/data/www/itprom.ru/bitrix/modules/main/classes/general/component.php:578
	/var/www/u0095419/data/www/itprom.ru/bitrix/modules/main/classes/general/main.php:1050
	/var/www/u0095419/data/www/itprom.ru/catalog/index.php:347
	/var/www/u0095419/data/www/itprom.ru/bitrix/modules/main/include/urlrewrite.php:159
----------
