''
----------
''
----------
''
----------
''
----------
''
----------
''
----------
[]
----------
[]
----------
[]
----------
[]
----------
[]
----------
[]
----------
[]
----------
[]
----------
[]
----------
[]
----------
[]
----------
[]
----------
[]
----------
''
----------
[]
----------
''
----------
''
----------
''
----------
''
----------
''
----------
[]
----------
''
----------
''
----------
[]
----------
''
----------
''
----------
''
----------
''
----------
''
----------
''
----------
''
----------
''
----------
''
----------
''
----------
''
----------
''
----------
[]
----------
[]
----------
[]
----------
''
----------
''
----------
[]
----------
''
----------
[]
----------
[]
----------
[]
----------
[]
----------
[]
----------
''
----------
[]
----------
[]
----------
''
----------
[]
----------
[]
----------
['64083']
----------
['64083','64103']
----------
['64083','64103','64104']
----------
['64083','64103','64104']
----------
['64083','64103','64104']
----------
['64083','64103','64104']
----------
['64083','64103','64104']
----------
''
----------
''
----------
[]
----------
''
----------
[]
----------
['64083','64103','64104']
----------
['64083','64103','64104']
----------
[]
----------
''
----------
''
----------
[]
----------
''
----------
''
----------
[]
----------
[]
----------
[]
----------
[]
----------
[]
----------
''
----------
''
----------
[]
----------
[]
----------
[]
----------
['64083']
----------
['64083']
----------
['64083','64103','64104','64084']
----------
['64083','64103','64104','64084']
----------
start
----------
['64083','64103','64104','64084']
----------
['64083','64103','64104','64084']
----------
['64083','64103','64104','64084','64085']
----------
''
----------
[]
----------
''
----------
''
----------
''
----------
''
----------
''
----------
''
----------
''
----------
''
----------
[]
----------
''
----------
''
----------
''
----------
''
----------
''
----------
[]
----------
''
----------
[]
----------
[]
----------
[]
----------
[]
----------
[]
----------
[]
----------
[]
----------
[]
----------
''
----------
''
----------
''
----------
''
----------
''
----------
''
----------
''
----------
start
----------
''
----------
''
----------
''
----------
''
----------
''
----------
''
----------
''
----------
''
----------
''
----------
''
----------
''
----------
''
----------
[]
----------
''
----------
''
----------
''
----------
[]
----------
''
----------
''
----------
[]
----------
[]
----------
[]
----------
''
----------
''
----------
[]
----------
[]
----------
[]
----------
[]
----------
[]
----------
[]
----------
[]
----------
[]
----------
''
----------
''
----------
''
----------
