''
----------
''
----------
[]
----------
[]
----------
[]
----------
[]
----------
[]
----------
[]
----------
[]
----------
[]
----------
[]
----------
[]
----------
[]
----------
[]
----------
[]
----------
[]
----------
[]
----------
''
----------
''
----------
''
----------
''
----------
''
----------
[]
----------
[]
----------
[]
----------
[]
----------
[]
----------
[]
----------
''
----------
[]
----------
[]
----------
[]
----------
[]
----------
[]
----------
[]
----------
[]
----------
[]
----------
[]
----------
''
----------
[]
----------
[]
----------
['64475']
----------
['64475','64476']
----------
['64475','64476','64482']
----------
['64475','64476','64482','64481']
----------
['64475','64476','64482','64481','64480']
----------
['64475','64476','64482','64481','64480','64479']
----------
['64475','64476','64482','64481','64480','64479','64472']
----------
['64475','64476','64482','64481','64480','64479','64472','64473']
----------
['64475','64476','64482','64481','64480','64479','64472','64473','64474']
----------
''
----------
''
----------
''
----------
''
----------
''
----------
''
----------
''
----------
''
----------
''
----------
''
----------
''
----------
''
----------
['64475','64476','64482','64481','64480','64479','64472','64473','64474']
----------
''
----------
['64475','64476','64482','64481','64480','64479','64472','64473','64474']
----------
''
----------
''
----------
''
----------
['64475','64476','64482','64481','64480','64479','64472','64473','64474']
----------
['64475','64476','64482','64481','64480','64479','64472','64473','64474']
----------
''
----------
''
----------
['64475','64476','64482','64481','64480','64479','64472','64473','64474']
----------
['64475','64476','64482','64481','64480','64479','64472','64473','64474']
----------
['64475','64476','64482','64481','64480','64479','64472','64473','64474']
----------
['64475','64476','64482','64481','64480','64479','64472','64473','64474']
----------
''
----------
[]
----------
[]
----------
[]
----------
[]
----------
[]
----------
[]
----------
[]
----------
''
----------
''
----------
[]
----------
''
----------
''
----------
''
----------
''
----------
''
----------
''
----------
[]
----------
[]
----------
[]
----------
''
----------
