['64102','64114','64116']
----------
['64102','64114','64116']
----------
['64102','64114','64116']
----------
['64102','64114','64116']
----------
['64102','64114','64116']
----------
['64102','64114','64116']
----------
['64102','64114','64116']
----------
['64102','64114','64116']
----------
['64102','64114','64116','64124']
----------
''
----------
''
----------
''
----------
''
----------
''
----------
''
----------
''
----------
''
----------
''
----------
''
----------
''
----------
''
----------
''
----------
''
----------
''
----------
''
----------
''
----------
''
----------
''
----------
''
----------
''
----------
''
----------
''
----------
''
----------
''
----------
''
----------
''
----------
''
----------
''
----------
''
----------
''
----------
''
----------
''
----------
''
----------
''
----------
''
----------
''
----------
''
----------
''
----------
''
----------
''
----------
''
----------
''
----------
[]
----------
[]
----------
[]
----------
[]
----------
['64083']
----------
['64083']
----------
['64083']
----------
['64083']
----------
['64083']
----------
['64083']
----------
['64083']
----------
['64083']
----------
['64083']
----------
['64083']
----------
['64083']
----------
['64083']
----------
['64083']
----------
['64083']
----------
['64083']
----------
['64083']
----------
['64083']
----------
['64083']
----------
['64083']
----------
['64083']
----------
['64083']
----------
[]
----------
[]
----------
['64084']
----------
['64084']
----------
['64084','64100']
----------
['64084','64100','64102']
----------
['64084','64100','64102']
----------
['64084','64100','64102']
----------
['64084','64100','64102']
----------
['64084','64100','64102']
----------
['64084','64100','64102']
----------
['64084','64100','64102']
----------
['64084','64100','64102','64104']
----------
['64084','64100','64102','64104']
----------
['64084','64100','64102','64104']
----------
['64084','64100','64102','64104']
----------
['64084','64100','64102','64104']
----------
['64084','64100','64102','64104']
----------
['64084','64100','64102','64104']
----------
['64084','64100','64102','64104']
----------
['64084','64100','64102','64104']
----------
['64084','64100','64102','64104']
----------
['64084','64100','64102','64104']
----------
['64084','64100','64102','64104','64063']
----------
['64084','64100','64102','64104','64063']
----------
['64084','64100','64102','64104','64063']
----------
['64084','64100','64102','64104','64063']
----------
['64084','64100','64102','64104','64063','64115']
----------
['64084','64100','64102','64104','64063','64115']
----------
['64084','64100','64102','64104','64063','64115']
----------
''
----------
''
----------
''
----------
start
----------
''
----------
''
----------
''
----------
''
----------
''
----------
''
----------
''
----------
''
----------
[]
----------
[]
----------
''
----------
